<?xml version="1.0" encoding="UTF-8"?>
<testsuites name="Command and Control" time="129" tests="3" failures="0" errors="0">
   <testsuite name="Command and Control" tests="3" failures="0" errors="0" time="129" timestamp="2019-01-30 13:00:50" hostname="leon.b - QA-PC.Y-it.Local" id="Test Suites/Production/Command and Control">
      <properties>
         <property name="deviceName" value=""/>
         <property name="devicePlatform" value=""/>
         <property name="logFolder" value="C:\\Users\\leon.b\\Katalon Studio\\Y-IT_TransIT\\Reports\\Production\\Command and Control\\20190130_125100"/>
         <property name="logFiles" value="C:\\Users\\leon.b\\Katalon Studio\\Y-IT_TransIT\\Reports\\Production\\Command and Control\\20190130_125100\\execution0.log"/>
         <property name="attachments" value=""/>
         <property name="hostName" value="leon.b - QA-PC.Y-it.Local"/>
         <property name="os" value="Windows 10 64bit"/>
         <property name="katalonVersion" value="5.10.1.1"/>
         <property name="browser" value="Chrome 71.0.3578.98"/>
         <property name="hostAddress" value="192.168.1.145"/>
         <property name="sessionId" value="df166dba918a0389f9d26366237b7462"/>
         <property name="seleniumVersion" value="3.7.1"/>
         <property name="proxyInformation" value="ProxyInformation{proxyOption=NO_PROXY, proxyServerType=HTTP, password=, proxyServerAddress=, proxyServerPort=0}"/>
         <property name="platform" value="Windows 10"/>
      </properties>
      <testcase name="Test Cases/Command and Control/Control tasks" classname="Test Cases/Command and Control/Control tasks" status="PASSED">
         <system-out><![CDATA[2019-01-30 13:00:50 - [TEST_CASE][PASSED] - Test Cases/Command and Control/Control tasks: Test Cases/Command and Control/Control tasks

2019-01-30 13:00:51 - [TEST_STEP][PASSED] - login.c_login.logIn(site, userName, userPass): login.c_login.logIn is PASSED

2019-01-30 13:00:52 - [MESSAGE][INFO] - Starting 'Chrome' driver

2019-01-30 13:00:52 - [MESSAGE][INFO] - Action delay is set to 0 seconds

2019-01-30 13:00:59 - [MESSAGE][PASSED] - Browser is opened with url: 'danbr7.y-it.co.il'

2019-01-30 13:01:00 - [MESSAGE][PASSED] - Current window maximized

2019-01-30 13:01:01 - [MESSAGE][PASSED] - Text 'shelly' is set on object 'Object Repository/Y-IT Log In/input_ _userName'

2019-01-30 13:01:01 - [MESSAGE][PASSED] - Text ****** has been set on object 'Object Repository/Y-IT Log In/input_ _password'

2019-01-30 13:01:01 - [MESSAGE][PASSED] - Object: 'Object Repository/Y-IT Log In/input_  _submit' is clicked on

2019-01-30 13:01:01 - [MESSAGE][PASSED] - login.c_login.logIn is PASSED

2019-01-30 13:01:01 - [TEST_STEP][PASSED] - delay(1): Delayed 1 second(s)

2019-01-30 13:01:02 - [MESSAGE][PASSED] - Delayed 1 second(s)

2019-01-30 13:01:02 - [TEST_STEP][PASSED] - waitForElementPresent(findTestObject("General/mainEmptyBackground"), 15): Object 'Object Repository/General/mainEmptyBackground' is present

2019-01-30 13:01:02 - [MESSAGE][PASSED] - Object 'Object Repository/General/mainEmptyBackground' is present

2019-01-30 13:01:02 - [TEST_STEP][PASSED] - waitForElementPresent(findTestObject("Nav Bar/commandAndControl"), 15): Object 'Object Repository/Nav Bar/commandAndControl' is present

2019-01-30 13:01:03 - [MESSAGE][PASSED] - Object 'Object Repository/Nav Bar/commandAndControl' is present

2019-01-30 13:01:03 - [TEST_STEP][PASSED] - waitForElementNotPresent(findTestObject("General/loadingBar"), 15): Web element with id: 'Object Repository/General/loadingBar' located by 'By.cssSelector: div[class="bar"][style~="width:"]' is not present after '15' second(s)

2019-01-30 13:01:06 - [MESSAGE][PASSED] - Web element with id: 'Object Repository/General/loadingBar' located by 'By.cssSelector: div[class="bar"][style~="width:"]' is not present after '15' second(s)

2019-01-30 13:01:06 - [TEST_STEP][PASSED] - isControldTasksOpen = waitForElementPresent(findTestObject("Command and Control/Tasks Control/taskControlView"), 15): Object 'Object Repository/Command and Control/Tasks Control/taskControlView' is not present after 15 second(s)

2019-01-30 13:01:22 - [MESSAGE][INFO] - Unable to find the element located by 'By.cssSelector: #taskControlview'. Please recheck the objects properties to make sure the desired element is located. 

2019-01-30 13:01:22 - [MESSAGE][WARNING] - Object 'Object Repository/Command and Control/Tasks Control/taskControlView' is not present after 15 second(s)

2019-01-30 13:01:22 - [TEST_STEP][PASSED] - if (!(isControldTasksOpen)): Object: 'Object Repository/Nav Bar/Nav Bar CnC/controlTasks' is clicked on

2019-01-30 13:01:22 - [TEST_STEP][PASSED] - click(findTestObject("Nav Bar/commandAndControl")): Object: 'Object Repository/Nav Bar/commandAndControl' is clicked on

2019-01-30 13:01:22 - [MESSAGE][PASSED] - Object: 'Object Repository/Nav Bar/commandAndControl' is clicked on

2019-01-30 13:01:22 - [TEST_STEP][PASSED] - delay(1): Delayed 1 second(s)

2019-01-30 13:01:23 - [MESSAGE][PASSED] - Delayed 1 second(s)

2019-01-30 13:01:23 - [TEST_STEP][PASSED] - try: Object: 'Object Repository/Nav Bar/Nav Bar CnC/controlTasks' is clicked on

2019-01-30 13:01:23 - [TEST_STEP][PASSED] - click(findTestObject("Nav Bar/Nav Bar CnC/controlTasks")): Object: 'Object Repository/Nav Bar/Nav Bar CnC/controlTasks' is clicked on

2019-01-30 13:01:23 - [MESSAGE][PASSED] - Object: 'Object Repository/Nav Bar/Nav Bar CnC/controlTasks' is clicked on

2019-01-30 13:01:23 - [TEST_STEP][PASSED] - waitForElementPresent(findTestObject("Command and Control/Tasks Control/taskControlView"), 15): Object 'Object Repository/Command and Control/Tasks Control/taskControlView' is present

2019-01-30 13:01:23 - [MESSAGE][PASSED] - Object 'Object Repository/Command and Control/Tasks Control/taskControlView' is present

2019-01-30 13:01:23 - [TEST_STEP][PASSED] - waitForElementNotPresent(findTestObject("General/loadingBar"), 15): Web element with id: 'Object Repository/General/loadingBar' located by 'By.cssSelector: div[class="bar"][style~="width:"]' is not present after '15' second(s)

2019-01-30 13:01:23 - [MESSAGE][PASSED] - Web element with id: 'Object Repository/General/loadingBar' located by 'By.cssSelector: div[class="bar"][style~="width:"]' is not present after '15' second(s)

2019-01-30 13:01:23 - [TEST_STEP][PASSED] - delay(1): Delayed 1 second(s)

2019-01-30 13:01:24 - [MESSAGE][PASSED] - Delayed 1 second(s)

2019-01-30 13:01:24 - [TEST_STEP][PASSED] - waitForElementVisible(findTestObject("Command and Control/Tasks Control/dateField"), 15): Object 'Object Repository/Command and Control/Tasks Control/dateField' is visible

2019-01-30 13:01:24 - [MESSAGE][PASSED] - Object 'Object Repository/Command and Control/Tasks Control/dateField' is visible

2019-01-30 13:01:24 - [TEST_STEP][PASSED] - verifyElementVisibleInViewport(findTestObject("Command and Control/Tasks Control/dateField"), 5): Object 'Object Repository/Command and Control/Tasks Control/dateField' is present and visible in viewport

2019-01-30 13:01:24 - [MESSAGE][PASSED] - Object 'Object Repository/Command and Control/Tasks Control/dateField' is present and visible in viewport

2019-01-30 13:01:24 - [TEST_STEP][PASSED] - waitForElementVisible(findTestObject("Command and Control/Tasks Control/footer"), 15): Object 'Object Repository/Command and Control/Tasks Control/footer' is visible

2019-01-30 13:01:24 - [MESSAGE][PASSED] - Object 'Object Repository/Command and Control/Tasks Control/footer' is visible

2019-01-30 13:01:24 - [TEST_STEP][PASSED] - verifyElementVisibleInViewport(findTestObject("Command and Control/Tasks Control/footer"), 5): Object 'Object Repository/Command and Control/Tasks Control/footer' is present and visible in viewport

2019-01-30 13:01:24 - [MESSAGE][PASSED] - Object 'Object Repository/Command and Control/Tasks Control/footer' is present and visible in viewport

2019-01-30 13:01:24 - [TEST_STEP][PASSED] - waitForElementVisible(findTestObject("Command and Control/Tasks Control/mainTable"), 15): Object 'Object Repository/Command and Control/Tasks Control/mainTable' is visible

2019-01-30 13:01:24 - [MESSAGE][PASSED] - Object 'Object Repository/Command and Control/Tasks Control/mainTable' is visible

2019-01-30 13:01:24 - [TEST_STEP][PASSED] - verifyElementVisibleInViewport(findTestObject("Command and Control/Tasks Control/mainTable"), 5): Object 'Object Repository/Command and Control/Tasks Control/mainTable' is present and visible in viewport

2019-01-30 13:01:24 - [MESSAGE][PASSED] - Object 'Object Repository/Command and Control/Tasks Control/mainTable' is present and visible in viewport

2019-01-30 13:01:24 - [TEST_STEP][PASSED] - waitForElementVisible(findTestObject("Command and Control/Tasks Control/tableFirstLine"), 15): Object 'Object Repository/Command and Control/Tasks Control/tableFirstLine' is visible

2019-01-30 13:01:24 - [MESSAGE][PASSED] - Object 'Object Repository/Command and Control/Tasks Control/tableFirstLine' is visible

2019-01-30 13:01:24 - [TEST_STEP][PASSED] - verifyElementVisibleInViewport(findTestObject("Command and Control/Tasks Control/tableFirstLine"), 5): Object 'Object Repository/Command and Control/Tasks Control/tableFirstLine' is present and visible in viewport

2019-01-30 13:01:25 - [MESSAGE][PASSED] - Object 'Object Repository/Command and Control/Tasks Control/tableFirstLine' is present and visible in viewport

2019-01-30 13:01:25 - [TEST_STEP][PASSED] - waitForElementVisible(findTestObject("Command and Control/Tasks Control/upperLeftFirstLine"), 15): Object 'Object Repository/Command and Control/Tasks Control/upperLeftFirstLine' is visible

2019-01-30 13:01:25 - [MESSAGE][PASSED] - Object 'Object Repository/Command and Control/Tasks Control/upperLeftFirstLine' is visible

2019-01-30 13:01:25 - [TEST_STEP][PASSED] - verifyElementVisibleInViewport(findTestObject("Command and Control/Tasks Control/upperLeftFirstLine"), 5): Object 'Object Repository/Command and Control/Tasks Control/upperLeftFirstLine' is present and visible in viewport

2019-01-30 13:01:25 - [MESSAGE][PASSED] - Object 'Object Repository/Command and Control/Tasks Control/upperLeftFirstLine' is present and visible in viewport

2019-01-30 13:01:25 - [TEST_STEP][PASSED] - doubleClick(findTestObject("Command and Control/Tasks Control/tableFirstLine")): Object: 'Object Repository/Command and Control/Tasks Control/tableFirstLine' is double clicked on

2019-01-30 13:01:25 - [MESSAGE][PASSED] - Object: 'Object Repository/Command and Control/Tasks Control/tableFirstLine' is double clicked on

2019-01-30 13:01:25 - [TEST_STEP][PASSED] - delay(1): Delayed 1 second(s)

2019-01-30 13:01:26 - [MESSAGE][PASSED] - Delayed 1 second(s)

2019-01-30 13:01:26 - [TEST_STEP][PASSED] - waitForElementNotPresent(findTestObject("General/loadingBar"), 15): Web element with id: 'Object Repository/General/loadingBar' located by 'By.cssSelector: div[class="bar"][style~="width:"]' is not present after '15' second(s)

2019-01-30 13:01:28 - [MESSAGE][PASSED] - Web element with id: 'Object Repository/General/loadingBar' located by 'By.cssSelector: div[class="bar"][style~="width:"]' is not present after '15' second(s)

2019-01-30 13:01:28 - [TEST_STEP][PASSED] - waitForElementVisible(findTestObject("Command and Control/Task Tracking/taskTrackingView"), 15): Object 'Object Repository/Command and Control/Task Tracking/taskTrackingView' is visible

2019-01-30 13:01:28 - [MESSAGE][PASSED] - Object 'Object Repository/Command and Control/Task Tracking/taskTrackingView' is visible

2019-01-30 13:01:28 - [TEST_STEP][PASSED] - verifyElementVisibleInViewport(findTestObject("Command and Control/Task Tracking/taskTrackingView"), 5): Object 'Object Repository/Command and Control/Task Tracking/taskTrackingView' is present and visible in viewport

2019-01-30 13:01:28 - [MESSAGE][PASSED] - Object 'Object Repository/Command and Control/Task Tracking/taskTrackingView' is present and visible in viewport

2019-01-30 13:01:28 - [TEST_STEP][PASSED] - waitForElementNotPresent(findTestObject("General/loadingBar"), 15): Web element with id: 'Object Repository/General/loadingBar' located by 'By.cssSelector: div[class="bar"][style~="width:"]' is not present after '15' second(s)

2019-01-30 13:01:28 - [MESSAGE][PASSED] - Web element with id: 'Object Repository/General/loadingBar' located by 'By.cssSelector: div[class="bar"][style~="width:"]' is not present after '15' second(s)

2019-01-30 13:01:28 - [TEST_STEP][PASSED] - waitForElementVisible(findTestObject("Command and Control/Task Tracking/taskTrackingView"), 15): Object 'Object Repository/Command and Control/Task Tracking/taskTrackingView' is visible

2019-01-30 13:01:28 - [MESSAGE][PASSED] - Object 'Object Repository/Command and Control/Task Tracking/taskTrackingView' is visible

2019-01-30 13:01:28 - [TEST_STEP][PASSED] - verifyElementVisibleInViewport(findTestObject("Command and Control/Task Tracking/taskTrackingView"), 5): Object 'Object Repository/Command and Control/Task Tracking/taskTrackingView' is present and visible in viewport

2019-01-30 13:01:28 - [MESSAGE][PASSED] - Object 'Object Repository/Command and Control/Task Tracking/taskTrackingView' is present and visible in viewport

2019-01-30 13:01:28 - [TEST_STEP][PASSED] - waitForElementVisible(findTestObject("Command and Control/Task Tracking/header"), 15): Object 'Object Repository/Command and Control/Task Tracking/header' is visible

2019-01-30 13:01:28 - [MESSAGE][PASSED] - Object 'Object Repository/Command and Control/Task Tracking/header' is visible

2019-01-30 13:01:28 - [TEST_STEP][PASSED] - verifyElementVisibleInViewport(findTestObject("Command and Control/Task Tracking/header"), 5): Object 'Object Repository/Command and Control/Task Tracking/header' is present and visible in viewport

2019-01-30 13:01:28 - [MESSAGE][PASSED] - Object 'Object Repository/Command and Control/Task Tracking/header' is present and visible in viewport

2019-01-30 13:01:28 - [TEST_STEP][PASSED] - waitForElementVisible(findTestObject("Command and Control/Task Tracking/map"), 15): Object 'Object Repository/Command and Control/Task Tracking/map' is visible

2019-01-30 13:01:29 - [MESSAGE][PASSED] - Object 'Object Repository/Command and Control/Task Tracking/map' is visible

2019-01-30 13:01:29 - [TEST_STEP][PASSED] - verifyElementVisibleInViewport(findTestObject("Command and Control/Task Tracking/map"), 5): Object 'Object Repository/Command and Control/Task Tracking/map' is present and visible in viewport

2019-01-30 13:01:29 - [MESSAGE][PASSED] - Object 'Object Repository/Command and Control/Task Tracking/map' is present and visible in viewport

2019-01-30 13:01:29 - [TEST_STEP][PASSED] - waitForElementVisible(findTestObject("Command and Control/Task Tracking/exeptionsTabHref"), 15): Object 'Object Repository/Command and Control/Task Tracking/exeptionsTabHref' is visible

2019-01-30 13:01:29 - [MESSAGE][PASSED] - Object 'Object Repository/Command and Control/Task Tracking/exeptionsTabHref' is visible

2019-01-30 13:01:29 - [TEST_STEP][PASSED] - delay(1): Delayed 1 second(s)

2019-01-30 13:01:30 - [MESSAGE][PASSED] - Delayed 1 second(s)

2019-01-30 13:01:30 - [TEST_STEP][PASSED] - click(findTestObject("Command and Control/Task Tracking/exeptionsTabHref"), STOP_ON_FAILURE): Object: 'Object Repository/Command and Control/Task Tracking/exeptionsTabHref' is clicked on

2019-01-30 13:01:30 - [MESSAGE][PASSED] - Object: 'Object Repository/Command and Control/Task Tracking/exeptionsTabHref' is clicked on

2019-01-30 13:01:30 - [TEST_STEP][PASSED] - delay(1): Delayed 1 second(s)

2019-01-30 13:01:31 - [MESSAGE][PASSED] - Delayed 1 second(s)

2019-01-30 13:01:31 - [TEST_STEP][PASSED] - waitForElementVisible(findTestObject("Command and Control/Task Tracking/exeptionsTable"), 15): Object 'Object Repository/Command and Control/Task Tracking/exeptionsTable' is visible

2019-01-30 13:01:31 - [MESSAGE][PASSED] - Object 'Object Repository/Command and Control/Task Tracking/exeptionsTable' is visible

2019-01-30 13:01:31 - [TEST_STEP][PASSED] - verifyElementVisibleInViewport(findTestObject("Command and Control/Task Tracking/exeptionsTable"), 5): Object 'Object Repository/Command and Control/Task Tracking/exeptionsTable' is present and visible in viewport

2019-01-30 13:01:31 - [MESSAGE][PASSED] - Object 'Object Repository/Command and Control/Task Tracking/exeptionsTable' is present and visible in viewport

2019-01-30 13:01:31 - [TEST_STEP][PASSED] - waitForElementVisible(findTestObject("Command and Control/Task Tracking/remarks"), 15): Object 'Object Repository/Command and Control/Task Tracking/remarks' is visible

2019-01-30 13:01:31 - [MESSAGE][PASSED] - Object 'Object Repository/Command and Control/Task Tracking/remarks' is visible

2019-01-30 13:01:31 - [TEST_STEP][PASSED] - verifyElementVisibleInViewport(findTestObject("Command and Control/Task Tracking/remarks"), 5): Object 'Object Repository/Command and Control/Task Tracking/remarks' is present and visible in viewport

2019-01-30 13:01:31 - [MESSAGE][PASSED] - Object 'Object Repository/Command and Control/Task Tracking/remarks' is present and visible in viewport

2019-01-30 13:01:31 - [TEST_STEP][PASSED] - waitForElementVisible(findTestObject("Command and Control/Task Tracking/statusCheck"), 15): Object 'Object Repository/Command and Control/Task Tracking/statusCheck' is visible

2019-01-30 13:01:31 - [MESSAGE][PASSED] - Object 'Object Repository/Command and Control/Task Tracking/statusCheck' is visible

2019-01-30 13:01:31 - [TEST_STEP][PASSED] - verifyElementVisibleInViewport(findTestObject("Command and Control/Task Tracking/statusCheck"), 5): Object 'Object Repository/Command and Control/Task Tracking/statusCheck' is present and visible in viewport

2019-01-30 13:01:31 - [MESSAGE][PASSED] - Object 'Object Repository/Command and Control/Task Tracking/statusCheck' is present and visible in viewport

2019-01-30 13:01:31 - [TEST_STEP][PASSED] - waitForElementVisible(findTestObject("Command and Control/Task Tracking/stationsTabHref"), 15): Object 'Object Repository/Command and Control/Task Tracking/stationsTabHref' is visible

2019-01-30 13:01:31 - [MESSAGE][PASSED] - Object 'Object Repository/Command and Control/Task Tracking/stationsTabHref' is visible

2019-01-30 13:01:31 - [TEST_STEP][PASSED] - delay(1): Delayed 1 second(s)

2019-01-30 13:01:32 - [MESSAGE][PASSED] - Delayed 1 second(s)

2019-01-30 13:01:32 - [TEST_STEP][PASSED] - click(findTestObject("Command and Control/Task Tracking/stationsTabHref"), STOP_ON_FAILURE): Object: 'Object Repository/Command and Control/Task Tracking/stationsTabHref' is clicked on

2019-01-30 13:01:32 - [MESSAGE][PASSED] - Object: 'Object Repository/Command and Control/Task Tracking/stationsTabHref' is clicked on

2019-01-30 13:01:32 - [TEST_STEP][PASSED] - delay(1): Delayed 1 second(s)

2019-01-30 13:01:33 - [MESSAGE][PASSED] - Delayed 1 second(s)

2019-01-30 13:01:33 - [TEST_STEP][PASSED] - waitForElementVisible(findTestObject("Command and Control/Task Tracking/stationsTable"), 15): Object 'Object Repository/Command and Control/Task Tracking/stationsTable' is visible

2019-01-30 13:01:33 - [MESSAGE][PASSED] - Object 'Object Repository/Command and Control/Task Tracking/stationsTable' is visible

2019-01-30 13:01:33 - [TEST_STEP][PASSED] - verifyElementVisibleInViewport(findTestObject("Command and Control/Task Tracking/stationsTable"), 5): Object 'Object Repository/Command and Control/Task Tracking/stationsTable' is present and visible in viewport

2019-01-30 13:01:33 - [MESSAGE][PASSED] - Object 'Object Repository/Command and Control/Task Tracking/stationsTable' is present and visible in viewport

2019-01-30 13:01:33 - [TEST_STEP][PASSED] - waitForElementVisible(findTestObject("Command and Control/Task Tracking/close"), 15): Object 'Object Repository/Command and Control/Task Tracking/close' is visible

2019-01-30 13:01:33 - [MESSAGE][PASSED] - Object 'Object Repository/Command and Control/Task Tracking/close' is visible

2019-01-30 13:01:33 - [TEST_STEP][PASSED] - delay(1): Delayed 1 second(s)

2019-01-30 13:01:34 - [MESSAGE][PASSED] - Delayed 1 second(s)

2019-01-30 13:01:34 - [TEST_STEP][PASSED] - click(findTestObject("Command and Control/Task Tracking/close"), STOP_ON_FAILURE): Object: 'Object Repository/Command and Control/Task Tracking/close' is clicked on

2019-01-30 13:01:35 - [MESSAGE][PASSED] - Object: 'Object Repository/Command and Control/Task Tracking/close' is clicked on

2019-01-30 13:01:35 - [TEST_STEP][PASSED] - delay(1): Delayed 1 second(s)

2019-01-30 13:01:36 - [MESSAGE][PASSED] - Delayed 1 second(s)

2019-01-30 13:01:36 - [TEST_STEP][PASSED] - closeBrowser(): Browser is closed

2019-01-30 13:01:36 - [MESSAGE][PASSED] - Browser is closed]]></system-out>
         <system-err><![CDATA[]]></system-err>
      </testcase>
      <testcase name="Test Cases/Command and Control/Control tasks" classname="Test Cases/Command and Control/Control tasks" status="PASSED">
         <system-out><![CDATA[2019-01-30 13:01:36 - [TEST_CASE][PASSED] - Test Cases/Command and Control/Control tasks: Test Cases/Command and Control/Control tasks

2019-01-30 13:01:36 - [TEST_STEP][PASSED] - login.c_login.logIn(site, userName, userPass): login.c_login.logIn is PASSED

2019-01-30 13:01:36 - [MESSAGE][INFO] - Starting 'Chrome' driver

2019-01-30 13:01:46 - [MESSAGE][PASSED] - Browser is opened with url: 'danbadarom.y-it.co.il'

2019-01-30 13:01:47 - [MESSAGE][PASSED] - Current window maximized

2019-01-30 13:01:47 - [MESSAGE][PASSED] - Text 'admin' is set on object 'Object Repository/Y-IT Log In/input_ _userName'

2019-01-30 13:01:47 - [MESSAGE][PASSED] - Text ****** has been set on object 'Object Repository/Y-IT Log In/input_ _password'

2019-01-30 13:01:47 - [MESSAGE][PASSED] - Object: 'Object Repository/Y-IT Log In/input_  _submit' is clicked on

2019-01-30 13:01:47 - [MESSAGE][PASSED] - login.c_login.logIn is PASSED

2019-01-30 13:01:47 - [TEST_STEP][PASSED] - delay(1): Delayed 1 second(s)

2019-01-30 13:01:48 - [MESSAGE][PASSED] - Delayed 1 second(s)

2019-01-30 13:01:48 - [TEST_STEP][PASSED] - waitForElementPresent(findTestObject("General/mainEmptyBackground"), 15): Object 'Object Repository/General/mainEmptyBackground' is present

2019-01-30 13:01:49 - [MESSAGE][PASSED] - Object 'Object Repository/General/mainEmptyBackground' is present

2019-01-30 13:01:49 - [TEST_STEP][PASSED] - waitForElementPresent(findTestObject("Nav Bar/commandAndControl"), 15): Object 'Object Repository/Nav Bar/commandAndControl' is present

2019-01-30 13:01:49 - [MESSAGE][PASSED] - Object 'Object Repository/Nav Bar/commandAndControl' is present

2019-01-30 13:01:49 - [TEST_STEP][PASSED] - waitForElementNotPresent(findTestObject("General/loadingBar"), 15): Web element with id: 'Object Repository/General/loadingBar' located by 'By.cssSelector: div[class="bar"][style~="width:"]' is not present after '15' second(s)

2019-01-30 13:01:50 - [MESSAGE][PASSED] - Web element with id: 'Object Repository/General/loadingBar' located by 'By.cssSelector: div[class="bar"][style~="width:"]' is not present after '15' second(s)

2019-01-30 13:01:50 - [TEST_STEP][PASSED] - isControldTasksOpen = waitForElementPresent(findTestObject("Command and Control/Tasks Control/taskControlView"), 15): Object 'Object Repository/Command and Control/Tasks Control/taskControlView' is present

2019-01-30 13:01:50 - [MESSAGE][PASSED] - Object 'Object Repository/Command and Control/Tasks Control/taskControlView' is present

2019-01-30 13:01:50 - [TEST_STEP][PASSED] - if (!(isControldTasksOpen)): null

2019-01-30 13:01:50 - [TEST_STEP][PASSED] - waitForElementPresent(findTestObject("Command and Control/Tasks Control/taskControlView"), 15): Object 'Object Repository/Command and Control/Tasks Control/taskControlView' is present

2019-01-30 13:01:50 - [MESSAGE][PASSED] - Object 'Object Repository/Command and Control/Tasks Control/taskControlView' is present

2019-01-30 13:01:50 - [TEST_STEP][PASSED] - waitForElementNotPresent(findTestObject("General/loadingBar"), 15): Web element with id: 'Object Repository/General/loadingBar' located by 'By.cssSelector: div[class="bar"][style~="width:"]' is not present after '15' second(s)

2019-01-30 13:01:50 - [MESSAGE][PASSED] - Web element with id: 'Object Repository/General/loadingBar' located by 'By.cssSelector: div[class="bar"][style~="width:"]' is not present after '15' second(s)

2019-01-30 13:01:50 - [TEST_STEP][PASSED] - delay(1): Delayed 1 second(s)

2019-01-30 13:01:51 - [MESSAGE][PASSED] - Delayed 1 second(s)

2019-01-30 13:01:51 - [TEST_STEP][PASSED] - waitForElementVisible(findTestObject("Command and Control/Tasks Control/dateField"), 15): Object 'Object Repository/Command and Control/Tasks Control/dateField' is visible

2019-01-30 13:01:51 - [MESSAGE][PASSED] - Object 'Object Repository/Command and Control/Tasks Control/dateField' is visible

2019-01-30 13:01:51 - [TEST_STEP][PASSED] - verifyElementVisibleInViewport(findTestObject("Command and Control/Tasks Control/dateField"), 5): Object 'Object Repository/Command and Control/Tasks Control/dateField' is present and visible in viewport

2019-01-30 13:01:52 - [MESSAGE][PASSED] - Object 'Object Repository/Command and Control/Tasks Control/dateField' is present and visible in viewport

2019-01-30 13:01:52 - [TEST_STEP][PASSED] - waitForElementVisible(findTestObject("Command and Control/Tasks Control/footer"), 15): Object 'Object Repository/Command and Control/Tasks Control/footer' is visible

2019-01-30 13:01:52 - [MESSAGE][PASSED] - Object 'Object Repository/Command and Control/Tasks Control/footer' is visible

2019-01-30 13:01:52 - [TEST_STEP][PASSED] - verifyElementVisibleInViewport(findTestObject("Command and Control/Tasks Control/footer"), 5): Object 'Object Repository/Command and Control/Tasks Control/footer' is present and visible in viewport

2019-01-30 13:01:52 - [MESSAGE][PASSED] - Object 'Object Repository/Command and Control/Tasks Control/footer' is present and visible in viewport

2019-01-30 13:01:52 - [TEST_STEP][PASSED] - waitForElementVisible(findTestObject("Command and Control/Tasks Control/mainTable"), 15): Object 'Object Repository/Command and Control/Tasks Control/mainTable' is visible

2019-01-30 13:01:52 - [MESSAGE][PASSED] - Object 'Object Repository/Command and Control/Tasks Control/mainTable' is visible

2019-01-30 13:01:52 - [TEST_STEP][PASSED] - verifyElementVisibleInViewport(findTestObject("Command and Control/Tasks Control/mainTable"), 5): Object 'Object Repository/Command and Control/Tasks Control/mainTable' is present and visible in viewport

2019-01-30 13:01:52 - [MESSAGE][PASSED] - Object 'Object Repository/Command and Control/Tasks Control/mainTable' is present and visible in viewport

2019-01-30 13:01:52 - [TEST_STEP][PASSED] - waitForElementVisible(findTestObject("Command and Control/Tasks Control/tableFirstLine"), 15): Object 'Object Repository/Command and Control/Tasks Control/tableFirstLine' is visible

2019-01-30 13:01:52 - [MESSAGE][PASSED] - Object 'Object Repository/Command and Control/Tasks Control/tableFirstLine' is visible

2019-01-30 13:01:52 - [TEST_STEP][PASSED] - verifyElementVisibleInViewport(findTestObject("Command and Control/Tasks Control/tableFirstLine"), 5): Object 'Object Repository/Command and Control/Tasks Control/tableFirstLine' is present and visible in viewport

2019-01-30 13:01:52 - [MESSAGE][PASSED] - Object 'Object Repository/Command and Control/Tasks Control/tableFirstLine' is present and visible in viewport

2019-01-30 13:01:52 - [TEST_STEP][PASSED] - waitForElementVisible(findTestObject("Command and Control/Tasks Control/upperLeftFirstLine"), 15): Object 'Object Repository/Command and Control/Tasks Control/upperLeftFirstLine' is visible

2019-01-30 13:02:06 - [MESSAGE][PASSED] - Object 'Object Repository/Command and Control/Tasks Control/upperLeftFirstLine' is visible

2019-01-30 13:02:06 - [TEST_STEP][PASSED] - verifyElementVisibleInViewport(findTestObject("Command and Control/Tasks Control/upperLeftFirstLine"), 5): Object 'Object Repository/Command and Control/Tasks Control/upperLeftFirstLine' is present and visible in viewport

2019-01-30 13:02:06 - [MESSAGE][PASSED] - Object 'Object Repository/Command and Control/Tasks Control/upperLeftFirstLine' is present and visible in viewport

2019-01-30 13:02:06 - [TEST_STEP][PASSED] - doubleClick(findTestObject("Command and Control/Tasks Control/tableFirstLine")): Object: 'Object Repository/Command and Control/Tasks Control/tableFirstLine' is double clicked on

2019-01-30 13:02:06 - [MESSAGE][PASSED] - Object: 'Object Repository/Command and Control/Tasks Control/tableFirstLine' is double clicked on

2019-01-30 13:02:06 - [TEST_STEP][PASSED] - delay(1): Delayed 1 second(s)

2019-01-30 13:02:07 - [MESSAGE][PASSED] - Delayed 1 second(s)

2019-01-30 13:02:07 - [TEST_STEP][PASSED] - waitForElementNotPresent(findTestObject("General/loadingBar"), 15): Web element with id: 'Object Repository/General/loadingBar' located by 'By.cssSelector: div[class="bar"][style~="width:"]' is not present after '15' second(s)

2019-01-30 13:02:08 - [MESSAGE][PASSED] - Web element with id: 'Object Repository/General/loadingBar' located by 'By.cssSelector: div[class="bar"][style~="width:"]' is not present after '15' second(s)

2019-01-30 13:02:08 - [TEST_STEP][PASSED] - waitForElementVisible(findTestObject("Command and Control/Task Tracking/taskTrackingView"), 15): Object 'Object Repository/Command and Control/Task Tracking/taskTrackingView' is visible

2019-01-30 13:02:08 - [MESSAGE][PASSED] - Object 'Object Repository/Command and Control/Task Tracking/taskTrackingView' is visible

2019-01-30 13:02:08 - [TEST_STEP][PASSED] - verifyElementVisibleInViewport(findTestObject("Command and Control/Task Tracking/taskTrackingView"), 5): Object 'Object Repository/Command and Control/Task Tracking/taskTrackingView' is present and visible in viewport

2019-01-30 13:02:08 - [MESSAGE][PASSED] - Object 'Object Repository/Command and Control/Task Tracking/taskTrackingView' is present and visible in viewport

2019-01-30 13:02:08 - [TEST_STEP][PASSED] - waitForElementNotPresent(findTestObject("General/loadingBar"), 15): Web element with id: 'Object Repository/General/loadingBar' located by 'By.cssSelector: div[class="bar"][style~="width:"]' is not present after '15' second(s)

2019-01-30 13:02:09 - [MESSAGE][PASSED] - Web element with id: 'Object Repository/General/loadingBar' located by 'By.cssSelector: div[class="bar"][style~="width:"]' is not present after '15' second(s)

2019-01-30 13:02:09 - [TEST_STEP][PASSED] - waitForElementVisible(findTestObject("Command and Control/Task Tracking/taskTrackingView"), 15): Object 'Object Repository/Command and Control/Task Tracking/taskTrackingView' is visible

2019-01-30 13:02:09 - [MESSAGE][PASSED] - Object 'Object Repository/Command and Control/Task Tracking/taskTrackingView' is visible

2019-01-30 13:02:09 - [TEST_STEP][PASSED] - verifyElementVisibleInViewport(findTestObject("Command and Control/Task Tracking/taskTrackingView"), 5): Object 'Object Repository/Command and Control/Task Tracking/taskTrackingView' is present and visible in viewport

2019-01-30 13:02:10 - [MESSAGE][PASSED] - Object 'Object Repository/Command and Control/Task Tracking/taskTrackingView' is present and visible in viewport

2019-01-30 13:02:10 - [TEST_STEP][PASSED] - waitForElementVisible(findTestObject("Command and Control/Task Tracking/header"), 15): Object 'Object Repository/Command and Control/Task Tracking/header' is visible

2019-01-30 13:02:10 - [MESSAGE][PASSED] - Object 'Object Repository/Command and Control/Task Tracking/header' is visible

2019-01-30 13:02:10 - [TEST_STEP][PASSED] - verifyElementVisibleInViewport(findTestObject("Command and Control/Task Tracking/header"), 5): Object 'Object Repository/Command and Control/Task Tracking/header' is present and visible in viewport

2019-01-30 13:02:10 - [MESSAGE][PASSED] - Object 'Object Repository/Command and Control/Task Tracking/header' is present and visible in viewport

2019-01-30 13:02:10 - [TEST_STEP][PASSED] - waitForElementVisible(findTestObject("Command and Control/Task Tracking/map"), 15): Object 'Object Repository/Command and Control/Task Tracking/map' is visible

2019-01-30 13:02:10 - [MESSAGE][PASSED] - Object 'Object Repository/Command and Control/Task Tracking/map' is visible

2019-01-30 13:02:10 - [TEST_STEP][PASSED] - verifyElementVisibleInViewport(findTestObject("Command and Control/Task Tracking/map"), 5): Object 'Object Repository/Command and Control/Task Tracking/map' is present and visible in viewport

2019-01-30 13:02:10 - [MESSAGE][PASSED] - Object 'Object Repository/Command and Control/Task Tracking/map' is present and visible in viewport

2019-01-30 13:02:10 - [TEST_STEP][PASSED] - waitForElementVisible(findTestObject("Command and Control/Task Tracking/exeptionsTabHref"), 15): Object 'Object Repository/Command and Control/Task Tracking/exeptionsTabHref' is visible

2019-01-30 13:02:10 - [MESSAGE][PASSED] - Object 'Object Repository/Command and Control/Task Tracking/exeptionsTabHref' is visible

2019-01-30 13:02:10 - [TEST_STEP][PASSED] - delay(1): Delayed 1 second(s)

2019-01-30 13:02:11 - [MESSAGE][PASSED] - Delayed 1 second(s)

2019-01-30 13:02:11 - [TEST_STEP][PASSED] - click(findTestObject("Command and Control/Task Tracking/exeptionsTabHref"), STOP_ON_FAILURE): Object: 'Object Repository/Command and Control/Task Tracking/exeptionsTabHref' is clicked on

2019-01-30 13:02:11 - [MESSAGE][PASSED] - Object: 'Object Repository/Command and Control/Task Tracking/exeptionsTabHref' is clicked on

2019-01-30 13:02:11 - [TEST_STEP][PASSED] - delay(1): Delayed 1 second(s)

2019-01-30 13:02:12 - [MESSAGE][PASSED] - Delayed 1 second(s)

2019-01-30 13:02:12 - [TEST_STEP][PASSED] - waitForElementVisible(findTestObject("Command and Control/Task Tracking/exeptionsTable"), 15): Object 'Object Repository/Command and Control/Task Tracking/exeptionsTable' is visible

2019-01-30 13:02:12 - [MESSAGE][PASSED] - Object 'Object Repository/Command and Control/Task Tracking/exeptionsTable' is visible

2019-01-30 13:02:12 - [TEST_STEP][PASSED] - verifyElementVisibleInViewport(findTestObject("Command and Control/Task Tracking/exeptionsTable"), 5): Object 'Object Repository/Command and Control/Task Tracking/exeptionsTable' is present and visible in viewport

2019-01-30 13:02:12 - [MESSAGE][PASSED] - Object 'Object Repository/Command and Control/Task Tracking/exeptionsTable' is present and visible in viewport

2019-01-30 13:02:12 - [TEST_STEP][PASSED] - waitForElementVisible(findTestObject("Command and Control/Task Tracking/remarks"), 15): Object 'Object Repository/Command and Control/Task Tracking/remarks' is visible

2019-01-30 13:02:12 - [MESSAGE][PASSED] - Object 'Object Repository/Command and Control/Task Tracking/remarks' is visible

2019-01-30 13:02:12 - [TEST_STEP][PASSED] - verifyElementVisibleInViewport(findTestObject("Command and Control/Task Tracking/remarks"), 5): Object 'Object Repository/Command and Control/Task Tracking/remarks' is present and visible in viewport

2019-01-30 13:02:12 - [MESSAGE][PASSED] - Object 'Object Repository/Command and Control/Task Tracking/remarks' is present and visible in viewport

2019-01-30 13:02:12 - [TEST_STEP][PASSED] - waitForElementVisible(findTestObject("Command and Control/Task Tracking/statusCheck"), 15): Object 'Object Repository/Command and Control/Task Tracking/statusCheck' is visible

2019-01-30 13:02:12 - [MESSAGE][PASSED] - Object 'Object Repository/Command and Control/Task Tracking/statusCheck' is visible

2019-01-30 13:02:12 - [TEST_STEP][PASSED] - verifyElementVisibleInViewport(findTestObject("Command and Control/Task Tracking/statusCheck"), 5): Object 'Object Repository/Command and Control/Task Tracking/statusCheck' is present and visible in viewport

2019-01-30 13:02:12 - [MESSAGE][PASSED] - Object 'Object Repository/Command and Control/Task Tracking/statusCheck' is present and visible in viewport

2019-01-30 13:02:12 - [TEST_STEP][PASSED] - waitForElementVisible(findTestObject("Command and Control/Task Tracking/stationsTabHref"), 15): Object 'Object Repository/Command and Control/Task Tracking/stationsTabHref' is visible

2019-01-30 13:02:12 - [MESSAGE][PASSED] - Object 'Object Repository/Command and Control/Task Tracking/stationsTabHref' is visible

2019-01-30 13:02:12 - [TEST_STEP][PASSED] - delay(1): Delayed 1 second(s)

2019-01-30 13:02:13 - [MESSAGE][PASSED] - Delayed 1 second(s)

2019-01-30 13:02:13 - [TEST_STEP][PASSED] - click(findTestObject("Command and Control/Task Tracking/stationsTabHref"), STOP_ON_FAILURE): Object: 'Object Repository/Command and Control/Task Tracking/stationsTabHref' is clicked on

2019-01-30 13:02:13 - [MESSAGE][PASSED] - Object: 'Object Repository/Command and Control/Task Tracking/stationsTabHref' is clicked on

2019-01-30 13:02:13 - [TEST_STEP][PASSED] - delay(1): Delayed 1 second(s)

2019-01-30 13:02:14 - [MESSAGE][PASSED] - Delayed 1 second(s)

2019-01-30 13:02:14 - [TEST_STEP][PASSED] - waitForElementVisible(findTestObject("Command and Control/Task Tracking/stationsTable"), 15): Object 'Object Repository/Command and Control/Task Tracking/stationsTable' is visible

2019-01-30 13:02:14 - [MESSAGE][PASSED] - Object 'Object Repository/Command and Control/Task Tracking/stationsTable' is visible

2019-01-30 13:02:14 - [TEST_STEP][PASSED] - verifyElementVisibleInViewport(findTestObject("Command and Control/Task Tracking/stationsTable"), 5): Object 'Object Repository/Command and Control/Task Tracking/stationsTable' is present and visible in viewport

2019-01-30 13:02:14 - [MESSAGE][PASSED] - Object 'Object Repository/Command and Control/Task Tracking/stationsTable' is present and visible in viewport

2019-01-30 13:02:14 - [TEST_STEP][PASSED] - waitForElementVisible(findTestObject("Command and Control/Task Tracking/close"), 15): Object 'Object Repository/Command and Control/Task Tracking/close' is visible

2019-01-30 13:02:14 - [MESSAGE][PASSED] - Object 'Object Repository/Command and Control/Task Tracking/close' is visible

2019-01-30 13:02:14 - [TEST_STEP][PASSED] - delay(1): Delayed 1 second(s)

2019-01-30 13:02:15 - [MESSAGE][PASSED] - Delayed 1 second(s)

2019-01-30 13:02:15 - [TEST_STEP][PASSED] - click(findTestObject("Command and Control/Task Tracking/close"), STOP_ON_FAILURE): Object: 'Object Repository/Command and Control/Task Tracking/close' is clicked on

2019-01-30 13:02:16 - [MESSAGE][PASSED] - Object: 'Object Repository/Command and Control/Task Tracking/close' is clicked on

2019-01-30 13:02:16 - [TEST_STEP][PASSED] - delay(1): Delayed 1 second(s)

2019-01-30 13:02:17 - [MESSAGE][PASSED] - Delayed 1 second(s)

2019-01-30 13:02:17 - [TEST_STEP][PASSED] - closeBrowser(): Browser is closed

2019-01-30 13:02:17 - [MESSAGE][PASSED] - Browser is closed]]></system-out>
         <system-err><![CDATA[]]></system-err>
      </testcase>
      <testcase name="Test Cases/Command and Control/Control tasks" classname="Test Cases/Command and Control/Control tasks" status="PASSED">
         <system-out><![CDATA[2019-01-30 13:02:17 - [TEST_CASE][PASSED] - Test Cases/Command and Control/Control tasks: Test Cases/Command and Control/Control tasks

2019-01-30 13:02:17 - [TEST_STEP][PASSED] - login.c_login.logIn(site, userName, userPass): login.c_login.logIn is PASSED

2019-01-30 13:02:17 - [MESSAGE][INFO] - Starting 'Chrome' driver

2019-01-30 13:02:24 - [MESSAGE][PASSED] - Browser is opened with url: 'shasha.y-it.co.il'

2019-01-30 13:02:25 - [MESSAGE][PASSED] - Current window maximized

2019-01-30 13:02:25 - [MESSAGE][PASSED] - Text 'admin' is set on object 'Object Repository/Y-IT Log In/input_ _userName'

2019-01-30 13:02:25 - [MESSAGE][PASSED] - Text ****** has been set on object 'Object Repository/Y-IT Log In/input_ _password'

2019-01-30 13:02:26 - [MESSAGE][PASSED] - Object: 'Object Repository/Y-IT Log In/input_  _submit' is clicked on

2019-01-30 13:02:26 - [MESSAGE][PASSED] - login.c_login.logIn is PASSED

2019-01-30 13:02:26 - [TEST_STEP][PASSED] - delay(1): Delayed 1 second(s)

2019-01-30 13:02:27 - [MESSAGE][PASSED] - Delayed 1 second(s)

2019-01-30 13:02:27 - [TEST_STEP][PASSED] - waitForElementPresent(findTestObject("General/mainEmptyBackground"), 15): Object 'Object Repository/General/mainEmptyBackground' is present

2019-01-30 13:02:27 - [MESSAGE][PASSED] - Object 'Object Repository/General/mainEmptyBackground' is present

2019-01-30 13:02:27 - [TEST_STEP][PASSED] - waitForElementPresent(findTestObject("Nav Bar/commandAndControl"), 15): Object 'Object Repository/Nav Bar/commandAndControl' is present

2019-01-30 13:02:27 - [MESSAGE][PASSED] - Object 'Object Repository/Nav Bar/commandAndControl' is present

2019-01-30 13:02:27 - [TEST_STEP][PASSED] - waitForElementNotPresent(findTestObject("General/loadingBar"), 15): Web element with id: 'Object Repository/General/loadingBar' located by 'By.cssSelector: div[class="bar"][style~="width:"]' is not present after '15' second(s)

2019-01-30 13:02:30 - [MESSAGE][PASSED] - Web element with id: 'Object Repository/General/loadingBar' located by 'By.cssSelector: div[class="bar"][style~="width:"]' is not present after '15' second(s)

2019-01-30 13:02:30 - [TEST_STEP][PASSED] - isControldTasksOpen = waitForElementPresent(findTestObject("Command and Control/Tasks Control/taskControlView"), 15): Object 'Object Repository/Command and Control/Tasks Control/taskControlView' is not present after 15 second(s)

2019-01-30 13:02:45 - [MESSAGE][INFO] - Unable to find the element located by 'By.cssSelector: #taskControlview'. Please recheck the objects properties to make sure the desired element is located. 

2019-01-30 13:02:45 - [MESSAGE][WARNING] - Object 'Object Repository/Command and Control/Tasks Control/taskControlView' is not present after 15 second(s)

2019-01-30 13:02:45 - [TEST_STEP][PASSED] - if (!(isControldTasksOpen)): Object: 'Object Repository/Nav Bar/Nav Bar CnC/controlTasks' is clicked on

2019-01-30 13:02:45 - [TEST_STEP][PASSED] - click(findTestObject("Nav Bar/commandAndControl")): Object: 'Object Repository/Nav Bar/commandAndControl' is clicked on

2019-01-30 13:02:45 - [MESSAGE][PASSED] - Object: 'Object Repository/Nav Bar/commandAndControl' is clicked on

2019-01-30 13:02:45 - [TEST_STEP][PASSED] - delay(1): Delayed 1 second(s)

2019-01-30 13:02:46 - [MESSAGE][PASSED] - Delayed 1 second(s)

2019-01-30 13:02:46 - [TEST_STEP][PASSED] - try: Object: 'Object Repository/Nav Bar/Nav Bar CnC/controlTasks' is clicked on

2019-01-30 13:02:46 - [TEST_STEP][PASSED] - click(findTestObject("Nav Bar/Nav Bar CnC/controlTasks")): Object: 'Object Repository/Nav Bar/Nav Bar CnC/controlTasks' is clicked on

2019-01-30 13:02:46 - [MESSAGE][PASSED] - Object: 'Object Repository/Nav Bar/Nav Bar CnC/controlTasks' is clicked on

2019-01-30 13:02:46 - [TEST_STEP][PASSED] - waitForElementPresent(findTestObject("Command and Control/Tasks Control/taskControlView"), 15): Object 'Object Repository/Command and Control/Tasks Control/taskControlView' is present

2019-01-30 13:02:46 - [MESSAGE][PASSED] - Object 'Object Repository/Command and Control/Tasks Control/taskControlView' is present

2019-01-30 13:02:46 - [TEST_STEP][PASSED] - waitForElementNotPresent(findTestObject("General/loadingBar"), 15): Web element with id: 'Object Repository/General/loadingBar' located by 'By.cssSelector: div[class="bar"][style~="width:"]' is not present after '15' second(s)

2019-01-30 13:02:46 - [MESSAGE][PASSED] - Web element with id: 'Object Repository/General/loadingBar' located by 'By.cssSelector: div[class="bar"][style~="width:"]' is not present after '15' second(s)

2019-01-30 13:02:46 - [TEST_STEP][PASSED] - delay(1): Delayed 1 second(s)

2019-01-30 13:02:47 - [MESSAGE][PASSED] - Delayed 1 second(s)

2019-01-30 13:02:47 - [TEST_STEP][PASSED] - waitForElementVisible(findTestObject("Command and Control/Tasks Control/dateField"), 15): Object 'Object Repository/Command and Control/Tasks Control/dateField' is visible

2019-01-30 13:02:47 - [MESSAGE][PASSED] - Object 'Object Repository/Command and Control/Tasks Control/dateField' is visible

2019-01-30 13:02:47 - [TEST_STEP][PASSED] - verifyElementVisibleInViewport(findTestObject("Command and Control/Tasks Control/dateField"), 5): Object 'Object Repository/Command and Control/Tasks Control/dateField' is present and visible in viewport

2019-01-30 13:02:47 - [MESSAGE][PASSED] - Object 'Object Repository/Command and Control/Tasks Control/dateField' is present and visible in viewport

2019-01-30 13:02:47 - [TEST_STEP][PASSED] - waitForElementVisible(findTestObject("Command and Control/Tasks Control/footer"), 15): Object 'Object Repository/Command and Control/Tasks Control/footer' is visible

2019-01-30 13:02:47 - [MESSAGE][PASSED] - Object 'Object Repository/Command and Control/Tasks Control/footer' is visible

2019-01-30 13:02:47 - [TEST_STEP][PASSED] - verifyElementVisibleInViewport(findTestObject("Command and Control/Tasks Control/footer"), 5): Object 'Object Repository/Command and Control/Tasks Control/footer' is present and visible in viewport

2019-01-30 13:02:47 - [MESSAGE][PASSED] - Object 'Object Repository/Command and Control/Tasks Control/footer' is present and visible in viewport

2019-01-30 13:02:47 - [TEST_STEP][PASSED] - waitForElementVisible(findTestObject("Command and Control/Tasks Control/mainTable"), 15): Object 'Object Repository/Command and Control/Tasks Control/mainTable' is visible

2019-01-30 13:02:49 - [MESSAGE][PASSED] - Object 'Object Repository/Command and Control/Tasks Control/mainTable' is visible

2019-01-30 13:02:49 - [TEST_STEP][PASSED] - verifyElementVisibleInViewport(findTestObject("Command and Control/Tasks Control/mainTable"), 5): Object 'Object Repository/Command and Control/Tasks Control/mainTable' is present and visible in viewport

2019-01-30 13:02:49 - [MESSAGE][PASSED] - Object 'Object Repository/Command and Control/Tasks Control/mainTable' is present and visible in viewport

2019-01-30 13:02:49 - [TEST_STEP][PASSED] - waitForElementVisible(findTestObject("Command and Control/Tasks Control/tableFirstLine"), 15): Object 'Object Repository/Command and Control/Tasks Control/tableFirstLine' is visible

2019-01-30 13:02:49 - [MESSAGE][PASSED] - Object 'Object Repository/Command and Control/Tasks Control/tableFirstLine' is visible

2019-01-30 13:02:49 - [TEST_STEP][PASSED] - verifyElementVisibleInViewport(findTestObject("Command and Control/Tasks Control/tableFirstLine"), 5): Object 'Object Repository/Command and Control/Tasks Control/tableFirstLine' is present and visible in viewport

2019-01-30 13:02:49 - [MESSAGE][PASSED] - Object 'Object Repository/Command and Control/Tasks Control/tableFirstLine' is present and visible in viewport

2019-01-30 13:02:49 - [TEST_STEP][PASSED] - waitForElementVisible(findTestObject("Command and Control/Tasks Control/upperLeftFirstLine"), 15): Object 'Object Repository/Command and Control/Tasks Control/upperLeftFirstLine' is visible

2019-01-30 13:02:49 - [MESSAGE][PASSED] - Object 'Object Repository/Command and Control/Tasks Control/upperLeftFirstLine' is visible

2019-01-30 13:02:49 - [TEST_STEP][PASSED] - verifyElementVisibleInViewport(findTestObject("Command and Control/Tasks Control/upperLeftFirstLine"), 5): Object 'Object Repository/Command and Control/Tasks Control/upperLeftFirstLine' is present and visible in viewport

2019-01-30 13:02:49 - [MESSAGE][PASSED] - Object 'Object Repository/Command and Control/Tasks Control/upperLeftFirstLine' is present and visible in viewport

2019-01-30 13:02:49 - [TEST_STEP][PASSED] - doubleClick(findTestObject("Command and Control/Tasks Control/tableFirstLine")): Object: 'Object Repository/Command and Control/Tasks Control/tableFirstLine' is double clicked on

2019-01-30 13:02:49 - [MESSAGE][PASSED] - Object: 'Object Repository/Command and Control/Tasks Control/tableFirstLine' is double clicked on

2019-01-30 13:02:49 - [TEST_STEP][PASSED] - delay(1): Delayed 1 second(s)

2019-01-30 13:02:50 - [MESSAGE][PASSED] - Delayed 1 second(s)

2019-01-30 13:02:50 - [TEST_STEP][PASSED] - waitForElementNotPresent(findTestObject("General/loadingBar"), 15): Web element with id: 'Object Repository/General/loadingBar' located by 'By.cssSelector: div[class="bar"][style~="width:"]' is not present after '15' second(s)

2019-01-30 13:02:52 - [MESSAGE][PASSED] - Web element with id: 'Object Repository/General/loadingBar' located by 'By.cssSelector: div[class="bar"][style~="width:"]' is not present after '15' second(s)

2019-01-30 13:02:52 - [TEST_STEP][PASSED] - waitForElementVisible(findTestObject("Command and Control/Task Tracking/taskTrackingView"), 15): Object 'Object Repository/Command and Control/Task Tracking/taskTrackingView' is visible

2019-01-30 13:02:52 - [MESSAGE][PASSED] - Object 'Object Repository/Command and Control/Task Tracking/taskTrackingView' is visible

2019-01-30 13:02:52 - [TEST_STEP][PASSED] - verifyElementVisibleInViewport(findTestObject("Command and Control/Task Tracking/taskTrackingView"), 5): Object 'Object Repository/Command and Control/Task Tracking/taskTrackingView' is present and visible in viewport

2019-01-30 13:02:52 - [MESSAGE][PASSED] - Object 'Object Repository/Command and Control/Task Tracking/taskTrackingView' is present and visible in viewport

2019-01-30 13:02:52 - [TEST_STEP][PASSED] - waitForElementNotPresent(findTestObject("General/loadingBar"), 15): Web element with id: 'Object Repository/General/loadingBar' located by 'By.cssSelector: div[class="bar"][style~="width:"]' is not present after '15' second(s)

2019-01-30 13:02:52 - [MESSAGE][PASSED] - Web element with id: 'Object Repository/General/loadingBar' located by 'By.cssSelector: div[class="bar"][style~="width:"]' is not present after '15' second(s)

2019-01-30 13:02:52 - [TEST_STEP][PASSED] - waitForElementVisible(findTestObject("Command and Control/Task Tracking/taskTrackingView"), 15): Object 'Object Repository/Command and Control/Task Tracking/taskTrackingView' is visible

2019-01-30 13:02:52 - [MESSAGE][PASSED] - Object 'Object Repository/Command and Control/Task Tracking/taskTrackingView' is visible

2019-01-30 13:02:52 - [TEST_STEP][PASSED] - verifyElementVisibleInViewport(findTestObject("Command and Control/Task Tracking/taskTrackingView"), 5): Object 'Object Repository/Command and Control/Task Tracking/taskTrackingView' is present and visible in viewport

2019-01-30 13:02:52 - [MESSAGE][PASSED] - Object 'Object Repository/Command and Control/Task Tracking/taskTrackingView' is present and visible in viewport

2019-01-30 13:02:52 - [TEST_STEP][PASSED] - waitForElementVisible(findTestObject("Command and Control/Task Tracking/header"), 15): Object 'Object Repository/Command and Control/Task Tracking/header' is visible

2019-01-30 13:02:53 - [MESSAGE][PASSED] - Object 'Object Repository/Command and Control/Task Tracking/header' is visible

2019-01-30 13:02:53 - [TEST_STEP][PASSED] - verifyElementVisibleInViewport(findTestObject("Command and Control/Task Tracking/header"), 5): Object 'Object Repository/Command and Control/Task Tracking/header' is present and visible in viewport

2019-01-30 13:02:53 - [MESSAGE][PASSED] - Object 'Object Repository/Command and Control/Task Tracking/header' is present and visible in viewport

2019-01-30 13:02:53 - [TEST_STEP][PASSED] - waitForElementVisible(findTestObject("Command and Control/Task Tracking/map"), 15): Object 'Object Repository/Command and Control/Task Tracking/map' is visible

2019-01-30 13:02:53 - [MESSAGE][PASSED] - Object 'Object Repository/Command and Control/Task Tracking/map' is visible

2019-01-30 13:02:53 - [TEST_STEP][PASSED] - verifyElementVisibleInViewport(findTestObject("Command and Control/Task Tracking/map"), 5): Object 'Object Repository/Command and Control/Task Tracking/map' is present and visible in viewport

2019-01-30 13:02:53 - [MESSAGE][PASSED] - Object 'Object Repository/Command and Control/Task Tracking/map' is present and visible in viewport

2019-01-30 13:02:53 - [TEST_STEP][PASSED] - waitForElementVisible(findTestObject("Command and Control/Task Tracking/exeptionsTabHref"), 15): Object 'Object Repository/Command and Control/Task Tracking/exeptionsTabHref' is visible

2019-01-30 13:02:53 - [MESSAGE][PASSED] - Object 'Object Repository/Command and Control/Task Tracking/exeptionsTabHref' is visible

2019-01-30 13:02:53 - [TEST_STEP][PASSED] - delay(1): Delayed 1 second(s)

2019-01-30 13:02:54 - [MESSAGE][PASSED] - Delayed 1 second(s)

2019-01-30 13:02:54 - [TEST_STEP][PASSED] - click(findTestObject("Command and Control/Task Tracking/exeptionsTabHref"), STOP_ON_FAILURE): Object: 'Object Repository/Command and Control/Task Tracking/exeptionsTabHref' is clicked on

2019-01-30 13:02:54 - [MESSAGE][PASSED] - Object: 'Object Repository/Command and Control/Task Tracking/exeptionsTabHref' is clicked on

2019-01-30 13:02:54 - [TEST_STEP][PASSED] - delay(1): Delayed 1 second(s)

2019-01-30 13:02:55 - [MESSAGE][PASSED] - Delayed 1 second(s)

2019-01-30 13:02:55 - [TEST_STEP][PASSED] - waitForElementVisible(findTestObject("Command and Control/Task Tracking/exeptionsTable"), 15): Object 'Object Repository/Command and Control/Task Tracking/exeptionsTable' is visible

2019-01-30 13:02:55 - [MESSAGE][PASSED] - Object 'Object Repository/Command and Control/Task Tracking/exeptionsTable' is visible

2019-01-30 13:02:55 - [TEST_STEP][PASSED] - verifyElementVisibleInViewport(findTestObject("Command and Control/Task Tracking/exeptionsTable"), 5): Object 'Object Repository/Command and Control/Task Tracking/exeptionsTable' is present and visible in viewport

2019-01-30 13:02:55 - [MESSAGE][PASSED] - Object 'Object Repository/Command and Control/Task Tracking/exeptionsTable' is present and visible in viewport

2019-01-30 13:02:55 - [TEST_STEP][PASSED] - waitForElementVisible(findTestObject("Command and Control/Task Tracking/remarks"), 15): Object 'Object Repository/Command and Control/Task Tracking/remarks' is visible

2019-01-30 13:02:55 - [MESSAGE][PASSED] - Object 'Object Repository/Command and Control/Task Tracking/remarks' is visible

2019-01-30 13:02:55 - [TEST_STEP][PASSED] - verifyElementVisibleInViewport(findTestObject("Command and Control/Task Tracking/remarks"), 5): Object 'Object Repository/Command and Control/Task Tracking/remarks' is present and visible in viewport

2019-01-30 13:02:55 - [MESSAGE][PASSED] - Object 'Object Repository/Command and Control/Task Tracking/remarks' is present and visible in viewport

2019-01-30 13:02:55 - [TEST_STEP][PASSED] - waitForElementVisible(findTestObject("Command and Control/Task Tracking/statusCheck"), 15): Object 'Object Repository/Command and Control/Task Tracking/statusCheck' is visible

2019-01-30 13:02:55 - [MESSAGE][PASSED] - Object 'Object Repository/Command and Control/Task Tracking/statusCheck' is visible

2019-01-30 13:02:55 - [TEST_STEP][PASSED] - verifyElementVisibleInViewport(findTestObject("Command and Control/Task Tracking/statusCheck"), 5): Object 'Object Repository/Command and Control/Task Tracking/statusCheck' is present and visible in viewport

2019-01-30 13:02:55 - [MESSAGE][PASSED] - Object 'Object Repository/Command and Control/Task Tracking/statusCheck' is present and visible in viewport

2019-01-30 13:02:55 - [TEST_STEP][PASSED] - waitForElementVisible(findTestObject("Command and Control/Task Tracking/stationsTabHref"), 15): Object 'Object Repository/Command and Control/Task Tracking/stationsTabHref' is visible

2019-01-30 13:02:55 - [MESSAGE][PASSED] - Object 'Object Repository/Command and Control/Task Tracking/stationsTabHref' is visible

2019-01-30 13:02:55 - [TEST_STEP][PASSED] - delay(1): Delayed 1 second(s)

2019-01-30 13:02:56 - [MESSAGE][PASSED] - Delayed 1 second(s)

2019-01-30 13:02:56 - [TEST_STEP][PASSED] - click(findTestObject("Command and Control/Task Tracking/stationsTabHref"), STOP_ON_FAILURE): Object: 'Object Repository/Command and Control/Task Tracking/stationsTabHref' is clicked on

2019-01-30 13:02:56 - [MESSAGE][PASSED] - Object: 'Object Repository/Command and Control/Task Tracking/stationsTabHref' is clicked on

2019-01-30 13:02:56 - [TEST_STEP][PASSED] - delay(1): Delayed 1 second(s)

2019-01-30 13:02:57 - [MESSAGE][PASSED] - Delayed 1 second(s)

2019-01-30 13:02:57 - [TEST_STEP][PASSED] - waitForElementVisible(findTestObject("Command and Control/Task Tracking/stationsTable"), 15): Object 'Object Repository/Command and Control/Task Tracking/stationsTable' is visible

2019-01-30 13:02:57 - [MESSAGE][PASSED] - Object 'Object Repository/Command and Control/Task Tracking/stationsTable' is visible

2019-01-30 13:02:57 - [TEST_STEP][PASSED] - verifyElementVisibleInViewport(findTestObject("Command and Control/Task Tracking/stationsTable"), 5): Object 'Object Repository/Command and Control/Task Tracking/stationsTable' is present and visible in viewport

2019-01-30 13:02:57 - [MESSAGE][PASSED] - Object 'Object Repository/Command and Control/Task Tracking/stationsTable' is present and visible in viewport

2019-01-30 13:02:57 - [TEST_STEP][PASSED] - waitForElementVisible(findTestObject("Command and Control/Task Tracking/close"), 15): Object 'Object Repository/Command and Control/Task Tracking/close' is visible

2019-01-30 13:02:57 - [MESSAGE][PASSED] - Object 'Object Repository/Command and Control/Task Tracking/close' is visible

2019-01-30 13:02:57 - [TEST_STEP][PASSED] - delay(1): Delayed 1 second(s)

2019-01-30 13:02:58 - [MESSAGE][PASSED] - Delayed 1 second(s)

2019-01-30 13:02:58 - [TEST_STEP][PASSED] - click(findTestObject("Command and Control/Task Tracking/close"), STOP_ON_FAILURE): Object: 'Object Repository/Command and Control/Task Tracking/close' is clicked on

2019-01-30 13:02:58 - [MESSAGE][PASSED] - Object: 'Object Repository/Command and Control/Task Tracking/close' is clicked on

2019-01-30 13:02:58 - [TEST_STEP][PASSED] - delay(1): Delayed 1 second(s)

2019-01-30 13:02:59 - [MESSAGE][PASSED] - Delayed 1 second(s)

2019-01-30 13:02:59 - [TEST_STEP][PASSED] - closeBrowser(): Browser is closed

2019-01-30 13:03:00 - [MESSAGE][PASSED] - Browser is closed]]></system-out>
         <system-err><![CDATA[]]></system-err>
      </testcase>
      <system-out><![CDATA[2019-01-30 13:00:50 - [TEST_SUITE][PASSED] - Command and Control: Test Cases/Command and Control/Control tasks]]></system-out>
      <system-err><![CDATA[]]></system-err>
   </testsuite>
</testsuites>
