<?xml version="1.0" encoding="UTF-8"?>
<testsuites name="Kiosk Sanity Login Test" time="134" tests="2" failures="0" errors="0">
   <testsuite name="Kiosk Sanity Login Test" tests="2" failures="0" errors="0" time="134" timestamp="2019-01-24 16:14:42" hostname="leon.b - QA-PC.Y-it.Local" id="Test Suites/Production/Kiosk Sanity Login Test">
      <properties>
         <property name="deviceName" value=""/>
         <property name="devicePlatform" value=""/>
         <property name="logFolder" value="C:\\Users\\leon.b\\Katalon Studio\\Y-IT_TransIT\\Reports\\Production\\Kiosk Sanity Login Test\\20190124_161440"/>
         <property name="logFiles" value="C:\\Users\\leon.b\\Katalon Studio\\Y-IT_TransIT\\Reports\\Production\\Kiosk Sanity Login Test\\20190124_161440\\execution0.log"/>
         <property name="attachments" value="C:\\Users\\leon.b\\Katalon Studio\\Y-IT_TransIT\\Reports\\Production\\Kiosk Sanity Login Test\\20190124_161440\\1548339388454.png, C:\\Users\\leon.b\\Katalon Studio\\Y-IT_TransIT\\Reports\\Production\\Kiosk Sanity Login Test\\20190124_161440\\1548339388736.png"/>
         <property name="hostName" value="leon.b - QA-PC.Y-it.Local"/>
         <property name="os" value="Windows 10 64bit"/>
         <property name="katalonVersion" value="5.10.1.1"/>
         <property name="browser" value="Chrome 71.0.3578.98"/>
         <property name="hostAddress" value="192.168.1.145"/>
         <property name="sessionId" value="8f59e6ca431234746809ce3f0ad20807"/>
         <property name="seleniumVersion" value="3.7.1"/>
         <property name="proxyInformation" value="ProxyInformation{proxyOption=NO_PROXY, proxyServerType=HTTP, password=, proxyServerAddress=, proxyServerPort=0}"/>
         <property name="platform" value="Windows 10"/>
      </properties>
      <testcase name="Test Cases/kiosk/kiosk rfid" classname="Test Cases/kiosk/kiosk rfid" status="PASSED">
         <system-out><![CDATA[2019-01-24 16:14:42 - [TEST_CASE][PASSED] - Test Cases/kiosk/kiosk rfid: Test Cases/kiosk/kiosk rfid

2019-01-24 16:14:42 - [TEST_STEP][PASSED] - delay(10): Delayed 10 second(s)

2019-01-24 16:14:53 - [MESSAGE][PASSED] - Delayed 10 second(s)

2019-01-24 16:14:53 - [TEST_STEP][PASSED] - openBrowser(rfidSite): Browser is opened with url: 'eggedtaavura.kiosk.y-it.co.il/loginByRfid'

2019-01-24 16:14:53 - [MESSAGE][INFO] - Starting 'Chrome' driver

2019-01-24 16:14:53 - [MESSAGE][INFO] - Action delay is set to 0 seconds

2019-01-24 16:15:00 - [MESSAGE][PASSED] - Browser is opened with url: 'eggedtaavura.kiosk.y-it.co.il/loginByRfid'

2019-01-24 16:15:00 - [TEST_STEP][PASSED] - waitForElementVisible(findTestObject("Kiosk/Login/Rfid/cardImage"), 30): Object 'Object Repository/Kiosk/Login/Rfid/cardImage' is visible

2019-01-24 16:15:01 - [MESSAGE][PASSED] - Object 'Object Repository/Kiosk/Login/Rfid/cardImage' is visible

2019-01-24 16:15:01 - [TEST_STEP][PASSED] - focus(findTestObject("Kiosk/Login/Rfid/cardImage")): Object: 'Object Repository/Kiosk/Login/Rfid/cardImage' is focused

2019-01-24 16:15:01 - [MESSAGE][PASSED] - Object: 'Object Repository/Kiosk/Login/Rfid/cardImage' is focused

2019-01-24 16:15:01 - [TEST_STEP][PASSED] - f_logInwithRfid(): null

2019-01-24 16:15:01 - [TEST_STEP][PASSED] - robot = new java.awt.Robot(): null

2019-01-24 16:15:01 - [TEST_STEP][PASSED] - rfidCodeArray = toString().toCharArray(): null

2019-01-24 16:15:01 - [TEST_STEP][PASSED] - delay(5): Delayed 5 second(s)

2019-01-24 16:15:06 - [MESSAGE][PASSED] - Delayed 5 second(s)

2019-01-24 16:15:06 - [TEST_STEP][PASSED] - for ([i = 0, i < length, (i++)]): null

2019-01-24 16:15:06 - [TEST_STEP][PASSED] - delay(1): Delayed 1 second(s)

2019-01-24 16:15:07 - [MESSAGE][PASSED] - Delayed 1 second(s)

2019-01-24 16:15:07 - [TEST_STEP][PASSED] - n = Integer.parseInt(rfidCodeArray[i].toString()): null

2019-01-24 16:15:07 - [TEST_STEP][PASSED] - switch (n): null

2019-01-24 16:15:07 - [TEST_STEP][PASSED] - case 0:: null

2019-01-24 16:15:07 - [TEST_STEP][PASSED] - delay(1): Delayed 1 second(s)

2019-01-24 16:15:08 - [MESSAGE][PASSED] - Delayed 1 second(s)

2019-01-24 16:15:08 - [TEST_STEP][PASSED] - robot.keyPress(VK_0): null

2019-01-24 16:15:08 - [TEST_STEP][PASSED] - break: null

2019-01-24 16:15:08 - [TEST_STEP][PASSED] - delay(1): Delayed 1 second(s)

2019-01-24 16:15:09 - [MESSAGE][PASSED] - Delayed 1 second(s)

2019-01-24 16:15:09 - [TEST_STEP][PASSED] - n = Integer.parseInt(rfidCodeArray[i].toString()): null

2019-01-24 16:15:09 - [TEST_STEP][PASSED] - switch (n): null

2019-01-24 16:15:09 - [TEST_STEP][PASSED] - case 2:: null

2019-01-24 16:15:09 - [TEST_STEP][PASSED] - delay(1): Delayed 1 second(s)

2019-01-24 16:15:10 - [MESSAGE][PASSED] - Delayed 1 second(s)

2019-01-24 16:15:10 - [TEST_STEP][PASSED] - robot.keyPress(VK_2): null

2019-01-24 16:15:10 - [TEST_STEP][PASSED] - break: null

2019-01-24 16:15:10 - [TEST_STEP][PASSED] - delay(1): Delayed 1 second(s)

2019-01-24 16:15:11 - [MESSAGE][PASSED] - Delayed 1 second(s)

2019-01-24 16:15:11 - [TEST_STEP][PASSED] - n = Integer.parseInt(rfidCodeArray[i].toString()): null

2019-01-24 16:15:11 - [TEST_STEP][PASSED] - switch (n): null

2019-01-24 16:15:11 - [TEST_STEP][PASSED] - case 6:: null

2019-01-24 16:15:11 - [TEST_STEP][PASSED] - delay(1): Delayed 1 second(s)

2019-01-24 16:15:12 - [MESSAGE][PASSED] - Delayed 1 second(s)

2019-01-24 16:15:12 - [TEST_STEP][PASSED] - robot.keyPress(VK_6): null

2019-01-24 16:15:12 - [TEST_STEP][PASSED] - break: null

2019-01-24 16:15:12 - [TEST_STEP][PASSED] - delay(1): Delayed 1 second(s)

2019-01-24 16:15:13 - [MESSAGE][PASSED] - Delayed 1 second(s)

2019-01-24 16:15:13 - [TEST_STEP][PASSED] - n = Integer.parseInt(rfidCodeArray[i].toString()): null

2019-01-24 16:15:13 - [TEST_STEP][PASSED] - switch (n): null

2019-01-24 16:15:13 - [TEST_STEP][PASSED] - case 0:: null

2019-01-24 16:15:13 - [TEST_STEP][PASSED] - delay(1): Delayed 1 second(s)

2019-01-24 16:15:14 - [MESSAGE][PASSED] - Delayed 1 second(s)

2019-01-24 16:15:14 - [TEST_STEP][PASSED] - robot.keyPress(VK_0): null

2019-01-24 16:15:14 - [TEST_STEP][PASSED] - break: null

2019-01-24 16:15:14 - [TEST_STEP][PASSED] - delay(1): Delayed 1 second(s)

2019-01-24 16:15:15 - [MESSAGE][PASSED] - Delayed 1 second(s)

2019-01-24 16:15:15 - [TEST_STEP][PASSED] - n = Integer.parseInt(rfidCodeArray[i].toString()): null

2019-01-24 16:15:15 - [TEST_STEP][PASSED] - switch (n): null

2019-01-24 16:15:15 - [TEST_STEP][PASSED] - case 0:: null

2019-01-24 16:15:15 - [TEST_STEP][PASSED] - delay(1): Delayed 1 second(s)

2019-01-24 16:15:16 - [MESSAGE][PASSED] - Delayed 1 second(s)

2019-01-24 16:15:16 - [TEST_STEP][PASSED] - robot.keyPress(VK_0): null

2019-01-24 16:15:16 - [TEST_STEP][PASSED] - break: null

2019-01-24 16:15:16 - [TEST_STEP][PASSED] - delay(1): Delayed 1 second(s)

2019-01-24 16:15:17 - [MESSAGE][PASSED] - Delayed 1 second(s)

2019-01-24 16:15:17 - [TEST_STEP][PASSED] - n = Integer.parseInt(rfidCodeArray[i].toString()): null

2019-01-24 16:15:17 - [TEST_STEP][PASSED] - switch (n): null

2019-01-24 16:15:17 - [TEST_STEP][PASSED] - case 0:: null

2019-01-24 16:15:17 - [TEST_STEP][PASSED] - delay(1): Delayed 1 second(s)

2019-01-24 16:15:18 - [MESSAGE][PASSED] - Delayed 1 second(s)

2019-01-24 16:15:18 - [TEST_STEP][PASSED] - robot.keyPress(VK_0): null

2019-01-24 16:15:18 - [TEST_STEP][PASSED] - break: null

2019-01-24 16:15:18 - [TEST_STEP][PASSED] - delay(1): Delayed 1 second(s)

2019-01-24 16:15:19 - [MESSAGE][PASSED] - Delayed 1 second(s)

2019-01-24 16:15:19 - [TEST_STEP][PASSED] - n = Integer.parseInt(rfidCodeArray[i].toString()): null

2019-01-24 16:15:19 - [TEST_STEP][PASSED] - switch (n): null

2019-01-24 16:15:19 - [TEST_STEP][PASSED] - case 2:: null

2019-01-24 16:15:19 - [TEST_STEP][PASSED] - delay(1): Delayed 1 second(s)

2019-01-24 16:15:20 - [MESSAGE][PASSED] - Delayed 1 second(s)

2019-01-24 16:15:20 - [TEST_STEP][PASSED] - robot.keyPress(VK_2): null

2019-01-24 16:15:20 - [TEST_STEP][PASSED] - break: null

2019-01-24 16:15:20 - [TEST_STEP][PASSED] - delay(1): Delayed 1 second(s)

2019-01-24 16:15:21 - [MESSAGE][PASSED] - Delayed 1 second(s)

2019-01-24 16:15:21 - [TEST_STEP][PASSED] - n = Integer.parseInt(rfidCodeArray[i].toString()): null

2019-01-24 16:15:21 - [TEST_STEP][PASSED] - switch (n): null

2019-01-24 16:15:21 - [TEST_STEP][PASSED] - case 2:: null

2019-01-24 16:15:21 - [TEST_STEP][PASSED] - delay(1): Delayed 1 second(s)

2019-01-24 16:15:22 - [MESSAGE][PASSED] - Delayed 1 second(s)

2019-01-24 16:15:22 - [TEST_STEP][PASSED] - robot.keyPress(VK_2): null

2019-01-24 16:15:22 - [TEST_STEP][PASSED] - break: null

2019-01-24 16:15:22 - [TEST_STEP][PASSED] - delay(1): Delayed 1 second(s)

2019-01-24 16:15:23 - [MESSAGE][PASSED] - Delayed 1 second(s)

2019-01-24 16:15:23 - [TEST_STEP][PASSED] - n = Integer.parseInt(rfidCodeArray[i].toString()): null

2019-01-24 16:15:23 - [TEST_STEP][PASSED] - switch (n): null

2019-01-24 16:15:23 - [TEST_STEP][PASSED] - case 4:: null

2019-01-24 16:15:23 - [TEST_STEP][PASSED] - delay(1): Delayed 1 second(s)

2019-01-24 16:15:24 - [MESSAGE][PASSED] - Delayed 1 second(s)

2019-01-24 16:15:24 - [TEST_STEP][PASSED] - robot.keyPress(VK_4): null

2019-01-24 16:15:24 - [TEST_STEP][PASSED] - break: null

2019-01-24 16:15:24 - [TEST_STEP][PASSED] - delay(1): Delayed 1 second(s)

2019-01-24 16:15:25 - [MESSAGE][PASSED] - Delayed 1 second(s)

2019-01-24 16:15:25 - [TEST_STEP][PASSED] - n = Integer.parseInt(rfidCodeArray[i].toString()): null

2019-01-24 16:15:25 - [TEST_STEP][PASSED] - switch (n): null

2019-01-24 16:15:25 - [TEST_STEP][PASSED] - case 0:: null

2019-01-24 16:15:25 - [TEST_STEP][PASSED] - delay(1): Delayed 1 second(s)

2019-01-24 16:15:26 - [MESSAGE][PASSED] - Delayed 1 second(s)

2019-01-24 16:15:26 - [TEST_STEP][PASSED] - robot.keyPress(VK_0): null

2019-01-24 16:15:26 - [TEST_STEP][PASSED] - break: null

2019-01-24 16:15:26 - [TEST_STEP][PASSED] - delay(1): Delayed 1 second(s)

2019-01-24 16:15:27 - [MESSAGE][PASSED] - Delayed 1 second(s)

2019-01-24 16:15:27 - [TEST_STEP][PASSED] - n = Integer.parseInt(rfidCodeArray[i].toString()): null

2019-01-24 16:15:27 - [TEST_STEP][PASSED] - switch (n): null

2019-01-24 16:15:27 - [TEST_STEP][PASSED] - case 0:: null

2019-01-24 16:15:27 - [TEST_STEP][PASSED] - delay(1): Delayed 1 second(s)

2019-01-24 16:15:28 - [MESSAGE][PASSED] - Delayed 1 second(s)

2019-01-24 16:15:28 - [TEST_STEP][PASSED] - robot.keyPress(VK_0): null

2019-01-24 16:15:28 - [TEST_STEP][PASSED] - break: null

2019-01-24 16:15:28 - [TEST_STEP][PASSED] - delay(1): Delayed 1 second(s)

2019-01-24 16:15:29 - [MESSAGE][PASSED] - Delayed 1 second(s)

2019-01-24 16:15:29 - [TEST_STEP][PASSED] - n = Integer.parseInt(rfidCodeArray[i].toString()): null

2019-01-24 16:15:29 - [TEST_STEP][PASSED] - switch (n): null

2019-01-24 16:15:29 - [TEST_STEP][PASSED] - case 1:: null

2019-01-24 16:15:29 - [TEST_STEP][PASSED] - delay(1): Delayed 1 second(s)

2019-01-24 16:15:30 - [MESSAGE][PASSED] - Delayed 1 second(s)

2019-01-24 16:15:30 - [TEST_STEP][PASSED] - robot.keyPress(VK_1): null

2019-01-24 16:15:30 - [TEST_STEP][PASSED] - break: null

2019-01-24 16:15:30 - [TEST_STEP][PASSED] - delay(1): Delayed 1 second(s)

2019-01-24 16:15:31 - [MESSAGE][PASSED] - Delayed 1 second(s)

2019-01-24 16:15:31 - [TEST_STEP][PASSED] - n = Integer.parseInt(rfidCodeArray[i].toString()): null

2019-01-24 16:15:31 - [TEST_STEP][PASSED] - switch (n): null

2019-01-24 16:15:31 - [TEST_STEP][PASSED] - case 2:: null

2019-01-24 16:15:31 - [TEST_STEP][PASSED] - delay(1): Delayed 1 second(s)

2019-01-24 16:15:32 - [MESSAGE][PASSED] - Delayed 1 second(s)

2019-01-24 16:15:32 - [TEST_STEP][PASSED] - robot.keyPress(VK_2): null

2019-01-24 16:15:32 - [TEST_STEP][PASSED] - break: null

2019-01-24 16:15:32 - [TEST_STEP][PASSED] - delay(1): Delayed 1 second(s)

2019-01-24 16:15:33 - [MESSAGE][PASSED] - Delayed 1 second(s)

2019-01-24 16:15:33 - [TEST_STEP][PASSED] - robot.keyPress(VK_ENTER): null

2019-01-24 16:15:33 - [TEST_STEP][PASSED] - delay(1): Delayed 1 second(s)

2019-01-24 16:15:34 - [MESSAGE][PASSED] - Delayed 1 second(s)

2019-01-24 16:15:34 - [TEST_STEP][PASSED] - try: Object 'Object Repository/Kiosk/Lobby/header' is present and visible in viewport

2019-01-24 16:15:34 - [TEST_STEP][PASSED] - waitForElementVisible(findTestObject("Kiosk/Lobby/header"), 15): Object 'Object Repository/Kiosk/Lobby/header' is visible

2019-01-24 16:15:34 - [MESSAGE][PASSED] - Object 'Object Repository/Kiosk/Lobby/header' is visible

2019-01-24 16:15:34 - [TEST_STEP][PASSED] - verifyElementVisibleInViewport(findTestObject("Kiosk/Lobby/header"), 5): Object 'Object Repository/Kiosk/Lobby/header' is present and visible in viewport

2019-01-24 16:15:34 - [MESSAGE][PASSED] - Object 'Object Repository/Kiosk/Lobby/header' is present and visible in viewport

2019-01-24 16:15:34 - [TEST_STEP][PASSED] - maximizeWindow(): Current window maximized

2019-01-24 16:15:35 - [MESSAGE][PASSED] - Current window maximized

2019-01-24 16:15:35 - [TEST_STEP][PASSED] - waitForElementVisible(findTestObject("Kiosk/Lobby/workTicketButton"), 15): Object 'Object Repository/Kiosk/Lobby/workTicketButton' is visible

2019-01-24 16:15:35 - [MESSAGE][PASSED] - Object 'Object Repository/Kiosk/Lobby/workTicketButton' is visible

2019-01-24 16:15:35 - [TEST_STEP][PASSED] - verifyElementClickable(findTestObject("Kiosk/Lobby/workTicketButton"), STOP_ON_FAILURE): Object 'Object Repository/Kiosk/Lobby/workTicketButton' is clickable

2019-01-24 16:15:35 - [MESSAGE][PASSED] - Object 'Object Repository/Kiosk/Lobby/workTicketButton' is clickable

2019-01-24 16:15:35 - [TEST_STEP][PASSED] - waitForElementVisible(findTestObject("Kiosk/Lobby/logoutButton"), 15): Object 'Object Repository/Kiosk/Lobby/logoutButton' is visible

2019-01-24 16:15:35 - [MESSAGE][PASSED] - Object 'Object Repository/Kiosk/Lobby/logoutButton' is visible

2019-01-24 16:15:35 - [TEST_STEP][PASSED] - verifyElementClickable(findTestObject("Kiosk/Lobby/logoutButton"), STOP_ON_FAILURE): Object 'Object Repository/Kiosk/Lobby/logoutButton' is clickable

2019-01-24 16:15:35 - [MESSAGE][PASSED] - Object 'Object Repository/Kiosk/Lobby/logoutButton' is clickable

2019-01-24 16:15:35 - [TEST_STEP][PASSED] - click(findTestObject("Kiosk/Lobby/logoutButton")): Object: 'Object Repository/Kiosk/Lobby/logoutButton' is clicked on

2019-01-24 16:15:35 - [MESSAGE][PASSED] - Object: 'Object Repository/Kiosk/Lobby/logoutButton' is clicked on

2019-01-24 16:15:35 - [TEST_STEP][PASSED] - waitForElementVisible(findTestObject("Kiosk/Login/Rfid/cardImage"), 30): Object 'Object Repository/Kiosk/Login/Rfid/cardImage' is visible

2019-01-24 16:15:35 - [MESSAGE][PASSED] - Object 'Object Repository/Kiosk/Login/Rfid/cardImage' is visible

2019-01-24 16:15:35 - [TEST_STEP][PASSED] - closeBrowser(): Browser is closed

2019-01-24 16:15:36 - [MESSAGE][PASSED] - Browser is closed]]></system-out>
         <system-err><![CDATA[]]></system-err>
      </testcase>
      <testcase name="Test Cases/kiosk/kiosk rfid" classname="Test Cases/kiosk/kiosk rfid" status="PASSED">
         <system-out><![CDATA[2019-01-24 16:15:36 - [TEST_CASE][PASSED] - Test Cases/kiosk/kiosk rfid: Test Cases/kiosk/kiosk rfid

2019-01-24 16:15:36 - [TEST_STEP][PASSED] - delay(10): Delayed 10 second(s)

2019-01-24 16:15:46 - [MESSAGE][PASSED] - Delayed 10 second(s)

2019-01-24 16:15:46 - [TEST_STEP][PASSED] - openBrowser(rfidSite): Browser is opened with url: 'danbr7.kiosk.y-it.co.il/loginByRfid'

2019-01-24 16:15:46 - [MESSAGE][INFO] - Starting 'Chrome' driver

2019-01-24 16:15:52 - [MESSAGE][PASSED] - Browser is opened with url: 'danbr7.kiosk.y-it.co.il/loginByRfid'

2019-01-24 16:15:52 - [TEST_STEP][PASSED] - waitForElementVisible(findTestObject("Kiosk/Login/Rfid/cardImage"), 30): Object 'Object Repository/Kiosk/Login/Rfid/cardImage' is visible

2019-01-24 16:15:52 - [MESSAGE][PASSED] - Object 'Object Repository/Kiosk/Login/Rfid/cardImage' is visible

2019-01-24 16:15:52 - [TEST_STEP][PASSED] - focus(findTestObject("Kiosk/Login/Rfid/cardImage")): Object: 'Object Repository/Kiosk/Login/Rfid/cardImage' is focused

2019-01-24 16:15:53 - [MESSAGE][PASSED] - Object: 'Object Repository/Kiosk/Login/Rfid/cardImage' is focused

2019-01-24 16:15:53 - [TEST_STEP][PASSED] - f_logInwithRfid(): null

2019-01-24 16:15:53 - [TEST_STEP][PASSED] - robot = new java.awt.Robot(): null

2019-01-24 16:15:53 - [TEST_STEP][PASSED] - rfidCodeArray = toString().toCharArray(): null

2019-01-24 16:15:53 - [TEST_STEP][PASSED] - delay(5): Delayed 5 second(s)

2019-01-24 16:15:58 - [MESSAGE][PASSED] - Delayed 5 second(s)

2019-01-24 16:15:58 - [TEST_STEP][PASSED] - for ([i = 0, i < length, (i++)]): null

2019-01-24 16:15:58 - [TEST_STEP][PASSED] - delay(1): Delayed 1 second(s)

2019-01-24 16:15:59 - [MESSAGE][PASSED] - Delayed 1 second(s)

2019-01-24 16:15:59 - [TEST_STEP][PASSED] - n = Integer.parseInt(rfidCodeArray[i].toString()): null

2019-01-24 16:15:59 - [TEST_STEP][PASSED] - switch (n): null

2019-01-24 16:15:59 - [TEST_STEP][PASSED] - case 4:: null

2019-01-24 16:15:59 - [TEST_STEP][PASSED] - delay(1): Delayed 1 second(s)

2019-01-24 16:16:00 - [MESSAGE][PASSED] - Delayed 1 second(s)

2019-01-24 16:16:00 - [TEST_STEP][PASSED] - robot.keyPress(VK_4): null

2019-01-24 16:16:00 - [TEST_STEP][PASSED] - break: null

2019-01-24 16:16:00 - [TEST_STEP][PASSED] - delay(1): Delayed 1 second(s)

2019-01-24 16:16:01 - [MESSAGE][PASSED] - Delayed 1 second(s)

2019-01-24 16:16:01 - [TEST_STEP][PASSED] - n = Integer.parseInt(rfidCodeArray[i].toString()): null

2019-01-24 16:16:01 - [TEST_STEP][PASSED] - switch (n): null

2019-01-24 16:16:01 - [TEST_STEP][PASSED] - case 0:: null

2019-01-24 16:16:01 - [TEST_STEP][PASSED] - delay(1): Delayed 1 second(s)

2019-01-24 16:16:02 - [MESSAGE][PASSED] - Delayed 1 second(s)

2019-01-24 16:16:02 - [TEST_STEP][PASSED] - robot.keyPress(VK_0): null

2019-01-24 16:16:02 - [TEST_STEP][PASSED] - break: null

2019-01-24 16:16:02 - [TEST_STEP][PASSED] - delay(1): Delayed 1 second(s)

2019-01-24 16:16:03 - [MESSAGE][PASSED] - Delayed 1 second(s)

2019-01-24 16:16:03 - [TEST_STEP][PASSED] - n = Integer.parseInt(rfidCodeArray[i].toString()): null

2019-01-24 16:16:03 - [TEST_STEP][PASSED] - switch (n): null

2019-01-24 16:16:03 - [TEST_STEP][PASSED] - case 5:: null

2019-01-24 16:16:03 - [TEST_STEP][PASSED] - delay(1): Delayed 1 second(s)

2019-01-24 16:16:04 - [MESSAGE][PASSED] - Delayed 1 second(s)

2019-01-24 16:16:04 - [TEST_STEP][PASSED] - robot.keyPress(VK_5): null

2019-01-24 16:16:04 - [TEST_STEP][PASSED] - break: null

2019-01-24 16:16:04 - [TEST_STEP][PASSED] - delay(1): Delayed 1 second(s)

2019-01-24 16:16:05 - [MESSAGE][PASSED] - Delayed 1 second(s)

2019-01-24 16:16:05 - [TEST_STEP][PASSED] - n = Integer.parseInt(rfidCodeArray[i].toString()): null

2019-01-24 16:16:05 - [TEST_STEP][PASSED] - switch (n): null

2019-01-24 16:16:05 - [TEST_STEP][PASSED] - case 4:: null

2019-01-24 16:16:05 - [TEST_STEP][PASSED] - delay(1): Delayed 1 second(s)

2019-01-24 16:16:06 - [MESSAGE][PASSED] - Delayed 1 second(s)

2019-01-24 16:16:06 - [TEST_STEP][PASSED] - robot.keyPress(VK_4): null

2019-01-24 16:16:06 - [TEST_STEP][PASSED] - break: null

2019-01-24 16:16:06 - [TEST_STEP][PASSED] - delay(1): Delayed 1 second(s)

2019-01-24 16:16:07 - [MESSAGE][PASSED] - Delayed 1 second(s)

2019-01-24 16:16:07 - [TEST_STEP][PASSED] - robot.keyPress(VK_ENTER): null

2019-01-24 16:16:07 - [TEST_STEP][PASSED] - delay(1): Delayed 1 second(s)

2019-01-24 16:16:08 - [MESSAGE][PASSED] - Delayed 1 second(s)

2019-01-24 16:16:08 - [TEST_STEP][FAILED] - try: Unable to verify if object 'Object Repository/Kiosk/Lobby/header' is visible in viewport (Root cause: com.kms.katalon.core.exception.StepFailedException: Object 'Object Repository/Kiosk/Lobby/header' is not present)

2019-01-24 16:16:08 - [TEST_STEP][PASSED] - waitForElementVisible(findTestObject("Kiosk/Lobby/header"), 15): Web element with id: 'Object Repository/Kiosk/Lobby/header' located by 'By.cssSelector: yit-header > div:nth-of-type(1) > div:nth-of-type(2)' not found

2019-01-24 16:16:23 - [MESSAGE][INFO] - Unable to find the element located by 'By.cssSelector: yit-header > div:nth-of-type(1) > div:nth-of-type(2)'. Please recheck the objects properties to make sure the desired element is located. 

2019-01-24 16:16:23 - [MESSAGE][WARNING] - Web element with id: 'Object Repository/Kiosk/Lobby/header' located by 'By.cssSelector: yit-header > div:nth-of-type(1) > div:nth-of-type(2)' not found

2019-01-24 16:16:23 - [TEST_STEP][FAILED] - verifyElementVisibleInViewport(findTestObject("Kiosk/Lobby/header"), 5): Unable to verify if object 'Object Repository/Kiosk/Lobby/header' is visible in viewport (Root cause: com.kms.katalon.core.exception.StepFailedException: Object 'Object Repository/Kiosk/Lobby/header' is not present)

2019-01-24 16:16:28 - [MESSAGE][INFO] - Unable to find the element located by 'By.cssSelector: yit-header > div:nth-of-type(1) > div:nth-of-type(2)'. Please recheck the objects properties to make sure the desired element is located. 

2019-01-24 16:16:28 - [MESSAGE][FAILED] - Object 'Object Repository/Kiosk/Lobby/header' is not present
[[ATTACHMENT|C:\\Users\\leon.b\\Katalon Studio\\Y-IT_TransIT\\Reports\\Production\\Kiosk Sanity Login Test\\20190124_161440\\1548339388454.png]]

2019-01-24 16:16:29 - [MESSAGE][FAILED] - Unable to verify if object 'Object Repository/Kiosk/Lobby/header' is visible in viewport (Root cause: com.kms.katalon.core.exception.StepFailedException: Object 'Object Repository/Kiosk/Lobby/header' is not present)
[[ATTACHMENT|C:\\Users\\leon.b\\Katalon Studio\\Y-IT_TransIT\\Reports\\Production\\Kiosk Sanity Login Test\\20190124_161440\\1548339388736.png]]

2019-01-24 16:16:29 - [TEST_STEP][PASSED] - catch (Exception e): null

2019-01-24 16:16:29 - [TEST_STEP][PASSED] - refresh(): Refresh successfully

2019-01-24 16:16:31 - [MESSAGE][PASSED] - Refresh successfully

2019-01-24 16:16:31 - [TEST_STEP][PASSED] - waitForElementVisible(findTestObject("Kiosk/Login/Rfid/cardImage"), 30): Object 'Object Repository/Kiosk/Login/Rfid/cardImage' is visible

2019-01-24 16:16:31 - [MESSAGE][PASSED] - Object 'Object Repository/Kiosk/Login/Rfid/cardImage' is visible

2019-01-24 16:16:31 - [TEST_STEP][PASSED] - f_logInwithRfid(): null

2019-01-24 16:16:31 - [TEST_STEP][PASSED] - robot = new java.awt.Robot(): null

2019-01-24 16:16:31 - [TEST_STEP][PASSED] - rfidCodeArray = toString().toCharArray(): null

2019-01-24 16:16:31 - [TEST_STEP][PASSED] - delay(5): Delayed 5 second(s)

2019-01-24 16:16:36 - [MESSAGE][PASSED] - Delayed 5 second(s)

2019-01-24 16:16:36 - [TEST_STEP][PASSED] - for ([i = 0, i < length, (i++)]): null

2019-01-24 16:16:36 - [TEST_STEP][PASSED] - delay(1): Delayed 1 second(s)

2019-01-24 16:16:37 - [MESSAGE][PASSED] - Delayed 1 second(s)

2019-01-24 16:16:37 - [TEST_STEP][PASSED] - n = Integer.parseInt(rfidCodeArray[i].toString()): null

2019-01-24 16:16:37 - [TEST_STEP][PASSED] - switch (n): null

2019-01-24 16:16:37 - [TEST_STEP][PASSED] - case 4:: null

2019-01-24 16:16:37 - [TEST_STEP][PASSED] - delay(1): Delayed 1 second(s)

2019-01-24 16:16:38 - [MESSAGE][PASSED] - Delayed 1 second(s)

2019-01-24 16:16:38 - [TEST_STEP][PASSED] - robot.keyPress(VK_4): null

2019-01-24 16:16:38 - [TEST_STEP][PASSED] - break: null

2019-01-24 16:16:38 - [TEST_STEP][PASSED] - delay(1): Delayed 1 second(s)

2019-01-24 16:16:39 - [MESSAGE][PASSED] - Delayed 1 second(s)

2019-01-24 16:16:39 - [TEST_STEP][PASSED] - n = Integer.parseInt(rfidCodeArray[i].toString()): null

2019-01-24 16:16:39 - [TEST_STEP][PASSED] - switch (n): null

2019-01-24 16:16:39 - [TEST_STEP][PASSED] - case 0:: null

2019-01-24 16:16:39 - [TEST_STEP][PASSED] - delay(1): Delayed 1 second(s)

2019-01-24 16:16:40 - [MESSAGE][PASSED] - Delayed 1 second(s)

2019-01-24 16:16:40 - [TEST_STEP][PASSED] - robot.keyPress(VK_0): null

2019-01-24 16:16:40 - [TEST_STEP][PASSED] - break: null

2019-01-24 16:16:40 - [TEST_STEP][PASSED] - delay(1): Delayed 1 second(s)

2019-01-24 16:16:41 - [MESSAGE][PASSED] - Delayed 1 second(s)

2019-01-24 16:16:41 - [TEST_STEP][PASSED] - n = Integer.parseInt(rfidCodeArray[i].toString()): null

2019-01-24 16:16:41 - [TEST_STEP][PASSED] - switch (n): null

2019-01-24 16:16:41 - [TEST_STEP][PASSED] - case 5:: null

2019-01-24 16:16:41 - [TEST_STEP][PASSED] - delay(1): Delayed 1 second(s)

2019-01-24 16:16:42 - [MESSAGE][PASSED] - Delayed 1 second(s)

2019-01-24 16:16:42 - [TEST_STEP][PASSED] - robot.keyPress(VK_5): null

2019-01-24 16:16:42 - [TEST_STEP][PASSED] - break: null

2019-01-24 16:16:42 - [TEST_STEP][PASSED] - delay(1): Delayed 1 second(s)

2019-01-24 16:16:43 - [MESSAGE][PASSED] - Delayed 1 second(s)

2019-01-24 16:16:43 - [TEST_STEP][PASSED] - n = Integer.parseInt(rfidCodeArray[i].toString()): null

2019-01-24 16:16:43 - [TEST_STEP][PASSED] - switch (n): null

2019-01-24 16:16:43 - [TEST_STEP][PASSED] - case 4:: null

2019-01-24 16:16:43 - [TEST_STEP][PASSED] - delay(1): Delayed 1 second(s)

2019-01-24 16:16:44 - [MESSAGE][PASSED] - Delayed 1 second(s)

2019-01-24 16:16:44 - [TEST_STEP][PASSED] - robot.keyPress(VK_4): null

2019-01-24 16:16:44 - [TEST_STEP][PASSED] - break: null

2019-01-24 16:16:44 - [TEST_STEP][PASSED] - delay(1): Delayed 1 second(s)

2019-01-24 16:16:45 - [MESSAGE][PASSED] - Delayed 1 second(s)

2019-01-24 16:16:45 - [TEST_STEP][PASSED] - robot.keyPress(VK_ENTER): null

2019-01-24 16:16:45 - [TEST_STEP][PASSED] - delay(1): Delayed 1 second(s)

2019-01-24 16:16:46 - [MESSAGE][PASSED] - Delayed 1 second(s)

2019-01-24 16:16:46 - [TEST_STEP][PASSED] - maximizeWindow(): Current window maximized

2019-01-24 16:16:47 - [MESSAGE][PASSED] - Current window maximized

2019-01-24 16:16:47 - [TEST_STEP][PASSED] - waitForElementVisible(findTestObject("Kiosk/Lobby/workTicketButton"), 15): Object 'Object Repository/Kiosk/Lobby/workTicketButton' is visible

2019-01-24 16:16:56 - [MESSAGE][PASSED] - Object 'Object Repository/Kiosk/Lobby/workTicketButton' is visible

2019-01-24 16:16:56 - [TEST_STEP][PASSED] - verifyElementClickable(findTestObject("Kiosk/Lobby/workTicketButton"), STOP_ON_FAILURE): Object 'Object Repository/Kiosk/Lobby/workTicketButton' is clickable

2019-01-24 16:16:56 - [MESSAGE][PASSED] - Object 'Object Repository/Kiosk/Lobby/workTicketButton' is clickable

2019-01-24 16:16:56 - [TEST_STEP][PASSED] - waitForElementVisible(findTestObject("Kiosk/Lobby/logoutButton"), 15): Object 'Object Repository/Kiosk/Lobby/logoutButton' is visible

2019-01-24 16:16:56 - [MESSAGE][PASSED] - Object 'Object Repository/Kiosk/Lobby/logoutButton' is visible

2019-01-24 16:16:56 - [TEST_STEP][PASSED] - verifyElementClickable(findTestObject("Kiosk/Lobby/logoutButton"), STOP_ON_FAILURE): Object 'Object Repository/Kiosk/Lobby/logoutButton' is clickable

2019-01-24 16:16:56 - [MESSAGE][PASSED] - Object 'Object Repository/Kiosk/Lobby/logoutButton' is clickable

2019-01-24 16:16:56 - [TEST_STEP][PASSED] - click(findTestObject("Kiosk/Lobby/logoutButton")): Object: 'Object Repository/Kiosk/Lobby/logoutButton' is clicked on

2019-01-24 16:16:56 - [MESSAGE][PASSED] - Object: 'Object Repository/Kiosk/Lobby/logoutButton' is clicked on

2019-01-24 16:16:56 - [TEST_STEP][PASSED] - waitForElementVisible(findTestObject("Kiosk/Login/Rfid/cardImage"), 30): Object 'Object Repository/Kiosk/Login/Rfid/cardImage' is visible

2019-01-24 16:16:56 - [MESSAGE][PASSED] - Object 'Object Repository/Kiosk/Login/Rfid/cardImage' is visible

2019-01-24 16:16:56 - [TEST_STEP][PASSED] - closeBrowser(): Browser is closed

2019-01-24 16:16:56 - [MESSAGE][PASSED] - Browser is closed]]></system-out>
         <system-err><![CDATA[]]></system-err>
      </testcase>
      <system-out><![CDATA[2019-01-24 16:14:42 - [TEST_SUITE][PASSED] - Kiosk Sanity Login Test: Test Cases/kiosk/kiosk rfid]]></system-out>
      <system-err><![CDATA[]]></system-err>
   </testsuite>
</testsuites>
