<?xml version="1.0" encoding="UTF-8"?>
<testsuites name="Kiosk Sanity Login Test" time="55" tests="1" failures="0" errors="0">
   <testsuite name="Kiosk Sanity Login Test" tests="1" failures="0" errors="0" time="55" timestamp="2019-01-23 17:33:49" hostname="leon.b - QA-PC.Y-it.Local" id="Test Suites/Production/Kiosk Sanity Login Test">
      <properties>
         <property name="deviceName" value=""/>
         <property name="devicePlatform" value=""/>
         <property name="logFolder" value="C:\\Users\\leon.b\\Katalon Studio\\Y-IT_TransIT\\Reports\\Production\\Kiosk Sanity Login Test\\20190123_173347"/>
         <property name="logFiles" value="C:\\Users\\leon.b\\Katalon Studio\\Y-IT_TransIT\\Reports\\Production\\Kiosk Sanity Login Test\\20190123_173347\\execution0.log"/>
         <property name="attachments" value=""/>
         <property name="hostName" value="leon.b - QA-PC.Y-it.Local"/>
         <property name="os" value="Windows 10 64bit"/>
         <property name="katalonVersion" value="5.10.1.1"/>
         <property name="browser" value="Chrome 71.0.3578.98"/>
         <property name="hostAddress" value="192.168.1.145"/>
         <property name="sessionId" value="a1c219c6e4e3b6c852abe4a290ba98b3"/>
         <property name="seleniumVersion" value="3.7.1"/>
         <property name="proxyInformation" value="ProxyInformation{proxyOption=NO_PROXY, proxyServerType=HTTP, password=, proxyServerAddress=, proxyServerPort=0}"/>
         <property name="platform" value="Windows 10"/>
      </properties>
      <testcase name="Test Cases/kiosk/kiosk sanity" classname="Test Cases/kiosk/kiosk sanity" status="PASSED">
         <system-out><![CDATA[2019-01-23 17:33:50 - [TEST_CASE][PASSED] - Test Cases/kiosk/kiosk sanity: Test Cases/kiosk/kiosk sanity

2019-01-23 17:33:50 - [TEST_STEP][PASSED] - openBrowser(site): Browser is opened with url: 'eggedtaavura.kiosk.y-it.co.il/login'

2019-01-23 17:33:51 - [MESSAGE][INFO] - Starting 'Chrome' driver

2019-01-23 17:33:51 - [MESSAGE][INFO] - Action delay is set to 0 seconds

2019-01-23 17:34:02 - [MESSAGE][PASSED] - Browser is opened with url: 'eggedtaavura.kiosk.y-it.co.il/login'

2019-01-23 17:34:02 - [TEST_STEP][PASSED] - maximizeWindow(): Current window maximized

2019-01-23 17:34:03 - [MESSAGE][PASSED] - Current window maximized

2019-01-23 17:34:03 - [TEST_STEP][PASSED] - waitForElementVisible(findTestObject("Kiosk/Login/Code Plus Id/driverCodeInput"), 15): Object 'Object Repository/Kiosk/Login/Code Plus Id/driverCodeInput' is visible

2019-01-23 17:34:03 - [MESSAGE][PASSED] - Object 'Object Repository/Kiosk/Login/Code Plus Id/driverCodeInput' is visible

2019-01-23 17:34:03 - [TEST_STEP][PASSED] - waitForElementVisible(findTestObject("Kiosk/Login/Code Plus Id/driverIdInput"), 15): Object 'Object Repository/Kiosk/Login/Code Plus Id/driverIdInput' is visible

2019-01-23 17:34:03 - [MESSAGE][PASSED] - Object 'Object Repository/Kiosk/Login/Code Plus Id/driverIdInput' is visible

2019-01-23 17:34:03 - [TEST_STEP][PASSED] - waitForElementVisible(findTestObject("Kiosk/Login/Code Plus Id/enterButton"), 15): Object 'Object Repository/Kiosk/Login/Code Plus Id/enterButton' is visible

2019-01-23 17:34:03 - [MESSAGE][PASSED] - Object 'Object Repository/Kiosk/Login/Code Plus Id/enterButton' is visible

2019-01-23 17:34:03 - [TEST_STEP][PASSED] - delay(1): Delayed 1 second(s)

2019-01-23 17:34:04 - [MESSAGE][PASSED] - Delayed 1 second(s)

2019-01-23 17:34:04 - [TEST_STEP][PASSED] - setText(findTestObject("Kiosk/Login/Code Plus Id/driverCodeInput"), driverCode): Text '52' is set on object 'Object Repository/Kiosk/Login/Code Plus Id/driverCodeInput'

2019-01-23 17:34:05 - [MESSAGE][PASSED] - Text '52' is set on object 'Object Repository/Kiosk/Login/Code Plus Id/driverCodeInput'

2019-01-23 17:34:05 - [TEST_STEP][PASSED] - setText(findTestObject("Kiosk/Login/Code Plus Id/driverIdInput"), driverId): Text '053028841' is set on object 'Object Repository/Kiosk/Login/Code Plus Id/driverIdInput'

2019-01-23 17:34:05 - [MESSAGE][PASSED] - Text '053028841' is set on object 'Object Repository/Kiosk/Login/Code Plus Id/driverIdInput'

2019-01-23 17:34:05 - [TEST_STEP][PASSED] - delay(1): Delayed 1 second(s)

2019-01-23 17:34:06 - [MESSAGE][PASSED] - Delayed 1 second(s)

2019-01-23 17:34:06 - [TEST_STEP][PASSED] - click(findTestObject("Kiosk/Login/Code Plus Id/enterButton")): Object: 'Object Repository/Kiosk/Login/Code Plus Id/enterButton' is clicked on

2019-01-23 17:34:06 - [MESSAGE][PASSED] - Object: 'Object Repository/Kiosk/Login/Code Plus Id/enterButton' is clicked on

2019-01-23 17:34:06 - [TEST_STEP][PASSED] - waitForElementVisible(findTestObject("Kiosk/Lobby/header"), 15): Object 'Object Repository/Kiosk/Lobby/header' is visible

2019-01-23 17:34:07 - [MESSAGE][PASSED] - Object 'Object Repository/Kiosk/Lobby/header' is visible

2019-01-23 17:34:07 - [TEST_STEP][PASSED] - verifyElementVisibleInViewport(findTestObject("Kiosk/Lobby/header"), 5): Object 'Object Repository/Kiosk/Lobby/header' is present and visible in viewport

2019-01-23 17:34:07 - [MESSAGE][PASSED] - Object 'Object Repository/Kiosk/Lobby/header' is present and visible in viewport

2019-01-23 17:34:07 - [TEST_STEP][PASSED] - waitForElementVisible(findTestObject("Kiosk/Lobby/workTicketButton"), 15): Object 'Object Repository/Kiosk/Lobby/workTicketButton' is visible

2019-01-23 17:34:07 - [MESSAGE][PASSED] - Object 'Object Repository/Kiosk/Lobby/workTicketButton' is visible

2019-01-23 17:34:07 - [TEST_STEP][PASSED] - verifyElementClickable(findTestObject("Kiosk/Lobby/workTicketButton"), STOP_ON_FAILURE): Object 'Object Repository/Kiosk/Lobby/workTicketButton' is clickable

2019-01-23 17:34:08 - [MESSAGE][PASSED] - Object 'Object Repository/Kiosk/Lobby/workTicketButton' is clickable

2019-01-23 17:34:08 - [TEST_STEP][PASSED] - delay(1): Delayed 1 second(s)

2019-01-23 17:34:09 - [MESSAGE][PASSED] - Delayed 1 second(s)

2019-01-23 17:34:09 - [TEST_STEP][PASSED] - click(findTestObject("Kiosk/Lobby/workTicketButton")): Object: 'Object Repository/Kiosk/Lobby/workTicketButton' is clicked on

2019-01-23 17:34:09 - [MESSAGE][PASSED] - Object: 'Object Repository/Kiosk/Lobby/workTicketButton' is clicked on

2019-01-23 17:34:09 - [TEST_STEP][PASSED] - waitForElementVisible(findTestObject("Kiosk/Work Ticket/statusDropdown"), 15): Object 'Object Repository/Kiosk/Work Ticket/statusDropdown' is visible

2019-01-23 17:34:09 - [MESSAGE][PASSED] - Object 'Object Repository/Kiosk/Work Ticket/statusDropdown' is visible

2019-01-23 17:34:09 - [TEST_STEP][PASSED] - verifyElementVisibleInViewport(findTestObject("Kiosk/Work Ticket/statusDropdown"), 5): Object 'Object Repository/Kiosk/Work Ticket/statusDropdown' is present and visible in viewport

2019-01-23 17:34:09 - [MESSAGE][PASSED] - Object 'Object Repository/Kiosk/Work Ticket/statusDropdown' is present and visible in viewport

2019-01-23 17:34:09 - [TEST_STEP][PASSED] - waitForElementVisible(findTestObject("Kiosk/Work Ticket/datesTableFirstRow"), 15): Object 'Object Repository/Kiosk/Work Ticket/datesTableFirstRow' is visible

2019-01-23 17:34:13 - [MESSAGE][PASSED] - Object 'Object Repository/Kiosk/Work Ticket/datesTableFirstRow' is visible

2019-01-23 17:34:13 - [TEST_STEP][PASSED] - verifyElementVisibleInViewport(findTestObject("Kiosk/Work Ticket/datesTableFirstRow"), 5): Object 'Object Repository/Kiosk/Work Ticket/datesTableFirstRow' is present and visible in viewport

2019-01-23 17:34:13 - [MESSAGE][PASSED] - Object 'Object Repository/Kiosk/Work Ticket/datesTableFirstRow' is present and visible in viewport

2019-01-23 17:34:13 - [TEST_STEP][PASSED] - waitForElementVisible(findTestObject("Kiosk/Work Ticket/mainTableFirstRow"), 15): Object 'Object Repository/Kiosk/Work Ticket/mainTableFirstRow' is visible

2019-01-23 17:34:13 - [MESSAGE][PASSED] - Object 'Object Repository/Kiosk/Work Ticket/mainTableFirstRow' is visible

2019-01-23 17:34:13 - [TEST_STEP][PASSED] - verifyElementVisibleInViewport(findTestObject("Kiosk/Work Ticket/mainTableFirstRow"), 5): Object 'Object Repository/Kiosk/Work Ticket/mainTableFirstRow' is present and visible in viewport

2019-01-23 17:34:13 - [MESSAGE][PASSED] - Object 'Object Repository/Kiosk/Work Ticket/mainTableFirstRow' is present and visible in viewport

2019-01-23 17:34:13 - [TEST_STEP][PASSED] - waitForElementVisible(findTestObject("Kiosk/Work Ticket/back button"), 15): Object 'Object Repository/Kiosk/Work Ticket/back button' is visible

2019-01-23 17:34:13 - [MESSAGE][PASSED] - Object 'Object Repository/Kiosk/Work Ticket/back button' is visible

2019-01-23 17:34:13 - [TEST_STEP][PASSED] - verifyElementVisibleInViewport(findTestObject("Kiosk/Work Ticket/back button"), 5): Object 'Object Repository/Kiosk/Work Ticket/back button' is present and visible in viewport

2019-01-23 17:34:13 - [MESSAGE][PASSED] - Object 'Object Repository/Kiosk/Work Ticket/back button' is present and visible in viewport

2019-01-23 17:34:13 - [TEST_STEP][PASSED] - delay(1): Delayed 1 second(s)

2019-01-23 17:34:14 - [MESSAGE][PASSED] - Delayed 1 second(s)

2019-01-23 17:34:14 - [TEST_STEP][PASSED] - click(findTestObject("Kiosk/Work Ticket/back button")): Object: 'Object Repository/Kiosk/Work Ticket/back button' is clicked on

2019-01-23 17:34:14 - [MESSAGE][PASSED] - Object: 'Object Repository/Kiosk/Work Ticket/back button' is clicked on

2019-01-23 17:34:14 - [TEST_STEP][PASSED] - waitForElementVisible(findTestObject("Kiosk/Lobby/header"), 15): Object 'Object Repository/Kiosk/Lobby/header' is visible

2019-01-23 17:34:14 - [MESSAGE][PASSED] - Object 'Object Repository/Kiosk/Lobby/header' is visible

2019-01-23 17:34:14 - [TEST_STEP][PASSED] - verifyElementVisibleInViewport(findTestObject("Kiosk/Lobby/header"), 5): Object 'Object Repository/Kiosk/Lobby/header' is present and visible in viewport

2019-01-23 17:34:14 - [MESSAGE][PASSED] - Object 'Object Repository/Kiosk/Lobby/header' is present and visible in viewport

2019-01-23 17:34:14 - [TEST_STEP][PASSED] - waitForElementVisible(findTestObject("Kiosk/Lobby/workTicketButton"), 15): Object 'Object Repository/Kiosk/Lobby/workTicketButton' is visible

2019-01-23 17:34:14 - [MESSAGE][PASSED] - Object 'Object Repository/Kiosk/Lobby/workTicketButton' is visible

2019-01-23 17:34:14 - [TEST_STEP][PASSED] - verifyElementClickable(findTestObject("Kiosk/Lobby/workTicketButton"), STOP_ON_FAILURE): Object 'Object Repository/Kiosk/Lobby/workTicketButton' is clickable

2019-01-23 17:34:14 - [MESSAGE][PASSED] - Object 'Object Repository/Kiosk/Lobby/workTicketButton' is clickable

2019-01-23 17:34:14 - [TEST_STEP][PASSED] - waitForElementVisible(findTestObject("Kiosk/Lobby/logoutButton"), 15): Object 'Object Repository/Kiosk/Lobby/logoutButton' is visible

2019-01-23 17:34:14 - [MESSAGE][PASSED] - Object 'Object Repository/Kiosk/Lobby/logoutButton' is visible

2019-01-23 17:34:14 - [TEST_STEP][PASSED] - verifyElementClickable(findTestObject("Kiosk/Lobby/logoutButton"), STOP_ON_FAILURE): Object 'Object Repository/Kiosk/Lobby/logoutButton' is clickable

2019-01-23 17:34:14 - [MESSAGE][PASSED] - Object 'Object Repository/Kiosk/Lobby/logoutButton' is clickable

2019-01-23 17:34:14 - [TEST_STEP][PASSED] - click(findTestObject("Kiosk/Lobby/logoutButton")): Object: 'Object Repository/Kiosk/Lobby/logoutButton' is clicked on

2019-01-23 17:34:14 - [MESSAGE][PASSED] - Object: 'Object Repository/Kiosk/Lobby/logoutButton' is clicked on

2019-01-23 17:34:14 - [TEST_STEP][PASSED] - waitForElementVisible(findTestObject("Kiosk/Login/Code Plus Id/enterButton"), 15): Object 'Object Repository/Kiosk/Login/Code Plus Id/enterButton' is visible

2019-01-23 17:34:14 - [MESSAGE][PASSED] - Object 'Object Repository/Kiosk/Login/Code Plus Id/enterButton' is visible

2019-01-23 17:34:14 - [TEST_STEP][PASSED] - closeBrowser(): Browser is closed

2019-01-23 17:34:15 - [MESSAGE][PASSED] - Browser is closed

2019-01-23 17:34:15 - [TEST_STEP][PASSED] - openBrowser(rfidSite): Browser is opened with url: 'eggedtaavura.kiosk.y-it.co.il/loginByRfid'

2019-01-23 17:34:15 - [MESSAGE][INFO] - Starting 'Chrome' driver

2019-01-23 17:34:23 - [MESSAGE][PASSED] - Browser is opened with url: 'eggedtaavura.kiosk.y-it.co.il/loginByRfid'

2019-01-23 17:34:23 - [TEST_STEP][PASSED] - maximizeWindow(): Current window maximized

2019-01-23 17:34:24 - [MESSAGE][PASSED] - Current window maximized

2019-01-23 17:34:24 - [TEST_STEP][PASSED] - waitForElementVisible(findTestObject("Kiosk/Login/Rfid/cardImage"), 30): Object 'Object Repository/Kiosk/Login/Rfid/cardImage' is visible

2019-01-23 17:34:24 - [MESSAGE][PASSED] - Object 'Object Repository/Kiosk/Login/Rfid/cardImage' is visible

2019-01-23 17:34:24 - [TEST_STEP][PASSED] - f_logInwithRfid(): null

2019-01-23 17:34:24 - [TEST_STEP][PASSED] - robot = new java.awt.Robot(): null

2019-01-23 17:34:24 - [TEST_STEP][PASSED] - rfidCodeArray = toString().toCharArray(): null

2019-01-23 17:34:24 - [TEST_STEP][PASSED] - delay(5): Delayed 5 second(s)

2019-01-23 17:34:29 - [MESSAGE][PASSED] - Delayed 5 second(s)

2019-01-23 17:34:29 - [TEST_STEP][PASSED] - for ([i = 0, i < length, (i++)]): null

2019-01-23 17:34:29 - [TEST_STEP][PASSED] - delay(1): Delayed 1 second(s)

2019-01-23 17:34:30 - [MESSAGE][PASSED] - Delayed 1 second(s)

2019-01-23 17:34:30 - [TEST_STEP][PASSED] - n = Integer.parseInt(rfidCodeArray[i].toString()): null

2019-01-23 17:34:30 - [TEST_STEP][PASSED] - switch (n): null

2019-01-23 17:34:30 - [TEST_STEP][PASSED] - case 0:: null

2019-01-23 17:34:30 - [TEST_STEP][PASSED] - robot.keyPress(VK_0): null

2019-01-23 17:34:30 - [TEST_STEP][PASSED] - break: null

2019-01-23 17:34:30 - [TEST_STEP][PASSED] - delay(1): Delayed 1 second(s)

2019-01-23 17:34:31 - [MESSAGE][PASSED] - Delayed 1 second(s)

2019-01-23 17:34:31 - [TEST_STEP][PASSED] - n = Integer.parseInt(rfidCodeArray[i].toString()): null

2019-01-23 17:34:31 - [TEST_STEP][PASSED] - switch (n): null

2019-01-23 17:34:31 - [TEST_STEP][PASSED] - case 2:: null

2019-01-23 17:34:31 - [TEST_STEP][PASSED] - robot.keyPress(VK_2): null

2019-01-23 17:34:31 - [TEST_STEP][PASSED] - break: null

2019-01-23 17:34:31 - [TEST_STEP][PASSED] - delay(1): Delayed 1 second(s)

2019-01-23 17:34:32 - [MESSAGE][PASSED] - Delayed 1 second(s)

2019-01-23 17:34:32 - [TEST_STEP][PASSED] - n = Integer.parseInt(rfidCodeArray[i].toString()): null

2019-01-23 17:34:32 - [TEST_STEP][PASSED] - switch (n): null

2019-01-23 17:34:32 - [TEST_STEP][PASSED] - case 6:: null

2019-01-23 17:34:32 - [TEST_STEP][PASSED] - robot.keyPress(VK_6): null

2019-01-23 17:34:32 - [TEST_STEP][PASSED] - break: null

2019-01-23 17:34:32 - [TEST_STEP][PASSED] - delay(1): Delayed 1 second(s)

2019-01-23 17:34:33 - [MESSAGE][PASSED] - Delayed 1 second(s)

2019-01-23 17:34:33 - [TEST_STEP][PASSED] - n = Integer.parseInt(rfidCodeArray[i].toString()): null

2019-01-23 17:34:33 - [TEST_STEP][PASSED] - switch (n): null

2019-01-23 17:34:33 - [TEST_STEP][PASSED] - case 0:: null

2019-01-23 17:34:33 - [TEST_STEP][PASSED] - robot.keyPress(VK_0): null

2019-01-23 17:34:33 - [TEST_STEP][PASSED] - break: null

2019-01-23 17:34:33 - [TEST_STEP][PASSED] - delay(1): Delayed 1 second(s)

2019-01-23 17:34:34 - [MESSAGE][PASSED] - Delayed 1 second(s)

2019-01-23 17:34:34 - [TEST_STEP][PASSED] - n = Integer.parseInt(rfidCodeArray[i].toString()): null

2019-01-23 17:34:34 - [TEST_STEP][PASSED] - switch (n): null

2019-01-23 17:34:34 - [TEST_STEP][PASSED] - case 0:: null

2019-01-23 17:34:34 - [TEST_STEP][PASSED] - robot.keyPress(VK_0): null

2019-01-23 17:34:34 - [TEST_STEP][PASSED] - break: null

2019-01-23 17:34:34 - [TEST_STEP][PASSED] - delay(1): Delayed 1 second(s)

2019-01-23 17:34:35 - [MESSAGE][PASSED] - Delayed 1 second(s)

2019-01-23 17:34:35 - [TEST_STEP][PASSED] - n = Integer.parseInt(rfidCodeArray[i].toString()): null

2019-01-23 17:34:35 - [TEST_STEP][PASSED] - switch (n): null

2019-01-23 17:34:35 - [TEST_STEP][PASSED] - case 0:: null

2019-01-23 17:34:35 - [TEST_STEP][PASSED] - robot.keyPress(VK_0): null

2019-01-23 17:34:35 - [TEST_STEP][PASSED] - break: null

2019-01-23 17:34:35 - [TEST_STEP][PASSED] - delay(1): Delayed 1 second(s)

2019-01-23 17:34:36 - [MESSAGE][PASSED] - Delayed 1 second(s)

2019-01-23 17:34:36 - [TEST_STEP][PASSED] - n = Integer.parseInt(rfidCodeArray[i].toString()): null

2019-01-23 17:34:36 - [TEST_STEP][PASSED] - switch (n): null

2019-01-23 17:34:36 - [TEST_STEP][PASSED] - case 2:: null

2019-01-23 17:34:36 - [TEST_STEP][PASSED] - robot.keyPress(VK_2): null

2019-01-23 17:34:36 - [TEST_STEP][PASSED] - break: null

2019-01-23 17:34:36 - [TEST_STEP][PASSED] - delay(1): Delayed 1 second(s)

2019-01-23 17:34:37 - [MESSAGE][PASSED] - Delayed 1 second(s)

2019-01-23 17:34:37 - [TEST_STEP][PASSED] - n = Integer.parseInt(rfidCodeArray[i].toString()): null

2019-01-23 17:34:37 - [TEST_STEP][PASSED] - switch (n): null

2019-01-23 17:34:37 - [TEST_STEP][PASSED] - case 2:: null

2019-01-23 17:34:37 - [TEST_STEP][PASSED] - robot.keyPress(VK_2): null

2019-01-23 17:34:37 - [TEST_STEP][PASSED] - break: null

2019-01-23 17:34:37 - [TEST_STEP][PASSED] - delay(1): Delayed 1 second(s)

2019-01-23 17:34:38 - [MESSAGE][PASSED] - Delayed 1 second(s)

2019-01-23 17:34:38 - [TEST_STEP][PASSED] - n = Integer.parseInt(rfidCodeArray[i].toString()): null

2019-01-23 17:34:38 - [TEST_STEP][PASSED] - switch (n): null

2019-01-23 17:34:38 - [TEST_STEP][PASSED] - case 4:: null

2019-01-23 17:34:38 - [TEST_STEP][PASSED] - robot.keyPress(VK_4): null

2019-01-23 17:34:38 - [TEST_STEP][PASSED] - break: null

2019-01-23 17:34:38 - [TEST_STEP][PASSED] - delay(1): Delayed 1 second(s)

2019-01-23 17:34:39 - [MESSAGE][PASSED] - Delayed 1 second(s)

2019-01-23 17:34:39 - [TEST_STEP][PASSED] - n = Integer.parseInt(rfidCodeArray[i].toString()): null

2019-01-23 17:34:39 - [TEST_STEP][PASSED] - switch (n): null

2019-01-23 17:34:39 - [TEST_STEP][PASSED] - case 0:: null

2019-01-23 17:34:39 - [TEST_STEP][PASSED] - robot.keyPress(VK_0): null

2019-01-23 17:34:39 - [TEST_STEP][PASSED] - break: null

2019-01-23 17:34:39 - [TEST_STEP][PASSED] - delay(1): Delayed 1 second(s)

2019-01-23 17:34:40 - [MESSAGE][PASSED] - Delayed 1 second(s)

2019-01-23 17:34:40 - [TEST_STEP][PASSED] - n = Integer.parseInt(rfidCodeArray[i].toString()): null

2019-01-23 17:34:40 - [TEST_STEP][PASSED] - switch (n): null

2019-01-23 17:34:40 - [TEST_STEP][PASSED] - case 0:: null

2019-01-23 17:34:40 - [TEST_STEP][PASSED] - robot.keyPress(VK_0): null

2019-01-23 17:34:40 - [TEST_STEP][PASSED] - break: null

2019-01-23 17:34:40 - [TEST_STEP][PASSED] - delay(1): Delayed 1 second(s)

2019-01-23 17:34:41 - [MESSAGE][PASSED] - Delayed 1 second(s)

2019-01-23 17:34:41 - [TEST_STEP][PASSED] - n = Integer.parseInt(rfidCodeArray[i].toString()): null

2019-01-23 17:34:41 - [TEST_STEP][PASSED] - switch (n): null

2019-01-23 17:34:41 - [TEST_STEP][PASSED] - case 1:: null

2019-01-23 17:34:41 - [TEST_STEP][PASSED] - robot.keyPress(VK_1): null

2019-01-23 17:34:41 - [TEST_STEP][PASSED] - break: null

2019-01-23 17:34:41 - [TEST_STEP][PASSED] - delay(1): Delayed 1 second(s)

2019-01-23 17:34:42 - [MESSAGE][PASSED] - Delayed 1 second(s)

2019-01-23 17:34:42 - [TEST_STEP][PASSED] - n = Integer.parseInt(rfidCodeArray[i].toString()): null

2019-01-23 17:34:42 - [TEST_STEP][PASSED] - switch (n): null

2019-01-23 17:34:42 - [TEST_STEP][PASSED] - case 2:: null

2019-01-23 17:34:42 - [TEST_STEP][PASSED] - robot.keyPress(VK_2): null

2019-01-23 17:34:42 - [TEST_STEP][PASSED] - break: null

2019-01-23 17:34:42 - [TEST_STEP][PASSED] - delay(1): Delayed 1 second(s)

2019-01-23 17:34:43 - [MESSAGE][PASSED] - Delayed 1 second(s)

2019-01-23 17:34:43 - [TEST_STEP][PASSED] - robot.keyPress(VK_ENTER): null

2019-01-23 17:34:43 - [TEST_STEP][PASSED] - try: Object 'Object Repository/Kiosk/Lobby/header' is present and visible in viewport

2019-01-23 17:34:43 - [TEST_STEP][PASSED] - waitForElementVisible(findTestObject("Kiosk/Lobby/header"), 15): Object 'Object Repository/Kiosk/Lobby/header' is visible

2019-01-23 17:34:44 - [MESSAGE][PASSED] - Object 'Object Repository/Kiosk/Lobby/header' is visible

2019-01-23 17:34:44 - [TEST_STEP][PASSED] - verifyElementVisibleInViewport(findTestObject("Kiosk/Lobby/header"), 5): Object 'Object Repository/Kiosk/Lobby/header' is present and visible in viewport

2019-01-23 17:34:44 - [MESSAGE][PASSED] - Object 'Object Repository/Kiosk/Lobby/header' is present and visible in viewport

2019-01-23 17:34:44 - [TEST_STEP][PASSED] - waitForElementVisible(findTestObject("Kiosk/Lobby/workTicketButton"), 15): Object 'Object Repository/Kiosk/Lobby/workTicketButton' is visible

2019-01-23 17:34:44 - [MESSAGE][PASSED] - Object 'Object Repository/Kiosk/Lobby/workTicketButton' is visible

2019-01-23 17:34:44 - [TEST_STEP][PASSED] - verifyElementClickable(findTestObject("Kiosk/Lobby/workTicketButton"), STOP_ON_FAILURE): Object 'Object Repository/Kiosk/Lobby/workTicketButton' is clickable

2019-01-23 17:34:44 - [MESSAGE][PASSED] - Object 'Object Repository/Kiosk/Lobby/workTicketButton' is clickable

2019-01-23 17:34:44 - [TEST_STEP][PASSED] - waitForElementVisible(findTestObject("Kiosk/Lobby/logoutButton"), 15): Object 'Object Repository/Kiosk/Lobby/logoutButton' is visible

2019-01-23 17:34:44 - [MESSAGE][PASSED] - Object 'Object Repository/Kiosk/Lobby/logoutButton' is visible

2019-01-23 17:34:44 - [TEST_STEP][PASSED] - verifyElementClickable(findTestObject("Kiosk/Lobby/logoutButton"), STOP_ON_FAILURE): Object 'Object Repository/Kiosk/Lobby/logoutButton' is clickable

2019-01-23 17:34:44 - [MESSAGE][PASSED] - Object 'Object Repository/Kiosk/Lobby/logoutButton' is clickable

2019-01-23 17:34:44 - [TEST_STEP][PASSED] - click(findTestObject("Kiosk/Lobby/logoutButton")): Object: 'Object Repository/Kiosk/Lobby/logoutButton' is clicked on

2019-01-23 17:34:44 - [MESSAGE][PASSED] - Object: 'Object Repository/Kiosk/Lobby/logoutButton' is clicked on

2019-01-23 17:34:44 - [TEST_STEP][PASSED] - waitForElementVisible(findTestObject("Kiosk/Login/Rfid/cardImage"), 30): Object 'Object Repository/Kiosk/Login/Rfid/cardImage' is visible

2019-01-23 17:34:44 - [MESSAGE][PASSED] - Object 'Object Repository/Kiosk/Login/Rfid/cardImage' is visible

2019-01-23 17:34:44 - [TEST_STEP][PASSED] - closeBrowser(): Browser is closed

2019-01-23 17:34:45 - [MESSAGE][PASSED] - Browser is closed]]></system-out>
         <system-err><![CDATA[]]></system-err>
      </testcase>
      <system-out><![CDATA[2019-01-23 17:33:49 - [TEST_SUITE][PASSED] - Kiosk Sanity Login Test: Test Cases/kiosk/kiosk sanity]]></system-out>
      <system-err><![CDATA[]]></system-err>
   </testsuite>
</testsuites>
