<?xml version="1.0" encoding="UTF-8"?>
<testsuites name="Pre Salary" time="857" tests="12" failures="0" errors="0">
   <testsuite name="Pre Salary" tests="12" failures="0" errors="0" time="857" timestamp="2019-04-30 14:50:34" hostname="leon.b - Leon-PC.Y-it.Local" id="Test Suites/Stage/Pre Salary">
      <properties>
         <property name="deviceName" value=""/>
         <property name="devicePlatform" value=""/>
         <property name="logFolder" value="C:\\Users\\leon.b\\git\\Y-IT_TransIT\\Reports\\Stage\\Pre Salary\\20190430_145022"/>
         <property name="logFiles" value="C:\\Users\\leon.b\\git\\Y-IT_TransIT\\Reports\\Stage\\Pre Salary\\20190430_145022\\execution0.log"/>
         <property name="attachments" value="C:\\Users\\leon.b\\git\\Y-IT_TransIT\\Reports\\Stage\\Pre Salary\\20190430_145022\\1556625561290.png"/>
         <property name="hostName" value="leon.b - Leon-PC.Y-it.Local"/>
         <property name="os" value="Windows 10 64bit"/>
         <property name="katalonVersion" value="6.0.5.10"/>
         <property name="browser" value="Chrome 73.0.3683.103"/>
         <property name="hostAddress" value="169.254.139.61"/>
         <property name="sessionId" value="8cb766f283679ead88afaf2940836abd"/>
         <property name="seleniumVersion" value="3.7.1"/>
         <property name="proxyInformation" value="ProxyInformation{proxyOption=NO_PROXY, proxyServerType=HTTP, password=, proxyServerAddress=, proxyServerPort=0}"/>
         <property name="platform" value="Windows 10"/>
      </properties>
      <testcase name="Test Cases/Pre-Salary/One Driver Calc" classname="Test Cases/Pre-Salary/One Driver Calc" status="PASSED">
         <system-out><![CDATA[2019-04-30 14:50:34 - [TEST_CASE][PASSED] - Test Cases/Pre-Salary/One Driver Calc: Test Cases/Pre-Salary/One Driver Calc

2019-04-30 14:50:35 - [TEST_STEP][PASSED] - login.c_login.logIn(site, userName, userPass): login.c_login.logIn is PASSED

2019-04-30 14:50:35 - [MESSAGE][INFO] - Starting 'Chrome' driver

2019-04-30 14:50:35 - [MESSAGE][INFO] - Action delay is set to 0 seconds

2019-04-30 14:50:49 - [MESSAGE][PASSED] - Browser is opened with url: 'thegged.ebstage.y-it.co.il'

2019-04-30 14:50:50 - [MESSAGE][PASSED] - Current window maximized

2019-04-30 14:50:50 - [MESSAGE][PASSED] - Text 'admin' is set on object 'Object Repository/Y-IT Log In/input_ _userName'

2019-04-30 14:50:50 - [MESSAGE][PASSED] - Text ****** has been set on object 'Object Repository/Y-IT Log In/input_ _password'

2019-04-30 14:50:50 - [MESSAGE][PASSED] - Object: 'Object Repository/Y-IT Log In/input_  _submit' is clicked on

2019-04-30 14:50:50 - [MESSAGE][PASSED] - login.c_login.logIn is PASSED

2019-04-30 14:50:50 - [TEST_STEP][PASSED] - date = new java.util.Date(): null

2019-04-30 14:50:50 - [TEST_STEP][PASSED] - cal = Calendar.getInstance(): null

2019-04-30 14:50:50 - [TEST_STEP][PASSED] - cal.setTime(date): null

2019-04-30 14:50:50 - [TEST_STEP][PASSED] - month = cal.get(MONTH) + 1: null

2019-04-30 14:50:50 - [TEST_STEP][PASSED] - year = cal.get(YEAR): null

2019-04-30 14:50:50 - [TEST_STEP][PASSED] - dayStr = "01": null

2019-04-30 14:50:50 - [TEST_STEP][PASSED] - monthStr = "": null

2019-04-30 14:50:50 - [TEST_STEP][PASSED] - yearStr = year.toString(): null

2019-04-30 14:50:50 - [TEST_STEP][PASSED] - if (month < 10): null

2019-04-30 14:50:50 - [TEST_STEP][PASSED] - monthStr = "0" + month.toString(): null

2019-04-30 14:50:50 - [TEST_STEP][PASSED] - fullDate = dayStr + monthStr + yearStr: null

2019-04-30 14:50:50 - [TEST_STEP][PASSED] - delay(1): Delayed 1 second(s)

2019-04-30 14:50:51 - [MESSAGE][PASSED] - Delayed 1 second(s)

2019-04-30 14:50:51 - [TEST_STEP][PASSED] - waitForElementPresent(findTestObject("General/mainEmptyBackground"), 15): Object 'Object Repository/General/mainEmptyBackground' is present

2019-04-30 14:50:53 - [MESSAGE][PASSED] - Object 'Object Repository/General/mainEmptyBackground' is present

2019-04-30 14:50:53 - [TEST_STEP][PASSED] - isPreSalaryTabOpen = waitForElementPresent(findTestObject("Pre-Salary/preSalaryTab"), 5): Object 'Object Repository/Pre-Salary/preSalaryTab' is not present after 5 second(s)

2019-04-30 14:50:59 - [MESSAGE][INFO] - Unable to find the element located by 'By.cssSelector: #preSalaryview'. Please recheck the objects properties to make sure the desired element is located. 

2019-04-30 14:50:59 - [MESSAGE][WARNING] - Object 'Object Repository/Pre-Salary/preSalaryTab' is not present after 5 second(s)

2019-04-30 14:50:59 - [TEST_STEP][PASSED] - if (!(isPreSalaryTabOpen)): Object: 'Object Repository/Nav Bar/Nav Bar Funds/preSalary' is clicked on

2019-04-30 14:50:59 - [TEST_STEP][PASSED] - waitForElementPresent(findTestObject("Nav Bar/funds"), 15): Object 'Object Repository/Nav Bar/funds' is present

2019-04-30 14:50:59 - [MESSAGE][PASSED] - Object 'Object Repository/Nav Bar/funds' is present

2019-04-30 14:50:59 - [TEST_STEP][PASSED] - click(findTestObject("Nav Bar/funds")): Object: 'Object Repository/Nav Bar/funds' is clicked on

2019-04-30 14:50:59 - [MESSAGE][PASSED] - Object: 'Object Repository/Nav Bar/funds' is clicked on

2019-04-30 14:50:59 - [TEST_STEP][PASSED] - delay(1): Delayed 1 second(s)

2019-04-30 14:51:00 - [MESSAGE][PASSED] - Delayed 1 second(s)

2019-04-30 14:51:00 - [TEST_STEP][PASSED] - try: Object: 'Object Repository/Nav Bar/Nav Bar Funds/preSalary' is clicked on

2019-04-30 14:51:00 - [TEST_STEP][PASSED] - waitForElementPresent(findTestObject("Nav Bar/Nav Bar Funds/preSalary"), 2): Object 'Object Repository/Nav Bar/Nav Bar Funds/preSalary' is present

2019-04-30 14:51:00 - [MESSAGE][PASSED] - Object 'Object Repository/Nav Bar/Nav Bar Funds/preSalary' is present

2019-04-30 14:51:00 - [TEST_STEP][PASSED] - click(findTestObject("Nav Bar/Nav Bar Funds/preSalary")): Object: 'Object Repository/Nav Bar/Nav Bar Funds/preSalary' is clicked on

2019-04-30 14:51:00 - [MESSAGE][PASSED] - Object: 'Object Repository/Nav Bar/Nav Bar Funds/preSalary' is clicked on

2019-04-30 14:51:00 - [TEST_STEP][PASSED] - waitForElementNotPresent(findTestObject("General/loadingBar"), 30): Web element with id: 'Object Repository/General/loadingBar' located by 'By.cssSelector: div[class="bar"][style~="width:"]' is not present after '30' second(s)

2019-04-30 14:51:08 - [MESSAGE][PASSED] - Web element with id: 'Object Repository/General/loadingBar' located by 'By.cssSelector: div[class="bar"][style~="width:"]' is not present after '30' second(s)

2019-04-30 14:51:08 - [TEST_STEP][PASSED] - waitForElementNotPresent(findTestObject("Pre-Salary/Filters/Drivers Dropdown/isLoadingDropdown"), 15): Web element with id: 'Object Repository/Pre-Salary/Filters/Drivers Dropdown/isLoadingDropdown' located by 'By.cssSelector: div[id="preSalaryview"] > div:nth-of-type(2) > div:nth-of-type(1) > div:nth-of-type(2) > div:nth-of-type(1) > div:nth-of-type(5) > div:nth-of-type(1) > div:nth-of-type(1) > span:nth-of-type(1) > span:nth-of-type(1) > span:nth-of-type(2) > span:nth-of-type(1)[class="k-icon k-i-arrow-60-down k-i-loading"]' is not present after '15' second(s)

2019-04-30 14:51:08 - [MESSAGE][PASSED] - Web element with id: 'Object Repository/Pre-Salary/Filters/Drivers Dropdown/isLoadingDropdown' located by 'By.cssSelector: div[id="preSalaryview"] > div:nth-of-type(2) > div:nth-of-type(1) > div:nth-of-type(2) > div:nth-of-type(1) > div:nth-of-type(5) > div:nth-of-type(1) > div:nth-of-type(1) > span:nth-of-type(1) > span:nth-of-type(1) > span:nth-of-type(2) > span:nth-of-type(1)[class="k-icon k-i-arrow-60-down k-i-loading"]' is not present after '15' second(s)

2019-04-30 14:51:08 - [TEST_STEP][PASSED] - waitForElementPresent(findTestObject("Pre-Salary/Filters/Date Picker Start/datePickerInputField"), 15): Object 'Object Repository/Pre-Salary/Filters/Date Picker Start/datePickerInputField' is present

2019-04-30 14:51:08 - [MESSAGE][PASSED] - Object 'Object Repository/Pre-Salary/Filters/Date Picker Start/datePickerInputField' is present

2019-04-30 14:51:08 - [TEST_STEP][PASSED] - delay(5): Delayed 5 second(s)

2019-04-30 14:51:13 - [MESSAGE][PASSED] - Delayed 5 second(s)

2019-04-30 14:51:13 - [TEST_STEP][PASSED] - click(findTestObject("Pre-Salary/Filters/Date Picker Start/datePickerInputField")): Object: 'Object Repository/Pre-Salary/Filters/Date Picker Start/datePickerInputField' is clicked on

2019-04-30 14:51:13 - [MESSAGE][PASSED] - Object: 'Object Repository/Pre-Salary/Filters/Date Picker Start/datePickerInputField' is clicked on

2019-04-30 14:51:13 - [TEST_STEP][PASSED] - delay(1): Delayed 1 second(s)

2019-04-30 14:51:14 - [MESSAGE][PASSED] - Delayed 1 second(s)

2019-04-30 14:51:14 - [TEST_STEP][PASSED] - setText(findTestObject("Pre-Salary/Filters/Date Picker Start/datePickerInputField"), ""): Text '' is set on object 'Object Repository/Pre-Salary/Filters/Date Picker Start/datePickerInputField'

2019-04-30 14:51:14 - [MESSAGE][PASSED] - Text '' is set on object 'Object Repository/Pre-Salary/Filters/Date Picker Start/datePickerInputField'

2019-04-30 14:51:14 - [TEST_STEP][PASSED] - delay(1): Delayed 1 second(s)

2019-04-30 14:51:15 - [MESSAGE][PASSED] - Delayed 1 second(s)

2019-04-30 14:51:15 - [TEST_STEP][PASSED] - setText(findTestObject("Pre-Salary/Filters/Date Picker Start/datePickerInputField"), fullDate): Text '01042019' is set on object 'Object Repository/Pre-Salary/Filters/Date Picker Start/datePickerInputField'

2019-04-30 14:51:15 - [MESSAGE][PASSED] - Text '01042019' is set on object 'Object Repository/Pre-Salary/Filters/Date Picker Start/datePickerInputField'

2019-04-30 14:51:15 - [TEST_STEP][PASSED] - waitForElementPresent(findTestObject("Pre-Salary/Filters/Date Picker Start/datePickerInputField"), 15): Object 'Object Repository/Pre-Salary/Filters/Date Picker Start/datePickerInputField' is present

2019-04-30 14:51:15 - [MESSAGE][PASSED] - Object 'Object Repository/Pre-Salary/Filters/Date Picker Start/datePickerInputField' is present

2019-04-30 14:51:15 - [TEST_STEP][PASSED] - waitForElementNotPresent(findTestObject("Pre-Salary/Filters/Drivers Dropdown/isLoadingDropdown"), 15): Web element with id: 'Object Repository/Pre-Salary/Filters/Drivers Dropdown/isLoadingDropdown' located by 'By.cssSelector: div[id="preSalaryview"] > div:nth-of-type(2) > div:nth-of-type(1) > div:nth-of-type(2) > div:nth-of-type(1) > div:nth-of-type(5) > div:nth-of-type(1) > div:nth-of-type(1) > span:nth-of-type(1) > span:nth-of-type(1) > span:nth-of-type(2) > span:nth-of-type(1)[class="k-icon k-i-arrow-60-down k-i-loading"]' is not present after '15' second(s)

2019-04-30 14:51:15 - [MESSAGE][PASSED] - Web element with id: 'Object Repository/Pre-Salary/Filters/Drivers Dropdown/isLoadingDropdown' located by 'By.cssSelector: div[id="preSalaryview"] > div:nth-of-type(2) > div:nth-of-type(1) > div:nth-of-type(2) > div:nth-of-type(1) > div:nth-of-type(5) > div:nth-of-type(1) > div:nth-of-type(1) > span:nth-of-type(1) > span:nth-of-type(1) > span:nth-of-type(2) > span:nth-of-type(1)[class="k-icon k-i-arrow-60-down k-i-loading"]' is not present after '15' second(s)

2019-04-30 14:51:15 - [TEST_STEP][PASSED] - delay(1): Delayed 1 second(s)

2019-04-30 14:51:16 - [MESSAGE][PASSED] - Delayed 1 second(s)

2019-04-30 14:51:16 - [TEST_STEP][PASSED] - try: Object: 'Object Repository/Pre-Salary/Filters/Drivers Dropdown/driversListDropdownOpen' is clicked on

2019-04-30 14:51:16 - [TEST_STEP][PASSED] - click(findTestObject("Pre-Salary/Filters/Drivers Dropdown/driversListDropdownOpen")): Object: 'Object Repository/Pre-Salary/Filters/Drivers Dropdown/driversListDropdownOpen' is clicked on

2019-04-30 14:51:17 - [MESSAGE][PASSED] - Object: 'Object Repository/Pre-Salary/Filters/Drivers Dropdown/driversListDropdownOpen' is clicked on

2019-04-30 14:51:17 - [TEST_STEP][PASSED] - delay(1): Delayed 1 second(s)

2019-04-30 14:51:18 - [MESSAGE][PASSED] - Delayed 1 second(s)

2019-04-30 14:51:18 - [TEST_STEP][PASSED] - try: Text '856' is set on object 'Object Repository/Pre-Salary/Filters/Drivers Dropdown/driversListDropdownSearchBox'

2019-04-30 14:51:18 - [TEST_STEP][PASSED] - setText(findTestObject("Pre-Salary/Filters/Drivers Dropdown/driversListDropdownSearchBox"), driver_Id): Text '856' is set on object 'Object Repository/Pre-Salary/Filters/Drivers Dropdown/driversListDropdownSearchBox'

2019-04-30 14:51:18 - [MESSAGE][PASSED] - Text '856' is set on object 'Object Repository/Pre-Salary/Filters/Drivers Dropdown/driversListDropdownSearchBox'

2019-04-30 14:51:18 - [TEST_STEP][PASSED] - delay(1): Delayed 1 second(s)

2019-04-30 14:51:19 - [MESSAGE][PASSED] - Delayed 1 second(s)

2019-04-30 14:51:19 - [TEST_STEP][PASSED] - click(findTestObject("Pre-Salary/Filters/Drivers Dropdown/driversListDropdownSelectFirstDriver")): Object: 'Object Repository/Pre-Salary/Filters/Drivers Dropdown/driversListDropdownSelectFirstDriver' is clicked on

2019-04-30 14:51:19 - [MESSAGE][PASSED] - Object: 'Object Repository/Pre-Salary/Filters/Drivers Dropdown/driversListDropdownSelectFirstDriver' is clicked on

2019-04-30 14:51:19 - [TEST_STEP][PASSED] - delay(1): Delayed 1 second(s)

2019-04-30 14:51:20 - [MESSAGE][PASSED] - Delayed 1 second(s)

2019-04-30 14:51:20 - [TEST_STEP][PASSED] - click(findTestObject("Pre-Salary/Data Status/importButton")): Object: 'Object Repository/Pre-Salary/Data Status/importButton' is clicked on

2019-04-30 14:51:20 - [MESSAGE][PASSED] - Object: 'Object Repository/Pre-Salary/Data Status/importButton' is clicked on

2019-04-30 14:51:20 - [TEST_STEP][PASSED] - delay(1): Delayed 1 second(s)

2019-04-30 14:51:21 - [MESSAGE][PASSED] - Delayed 1 second(s)

2019-04-30 14:51:21 - [TEST_STEP][PASSED] - try: Object: 'Object Repository/Pre-Salary/Calculation Summary/firstDriverInCalculationSummeryTable' is double clicked on

2019-04-30 14:51:21 - [TEST_STEP][PASSED] - waitForElementPresent(findTestObject("Pre-Salary/Calculation Summary/firstDriverInCalculationSummeryTable"), 20): Object 'Object Repository/Pre-Salary/Calculation Summary/firstDriverInCalculationSummeryTable' is not present after 20 second(s)

2019-04-30 14:51:42 - [MESSAGE][INFO] - Unable to find the element located by 'By.cssSelector: div[id="preSalaryview"] > div:nth-of-type(2) > div:nth-of-type(2) > div:nth-of-type(3) > div:nth-of-type(1) > div:nth-of-type(2)  > div:nth-of-type(1)  > div:nth-of-type(2) > table > tbody > tr:nth-of-type(1)'. Please recheck the objects properties to make sure the desired element is located. 

2019-04-30 14:51:42 - [MESSAGE][WARNING] - Object 'Object Repository/Pre-Salary/Calculation Summary/firstDriverInCalculationSummeryTable' is not present after 20 second(s)

2019-04-30 14:51:42 - [TEST_STEP][PASSED] - doubleClick(findTestObject("Pre-Salary/Calculation Summary/firstDriverInCalculationSummeryTable")): Object: 'Object Repository/Pre-Salary/Calculation Summary/firstDriverInCalculationSummeryTable' is double clicked on

2019-04-30 14:51:49 - [MESSAGE][PASSED] - Object: 'Object Repository/Pre-Salary/Calculation Summary/firstDriverInCalculationSummeryTable' is double clicked on

2019-04-30 14:51:49 - [TEST_STEP][PASSED] - waitForElementPresent(findTestObject("Pre-Salary/Employee Details/driversReportTable"), 20): Object 'Object Repository/Pre-Salary/Employee Details/driversReportTable' is present

2019-04-30 14:51:51 - [MESSAGE][PASSED] - Object 'Object Repository/Pre-Salary/Employee Details/driversReportTable' is present

2019-04-30 14:51:51 - [TEST_STEP][PASSED] - waitForElementPresent(findTestObject("Pre-Salary/Employee Details/driversReportTable"), 20): Object 'Object Repository/Pre-Salary/Employee Details/driversReportTable' is present

2019-04-30 14:51:51 - [MESSAGE][PASSED] - Object 'Object Repository/Pre-Salary/Employee Details/driversReportTable' is present

2019-04-30 14:51:51 - [TEST_STEP][PASSED] - verifyElementPresent(findTestObject("Pre-Salary/Employee Details/driversReportTable"), 2): Object 'Object Repository/Pre-Salary/Employee Details/driversReportTable' is present

2019-04-30 14:51:51 - [MESSAGE][PASSED] - Object 'Object Repository/Pre-Salary/Employee Details/driversReportTable' is present

2019-04-30 14:51:51 - [TEST_STEP][PASSED] - verifyElementPresent(findTestObject("Pre-Salary/Employee Details/driversCodeId_InDriversReportTableHeader"), 2): Object 'Object Repository/Pre-Salary/Employee Details/driversCodeId_InDriversReportTableHeader' is present

2019-04-30 14:51:51 - [MESSAGE][PASSED] - Object 'Object Repository/Pre-Salary/Employee Details/driversCodeId_InDriversReportTableHeader' is present

2019-04-30 14:51:51 - [TEST_STEP][PASSED] - driverCodeFromReport = getText(findTestObject("Pre-Salary/Employee Details/driversCodeId_InDriversReportTableHeader")): Text of object 'Object Repository/Pre-Salary/Employee Details/driversCodeId_InDriversReportTableHeader' is: '856'

2019-04-30 14:51:51 - [MESSAGE][PASSED] - Text of object 'Object Repository/Pre-Salary/Employee Details/driversCodeId_InDriversReportTableHeader' is: '856'

2019-04-30 14:51:51 - [TEST_STEP][PASSED] - if (driverCodeFromReport != driver_Id && !(driverCodeFromReport.contains(driver_Id))): null

2019-04-30 14:51:51 - [TEST_STEP][PASSED] - waitForElementPresent(findTestObject("Pre-Salary/Employee Details/rightSideTable"), 10): Object 'Object Repository/Pre-Salary/Employee Details/rightSideTable' is present

2019-04-30 14:51:51 - [MESSAGE][PASSED] - Object 'Object Repository/Pre-Salary/Employee Details/rightSideTable' is present

2019-04-30 14:51:51 - [TEST_STEP][PASSED] - verifyElementPresent(findTestObject("Pre-Salary/Employee Details/rightSideTable"), 2): Object 'Object Repository/Pre-Salary/Employee Details/rightSideTable' is present

2019-04-30 14:51:51 - [MESSAGE][PASSED] - Object 'Object Repository/Pre-Salary/Employee Details/rightSideTable' is present

2019-04-30 14:51:51 - [TEST_STEP][PASSED] - waitForElementPresent(findTestObject("Pre-Salary/Employee Details/rightSideTableDriversId"), 10): Object 'Object Repository/Pre-Salary/Employee Details/rightSideTableDriversId' is present

2019-04-30 14:51:51 - [MESSAGE][PASSED] - Object 'Object Repository/Pre-Salary/Employee Details/rightSideTableDriversId' is present

2019-04-30 14:51:51 - [TEST_STEP][PASSED] - verifyElementPresent(findTestObject("Pre-Salary/Employee Details/rightSideTableDriversId"), 2): Object 'Object Repository/Pre-Salary/Employee Details/rightSideTableDriversId' is present

2019-04-30 14:51:51 - [MESSAGE][PASSED] - Object 'Object Repository/Pre-Salary/Employee Details/rightSideTableDriversId' is present

2019-04-30 14:51:51 - [TEST_STEP][PASSED] - driversCodeFromRightSideTable = getText(findTestObject("Pre-Salary/Employee Details/rightSideTableDriversId")): Text of object 'Object Repository/Pre-Salary/Employee Details/rightSideTableDriversId' is: '856'

2019-04-30 14:51:51 - [MESSAGE][PASSED] - Text of object 'Object Repository/Pre-Salary/Employee Details/rightSideTableDriversId' is: '856'

2019-04-30 14:51:51 - [TEST_STEP][PASSED] - if (!(driversCodeFromRightSideTable.contains(driver_Id))): null

2019-04-30 14:51:51 - [TEST_STEP][PASSED] - closeBrowser(): Browser is closed

2019-04-30 14:51:52 - [MESSAGE][PASSED] - Browser is closed]]></system-out>
         <system-err><![CDATA[]]></system-err>
      </testcase>
      <testcase name="Test Cases/Pre-Salary/One Driver Calc" classname="Test Cases/Pre-Salary/One Driver Calc" status="PASSED">
         <system-out><![CDATA[2019-04-30 14:51:52 - [TEST_CASE][PASSED] - Test Cases/Pre-Salary/One Driver Calc: Test Cases/Pre-Salary/One Driver Calc

2019-04-30 14:51:52 - [TEST_STEP][PASSED] - login.c_login.logIn(site, userName, userPass): login.c_login.logIn is PASSED

2019-04-30 14:51:52 - [MESSAGE][INFO] - Starting 'Chrome' driver

2019-04-30 14:52:06 - [MESSAGE][PASSED] - Browser is opened with url: 'mayatour.ebstage.y-it.co.il'

2019-04-30 14:52:07 - [MESSAGE][PASSED] - Current window maximized

2019-04-30 14:52:07 - [MESSAGE][PASSED] - Text 'admin' is set on object 'Object Repository/Y-IT Log In/input_ _userName'

2019-04-30 14:52:07 - [MESSAGE][PASSED] - Text ****** has been set on object 'Object Repository/Y-IT Log In/input_ _password'

2019-04-30 14:52:08 - [MESSAGE][PASSED] - Object: 'Object Repository/Y-IT Log In/input_  _submit' is clicked on

2019-04-30 14:52:08 - [MESSAGE][PASSED] - login.c_login.logIn is PASSED

2019-04-30 14:52:08 - [TEST_STEP][PASSED] - date = new java.util.Date(): null

2019-04-30 14:52:08 - [TEST_STEP][PASSED] - cal = Calendar.getInstance(): null

2019-04-30 14:52:08 - [TEST_STEP][PASSED] - cal.setTime(date): null

2019-04-30 14:52:08 - [TEST_STEP][PASSED] - month = cal.get(MONTH) + 1: null

2019-04-30 14:52:08 - [TEST_STEP][PASSED] - year = cal.get(YEAR): null

2019-04-30 14:52:08 - [TEST_STEP][PASSED] - dayStr = "01": null

2019-04-30 14:52:08 - [TEST_STEP][PASSED] - monthStr = "": null

2019-04-30 14:52:08 - [TEST_STEP][PASSED] - yearStr = year.toString(): null

2019-04-30 14:52:08 - [TEST_STEP][PASSED] - if (month < 10): null

2019-04-30 14:52:08 - [TEST_STEP][PASSED] - monthStr = "0" + month.toString(): null

2019-04-30 14:52:08 - [TEST_STEP][PASSED] - fullDate = dayStr + monthStr + yearStr: null

2019-04-30 14:52:08 - [TEST_STEP][PASSED] - delay(1): Delayed 1 second(s)

2019-04-30 14:52:09 - [MESSAGE][PASSED] - Delayed 1 second(s)

2019-04-30 14:52:09 - [TEST_STEP][PASSED] - waitForElementPresent(findTestObject("General/mainEmptyBackground"), 15): Object 'Object Repository/General/mainEmptyBackground' is present

2019-04-30 14:52:11 - [MESSAGE][PASSED] - Object 'Object Repository/General/mainEmptyBackground' is present

2019-04-30 14:52:11 - [TEST_STEP][PASSED] - isPreSalaryTabOpen = waitForElementPresent(findTestObject("Pre-Salary/preSalaryTab"), 5): Object 'Object Repository/Pre-Salary/preSalaryTab' is not present after 5 second(s)

2019-04-30 14:52:16 - [MESSAGE][INFO] - Unable to find the element located by 'By.cssSelector: #preSalaryview'. Please recheck the objects properties to make sure the desired element is located. 

2019-04-30 14:52:16 - [MESSAGE][WARNING] - Object 'Object Repository/Pre-Salary/preSalaryTab' is not present after 5 second(s)

2019-04-30 14:52:16 - [TEST_STEP][PASSED] - if (!(isPreSalaryTabOpen)): Object: 'Object Repository/Nav Bar/Nav Bar Funds/preSalary' is clicked on

2019-04-30 14:52:16 - [TEST_STEP][PASSED] - waitForElementPresent(findTestObject("Nav Bar/funds"), 15): Object 'Object Repository/Nav Bar/funds' is present

2019-04-30 14:52:16 - [MESSAGE][PASSED] - Object 'Object Repository/Nav Bar/funds' is present

2019-04-30 14:52:16 - [TEST_STEP][PASSED] - click(findTestObject("Nav Bar/funds")): Object: 'Object Repository/Nav Bar/funds' is clicked on

2019-04-30 14:52:17 - [MESSAGE][PASSED] - Object: 'Object Repository/Nav Bar/funds' is clicked on

2019-04-30 14:52:17 - [TEST_STEP][PASSED] - delay(1): Delayed 1 second(s)

2019-04-30 14:52:18 - [MESSAGE][PASSED] - Delayed 1 second(s)

2019-04-30 14:52:18 - [TEST_STEP][PASSED] - try: Object: 'Object Repository/Nav Bar/Nav Bar Funds/preSalary' is clicked on

2019-04-30 14:52:18 - [TEST_STEP][PASSED] - waitForElementPresent(findTestObject("Nav Bar/Nav Bar Funds/preSalary"), 2): Object 'Object Repository/Nav Bar/Nav Bar Funds/preSalary' is present

2019-04-30 14:52:18 - [MESSAGE][PASSED] - Object 'Object Repository/Nav Bar/Nav Bar Funds/preSalary' is present

2019-04-30 14:52:18 - [TEST_STEP][PASSED] - click(findTestObject("Nav Bar/Nav Bar Funds/preSalary")): Object: 'Object Repository/Nav Bar/Nav Bar Funds/preSalary' is clicked on

2019-04-30 14:52:18 - [MESSAGE][PASSED] - Object: 'Object Repository/Nav Bar/Nav Bar Funds/preSalary' is clicked on

2019-04-30 14:52:18 - [TEST_STEP][PASSED] - waitForElementNotPresent(findTestObject("General/loadingBar"), 30): Web element with id: 'Object Repository/General/loadingBar' located by 'By.cssSelector: div[class="bar"][style~="width:"]' is not present after '30' second(s)

2019-04-30 14:52:18 - [MESSAGE][PASSED] - Web element with id: 'Object Repository/General/loadingBar' located by 'By.cssSelector: div[class="bar"][style~="width:"]' is not present after '30' second(s)

2019-04-30 14:52:18 - [TEST_STEP][PASSED] - waitForElementNotPresent(findTestObject("Pre-Salary/Filters/Drivers Dropdown/isLoadingDropdown"), 15): Web element with id: 'Object Repository/Pre-Salary/Filters/Drivers Dropdown/isLoadingDropdown' located by 'By.cssSelector: div[id="preSalaryview"] > div:nth-of-type(2) > div:nth-of-type(1) > div:nth-of-type(2) > div:nth-of-type(1) > div:nth-of-type(5) > div:nth-of-type(1) > div:nth-of-type(1) > span:nth-of-type(1) > span:nth-of-type(1) > span:nth-of-type(2) > span:nth-of-type(1)[class="k-icon k-i-arrow-60-down k-i-loading"]' is not present after '15' second(s)

2019-04-30 14:52:18 - [MESSAGE][PASSED] - Web element with id: 'Object Repository/Pre-Salary/Filters/Drivers Dropdown/isLoadingDropdown' located by 'By.cssSelector: div[id="preSalaryview"] > div:nth-of-type(2) > div:nth-of-type(1) > div:nth-of-type(2) > div:nth-of-type(1) > div:nth-of-type(5) > div:nth-of-type(1) > div:nth-of-type(1) > span:nth-of-type(1) > span:nth-of-type(1) > span:nth-of-type(2) > span:nth-of-type(1)[class="k-icon k-i-arrow-60-down k-i-loading"]' is not present after '15' second(s)

2019-04-30 14:52:18 - [TEST_STEP][PASSED] - waitForElementPresent(findTestObject("Pre-Salary/Filters/Date Picker Start/datePickerInputField"), 15): Object 'Object Repository/Pre-Salary/Filters/Date Picker Start/datePickerInputField' is present

2019-04-30 14:52:18 - [MESSAGE][PASSED] - Object 'Object Repository/Pre-Salary/Filters/Date Picker Start/datePickerInputField' is present

2019-04-30 14:52:18 - [TEST_STEP][PASSED] - delay(5): Delayed 5 second(s)

2019-04-30 14:52:23 - [MESSAGE][PASSED] - Delayed 5 second(s)

2019-04-30 14:52:23 - [TEST_STEP][PASSED] - click(findTestObject("Pre-Salary/Filters/Date Picker Start/datePickerInputField")): Object: 'Object Repository/Pre-Salary/Filters/Date Picker Start/datePickerInputField' is clicked on

2019-04-30 14:52:24 - [MESSAGE][PASSED] - Object: 'Object Repository/Pre-Salary/Filters/Date Picker Start/datePickerInputField' is clicked on

2019-04-30 14:52:24 - [TEST_STEP][PASSED] - delay(1): Delayed 1 second(s)

2019-04-30 14:52:25 - [MESSAGE][PASSED] - Delayed 1 second(s)

2019-04-30 14:52:25 - [TEST_STEP][PASSED] - setText(findTestObject("Pre-Salary/Filters/Date Picker Start/datePickerInputField"), ""): Text '' is set on object 'Object Repository/Pre-Salary/Filters/Date Picker Start/datePickerInputField'

2019-04-30 14:52:25 - [MESSAGE][PASSED] - Text '' is set on object 'Object Repository/Pre-Salary/Filters/Date Picker Start/datePickerInputField'

2019-04-30 14:52:25 - [TEST_STEP][PASSED] - delay(1): Delayed 1 second(s)

2019-04-30 14:52:26 - [MESSAGE][PASSED] - Delayed 1 second(s)

2019-04-30 14:52:26 - [TEST_STEP][PASSED] - setText(findTestObject("Pre-Salary/Filters/Date Picker Start/datePickerInputField"), fullDate): Text '01042019' is set on object 'Object Repository/Pre-Salary/Filters/Date Picker Start/datePickerInputField'

2019-04-30 14:52:26 - [MESSAGE][PASSED] - Text '01042019' is set on object 'Object Repository/Pre-Salary/Filters/Date Picker Start/datePickerInputField'

2019-04-30 14:52:26 - [TEST_STEP][PASSED] - waitForElementPresent(findTestObject("Pre-Salary/Filters/Date Picker Start/datePickerInputField"), 15): Object 'Object Repository/Pre-Salary/Filters/Date Picker Start/datePickerInputField' is present

2019-04-30 14:52:26 - [MESSAGE][PASSED] - Object 'Object Repository/Pre-Salary/Filters/Date Picker Start/datePickerInputField' is present

2019-04-30 14:52:26 - [TEST_STEP][PASSED] - waitForElementNotPresent(findTestObject("Pre-Salary/Filters/Drivers Dropdown/isLoadingDropdown"), 15): Web element with id: 'Object Repository/Pre-Salary/Filters/Drivers Dropdown/isLoadingDropdown' located by 'By.cssSelector: div[id="preSalaryview"] > div:nth-of-type(2) > div:nth-of-type(1) > div:nth-of-type(2) > div:nth-of-type(1) > div:nth-of-type(5) > div:nth-of-type(1) > div:nth-of-type(1) > span:nth-of-type(1) > span:nth-of-type(1) > span:nth-of-type(2) > span:nth-of-type(1)[class="k-icon k-i-arrow-60-down k-i-loading"]' is not present after '15' second(s)

2019-04-30 14:52:26 - [MESSAGE][PASSED] - Web element with id: 'Object Repository/Pre-Salary/Filters/Drivers Dropdown/isLoadingDropdown' located by 'By.cssSelector: div[id="preSalaryview"] > div:nth-of-type(2) > div:nth-of-type(1) > div:nth-of-type(2) > div:nth-of-type(1) > div:nth-of-type(5) > div:nth-of-type(1) > div:nth-of-type(1) > span:nth-of-type(1) > span:nth-of-type(1) > span:nth-of-type(2) > span:nth-of-type(1)[class="k-icon k-i-arrow-60-down k-i-loading"]' is not present after '15' second(s)

2019-04-30 14:52:26 - [TEST_STEP][PASSED] - delay(1): Delayed 1 second(s)

2019-04-30 14:52:27 - [MESSAGE][PASSED] - Delayed 1 second(s)

2019-04-30 14:52:27 - [TEST_STEP][PASSED] - try: Object: 'Object Repository/Pre-Salary/Filters/Drivers Dropdown/driversListDropdownOpen' is clicked on

2019-04-30 14:52:27 - [TEST_STEP][PASSED] - click(findTestObject("Pre-Salary/Filters/Drivers Dropdown/driversListDropdownOpen")): Object: 'Object Repository/Pre-Salary/Filters/Drivers Dropdown/driversListDropdownOpen' is clicked on

2019-04-30 14:52:27 - [MESSAGE][PASSED] - Object: 'Object Repository/Pre-Salary/Filters/Drivers Dropdown/driversListDropdownOpen' is clicked on

2019-04-30 14:52:27 - [TEST_STEP][PASSED] - delay(1): Delayed 1 second(s)

2019-04-30 14:52:28 - [MESSAGE][PASSED] - Delayed 1 second(s)

2019-04-30 14:52:28 - [TEST_STEP][PASSED] - try: Text '3391' is set on object 'Object Repository/Pre-Salary/Filters/Drivers Dropdown/driversListDropdownSearchBox'

2019-04-30 14:52:28 - [TEST_STEP][PASSED] - setText(findTestObject("Pre-Salary/Filters/Drivers Dropdown/driversListDropdownSearchBox"), driver_Id): Text '3391' is set on object 'Object Repository/Pre-Salary/Filters/Drivers Dropdown/driversListDropdownSearchBox'

2019-04-30 14:52:28 - [MESSAGE][PASSED] - Text '3391' is set on object 'Object Repository/Pre-Salary/Filters/Drivers Dropdown/driversListDropdownSearchBox'

2019-04-30 14:52:28 - [TEST_STEP][PASSED] - delay(1): Delayed 1 second(s)

2019-04-30 14:52:29 - [MESSAGE][PASSED] - Delayed 1 second(s)

2019-04-30 14:52:29 - [TEST_STEP][PASSED] - click(findTestObject("Pre-Salary/Filters/Drivers Dropdown/driversListDropdownSelectFirstDriver")): Object: 'Object Repository/Pre-Salary/Filters/Drivers Dropdown/driversListDropdownSelectFirstDriver' is clicked on

2019-04-30 14:52:30 - [MESSAGE][PASSED] - Object: 'Object Repository/Pre-Salary/Filters/Drivers Dropdown/driversListDropdownSelectFirstDriver' is clicked on

2019-04-30 14:52:30 - [TEST_STEP][PASSED] - delay(1): Delayed 1 second(s)

2019-04-30 14:52:31 - [MESSAGE][PASSED] - Delayed 1 second(s)

2019-04-30 14:52:31 - [TEST_STEP][PASSED] - click(findTestObject("Pre-Salary/Data Status/importButton")): Object: 'Object Repository/Pre-Salary/Data Status/importButton' is clicked on

2019-04-30 14:52:31 - [MESSAGE][PASSED] - Object: 'Object Repository/Pre-Salary/Data Status/importButton' is clicked on

2019-04-30 14:52:31 - [TEST_STEP][PASSED] - delay(1): Delayed 1 second(s)

2019-04-30 14:52:32 - [MESSAGE][PASSED] - Delayed 1 second(s)

2019-04-30 14:52:32 - [TEST_STEP][PASSED] - try: Object: 'Object Repository/Pre-Salary/Calculation Summary/firstDriverInCalculationSummeryTable' is double clicked on

2019-04-30 14:52:32 - [TEST_STEP][PASSED] - waitForElementPresent(findTestObject("Pre-Salary/Calculation Summary/firstDriverInCalculationSummeryTable"), 20): Object 'Object Repository/Pre-Salary/Calculation Summary/firstDriverInCalculationSummeryTable' is present

2019-04-30 14:52:50 - [MESSAGE][PASSED] - Object 'Object Repository/Pre-Salary/Calculation Summary/firstDriverInCalculationSummeryTable' is present

2019-04-30 14:52:50 - [TEST_STEP][PASSED] - doubleClick(findTestObject("Pre-Salary/Calculation Summary/firstDriverInCalculationSummeryTable")): Object: 'Object Repository/Pre-Salary/Calculation Summary/firstDriverInCalculationSummeryTable' is double clicked on

2019-04-30 14:52:50 - [MESSAGE][PASSED] - Object: 'Object Repository/Pre-Salary/Calculation Summary/firstDriverInCalculationSummeryTable' is double clicked on

2019-04-30 14:52:50 - [TEST_STEP][PASSED] - waitForElementPresent(findTestObject("Pre-Salary/Employee Details/driversReportTable"), 20): Object 'Object Repository/Pre-Salary/Employee Details/driversReportTable' is present

2019-04-30 14:52:52 - [MESSAGE][PASSED] - Object 'Object Repository/Pre-Salary/Employee Details/driversReportTable' is present

2019-04-30 14:52:52 - [TEST_STEP][PASSED] - waitForElementPresent(findTestObject("Pre-Salary/Employee Details/driversReportTable"), 20): Object 'Object Repository/Pre-Salary/Employee Details/driversReportTable' is present

2019-04-30 14:52:52 - [MESSAGE][PASSED] - Object 'Object Repository/Pre-Salary/Employee Details/driversReportTable' is present

2019-04-30 14:52:52 - [TEST_STEP][PASSED] - verifyElementPresent(findTestObject("Pre-Salary/Employee Details/driversReportTable"), 2): Object 'Object Repository/Pre-Salary/Employee Details/driversReportTable' is present

2019-04-30 14:52:52 - [MESSAGE][PASSED] - Object 'Object Repository/Pre-Salary/Employee Details/driversReportTable' is present

2019-04-30 14:52:52 - [TEST_STEP][PASSED] - verifyElementPresent(findTestObject("Pre-Salary/Employee Details/driversCodeId_InDriversReportTableHeader"), 2): Object 'Object Repository/Pre-Salary/Employee Details/driversCodeId_InDriversReportTableHeader' is present

2019-04-30 14:52:52 - [MESSAGE][PASSED] - Object 'Object Repository/Pre-Salary/Employee Details/driversCodeId_InDriversReportTableHeader' is present

2019-04-30 14:52:52 - [TEST_STEP][PASSED] - driverCodeFromReport = getText(findTestObject("Pre-Salary/Employee Details/driversCodeId_InDriversReportTableHeader")): Text of object 'Object Repository/Pre-Salary/Employee Details/driversCodeId_InDriversReportTableHeader' is: '3391, 023539414'

2019-04-30 14:52:52 - [MESSAGE][PASSED] - Text of object 'Object Repository/Pre-Salary/Employee Details/driversCodeId_InDriversReportTableHeader' is: '3391, 023539414'

2019-04-30 14:52:52 - [TEST_STEP][PASSED] - if (driverCodeFromReport != driver_Id && !(driverCodeFromReport.contains(driver_Id))): null

2019-04-30 14:52:52 - [TEST_STEP][PASSED] - waitForElementPresent(findTestObject("Pre-Salary/Employee Details/rightSideTable"), 10): Object 'Object Repository/Pre-Salary/Employee Details/rightSideTable' is present

2019-04-30 14:52:52 - [MESSAGE][PASSED] - Object 'Object Repository/Pre-Salary/Employee Details/rightSideTable' is present

2019-04-30 14:52:52 - [TEST_STEP][PASSED] - verifyElementPresent(findTestObject("Pre-Salary/Employee Details/rightSideTable"), 2): Object 'Object Repository/Pre-Salary/Employee Details/rightSideTable' is present

2019-04-30 14:52:52 - [MESSAGE][PASSED] - Object 'Object Repository/Pre-Salary/Employee Details/rightSideTable' is present

2019-04-30 14:52:52 - [TEST_STEP][PASSED] - waitForElementPresent(findTestObject("Pre-Salary/Employee Details/rightSideTableDriversId"), 10): Object 'Object Repository/Pre-Salary/Employee Details/rightSideTableDriversId' is present

2019-04-30 14:52:53 - [MESSAGE][PASSED] - Object 'Object Repository/Pre-Salary/Employee Details/rightSideTableDriversId' is present

2019-04-30 14:52:53 - [TEST_STEP][PASSED] - verifyElementPresent(findTestObject("Pre-Salary/Employee Details/rightSideTableDriversId"), 2): Object 'Object Repository/Pre-Salary/Employee Details/rightSideTableDriversId' is present

2019-04-30 14:52:53 - [MESSAGE][PASSED] - Object 'Object Repository/Pre-Salary/Employee Details/rightSideTableDriversId' is present

2019-04-30 14:52:53 - [TEST_STEP][PASSED] - driversCodeFromRightSideTable = getText(findTestObject("Pre-Salary/Employee Details/rightSideTableDriversId")): Text of object 'Object Repository/Pre-Salary/Employee Details/rightSideTableDriversId' is: '3391'

2019-04-30 14:52:53 - [MESSAGE][PASSED] - Text of object 'Object Repository/Pre-Salary/Employee Details/rightSideTableDriversId' is: '3391'

2019-04-30 14:52:53 - [TEST_STEP][PASSED] - if (!(driversCodeFromRightSideTable.contains(driver_Id))): null

2019-04-30 14:52:53 - [TEST_STEP][PASSED] - closeBrowser(): Browser is closed

2019-04-30 14:52:54 - [MESSAGE][PASSED] - Browser is closed]]></system-out>
         <system-err><![CDATA[]]></system-err>
      </testcase>
      <testcase name="Test Cases/Pre-Salary/One Driver Calc" classname="Test Cases/Pre-Salary/One Driver Calc" status="PASSED">
         <system-out><![CDATA[2019-04-30 14:52:54 - [TEST_CASE][PASSED] - Test Cases/Pre-Salary/One Driver Calc: Test Cases/Pre-Salary/One Driver Calc

2019-04-30 14:52:54 - [TEST_STEP][PASSED] - login.c_login.logIn(site, userName, userPass): login.c_login.logIn is PASSED

2019-04-30 14:52:54 - [MESSAGE][INFO] - Starting 'Chrome' driver

2019-04-30 14:53:12 - [MESSAGE][PASSED] - Browser is opened with url: 'eggedtaavura.ebstage.y-it.co.il'

2019-04-30 14:53:13 - [MESSAGE][PASSED] - Current window maximized

2019-04-30 14:53:13 - [MESSAGE][PASSED] - Text 'admin' is set on object 'Object Repository/Y-IT Log In/input_ _userName'

2019-04-30 14:53:14 - [MESSAGE][PASSED] - Text ****** has been set on object 'Object Repository/Y-IT Log In/input_ _password'

2019-04-30 14:53:14 - [MESSAGE][PASSED] - Object: 'Object Repository/Y-IT Log In/input_  _submit' is clicked on

2019-04-30 14:53:14 - [MESSAGE][PASSED] - login.c_login.logIn is PASSED

2019-04-30 14:53:14 - [TEST_STEP][PASSED] - date = new java.util.Date(): null

2019-04-30 14:53:14 - [TEST_STEP][PASSED] - cal = Calendar.getInstance(): null

2019-04-30 14:53:14 - [TEST_STEP][PASSED] - cal.setTime(date): null

2019-04-30 14:53:14 - [TEST_STEP][PASSED] - month = cal.get(MONTH) + 1: null

2019-04-30 14:53:14 - [TEST_STEP][PASSED] - year = cal.get(YEAR): null

2019-04-30 14:53:14 - [TEST_STEP][PASSED] - dayStr = "01": null

2019-04-30 14:53:14 - [TEST_STEP][PASSED] - monthStr = "": null

2019-04-30 14:53:14 - [TEST_STEP][PASSED] - yearStr = year.toString(): null

2019-04-30 14:53:14 - [TEST_STEP][PASSED] - if (month < 10): null

2019-04-30 14:53:14 - [TEST_STEP][PASSED] - monthStr = "0" + month.toString(): null

2019-04-30 14:53:14 - [TEST_STEP][PASSED] - fullDate = dayStr + monthStr + yearStr: null

2019-04-30 14:53:14 - [TEST_STEP][PASSED] - delay(1): Delayed 1 second(s)

2019-04-30 14:53:15 - [MESSAGE][PASSED] - Delayed 1 second(s)

2019-04-30 14:53:15 - [TEST_STEP][PASSED] - waitForElementPresent(findTestObject("General/mainEmptyBackground"), 15): Object 'Object Repository/General/mainEmptyBackground' is present

2019-04-30 14:53:16 - [MESSAGE][PASSED] - Object 'Object Repository/General/mainEmptyBackground' is present

2019-04-30 14:53:16 - [TEST_STEP][PASSED] - isPreSalaryTabOpen = waitForElementPresent(findTestObject("Pre-Salary/preSalaryTab"), 5): Object 'Object Repository/Pre-Salary/preSalaryTab' is present

2019-04-30 14:53:16 - [MESSAGE][PASSED] - Object 'Object Repository/Pre-Salary/preSalaryTab' is present

2019-04-30 14:53:16 - [TEST_STEP][PASSED] - if (!(isPreSalaryTabOpen)): null

2019-04-30 14:53:16 - [TEST_STEP][PASSED] - waitForElementNotPresent(findTestObject("General/loadingBar"), 30): Web element with id: 'Object Repository/General/loadingBar' located by 'By.cssSelector: div[class="bar"][style~="width:"]' is not present after '30' second(s)

2019-04-30 14:53:24 - [MESSAGE][PASSED] - Web element with id: 'Object Repository/General/loadingBar' located by 'By.cssSelector: div[class="bar"][style~="width:"]' is not present after '30' second(s)

2019-04-30 14:53:24 - [TEST_STEP][PASSED] - waitForElementNotPresent(findTestObject("Pre-Salary/Filters/Drivers Dropdown/isLoadingDropdown"), 15): Web element with id: 'Object Repository/Pre-Salary/Filters/Drivers Dropdown/isLoadingDropdown' located by 'By.cssSelector: div[id="preSalaryview"] > div:nth-of-type(2) > div:nth-of-type(1) > div:nth-of-type(2) > div:nth-of-type(1) > div:nth-of-type(5) > div:nth-of-type(1) > div:nth-of-type(1) > span:nth-of-type(1) > span:nth-of-type(1) > span:nth-of-type(2) > span:nth-of-type(1)[class="k-icon k-i-arrow-60-down k-i-loading"]' is not present after '15' second(s)

2019-04-30 14:53:24 - [MESSAGE][PASSED] - Web element with id: 'Object Repository/Pre-Salary/Filters/Drivers Dropdown/isLoadingDropdown' located by 'By.cssSelector: div[id="preSalaryview"] > div:nth-of-type(2) > div:nth-of-type(1) > div:nth-of-type(2) > div:nth-of-type(1) > div:nth-of-type(5) > div:nth-of-type(1) > div:nth-of-type(1) > span:nth-of-type(1) > span:nth-of-type(1) > span:nth-of-type(2) > span:nth-of-type(1)[class="k-icon k-i-arrow-60-down k-i-loading"]' is not present after '15' second(s)

2019-04-30 14:53:24 - [TEST_STEP][PASSED] - waitForElementPresent(findTestObject("Pre-Salary/Filters/Date Picker Start/datePickerInputField"), 15): Object 'Object Repository/Pre-Salary/Filters/Date Picker Start/datePickerInputField' is present

2019-04-30 14:53:24 - [MESSAGE][PASSED] - Object 'Object Repository/Pre-Salary/Filters/Date Picker Start/datePickerInputField' is present

2019-04-30 14:53:24 - [TEST_STEP][PASSED] - delay(5): Delayed 5 second(s)

2019-04-30 14:53:29 - [MESSAGE][PASSED] - Delayed 5 second(s)

2019-04-30 14:53:29 - [TEST_STEP][PASSED] - click(findTestObject("Pre-Salary/Filters/Date Picker Start/datePickerInputField")): Object: 'Object Repository/Pre-Salary/Filters/Date Picker Start/datePickerInputField' is clicked on

2019-04-30 14:53:29 - [MESSAGE][PASSED] - Object: 'Object Repository/Pre-Salary/Filters/Date Picker Start/datePickerInputField' is clicked on

2019-04-30 14:53:29 - [TEST_STEP][PASSED] - delay(1): Delayed 1 second(s)

2019-04-30 14:53:30 - [MESSAGE][PASSED] - Delayed 1 second(s)

2019-04-30 14:53:30 - [TEST_STEP][PASSED] - setText(findTestObject("Pre-Salary/Filters/Date Picker Start/datePickerInputField"), ""): Text '' is set on object 'Object Repository/Pre-Salary/Filters/Date Picker Start/datePickerInputField'

2019-04-30 14:53:30 - [MESSAGE][PASSED] - Text '' is set on object 'Object Repository/Pre-Salary/Filters/Date Picker Start/datePickerInputField'

2019-04-30 14:53:30 - [TEST_STEP][PASSED] - delay(1): Delayed 1 second(s)

2019-04-30 14:53:31 - [MESSAGE][PASSED] - Delayed 1 second(s)

2019-04-30 14:53:31 - [TEST_STEP][PASSED] - setText(findTestObject("Pre-Salary/Filters/Date Picker Start/datePickerInputField"), fullDate): Text '01042019' is set on object 'Object Repository/Pre-Salary/Filters/Date Picker Start/datePickerInputField'

2019-04-30 14:53:31 - [MESSAGE][PASSED] - Text '01042019' is set on object 'Object Repository/Pre-Salary/Filters/Date Picker Start/datePickerInputField'

2019-04-30 14:53:31 - [TEST_STEP][PASSED] - waitForElementPresent(findTestObject("Pre-Salary/Filters/Date Picker Start/datePickerInputField"), 15): Object 'Object Repository/Pre-Salary/Filters/Date Picker Start/datePickerInputField' is present

2019-04-30 14:53:31 - [MESSAGE][PASSED] - Object 'Object Repository/Pre-Salary/Filters/Date Picker Start/datePickerInputField' is present

2019-04-30 14:53:31 - [TEST_STEP][PASSED] - waitForElementNotPresent(findTestObject("Pre-Salary/Filters/Drivers Dropdown/isLoadingDropdown"), 15): Web element with id: 'Object Repository/Pre-Salary/Filters/Drivers Dropdown/isLoadingDropdown' located by 'By.cssSelector: div[id="preSalaryview"] > div:nth-of-type(2) > div:nth-of-type(1) > div:nth-of-type(2) > div:nth-of-type(1) > div:nth-of-type(5) > div:nth-of-type(1) > div:nth-of-type(1) > span:nth-of-type(1) > span:nth-of-type(1) > span:nth-of-type(2) > span:nth-of-type(1)[class="k-icon k-i-arrow-60-down k-i-loading"]' is not present after '15' second(s)

2019-04-30 14:53:31 - [MESSAGE][PASSED] - Web element with id: 'Object Repository/Pre-Salary/Filters/Drivers Dropdown/isLoadingDropdown' located by 'By.cssSelector: div[id="preSalaryview"] > div:nth-of-type(2) > div:nth-of-type(1) > div:nth-of-type(2) > div:nth-of-type(1) > div:nth-of-type(5) > div:nth-of-type(1) > div:nth-of-type(1) > span:nth-of-type(1) > span:nth-of-type(1) > span:nth-of-type(2) > span:nth-of-type(1)[class="k-icon k-i-arrow-60-down k-i-loading"]' is not present after '15' second(s)

2019-04-30 14:53:31 - [TEST_STEP][PASSED] - delay(1): Delayed 1 second(s)

2019-04-30 14:53:32 - [MESSAGE][PASSED] - Delayed 1 second(s)

2019-04-30 14:53:32 - [TEST_STEP][PASSED] - try: Object: 'Object Repository/Pre-Salary/Filters/Drivers Dropdown/driversListDropdownOpen' is clicked on

2019-04-30 14:53:32 - [TEST_STEP][PASSED] - click(findTestObject("Pre-Salary/Filters/Drivers Dropdown/driversListDropdownOpen")): Object: 'Object Repository/Pre-Salary/Filters/Drivers Dropdown/driversListDropdownOpen' is clicked on

2019-04-30 14:53:33 - [MESSAGE][PASSED] - Object: 'Object Repository/Pre-Salary/Filters/Drivers Dropdown/driversListDropdownOpen' is clicked on

2019-04-30 14:53:33 - [TEST_STEP][PASSED] - delay(1): Delayed 1 second(s)

2019-04-30 14:53:34 - [MESSAGE][PASSED] - Delayed 1 second(s)

2019-04-30 14:53:34 - [TEST_STEP][PASSED] - try: Text '438' is set on object 'Object Repository/Pre-Salary/Filters/Drivers Dropdown/driversListDropdownSearchBox'

2019-04-30 14:53:34 - [TEST_STEP][PASSED] - setText(findTestObject("Pre-Salary/Filters/Drivers Dropdown/driversListDropdownSearchBox"), driver_Id): Text '438' is set on object 'Object Repository/Pre-Salary/Filters/Drivers Dropdown/driversListDropdownSearchBox'

2019-04-30 14:53:34 - [MESSAGE][PASSED] - Text '438' is set on object 'Object Repository/Pre-Salary/Filters/Drivers Dropdown/driversListDropdownSearchBox'

2019-04-30 14:53:34 - [TEST_STEP][PASSED] - delay(1): Delayed 1 second(s)

2019-04-30 14:53:35 - [MESSAGE][PASSED] - Delayed 1 second(s)

2019-04-30 14:53:35 - [TEST_STEP][PASSED] - click(findTestObject("Pre-Salary/Filters/Drivers Dropdown/driversListDropdownSelectFirstDriver")): Object: 'Object Repository/Pre-Salary/Filters/Drivers Dropdown/driversListDropdownSelectFirstDriver' is clicked on

2019-04-30 14:53:35 - [MESSAGE][PASSED] - Object: 'Object Repository/Pre-Salary/Filters/Drivers Dropdown/driversListDropdownSelectFirstDriver' is clicked on

2019-04-30 14:53:35 - [TEST_STEP][PASSED] - delay(1): Delayed 1 second(s)

2019-04-30 14:53:36 - [MESSAGE][PASSED] - Delayed 1 second(s)

2019-04-30 14:53:36 - [TEST_STEP][PASSED] - click(findTestObject("Pre-Salary/Data Status/importButton")): Object: 'Object Repository/Pre-Salary/Data Status/importButton' is clicked on

2019-04-30 14:53:36 - [MESSAGE][PASSED] - Object: 'Object Repository/Pre-Salary/Data Status/importButton' is clicked on

2019-04-30 14:53:36 - [TEST_STEP][PASSED] - delay(1): Delayed 1 second(s)

2019-04-30 14:53:37 - [MESSAGE][PASSED] - Delayed 1 second(s)

2019-04-30 14:53:37 - [TEST_STEP][PASSED] - try: Object: 'Object Repository/Pre-Salary/Calculation Summary/firstDriverInCalculationSummeryTable' is double clicked on

2019-04-30 14:53:37 - [TEST_STEP][PASSED] - waitForElementPresent(findTestObject("Pre-Salary/Calculation Summary/firstDriverInCalculationSummeryTable"), 20): Object 'Object Repository/Pre-Salary/Calculation Summary/firstDriverInCalculationSummeryTable' is not present after 20 second(s)

2019-04-30 14:53:58 - [MESSAGE][INFO] - Unable to find the element located by 'By.cssSelector: div[id="preSalaryview"] > div:nth-of-type(2) > div:nth-of-type(2) > div:nth-of-type(3) > div:nth-of-type(1) > div:nth-of-type(2)  > div:nth-of-type(1)  > div:nth-of-type(2) > table > tbody > tr:nth-of-type(1)'. Please recheck the objects properties to make sure the desired element is located. 

2019-04-30 14:53:58 - [MESSAGE][WARNING] - Object 'Object Repository/Pre-Salary/Calculation Summary/firstDriverInCalculationSummeryTable' is not present after 20 second(s)

2019-04-30 14:53:58 - [TEST_STEP][PASSED] - doubleClick(findTestObject("Pre-Salary/Calculation Summary/firstDriverInCalculationSummeryTable")): Object: 'Object Repository/Pre-Salary/Calculation Summary/firstDriverInCalculationSummeryTable' is double clicked on

2019-04-30 14:54:03 - [MESSAGE][PASSED] - Object: 'Object Repository/Pre-Salary/Calculation Summary/firstDriverInCalculationSummeryTable' is double clicked on

2019-04-30 14:54:03 - [TEST_STEP][PASSED] - waitForElementPresent(findTestObject("Pre-Salary/Employee Details/driversReportTable"), 20): Object 'Object Repository/Pre-Salary/Employee Details/driversReportTable' is present

2019-04-30 14:54:05 - [MESSAGE][PASSED] - Object 'Object Repository/Pre-Salary/Employee Details/driversReportTable' is present

2019-04-30 14:54:05 - [TEST_STEP][PASSED] - waitForElementPresent(findTestObject("Pre-Salary/Employee Details/driversReportTable"), 20): Object 'Object Repository/Pre-Salary/Employee Details/driversReportTable' is present

2019-04-30 14:54:05 - [MESSAGE][PASSED] - Object 'Object Repository/Pre-Salary/Employee Details/driversReportTable' is present

2019-04-30 14:54:05 - [TEST_STEP][PASSED] - verifyElementPresent(findTestObject("Pre-Salary/Employee Details/driversReportTable"), 2): Object 'Object Repository/Pre-Salary/Employee Details/driversReportTable' is present

2019-04-30 14:54:05 - [MESSAGE][PASSED] - Object 'Object Repository/Pre-Salary/Employee Details/driversReportTable' is present

2019-04-30 14:54:05 - [TEST_STEP][PASSED] - verifyElementPresent(findTestObject("Pre-Salary/Employee Details/driversCodeId_InDriversReportTableHeader"), 2): Object 'Object Repository/Pre-Salary/Employee Details/driversCodeId_InDriversReportTableHeader' is present

2019-04-30 14:54:05 - [MESSAGE][PASSED] - Object 'Object Repository/Pre-Salary/Employee Details/driversCodeId_InDriversReportTableHeader' is present

2019-04-30 14:54:05 - [TEST_STEP][PASSED] - driverCodeFromReport = getText(findTestObject("Pre-Salary/Employee Details/driversCodeId_InDriversReportTableHeader")): Text of object 'Object Repository/Pre-Salary/Employee Details/driversCodeId_InDriversReportTableHeader' is: '438'

2019-04-30 14:54:06 - [MESSAGE][PASSED] - Text of object 'Object Repository/Pre-Salary/Employee Details/driversCodeId_InDriversReportTableHeader' is: '438'

2019-04-30 14:54:06 - [TEST_STEP][PASSED] - if (driverCodeFromReport != driver_Id && !(driverCodeFromReport.contains(driver_Id))): null

2019-04-30 14:54:06 - [TEST_STEP][PASSED] - waitForElementPresent(findTestObject("Pre-Salary/Employee Details/rightSideTable"), 10): Object 'Object Repository/Pre-Salary/Employee Details/rightSideTable' is present

2019-04-30 14:54:06 - [MESSAGE][PASSED] - Object 'Object Repository/Pre-Salary/Employee Details/rightSideTable' is present

2019-04-30 14:54:06 - [TEST_STEP][PASSED] - verifyElementPresent(findTestObject("Pre-Salary/Employee Details/rightSideTable"), 2): Object 'Object Repository/Pre-Salary/Employee Details/rightSideTable' is present

2019-04-30 14:54:06 - [MESSAGE][PASSED] - Object 'Object Repository/Pre-Salary/Employee Details/rightSideTable' is present

2019-04-30 14:54:06 - [TEST_STEP][PASSED] - waitForElementPresent(findTestObject("Pre-Salary/Employee Details/rightSideTableDriversId"), 10): Object 'Object Repository/Pre-Salary/Employee Details/rightSideTableDriversId' is present

2019-04-30 14:54:06 - [MESSAGE][PASSED] - Object 'Object Repository/Pre-Salary/Employee Details/rightSideTableDriversId' is present

2019-04-30 14:54:06 - [TEST_STEP][PASSED] - verifyElementPresent(findTestObject("Pre-Salary/Employee Details/rightSideTableDriversId"), 2): Object 'Object Repository/Pre-Salary/Employee Details/rightSideTableDriversId' is present

2019-04-30 14:54:06 - [MESSAGE][PASSED] - Object 'Object Repository/Pre-Salary/Employee Details/rightSideTableDriversId' is present

2019-04-30 14:54:06 - [TEST_STEP][PASSED] - driversCodeFromRightSideTable = getText(findTestObject("Pre-Salary/Employee Details/rightSideTableDriversId")): Text of object 'Object Repository/Pre-Salary/Employee Details/rightSideTableDriversId' is: '438'

2019-04-30 14:54:06 - [MESSAGE][PASSED] - Text of object 'Object Repository/Pre-Salary/Employee Details/rightSideTableDriversId' is: '438'

2019-04-30 14:54:06 - [TEST_STEP][PASSED] - if (!(driversCodeFromRightSideTable.contains(driver_Id))): null

2019-04-30 14:54:06 - [TEST_STEP][PASSED] - closeBrowser(): Browser is closed

2019-04-30 14:54:06 - [MESSAGE][PASSED] - Browser is closed]]></system-out>
         <system-err><![CDATA[]]></system-err>
      </testcase>
      <testcase name="Test Cases/Pre-Salary/One Driver Calc" classname="Test Cases/Pre-Salary/One Driver Calc" status="PASSED">
         <system-out><![CDATA[2019-04-30 14:54:06 - [TEST_CASE][PASSED] - Test Cases/Pre-Salary/One Driver Calc: Test Cases/Pre-Salary/One Driver Calc

2019-04-30 14:54:06 - [TEST_STEP][PASSED] - login.c_login.logIn(site, userName, userPass): login.c_login.logIn is PASSED

2019-04-30 14:54:06 - [MESSAGE][INFO] - Starting 'Chrome' driver

2019-04-30 14:54:27 - [MESSAGE][PASSED] - Browser is opened with url: 'danbr7.ebstage.y-it.co.il'

2019-04-30 14:54:28 - [MESSAGE][PASSED] - Current window maximized

2019-04-30 14:54:28 - [MESSAGE][PASSED] - Text 'shelly' is set on object 'Object Repository/Y-IT Log In/input_ _userName'

2019-04-30 14:54:28 - [MESSAGE][PASSED] - Text ****** has been set on object 'Object Repository/Y-IT Log In/input_ _password'

2019-04-30 14:54:28 - [MESSAGE][PASSED] - Object: 'Object Repository/Y-IT Log In/input_  _submit' is clicked on

2019-04-30 14:54:28 - [MESSAGE][PASSED] - login.c_login.logIn is PASSED

2019-04-30 14:54:28 - [TEST_STEP][PASSED] - date = new java.util.Date(): null

2019-04-30 14:54:28 - [TEST_STEP][PASSED] - cal = Calendar.getInstance(): null

2019-04-30 14:54:28 - [TEST_STEP][PASSED] - cal.setTime(date): null

2019-04-30 14:54:28 - [TEST_STEP][PASSED] - month = cal.get(MONTH) + 1: null

2019-04-30 14:54:28 - [TEST_STEP][PASSED] - year = cal.get(YEAR): null

2019-04-30 14:54:28 - [TEST_STEP][PASSED] - dayStr = "01": null

2019-04-30 14:54:28 - [TEST_STEP][PASSED] - monthStr = "": null

2019-04-30 14:54:28 - [TEST_STEP][PASSED] - yearStr = year.toString(): null

2019-04-30 14:54:28 - [TEST_STEP][PASSED] - if (month < 10): null

2019-04-30 14:54:28 - [TEST_STEP][PASSED] - monthStr = "0" + month.toString(): null

2019-04-30 14:54:28 - [TEST_STEP][PASSED] - fullDate = dayStr + monthStr + yearStr: null

2019-04-30 14:54:28 - [TEST_STEP][PASSED] - delay(1): Delayed 1 second(s)

2019-04-30 14:54:29 - [MESSAGE][PASSED] - Delayed 1 second(s)

2019-04-30 14:54:29 - [TEST_STEP][PASSED] - waitForElementPresent(findTestObject("General/mainEmptyBackground"), 15): Object 'Object Repository/General/mainEmptyBackground' is present

2019-04-30 14:54:31 - [MESSAGE][PASSED] - Object 'Object Repository/General/mainEmptyBackground' is present

2019-04-30 14:54:31 - [TEST_STEP][PASSED] - isPreSalaryTabOpen = waitForElementPresent(findTestObject("Pre-Salary/preSalaryTab"), 5): Object 'Object Repository/Pre-Salary/preSalaryTab' is present

2019-04-30 14:54:31 - [MESSAGE][PASSED] - Object 'Object Repository/Pre-Salary/preSalaryTab' is present

2019-04-30 14:54:31 - [TEST_STEP][PASSED] - if (!(isPreSalaryTabOpen)): null

2019-04-30 14:54:31 - [TEST_STEP][PASSED] - waitForElementNotPresent(findTestObject("General/loadingBar"), 30): Web element with id: 'Object Repository/General/loadingBar' located by 'By.cssSelector: div[class="bar"][style~="width:"]' is not present after '30' second(s)

2019-04-30 14:54:36 - [MESSAGE][PASSED] - Web element with id: 'Object Repository/General/loadingBar' located by 'By.cssSelector: div[class="bar"][style~="width:"]' is not present after '30' second(s)

2019-04-30 14:54:36 - [TEST_STEP][PASSED] - waitForElementNotPresent(findTestObject("Pre-Salary/Filters/Drivers Dropdown/isLoadingDropdown"), 15): Web element with id: 'Object Repository/Pre-Salary/Filters/Drivers Dropdown/isLoadingDropdown' located by 'By.cssSelector: div[id="preSalaryview"] > div:nth-of-type(2) > div:nth-of-type(1) > div:nth-of-type(2) > div:nth-of-type(1) > div:nth-of-type(5) > div:nth-of-type(1) > div:nth-of-type(1) > span:nth-of-type(1) > span:nth-of-type(1) > span:nth-of-type(2) > span:nth-of-type(1)[class="k-icon k-i-arrow-60-down k-i-loading"]' is not present after '15' second(s)

2019-04-30 14:54:36 - [MESSAGE][PASSED] - Web element with id: 'Object Repository/Pre-Salary/Filters/Drivers Dropdown/isLoadingDropdown' located by 'By.cssSelector: div[id="preSalaryview"] > div:nth-of-type(2) > div:nth-of-type(1) > div:nth-of-type(2) > div:nth-of-type(1) > div:nth-of-type(5) > div:nth-of-type(1) > div:nth-of-type(1) > span:nth-of-type(1) > span:nth-of-type(1) > span:nth-of-type(2) > span:nth-of-type(1)[class="k-icon k-i-arrow-60-down k-i-loading"]' is not present after '15' second(s)

2019-04-30 14:54:36 - [TEST_STEP][PASSED] - waitForElementPresent(findTestObject("Pre-Salary/Filters/Date Picker Start/datePickerInputField"), 15): Object 'Object Repository/Pre-Salary/Filters/Date Picker Start/datePickerInputField' is present

2019-04-30 14:54:36 - [MESSAGE][PASSED] - Object 'Object Repository/Pre-Salary/Filters/Date Picker Start/datePickerInputField' is present

2019-04-30 14:54:36 - [TEST_STEP][PASSED] - delay(5): Delayed 5 second(s)

2019-04-30 14:54:41 - [MESSAGE][PASSED] - Delayed 5 second(s)

2019-04-30 14:54:41 - [TEST_STEP][PASSED] - click(findTestObject("Pre-Salary/Filters/Date Picker Start/datePickerInputField")): Object: 'Object Repository/Pre-Salary/Filters/Date Picker Start/datePickerInputField' is clicked on

2019-04-30 14:54:41 - [MESSAGE][PASSED] - Object: 'Object Repository/Pre-Salary/Filters/Date Picker Start/datePickerInputField' is clicked on

2019-04-30 14:54:41 - [TEST_STEP][PASSED] - delay(1): Delayed 1 second(s)

2019-04-30 14:54:42 - [MESSAGE][PASSED] - Delayed 1 second(s)

2019-04-30 14:54:42 - [TEST_STEP][PASSED] - setText(findTestObject("Pre-Salary/Filters/Date Picker Start/datePickerInputField"), ""): Text '' is set on object 'Object Repository/Pre-Salary/Filters/Date Picker Start/datePickerInputField'

2019-04-30 14:54:42 - [MESSAGE][PASSED] - Text '' is set on object 'Object Repository/Pre-Salary/Filters/Date Picker Start/datePickerInputField'

2019-04-30 14:54:42 - [TEST_STEP][PASSED] - delay(1): Delayed 1 second(s)

2019-04-30 14:54:43 - [MESSAGE][PASSED] - Delayed 1 second(s)

2019-04-30 14:54:43 - [TEST_STEP][PASSED] - setText(findTestObject("Pre-Salary/Filters/Date Picker Start/datePickerInputField"), fullDate): Text '01042019' is set on object 'Object Repository/Pre-Salary/Filters/Date Picker Start/datePickerInputField'

2019-04-30 14:54:43 - [MESSAGE][PASSED] - Text '01042019' is set on object 'Object Repository/Pre-Salary/Filters/Date Picker Start/datePickerInputField'

2019-04-30 14:54:43 - [TEST_STEP][PASSED] - waitForElementPresent(findTestObject("Pre-Salary/Filters/Date Picker Start/datePickerInputField"), 15): Object 'Object Repository/Pre-Salary/Filters/Date Picker Start/datePickerInputField' is present

2019-04-30 14:54:43 - [MESSAGE][PASSED] - Object 'Object Repository/Pre-Salary/Filters/Date Picker Start/datePickerInputField' is present

2019-04-30 14:54:43 - [TEST_STEP][PASSED] - waitForElementNotPresent(findTestObject("Pre-Salary/Filters/Drivers Dropdown/isLoadingDropdown"), 15): Web element with id: 'Object Repository/Pre-Salary/Filters/Drivers Dropdown/isLoadingDropdown' located by 'By.cssSelector: div[id="preSalaryview"] > div:nth-of-type(2) > div:nth-of-type(1) > div:nth-of-type(2) > div:nth-of-type(1) > div:nth-of-type(5) > div:nth-of-type(1) > div:nth-of-type(1) > span:nth-of-type(1) > span:nth-of-type(1) > span:nth-of-type(2) > span:nth-of-type(1)[class="k-icon k-i-arrow-60-down k-i-loading"]' is not present after '15' second(s)

2019-04-30 14:54:43 - [MESSAGE][PASSED] - Web element with id: 'Object Repository/Pre-Salary/Filters/Drivers Dropdown/isLoadingDropdown' located by 'By.cssSelector: div[id="preSalaryview"] > div:nth-of-type(2) > div:nth-of-type(1) > div:nth-of-type(2) > div:nth-of-type(1) > div:nth-of-type(5) > div:nth-of-type(1) > div:nth-of-type(1) > span:nth-of-type(1) > span:nth-of-type(1) > span:nth-of-type(2) > span:nth-of-type(1)[class="k-icon k-i-arrow-60-down k-i-loading"]' is not present after '15' second(s)

2019-04-30 14:54:43 - [TEST_STEP][PASSED] - delay(1): Delayed 1 second(s)

2019-04-30 14:54:44 - [MESSAGE][PASSED] - Delayed 1 second(s)

2019-04-30 14:54:44 - [TEST_STEP][PASSED] - try: Object: 'Object Repository/Pre-Salary/Filters/Drivers Dropdown/driversListDropdownOpen' is clicked on

2019-04-30 14:54:44 - [TEST_STEP][PASSED] - click(findTestObject("Pre-Salary/Filters/Drivers Dropdown/driversListDropdownOpen")): Object: 'Object Repository/Pre-Salary/Filters/Drivers Dropdown/driversListDropdownOpen' is clicked on

2019-04-30 14:54:44 - [MESSAGE][PASSED] - Object: 'Object Repository/Pre-Salary/Filters/Drivers Dropdown/driversListDropdownOpen' is clicked on

2019-04-30 14:54:44 - [TEST_STEP][PASSED] - delay(1): Delayed 1 second(s)

2019-04-30 14:54:45 - [MESSAGE][PASSED] - Delayed 1 second(s)

2019-04-30 14:54:45 - [TEST_STEP][PASSED] - try: Text '4006' is set on object 'Object Repository/Pre-Salary/Filters/Drivers Dropdown/driversListDropdownSearchBox'

2019-04-30 14:54:45 - [TEST_STEP][PASSED] - setText(findTestObject("Pre-Salary/Filters/Drivers Dropdown/driversListDropdownSearchBox"), driver_Id): Text '4006' is set on object 'Object Repository/Pre-Salary/Filters/Drivers Dropdown/driversListDropdownSearchBox'

2019-04-30 14:54:45 - [MESSAGE][PASSED] - Text '4006' is set on object 'Object Repository/Pre-Salary/Filters/Drivers Dropdown/driversListDropdownSearchBox'

2019-04-30 14:54:45 - [TEST_STEP][PASSED] - delay(1): Delayed 1 second(s)

2019-04-30 14:54:46 - [MESSAGE][PASSED] - Delayed 1 second(s)

2019-04-30 14:54:46 - [TEST_STEP][PASSED] - click(findTestObject("Pre-Salary/Filters/Drivers Dropdown/driversListDropdownSelectFirstDriver")): Object: 'Object Repository/Pre-Salary/Filters/Drivers Dropdown/driversListDropdownSelectFirstDriver' is clicked on

2019-04-30 14:54:47 - [MESSAGE][PASSED] - Object: 'Object Repository/Pre-Salary/Filters/Drivers Dropdown/driversListDropdownSelectFirstDriver' is clicked on

2019-04-30 14:54:47 - [TEST_STEP][PASSED] - delay(1): Delayed 1 second(s)

2019-04-30 14:54:48 - [MESSAGE][PASSED] - Delayed 1 second(s)

2019-04-30 14:54:48 - [TEST_STEP][PASSED] - click(findTestObject("Pre-Salary/Data Status/importButton")): Object: 'Object Repository/Pre-Salary/Data Status/importButton' is clicked on

2019-04-30 14:54:48 - [MESSAGE][PASSED] - Object: 'Object Repository/Pre-Salary/Data Status/importButton' is clicked on

2019-04-30 14:54:48 - [TEST_STEP][PASSED] - delay(1): Delayed 1 second(s)

2019-04-30 14:54:49 - [MESSAGE][PASSED] - Delayed 1 second(s)

2019-04-30 14:54:49 - [TEST_STEP][PASSED] - try: Object: 'Object Repository/Pre-Salary/Calculation Summary/firstDriverInCalculationSummeryTable' is double clicked on

2019-04-30 14:54:49 - [TEST_STEP][PASSED] - waitForElementPresent(findTestObject("Pre-Salary/Calculation Summary/firstDriverInCalculationSummeryTable"), 20): Object 'Object Repository/Pre-Salary/Calculation Summary/firstDriverInCalculationSummeryTable' is present

2019-04-30 14:55:03 - [MESSAGE][PASSED] - Object 'Object Repository/Pre-Salary/Calculation Summary/firstDriverInCalculationSummeryTable' is present

2019-04-30 14:55:03 - [TEST_STEP][PASSED] - doubleClick(findTestObject("Pre-Salary/Calculation Summary/firstDriverInCalculationSummeryTable")): Object: 'Object Repository/Pre-Salary/Calculation Summary/firstDriverInCalculationSummeryTable' is double clicked on

2019-04-30 14:55:03 - [MESSAGE][PASSED] - Object: 'Object Repository/Pre-Salary/Calculation Summary/firstDriverInCalculationSummeryTable' is double clicked on

2019-04-30 14:55:03 - [TEST_STEP][PASSED] - waitForElementPresent(findTestObject("Pre-Salary/Employee Details/driversReportTable"), 20): Object 'Object Repository/Pre-Salary/Employee Details/driversReportTable' is present

2019-04-30 14:55:05 - [MESSAGE][PASSED] - Object 'Object Repository/Pre-Salary/Employee Details/driversReportTable' is present

2019-04-30 14:55:05 - [TEST_STEP][PASSED] - waitForElementPresent(findTestObject("Pre-Salary/Employee Details/driversReportTable"), 20): Object 'Object Repository/Pre-Salary/Employee Details/driversReportTable' is present

2019-04-30 14:55:05 - [MESSAGE][PASSED] - Object 'Object Repository/Pre-Salary/Employee Details/driversReportTable' is present

2019-04-30 14:55:05 - [TEST_STEP][PASSED] - verifyElementPresent(findTestObject("Pre-Salary/Employee Details/driversReportTable"), 2): Object 'Object Repository/Pre-Salary/Employee Details/driversReportTable' is present

2019-04-30 14:55:05 - [MESSAGE][PASSED] - Object 'Object Repository/Pre-Salary/Employee Details/driversReportTable' is present

2019-04-30 14:55:05 - [TEST_STEP][PASSED] - verifyElementPresent(findTestObject("Pre-Salary/Employee Details/driversCodeId_InDriversReportTableHeader"), 2): Object 'Object Repository/Pre-Salary/Employee Details/driversCodeId_InDriversReportTableHeader' is present

2019-04-30 14:55:05 - [MESSAGE][PASSED] - Object 'Object Repository/Pre-Salary/Employee Details/driversCodeId_InDriversReportTableHeader' is present

2019-04-30 14:55:05 - [TEST_STEP][PASSED] - driverCodeFromReport = getText(findTestObject("Pre-Salary/Employee Details/driversCodeId_InDriversReportTableHeader")): Text of object 'Object Repository/Pre-Salary/Employee Details/driversCodeId_InDriversReportTableHeader' is: '4006'

2019-04-30 14:55:05 - [MESSAGE][PASSED] - Text of object 'Object Repository/Pre-Salary/Employee Details/driversCodeId_InDriversReportTableHeader' is: '4006'

2019-04-30 14:55:05 - [TEST_STEP][PASSED] - if (driverCodeFromReport != driver_Id && !(driverCodeFromReport.contains(driver_Id))): null

2019-04-30 14:55:05 - [TEST_STEP][PASSED] - waitForElementPresent(findTestObject("Pre-Salary/Employee Details/rightSideTable"), 10): Object 'Object Repository/Pre-Salary/Employee Details/rightSideTable' is present

2019-04-30 14:55:05 - [MESSAGE][PASSED] - Object 'Object Repository/Pre-Salary/Employee Details/rightSideTable' is present

2019-04-30 14:55:05 - [TEST_STEP][PASSED] - verifyElementPresent(findTestObject("Pre-Salary/Employee Details/rightSideTable"), 2): Object 'Object Repository/Pre-Salary/Employee Details/rightSideTable' is present

2019-04-30 14:55:05 - [MESSAGE][PASSED] - Object 'Object Repository/Pre-Salary/Employee Details/rightSideTable' is present

2019-04-30 14:55:05 - [TEST_STEP][PASSED] - waitForElementPresent(findTestObject("Pre-Salary/Employee Details/rightSideTableDriversId"), 10): Object 'Object Repository/Pre-Salary/Employee Details/rightSideTableDriversId' is present

2019-04-30 14:55:05 - [MESSAGE][PASSED] - Object 'Object Repository/Pre-Salary/Employee Details/rightSideTableDriversId' is present

2019-04-30 14:55:05 - [TEST_STEP][PASSED] - verifyElementPresent(findTestObject("Pre-Salary/Employee Details/rightSideTableDriversId"), 2): Object 'Object Repository/Pre-Salary/Employee Details/rightSideTableDriversId' is present

2019-04-30 14:55:05 - [MESSAGE][PASSED] - Object 'Object Repository/Pre-Salary/Employee Details/rightSideTableDriversId' is present

2019-04-30 14:55:05 - [TEST_STEP][PASSED] - driversCodeFromRightSideTable = getText(findTestObject("Pre-Salary/Employee Details/rightSideTableDriversId")): Text of object 'Object Repository/Pre-Salary/Employee Details/rightSideTableDriversId' is: '4006'

2019-04-30 14:55:05 - [MESSAGE][PASSED] - Text of object 'Object Repository/Pre-Salary/Employee Details/rightSideTableDriversId' is: '4006'

2019-04-30 14:55:05 - [TEST_STEP][PASSED] - if (!(driversCodeFromRightSideTable.contains(driver_Id))): null

2019-04-30 14:55:05 - [TEST_STEP][PASSED] - closeBrowser(): Browser is closed

2019-04-30 14:55:06 - [MESSAGE][PASSED] - Browser is closed]]></system-out>
         <system-err><![CDATA[]]></system-err>
      </testcase>
      <testcase name="Test Cases/Pre-Salary/One Driver Calc" classname="Test Cases/Pre-Salary/One Driver Calc" status="PASSED">
         <system-out><![CDATA[2019-04-30 14:55:06 - [TEST_CASE][PASSED] - Test Cases/Pre-Salary/One Driver Calc: Test Cases/Pre-Salary/One Driver Calc

2019-04-30 14:55:06 - [TEST_STEP][PASSED] - login.c_login.logIn(site, userName, userPass): login.c_login.logIn is PASSED

2019-04-30 14:55:06 - [MESSAGE][INFO] - Starting 'Chrome' driver

2019-04-30 14:55:21 - [MESSAGE][PASSED] - Browser is opened with url: 'superbus.ebstage.y-it.co.il'

2019-04-30 14:55:22 - [MESSAGE][PASSED] - Current window maximized

2019-04-30 14:55:22 - [MESSAGE][PASSED] - Text 'admin' is set on object 'Object Repository/Y-IT Log In/input_ _userName'

2019-04-30 14:55:22 - [MESSAGE][PASSED] - Text ****** has been set on object 'Object Repository/Y-IT Log In/input_ _password'

2019-04-30 14:55:22 - [MESSAGE][PASSED] - Object: 'Object Repository/Y-IT Log In/input_  _submit' is clicked on

2019-04-30 14:55:22 - [MESSAGE][PASSED] - login.c_login.logIn is PASSED

2019-04-30 14:55:22 - [TEST_STEP][PASSED] - date = new java.util.Date(): null

2019-04-30 14:55:22 - [TEST_STEP][PASSED] - cal = Calendar.getInstance(): null

2019-04-30 14:55:22 - [TEST_STEP][PASSED] - cal.setTime(date): null

2019-04-30 14:55:22 - [TEST_STEP][PASSED] - month = cal.get(MONTH) + 1: null

2019-04-30 14:55:22 - [TEST_STEP][PASSED] - year = cal.get(YEAR): null

2019-04-30 14:55:22 - [TEST_STEP][PASSED] - dayStr = "01": null

2019-04-30 14:55:22 - [TEST_STEP][PASSED] - monthStr = "": null

2019-04-30 14:55:22 - [TEST_STEP][PASSED] - yearStr = year.toString(): null

2019-04-30 14:55:22 - [TEST_STEP][PASSED] - if (month < 10): null

2019-04-30 14:55:22 - [TEST_STEP][PASSED] - monthStr = "0" + month.toString(): null

2019-04-30 14:55:22 - [TEST_STEP][PASSED] - fullDate = dayStr + monthStr + yearStr: null

2019-04-30 14:55:22 - [TEST_STEP][PASSED] - delay(1): Delayed 1 second(s)

2019-04-30 14:55:23 - [MESSAGE][PASSED] - Delayed 1 second(s)

2019-04-30 14:55:23 - [TEST_STEP][PASSED] - waitForElementPresent(findTestObject("General/mainEmptyBackground"), 15): Object 'Object Repository/General/mainEmptyBackground' is present

2019-04-30 14:55:25 - [MESSAGE][PASSED] - Object 'Object Repository/General/mainEmptyBackground' is present

2019-04-30 14:55:25 - [TEST_STEP][PASSED] - isPreSalaryTabOpen = waitForElementPresent(findTestObject("Pre-Salary/preSalaryTab"), 5): Object 'Object Repository/Pre-Salary/preSalaryTab' is present

2019-04-30 14:55:25 - [MESSAGE][PASSED] - Object 'Object Repository/Pre-Salary/preSalaryTab' is present

2019-04-30 14:55:25 - [TEST_STEP][PASSED] - if (!(isPreSalaryTabOpen)): null

2019-04-30 14:55:25 - [TEST_STEP][PASSED] - waitForElementNotPresent(findTestObject("General/loadingBar"), 30): Web element with id: 'Object Repository/General/loadingBar' located by 'By.cssSelector: div[class="bar"][style~="width:"]' is not present after '30' second(s)

2019-04-30 14:55:32 - [MESSAGE][PASSED] - Web element with id: 'Object Repository/General/loadingBar' located by 'By.cssSelector: div[class="bar"][style~="width:"]' is not present after '30' second(s)

2019-04-30 14:55:32 - [TEST_STEP][PASSED] - waitForElementNotPresent(findTestObject("Pre-Salary/Filters/Drivers Dropdown/isLoadingDropdown"), 15): Web element with id: 'Object Repository/Pre-Salary/Filters/Drivers Dropdown/isLoadingDropdown' located by 'By.cssSelector: div[id="preSalaryview"] > div:nth-of-type(2) > div:nth-of-type(1) > div:nth-of-type(2) > div:nth-of-type(1) > div:nth-of-type(5) > div:nth-of-type(1) > div:nth-of-type(1) > span:nth-of-type(1) > span:nth-of-type(1) > span:nth-of-type(2) > span:nth-of-type(1)[class="k-icon k-i-arrow-60-down k-i-loading"]' is not present after '15' second(s)

2019-04-30 14:55:32 - [MESSAGE][PASSED] - Web element with id: 'Object Repository/Pre-Salary/Filters/Drivers Dropdown/isLoadingDropdown' located by 'By.cssSelector: div[id="preSalaryview"] > div:nth-of-type(2) > div:nth-of-type(1) > div:nth-of-type(2) > div:nth-of-type(1) > div:nth-of-type(5) > div:nth-of-type(1) > div:nth-of-type(1) > span:nth-of-type(1) > span:nth-of-type(1) > span:nth-of-type(2) > span:nth-of-type(1)[class="k-icon k-i-arrow-60-down k-i-loading"]' is not present after '15' second(s)

2019-04-30 14:55:32 - [TEST_STEP][PASSED] - waitForElementPresent(findTestObject("Pre-Salary/Filters/Date Picker Start/datePickerInputField"), 15): Object 'Object Repository/Pre-Salary/Filters/Date Picker Start/datePickerInputField' is present

2019-04-30 14:55:32 - [MESSAGE][PASSED] - Object 'Object Repository/Pre-Salary/Filters/Date Picker Start/datePickerInputField' is present

2019-04-30 14:55:32 - [TEST_STEP][PASSED] - delay(5): Delayed 5 second(s)

2019-04-30 14:55:37 - [MESSAGE][PASSED] - Delayed 5 second(s)

2019-04-30 14:55:37 - [TEST_STEP][PASSED] - click(findTestObject("Pre-Salary/Filters/Date Picker Start/datePickerInputField")): Object: 'Object Repository/Pre-Salary/Filters/Date Picker Start/datePickerInputField' is clicked on

2019-04-30 14:55:37 - [MESSAGE][PASSED] - Object: 'Object Repository/Pre-Salary/Filters/Date Picker Start/datePickerInputField' is clicked on

2019-04-30 14:55:37 - [TEST_STEP][PASSED] - delay(1): Delayed 1 second(s)

2019-04-30 14:55:38 - [MESSAGE][PASSED] - Delayed 1 second(s)

2019-04-30 14:55:38 - [TEST_STEP][PASSED] - setText(findTestObject("Pre-Salary/Filters/Date Picker Start/datePickerInputField"), ""): Text '' is set on object 'Object Repository/Pre-Salary/Filters/Date Picker Start/datePickerInputField'

2019-04-30 14:55:38 - [MESSAGE][PASSED] - Text '' is set on object 'Object Repository/Pre-Salary/Filters/Date Picker Start/datePickerInputField'

2019-04-30 14:55:38 - [TEST_STEP][PASSED] - delay(1): Delayed 1 second(s)

2019-04-30 14:55:39 - [MESSAGE][PASSED] - Delayed 1 second(s)

2019-04-30 14:55:39 - [TEST_STEP][PASSED] - setText(findTestObject("Pre-Salary/Filters/Date Picker Start/datePickerInputField"), fullDate): Text '01042019' is set on object 'Object Repository/Pre-Salary/Filters/Date Picker Start/datePickerInputField'

2019-04-30 14:55:39 - [MESSAGE][PASSED] - Text '01042019' is set on object 'Object Repository/Pre-Salary/Filters/Date Picker Start/datePickerInputField'

2019-04-30 14:55:39 - [TEST_STEP][PASSED] - waitForElementPresent(findTestObject("Pre-Salary/Filters/Date Picker Start/datePickerInputField"), 15): Object 'Object Repository/Pre-Salary/Filters/Date Picker Start/datePickerInputField' is present

2019-04-30 14:55:39 - [MESSAGE][PASSED] - Object 'Object Repository/Pre-Salary/Filters/Date Picker Start/datePickerInputField' is present

2019-04-30 14:55:39 - [TEST_STEP][PASSED] - waitForElementNotPresent(findTestObject("Pre-Salary/Filters/Drivers Dropdown/isLoadingDropdown"), 15): Web element with id: 'Object Repository/Pre-Salary/Filters/Drivers Dropdown/isLoadingDropdown' located by 'By.cssSelector: div[id="preSalaryview"] > div:nth-of-type(2) > div:nth-of-type(1) > div:nth-of-type(2) > div:nth-of-type(1) > div:nth-of-type(5) > div:nth-of-type(1) > div:nth-of-type(1) > span:nth-of-type(1) > span:nth-of-type(1) > span:nth-of-type(2) > span:nth-of-type(1)[class="k-icon k-i-arrow-60-down k-i-loading"]' is not present after '15' second(s)

2019-04-30 14:55:39 - [MESSAGE][PASSED] - Web element with id: 'Object Repository/Pre-Salary/Filters/Drivers Dropdown/isLoadingDropdown' located by 'By.cssSelector: div[id="preSalaryview"] > div:nth-of-type(2) > div:nth-of-type(1) > div:nth-of-type(2) > div:nth-of-type(1) > div:nth-of-type(5) > div:nth-of-type(1) > div:nth-of-type(1) > span:nth-of-type(1) > span:nth-of-type(1) > span:nth-of-type(2) > span:nth-of-type(1)[class="k-icon k-i-arrow-60-down k-i-loading"]' is not present after '15' second(s)

2019-04-30 14:55:39 - [TEST_STEP][PASSED] - delay(1): Delayed 1 second(s)

2019-04-30 14:55:40 - [MESSAGE][PASSED] - Delayed 1 second(s)

2019-04-30 14:55:40 - [TEST_STEP][PASSED] - try: Object: 'Object Repository/Pre-Salary/Filters/Drivers Dropdown/driversListDropdownOpen' is clicked on

2019-04-30 14:55:40 - [TEST_STEP][PASSED] - click(findTestObject("Pre-Salary/Filters/Drivers Dropdown/driversListDropdownOpen")): Object: 'Object Repository/Pre-Salary/Filters/Drivers Dropdown/driversListDropdownOpen' is clicked on

2019-04-30 14:55:41 - [MESSAGE][PASSED] - Object: 'Object Repository/Pre-Salary/Filters/Drivers Dropdown/driversListDropdownOpen' is clicked on

2019-04-30 14:55:41 - [TEST_STEP][PASSED] - delay(1): Delayed 1 second(s)

2019-04-30 14:55:42 - [MESSAGE][PASSED] - Delayed 1 second(s)

2019-04-30 14:55:42 - [TEST_STEP][PASSED] - try: Text '464' is set on object 'Object Repository/Pre-Salary/Filters/Drivers Dropdown/driversListDropdownSearchBox'

2019-04-30 14:55:42 - [TEST_STEP][PASSED] - setText(findTestObject("Pre-Salary/Filters/Drivers Dropdown/driversListDropdownSearchBox"), driver_Id): Text '464' is set on object 'Object Repository/Pre-Salary/Filters/Drivers Dropdown/driversListDropdownSearchBox'

2019-04-30 14:55:42 - [MESSAGE][PASSED] - Text '464' is set on object 'Object Repository/Pre-Salary/Filters/Drivers Dropdown/driversListDropdownSearchBox'

2019-04-30 14:55:42 - [TEST_STEP][PASSED] - delay(1): Delayed 1 second(s)

2019-04-30 14:55:43 - [MESSAGE][PASSED] - Delayed 1 second(s)

2019-04-30 14:55:43 - [TEST_STEP][PASSED] - click(findTestObject("Pre-Salary/Filters/Drivers Dropdown/driversListDropdownSelectFirstDriver")): Object: 'Object Repository/Pre-Salary/Filters/Drivers Dropdown/driversListDropdownSelectFirstDriver' is clicked on

2019-04-30 14:55:43 - [MESSAGE][PASSED] - Object: 'Object Repository/Pre-Salary/Filters/Drivers Dropdown/driversListDropdownSelectFirstDriver' is clicked on

2019-04-30 14:55:43 - [TEST_STEP][PASSED] - delay(1): Delayed 1 second(s)

2019-04-30 14:55:44 - [MESSAGE][PASSED] - Delayed 1 second(s)

2019-04-30 14:55:44 - [TEST_STEP][PASSED] - click(findTestObject("Pre-Salary/Data Status/importButton")): Object: 'Object Repository/Pre-Salary/Data Status/importButton' is clicked on

2019-04-30 14:55:44 - [MESSAGE][PASSED] - Object: 'Object Repository/Pre-Salary/Data Status/importButton' is clicked on

2019-04-30 14:55:44 - [TEST_STEP][PASSED] - delay(1): Delayed 1 second(s)

2019-04-30 14:55:45 - [MESSAGE][PASSED] - Delayed 1 second(s)

2019-04-30 14:55:45 - [TEST_STEP][PASSED] - try: Object: 'Object Repository/Pre-Salary/Calculation Summary/firstDriverInCalculationSummeryTable' is double clicked on

2019-04-30 14:55:45 - [TEST_STEP][PASSED] - waitForElementPresent(findTestObject("Pre-Salary/Calculation Summary/firstDriverInCalculationSummeryTable"), 20): Object 'Object Repository/Pre-Salary/Calculation Summary/firstDriverInCalculationSummeryTable' is not present after 20 second(s)

2019-04-30 14:56:06 - [MESSAGE][INFO] - Unable to find the element located by 'By.cssSelector: div[id="preSalaryview"] > div:nth-of-type(2) > div:nth-of-type(2) > div:nth-of-type(3) > div:nth-of-type(1) > div:nth-of-type(2)  > div:nth-of-type(1)  > div:nth-of-type(2) > table > tbody > tr:nth-of-type(1)'. Please recheck the objects properties to make sure the desired element is located. 

2019-04-30 14:56:06 - [MESSAGE][WARNING] - Object 'Object Repository/Pre-Salary/Calculation Summary/firstDriverInCalculationSummeryTable' is not present after 20 second(s)

2019-04-30 14:56:06 - [TEST_STEP][PASSED] - doubleClick(findTestObject("Pre-Salary/Calculation Summary/firstDriverInCalculationSummeryTable")): Object: 'Object Repository/Pre-Salary/Calculation Summary/firstDriverInCalculationSummeryTable' is double clicked on

2019-04-30 14:56:09 - [MESSAGE][PASSED] - Object: 'Object Repository/Pre-Salary/Calculation Summary/firstDriverInCalculationSummeryTable' is double clicked on

2019-04-30 14:56:09 - [TEST_STEP][PASSED] - waitForElementPresent(findTestObject("Pre-Salary/Employee Details/driversReportTable"), 20): Object 'Object Repository/Pre-Salary/Employee Details/driversReportTable' is present

2019-04-30 14:56:11 - [MESSAGE][PASSED] - Object 'Object Repository/Pre-Salary/Employee Details/driversReportTable' is present

2019-04-30 14:56:11 - [TEST_STEP][PASSED] - waitForElementPresent(findTestObject("Pre-Salary/Employee Details/driversReportTable"), 20): Object 'Object Repository/Pre-Salary/Employee Details/driversReportTable' is present

2019-04-30 14:56:11 - [MESSAGE][PASSED] - Object 'Object Repository/Pre-Salary/Employee Details/driversReportTable' is present

2019-04-30 14:56:11 - [TEST_STEP][PASSED] - verifyElementPresent(findTestObject("Pre-Salary/Employee Details/driversReportTable"), 2): Object 'Object Repository/Pre-Salary/Employee Details/driversReportTable' is present

2019-04-30 14:56:11 - [MESSAGE][PASSED] - Object 'Object Repository/Pre-Salary/Employee Details/driversReportTable' is present

2019-04-30 14:56:11 - [TEST_STEP][PASSED] - verifyElementPresent(findTestObject("Pre-Salary/Employee Details/driversCodeId_InDriversReportTableHeader"), 2): Object 'Object Repository/Pre-Salary/Employee Details/driversCodeId_InDriversReportTableHeader' is present

2019-04-30 14:56:11 - [MESSAGE][PASSED] - Object 'Object Repository/Pre-Salary/Employee Details/driversCodeId_InDriversReportTableHeader' is present

2019-04-30 14:56:11 - [TEST_STEP][PASSED] - driverCodeFromReport = getText(findTestObject("Pre-Salary/Employee Details/driversCodeId_InDriversReportTableHeader")): Text of object 'Object Repository/Pre-Salary/Employee Details/driversCodeId_InDriversReportTableHeader' is: '464'

2019-04-30 14:56:11 - [MESSAGE][PASSED] - Text of object 'Object Repository/Pre-Salary/Employee Details/driversCodeId_InDriversReportTableHeader' is: '464'

2019-04-30 14:56:11 - [TEST_STEP][PASSED] - if (driverCodeFromReport != driver_Id && !(driverCodeFromReport.contains(driver_Id))): null

2019-04-30 14:56:11 - [TEST_STEP][PASSED] - waitForElementPresent(findTestObject("Pre-Salary/Employee Details/rightSideTable"), 10): Object 'Object Repository/Pre-Salary/Employee Details/rightSideTable' is present

2019-04-30 14:56:11 - [MESSAGE][PASSED] - Object 'Object Repository/Pre-Salary/Employee Details/rightSideTable' is present

2019-04-30 14:56:11 - [TEST_STEP][PASSED] - verifyElementPresent(findTestObject("Pre-Salary/Employee Details/rightSideTable"), 2): Object 'Object Repository/Pre-Salary/Employee Details/rightSideTable' is present

2019-04-30 14:56:11 - [MESSAGE][PASSED] - Object 'Object Repository/Pre-Salary/Employee Details/rightSideTable' is present

2019-04-30 14:56:11 - [TEST_STEP][PASSED] - waitForElementPresent(findTestObject("Pre-Salary/Employee Details/rightSideTableDriversId"), 10): Object 'Object Repository/Pre-Salary/Employee Details/rightSideTableDriversId' is present

2019-04-30 14:56:12 - [MESSAGE][PASSED] - Object 'Object Repository/Pre-Salary/Employee Details/rightSideTableDriversId' is present

2019-04-30 14:56:12 - [TEST_STEP][PASSED] - verifyElementPresent(findTestObject("Pre-Salary/Employee Details/rightSideTableDriversId"), 2): Object 'Object Repository/Pre-Salary/Employee Details/rightSideTableDriversId' is present

2019-04-30 14:56:12 - [MESSAGE][PASSED] - Object 'Object Repository/Pre-Salary/Employee Details/rightSideTableDriversId' is present

2019-04-30 14:56:12 - [TEST_STEP][PASSED] - driversCodeFromRightSideTable = getText(findTestObject("Pre-Salary/Employee Details/rightSideTableDriversId")): Text of object 'Object Repository/Pre-Salary/Employee Details/rightSideTableDriversId' is: '464'

2019-04-30 14:56:12 - [MESSAGE][PASSED] - Text of object 'Object Repository/Pre-Salary/Employee Details/rightSideTableDriversId' is: '464'

2019-04-30 14:56:12 - [TEST_STEP][PASSED] - if (!(driversCodeFromRightSideTable.contains(driver_Id))): null

2019-04-30 14:56:12 - [TEST_STEP][PASSED] - closeBrowser(): Browser is closed

2019-04-30 14:56:12 - [MESSAGE][PASSED] - Browser is closed]]></system-out>
         <system-err><![CDATA[]]></system-err>
      </testcase>
      <testcase name="Test Cases/Pre-Salary/One Driver Calc" classname="Test Cases/Pre-Salary/One Driver Calc" status="PASSED">
         <system-out><![CDATA[2019-04-30 14:56:12 - [TEST_CASE][PASSED] - Test Cases/Pre-Salary/One Driver Calc: Test Cases/Pre-Salary/One Driver Calc

2019-04-30 14:56:12 - [TEST_STEP][PASSED] - login.c_login.logIn(site, userName, userPass): login.c_login.logIn is PASSED

2019-04-30 14:56:12 - [MESSAGE][INFO] - Starting 'Chrome' driver

2019-04-30 14:56:30 - [MESSAGE][PASSED] - Browser is opened with url: 'rongal.ebstage.y-it.co.il'

2019-04-30 14:56:31 - [MESSAGE][PASSED] - Current window maximized

2019-04-30 14:56:31 - [MESSAGE][PASSED] - Text 'ronen' is set on object 'Object Repository/Y-IT Log In/input_ _userName'

2019-04-30 14:56:31 - [MESSAGE][PASSED] - Text ****** has been set on object 'Object Repository/Y-IT Log In/input_ _password'

2019-04-30 14:56:31 - [MESSAGE][PASSED] - Object: 'Object Repository/Y-IT Log In/input_  _submit' is clicked on

2019-04-30 14:56:31 - [MESSAGE][PASSED] - login.c_login.logIn is PASSED

2019-04-30 14:56:31 - [TEST_STEP][PASSED] - date = new java.util.Date(): null

2019-04-30 14:56:31 - [TEST_STEP][PASSED] - cal = Calendar.getInstance(): null

2019-04-30 14:56:31 - [TEST_STEP][PASSED] - cal.setTime(date): null

2019-04-30 14:56:31 - [TEST_STEP][PASSED] - month = cal.get(MONTH) + 1: null

2019-04-30 14:56:31 - [TEST_STEP][PASSED] - year = cal.get(YEAR): null

2019-04-30 14:56:31 - [TEST_STEP][PASSED] - dayStr = "01": null

2019-04-30 14:56:31 - [TEST_STEP][PASSED] - monthStr = "": null

2019-04-30 14:56:31 - [TEST_STEP][PASSED] - yearStr = year.toString(): null

2019-04-30 14:56:31 - [TEST_STEP][PASSED] - if (month < 10): null

2019-04-30 14:56:31 - [TEST_STEP][PASSED] - monthStr = "0" + month.toString(): null

2019-04-30 14:56:31 - [TEST_STEP][PASSED] - fullDate = dayStr + monthStr + yearStr: null

2019-04-30 14:56:31 - [TEST_STEP][PASSED] - delay(1): Delayed 1 second(s)

2019-04-30 14:56:32 - [MESSAGE][PASSED] - Delayed 1 second(s)

2019-04-30 14:56:32 - [TEST_STEP][PASSED] - waitForElementPresent(findTestObject("General/mainEmptyBackground"), 15): Object 'Object Repository/General/mainEmptyBackground' is present

2019-04-30 14:56:34 - [MESSAGE][PASSED] - Object 'Object Repository/General/mainEmptyBackground' is present

2019-04-30 14:56:34 - [TEST_STEP][PASSED] - isPreSalaryTabOpen = waitForElementPresent(findTestObject("Pre-Salary/preSalaryTab"), 5): Object 'Object Repository/Pre-Salary/preSalaryTab' is not present after 5 second(s)

2019-04-30 14:56:39 - [MESSAGE][INFO] - Unable to find the element located by 'By.cssSelector: #preSalaryview'. Please recheck the objects properties to make sure the desired element is located. 

2019-04-30 14:56:39 - [MESSAGE][WARNING] - Object 'Object Repository/Pre-Salary/preSalaryTab' is not present after 5 second(s)

2019-04-30 14:56:39 - [TEST_STEP][PASSED] - if (!(isPreSalaryTabOpen)): Object: 'Object Repository/Nav Bar/Nav Bar Funds/preSalary' is clicked on

2019-04-30 14:56:39 - [TEST_STEP][PASSED] - waitForElementPresent(findTestObject("Nav Bar/funds"), 15): Object 'Object Repository/Nav Bar/funds' is present

2019-04-30 14:56:39 - [MESSAGE][PASSED] - Object 'Object Repository/Nav Bar/funds' is present

2019-04-30 14:56:39 - [TEST_STEP][PASSED] - click(findTestObject("Nav Bar/funds")): Object: 'Object Repository/Nav Bar/funds' is clicked on

2019-04-30 14:56:40 - [MESSAGE][PASSED] - Object: 'Object Repository/Nav Bar/funds' is clicked on

2019-04-30 14:56:40 - [TEST_STEP][PASSED] - delay(1): Delayed 1 second(s)

2019-04-30 14:56:41 - [MESSAGE][PASSED] - Delayed 1 second(s)

2019-04-30 14:56:41 - [TEST_STEP][PASSED] - try: Object: 'Object Repository/Nav Bar/Nav Bar Funds/preSalary' is clicked on

2019-04-30 14:56:41 - [TEST_STEP][PASSED] - waitForElementPresent(findTestObject("Nav Bar/Nav Bar Funds/preSalary"), 2): Object 'Object Repository/Nav Bar/Nav Bar Funds/preSalary' is present

2019-04-30 14:56:41 - [MESSAGE][PASSED] - Object 'Object Repository/Nav Bar/Nav Bar Funds/preSalary' is present

2019-04-30 14:56:41 - [TEST_STEP][PASSED] - click(findTestObject("Nav Bar/Nav Bar Funds/preSalary")): Object: 'Object Repository/Nav Bar/Nav Bar Funds/preSalary' is clicked on

2019-04-30 14:56:41 - [MESSAGE][PASSED] - Object: 'Object Repository/Nav Bar/Nav Bar Funds/preSalary' is clicked on

2019-04-30 14:56:41 - [TEST_STEP][PASSED] - waitForElementNotPresent(findTestObject("General/loadingBar"), 30): Web element with id: 'Object Repository/General/loadingBar' located by 'By.cssSelector: div[class="bar"][style~="width:"]' is not present after '30' second(s)

2019-04-30 14:56:45 - [MESSAGE][PASSED] - Web element with id: 'Object Repository/General/loadingBar' located by 'By.cssSelector: div[class="bar"][style~="width:"]' is not present after '30' second(s)

2019-04-30 14:56:45 - [TEST_STEP][PASSED] - waitForElementNotPresent(findTestObject("Pre-Salary/Filters/Drivers Dropdown/isLoadingDropdown"), 15): Web element with id: 'Object Repository/Pre-Salary/Filters/Drivers Dropdown/isLoadingDropdown' located by 'By.cssSelector: div[id="preSalaryview"] > div:nth-of-type(2) > div:nth-of-type(1) > div:nth-of-type(2) > div:nth-of-type(1) > div:nth-of-type(5) > div:nth-of-type(1) > div:nth-of-type(1) > span:nth-of-type(1) > span:nth-of-type(1) > span:nth-of-type(2) > span:nth-of-type(1)[class="k-icon k-i-arrow-60-down k-i-loading"]' is not present after '15' second(s)

2019-04-30 14:56:46 - [MESSAGE][PASSED] - Web element with id: 'Object Repository/Pre-Salary/Filters/Drivers Dropdown/isLoadingDropdown' located by 'By.cssSelector: div[id="preSalaryview"] > div:nth-of-type(2) > div:nth-of-type(1) > div:nth-of-type(2) > div:nth-of-type(1) > div:nth-of-type(5) > div:nth-of-type(1) > div:nth-of-type(1) > span:nth-of-type(1) > span:nth-of-type(1) > span:nth-of-type(2) > span:nth-of-type(1)[class="k-icon k-i-arrow-60-down k-i-loading"]' is not present after '15' second(s)

2019-04-30 14:56:46 - [TEST_STEP][PASSED] - waitForElementPresent(findTestObject("Pre-Salary/Filters/Date Picker Start/datePickerInputField"), 15): Object 'Object Repository/Pre-Salary/Filters/Date Picker Start/datePickerInputField' is present

2019-04-30 14:56:46 - [MESSAGE][PASSED] - Object 'Object Repository/Pre-Salary/Filters/Date Picker Start/datePickerInputField' is present

2019-04-30 14:56:46 - [TEST_STEP][PASSED] - delay(5): Delayed 5 second(s)

2019-04-30 14:56:51 - [MESSAGE][PASSED] - Delayed 5 second(s)

2019-04-30 14:56:51 - [TEST_STEP][PASSED] - click(findTestObject("Pre-Salary/Filters/Date Picker Start/datePickerInputField")): Object: 'Object Repository/Pre-Salary/Filters/Date Picker Start/datePickerInputField' is clicked on

2019-04-30 14:56:51 - [MESSAGE][PASSED] - Object: 'Object Repository/Pre-Salary/Filters/Date Picker Start/datePickerInputField' is clicked on

2019-04-30 14:56:51 - [TEST_STEP][PASSED] - delay(1): Delayed 1 second(s)

2019-04-30 14:56:52 - [MESSAGE][PASSED] - Delayed 1 second(s)

2019-04-30 14:56:52 - [TEST_STEP][PASSED] - setText(findTestObject("Pre-Salary/Filters/Date Picker Start/datePickerInputField"), ""): Text '' is set on object 'Object Repository/Pre-Salary/Filters/Date Picker Start/datePickerInputField'

2019-04-30 14:56:52 - [MESSAGE][PASSED] - Text '' is set on object 'Object Repository/Pre-Salary/Filters/Date Picker Start/datePickerInputField'

2019-04-30 14:56:52 - [TEST_STEP][PASSED] - delay(1): Delayed 1 second(s)

2019-04-30 14:56:53 - [MESSAGE][PASSED] - Delayed 1 second(s)

2019-04-30 14:56:53 - [TEST_STEP][PASSED] - setText(findTestObject("Pre-Salary/Filters/Date Picker Start/datePickerInputField"), fullDate): Text '01042019' is set on object 'Object Repository/Pre-Salary/Filters/Date Picker Start/datePickerInputField'

2019-04-30 14:56:53 - [MESSAGE][PASSED] - Text '01042019' is set on object 'Object Repository/Pre-Salary/Filters/Date Picker Start/datePickerInputField'

2019-04-30 14:56:53 - [TEST_STEP][PASSED] - waitForElementPresent(findTestObject("Pre-Salary/Filters/Date Picker Start/datePickerInputField"), 15): Object 'Object Repository/Pre-Salary/Filters/Date Picker Start/datePickerInputField' is present

2019-04-30 14:56:53 - [MESSAGE][PASSED] - Object 'Object Repository/Pre-Salary/Filters/Date Picker Start/datePickerInputField' is present

2019-04-30 14:56:53 - [TEST_STEP][PASSED] - waitForElementNotPresent(findTestObject("Pre-Salary/Filters/Drivers Dropdown/isLoadingDropdown"), 15): Web element with id: 'Object Repository/Pre-Salary/Filters/Drivers Dropdown/isLoadingDropdown' located by 'By.cssSelector: div[id="preSalaryview"] > div:nth-of-type(2) > div:nth-of-type(1) > div:nth-of-type(2) > div:nth-of-type(1) > div:nth-of-type(5) > div:nth-of-type(1) > div:nth-of-type(1) > span:nth-of-type(1) > span:nth-of-type(1) > span:nth-of-type(2) > span:nth-of-type(1)[class="k-icon k-i-arrow-60-down k-i-loading"]' is not present after '15' second(s)

2019-04-30 14:56:53 - [MESSAGE][PASSED] - Web element with id: 'Object Repository/Pre-Salary/Filters/Drivers Dropdown/isLoadingDropdown' located by 'By.cssSelector: div[id="preSalaryview"] > div:nth-of-type(2) > div:nth-of-type(1) > div:nth-of-type(2) > div:nth-of-type(1) > div:nth-of-type(5) > div:nth-of-type(1) > div:nth-of-type(1) > span:nth-of-type(1) > span:nth-of-type(1) > span:nth-of-type(2) > span:nth-of-type(1)[class="k-icon k-i-arrow-60-down k-i-loading"]' is not present after '15' second(s)

2019-04-30 14:56:53 - [TEST_STEP][PASSED] - delay(1): Delayed 1 second(s)

2019-04-30 14:56:54 - [MESSAGE][PASSED] - Delayed 1 second(s)

2019-04-30 14:56:54 - [TEST_STEP][PASSED] - try: Object: 'Object Repository/Pre-Salary/Filters/Drivers Dropdown/driversListDropdownOpen' is clicked on

2019-04-30 14:56:54 - [TEST_STEP][PASSED] - click(findTestObject("Pre-Salary/Filters/Drivers Dropdown/driversListDropdownOpen")): Object: 'Object Repository/Pre-Salary/Filters/Drivers Dropdown/driversListDropdownOpen' is clicked on

2019-04-30 14:56:54 - [MESSAGE][PASSED] - Object: 'Object Repository/Pre-Salary/Filters/Drivers Dropdown/driversListDropdownOpen' is clicked on

2019-04-30 14:56:54 - [TEST_STEP][PASSED] - delay(1): Delayed 1 second(s)

2019-04-30 14:56:55 - [MESSAGE][PASSED] - Delayed 1 second(s)

2019-04-30 14:56:55 - [TEST_STEP][PASSED] - try: Text '1542' is set on object 'Object Repository/Pre-Salary/Filters/Drivers Dropdown/driversListDropdownSearchBox'

2019-04-30 14:56:55 - [TEST_STEP][PASSED] - setText(findTestObject("Pre-Salary/Filters/Drivers Dropdown/driversListDropdownSearchBox"), driver_Id): Text '1542' is set on object 'Object Repository/Pre-Salary/Filters/Drivers Dropdown/driversListDropdownSearchBox'

2019-04-30 14:56:55 - [MESSAGE][PASSED] - Text '1542' is set on object 'Object Repository/Pre-Salary/Filters/Drivers Dropdown/driversListDropdownSearchBox'

2019-04-30 14:56:55 - [TEST_STEP][PASSED] - delay(1): Delayed 1 second(s)

2019-04-30 14:56:56 - [MESSAGE][PASSED] - Delayed 1 second(s)

2019-04-30 14:56:56 - [TEST_STEP][PASSED] - click(findTestObject("Pre-Salary/Filters/Drivers Dropdown/driversListDropdownSelectFirstDriver")): Object: 'Object Repository/Pre-Salary/Filters/Drivers Dropdown/driversListDropdownSelectFirstDriver' is clicked on

2019-04-30 14:56:57 - [MESSAGE][PASSED] - Object: 'Object Repository/Pre-Salary/Filters/Drivers Dropdown/driversListDropdownSelectFirstDriver' is clicked on

2019-04-30 14:56:57 - [TEST_STEP][PASSED] - delay(1): Delayed 1 second(s)

2019-04-30 14:56:58 - [MESSAGE][PASSED] - Delayed 1 second(s)

2019-04-30 14:56:58 - [TEST_STEP][PASSED] - click(findTestObject("Pre-Salary/Data Status/importButton")): Object: 'Object Repository/Pre-Salary/Data Status/importButton' is clicked on

2019-04-30 14:56:58 - [MESSAGE][PASSED] - Object: 'Object Repository/Pre-Salary/Data Status/importButton' is clicked on

2019-04-30 14:56:58 - [TEST_STEP][PASSED] - delay(1): Delayed 1 second(s)

2019-04-30 14:56:59 - [MESSAGE][PASSED] - Delayed 1 second(s)

2019-04-30 14:56:59 - [TEST_STEP][PASSED] - try: Object: 'Object Repository/Pre-Salary/Calculation Summary/firstDriverInCalculationSummeryTable' is double clicked on

2019-04-30 14:56:59 - [TEST_STEP][PASSED] - waitForElementPresent(findTestObject("Pre-Salary/Calculation Summary/firstDriverInCalculationSummeryTable"), 20): Object 'Object Repository/Pre-Salary/Calculation Summary/firstDriverInCalculationSummeryTable' is present

2019-04-30 14:57:12 - [MESSAGE][PASSED] - Object 'Object Repository/Pre-Salary/Calculation Summary/firstDriverInCalculationSummeryTable' is present

2019-04-30 14:57:12 - [TEST_STEP][PASSED] - doubleClick(findTestObject("Pre-Salary/Calculation Summary/firstDriverInCalculationSummeryTable")): Object: 'Object Repository/Pre-Salary/Calculation Summary/firstDriverInCalculationSummeryTable' is double clicked on

2019-04-30 14:57:12 - [MESSAGE][PASSED] - Object: 'Object Repository/Pre-Salary/Calculation Summary/firstDriverInCalculationSummeryTable' is double clicked on

2019-04-30 14:57:12 - [TEST_STEP][PASSED] - waitForElementPresent(findTestObject("Pre-Salary/Employee Details/driversReportTable"), 20): Object 'Object Repository/Pre-Salary/Employee Details/driversReportTable' is present

2019-04-30 14:57:14 - [MESSAGE][PASSED] - Object 'Object Repository/Pre-Salary/Employee Details/driversReportTable' is present

2019-04-30 14:57:14 - [TEST_STEP][PASSED] - waitForElementPresent(findTestObject("Pre-Salary/Employee Details/driversReportTable"), 20): Object 'Object Repository/Pre-Salary/Employee Details/driversReportTable' is present

2019-04-30 14:57:14 - [MESSAGE][PASSED] - Object 'Object Repository/Pre-Salary/Employee Details/driversReportTable' is present

2019-04-30 14:57:14 - [TEST_STEP][PASSED] - verifyElementPresent(findTestObject("Pre-Salary/Employee Details/driversReportTable"), 2): Object 'Object Repository/Pre-Salary/Employee Details/driversReportTable' is present

2019-04-30 14:57:14 - [MESSAGE][PASSED] - Object 'Object Repository/Pre-Salary/Employee Details/driversReportTable' is present

2019-04-30 14:57:14 - [TEST_STEP][PASSED] - verifyElementPresent(findTestObject("Pre-Salary/Employee Details/driversCodeId_InDriversReportTableHeader"), 2): Object 'Object Repository/Pre-Salary/Employee Details/driversCodeId_InDriversReportTableHeader' is present

2019-04-30 14:57:14 - [MESSAGE][PASSED] - Object 'Object Repository/Pre-Salary/Employee Details/driversCodeId_InDriversReportTableHeader' is present

2019-04-30 14:57:14 - [TEST_STEP][PASSED] - driverCodeFromReport = getText(findTestObject("Pre-Salary/Employee Details/driversCodeId_InDriversReportTableHeader")): Text of object 'Object Repository/Pre-Salary/Employee Details/driversCodeId_InDriversReportTableHeader' is: '1542'

2019-04-30 14:57:14 - [MESSAGE][PASSED] - Text of object 'Object Repository/Pre-Salary/Employee Details/driversCodeId_InDriversReportTableHeader' is: '1542'

2019-04-30 14:57:14 - [TEST_STEP][PASSED] - if (driverCodeFromReport != driver_Id && !(driverCodeFromReport.contains(driver_Id))): null

2019-04-30 14:57:14 - [TEST_STEP][PASSED] - waitForElementPresent(findTestObject("Pre-Salary/Employee Details/rightSideTable"), 10): Object 'Object Repository/Pre-Salary/Employee Details/rightSideTable' is present

2019-04-30 14:57:14 - [MESSAGE][PASSED] - Object 'Object Repository/Pre-Salary/Employee Details/rightSideTable' is present

2019-04-30 14:57:14 - [TEST_STEP][PASSED] - verifyElementPresent(findTestObject("Pre-Salary/Employee Details/rightSideTable"), 2): Object 'Object Repository/Pre-Salary/Employee Details/rightSideTable' is present

2019-04-30 14:57:14 - [MESSAGE][PASSED] - Object 'Object Repository/Pre-Salary/Employee Details/rightSideTable' is present

2019-04-30 14:57:14 - [TEST_STEP][PASSED] - waitForElementPresent(findTestObject("Pre-Salary/Employee Details/rightSideTableDriversId"), 10): Object 'Object Repository/Pre-Salary/Employee Details/rightSideTableDriversId' is present

2019-04-30 14:57:14 - [MESSAGE][PASSED] - Object 'Object Repository/Pre-Salary/Employee Details/rightSideTableDriversId' is present

2019-04-30 14:57:14 - [TEST_STEP][PASSED] - verifyElementPresent(findTestObject("Pre-Salary/Employee Details/rightSideTableDriversId"), 2): Object 'Object Repository/Pre-Salary/Employee Details/rightSideTableDriversId' is present

2019-04-30 14:57:14 - [MESSAGE][PASSED] - Object 'Object Repository/Pre-Salary/Employee Details/rightSideTableDriversId' is present

2019-04-30 14:57:14 - [TEST_STEP][PASSED] - driversCodeFromRightSideTable = getText(findTestObject("Pre-Salary/Employee Details/rightSideTableDriversId")): Text of object 'Object Repository/Pre-Salary/Employee Details/rightSideTableDriversId' is: '1542'

2019-04-30 14:57:14 - [MESSAGE][PASSED] - Text of object 'Object Repository/Pre-Salary/Employee Details/rightSideTableDriversId' is: '1542'

2019-04-30 14:57:14 - [TEST_STEP][PASSED] - if (!(driversCodeFromRightSideTable.contains(driver_Id))): null

2019-04-30 14:57:14 - [TEST_STEP][PASSED] - closeBrowser(): Browser is closed

2019-04-30 14:57:15 - [MESSAGE][PASSED] - Browser is closed]]></system-out>
         <system-err><![CDATA[]]></system-err>
      </testcase>
      <testcase name="Test Cases/Pre-Salary/One Driver Calc" classname="Test Cases/Pre-Salary/One Driver Calc" status="PASSED">
         <system-out><![CDATA[2019-04-30 14:57:15 - [TEST_CASE][PASSED] - Test Cases/Pre-Salary/One Driver Calc: Test Cases/Pre-Salary/One Driver Calc

2019-04-30 14:57:15 - [TEST_STEP][PASSED] - login.c_login.logIn(site, userName, userPass): login.c_login.logIn is PASSED

2019-04-30 14:57:15 - [MESSAGE][INFO] - Starting 'Chrome' driver

2019-04-30 14:57:26 - [MESSAGE][PASSED] - Browser is opened with url: 'eggedh.ebstage.y-it.co.il'

2019-04-30 14:57:27 - [MESSAGE][PASSED] - Current window maximized

2019-04-30 14:57:27 - [MESSAGE][PASSED] - Text 'admin' is set on object 'Object Repository/Y-IT Log In/input_ _userName'

2019-04-30 14:57:27 - [MESSAGE][PASSED] - Text ****** has been set on object 'Object Repository/Y-IT Log In/input_ _password'

2019-04-30 14:57:28 - [MESSAGE][PASSED] - Object: 'Object Repository/Y-IT Log In/input_  _submit' is clicked on

2019-04-30 14:57:28 - [MESSAGE][PASSED] - login.c_login.logIn is PASSED

2019-04-30 14:57:28 - [TEST_STEP][PASSED] - date = new java.util.Date(): null

2019-04-30 14:57:28 - [TEST_STEP][PASSED] - cal = Calendar.getInstance(): null

2019-04-30 14:57:28 - [TEST_STEP][PASSED] - cal.setTime(date): null

2019-04-30 14:57:28 - [TEST_STEP][PASSED] - month = cal.get(MONTH) + 1: null

2019-04-30 14:57:28 - [TEST_STEP][PASSED] - year = cal.get(YEAR): null

2019-04-30 14:57:28 - [TEST_STEP][PASSED] - dayStr = "01": null

2019-04-30 14:57:28 - [TEST_STEP][PASSED] - monthStr = "": null

2019-04-30 14:57:28 - [TEST_STEP][PASSED] - yearStr = year.toString(): null

2019-04-30 14:57:28 - [TEST_STEP][PASSED] - if (month < 10): null

2019-04-30 14:57:28 - [TEST_STEP][PASSED] - monthStr = "0" + month.toString(): null

2019-04-30 14:57:28 - [TEST_STEP][PASSED] - fullDate = dayStr + monthStr + yearStr: null

2019-04-30 14:57:28 - [TEST_STEP][PASSED] - delay(1): Delayed 1 second(s)

2019-04-30 14:57:29 - [MESSAGE][PASSED] - Delayed 1 second(s)

2019-04-30 14:57:29 - [TEST_STEP][PASSED] - waitForElementPresent(findTestObject("General/mainEmptyBackground"), 15): Object 'Object Repository/General/mainEmptyBackground' is present

2019-04-30 14:57:30 - [MESSAGE][PASSED] - Object 'Object Repository/General/mainEmptyBackground' is present

2019-04-30 14:57:30 - [TEST_STEP][PASSED] - isPreSalaryTabOpen = waitForElementPresent(findTestObject("Pre-Salary/preSalaryTab"), 5): Object 'Object Repository/Pre-Salary/preSalaryTab' is present

2019-04-30 14:57:30 - [MESSAGE][PASSED] - Object 'Object Repository/Pre-Salary/preSalaryTab' is present

2019-04-30 14:57:30 - [TEST_STEP][PASSED] - if (!(isPreSalaryTabOpen)): null

2019-04-30 14:57:30 - [TEST_STEP][PASSED] - waitForElementNotPresent(findTestObject("General/loadingBar"), 30): Web element with id: 'Object Repository/General/loadingBar' located by 'By.cssSelector: div[class="bar"][style~="width:"]' is not present after '30' second(s)

2019-04-30 14:57:37 - [MESSAGE][PASSED] - Web element with id: 'Object Repository/General/loadingBar' located by 'By.cssSelector: div[class="bar"][style~="width:"]' is not present after '30' second(s)

2019-04-30 14:57:37 - [TEST_STEP][PASSED] - waitForElementNotPresent(findTestObject("Pre-Salary/Filters/Drivers Dropdown/isLoadingDropdown"), 15): Web element with id: 'Object Repository/Pre-Salary/Filters/Drivers Dropdown/isLoadingDropdown' located by 'By.cssSelector: div[id="preSalaryview"] > div:nth-of-type(2) > div:nth-of-type(1) > div:nth-of-type(2) > div:nth-of-type(1) > div:nth-of-type(5) > div:nth-of-type(1) > div:nth-of-type(1) > span:nth-of-type(1) > span:nth-of-type(1) > span:nth-of-type(2) > span:nth-of-type(1)[class="k-icon k-i-arrow-60-down k-i-loading"]' is not present after '15' second(s)

2019-04-30 14:57:37 - [MESSAGE][PASSED] - Web element with id: 'Object Repository/Pre-Salary/Filters/Drivers Dropdown/isLoadingDropdown' located by 'By.cssSelector: div[id="preSalaryview"] > div:nth-of-type(2) > div:nth-of-type(1) > div:nth-of-type(2) > div:nth-of-type(1) > div:nth-of-type(5) > div:nth-of-type(1) > div:nth-of-type(1) > span:nth-of-type(1) > span:nth-of-type(1) > span:nth-of-type(2) > span:nth-of-type(1)[class="k-icon k-i-arrow-60-down k-i-loading"]' is not present after '15' second(s)

2019-04-30 14:57:37 - [TEST_STEP][PASSED] - waitForElementPresent(findTestObject("Pre-Salary/Filters/Date Picker Start/datePickerInputField"), 15): Object 'Object Repository/Pre-Salary/Filters/Date Picker Start/datePickerInputField' is present

2019-04-30 14:57:37 - [MESSAGE][PASSED] - Object 'Object Repository/Pre-Salary/Filters/Date Picker Start/datePickerInputField' is present

2019-04-30 14:57:37 - [TEST_STEP][PASSED] - delay(5): Delayed 5 second(s)

2019-04-30 14:57:42 - [MESSAGE][PASSED] - Delayed 5 second(s)

2019-04-30 14:57:42 - [TEST_STEP][PASSED] - click(findTestObject("Pre-Salary/Filters/Date Picker Start/datePickerInputField")): Object: 'Object Repository/Pre-Salary/Filters/Date Picker Start/datePickerInputField' is clicked on

2019-04-30 14:57:42 - [MESSAGE][PASSED] - Object: 'Object Repository/Pre-Salary/Filters/Date Picker Start/datePickerInputField' is clicked on

2019-04-30 14:57:42 - [TEST_STEP][PASSED] - delay(1): Delayed 1 second(s)

2019-04-30 14:57:43 - [MESSAGE][PASSED] - Delayed 1 second(s)

2019-04-30 14:57:43 - [TEST_STEP][PASSED] - setText(findTestObject("Pre-Salary/Filters/Date Picker Start/datePickerInputField"), ""): Text '' is set on object 'Object Repository/Pre-Salary/Filters/Date Picker Start/datePickerInputField'

2019-04-30 14:57:43 - [MESSAGE][PASSED] - Text '' is set on object 'Object Repository/Pre-Salary/Filters/Date Picker Start/datePickerInputField'

2019-04-30 14:57:43 - [TEST_STEP][PASSED] - delay(1): Delayed 1 second(s)

2019-04-30 14:57:44 - [MESSAGE][PASSED] - Delayed 1 second(s)

2019-04-30 14:57:44 - [TEST_STEP][PASSED] - setText(findTestObject("Pre-Salary/Filters/Date Picker Start/datePickerInputField"), fullDate): Text '01042019' is set on object 'Object Repository/Pre-Salary/Filters/Date Picker Start/datePickerInputField'

2019-04-30 14:57:44 - [MESSAGE][PASSED] - Text '01042019' is set on object 'Object Repository/Pre-Salary/Filters/Date Picker Start/datePickerInputField'

2019-04-30 14:57:44 - [TEST_STEP][PASSED] - waitForElementPresent(findTestObject("Pre-Salary/Filters/Date Picker Start/datePickerInputField"), 15): Object 'Object Repository/Pre-Salary/Filters/Date Picker Start/datePickerInputField' is present

2019-04-30 14:57:44 - [MESSAGE][PASSED] - Object 'Object Repository/Pre-Salary/Filters/Date Picker Start/datePickerInputField' is present

2019-04-30 14:57:44 - [TEST_STEP][PASSED] - waitForElementNotPresent(findTestObject("Pre-Salary/Filters/Drivers Dropdown/isLoadingDropdown"), 15): Web element with id: 'Object Repository/Pre-Salary/Filters/Drivers Dropdown/isLoadingDropdown' located by 'By.cssSelector: div[id="preSalaryview"] > div:nth-of-type(2) > div:nth-of-type(1) > div:nth-of-type(2) > div:nth-of-type(1) > div:nth-of-type(5) > div:nth-of-type(1) > div:nth-of-type(1) > span:nth-of-type(1) > span:nth-of-type(1) > span:nth-of-type(2) > span:nth-of-type(1)[class="k-icon k-i-arrow-60-down k-i-loading"]' is not present after '15' second(s)

2019-04-30 14:57:44 - [MESSAGE][PASSED] - Web element with id: 'Object Repository/Pre-Salary/Filters/Drivers Dropdown/isLoadingDropdown' located by 'By.cssSelector: div[id="preSalaryview"] > div:nth-of-type(2) > div:nth-of-type(1) > div:nth-of-type(2) > div:nth-of-type(1) > div:nth-of-type(5) > div:nth-of-type(1) > div:nth-of-type(1) > span:nth-of-type(1) > span:nth-of-type(1) > span:nth-of-type(2) > span:nth-of-type(1)[class="k-icon k-i-arrow-60-down k-i-loading"]' is not present after '15' second(s)

2019-04-30 14:57:44 - [TEST_STEP][PASSED] - delay(1): Delayed 1 second(s)

2019-04-30 14:57:45 - [MESSAGE][PASSED] - Delayed 1 second(s)

2019-04-30 14:57:45 - [TEST_STEP][PASSED] - try: Object: 'Object Repository/Pre-Salary/Filters/Drivers Dropdown/driversListDropdownOpen' is clicked on

2019-04-30 14:57:45 - [TEST_STEP][PASSED] - click(findTestObject("Pre-Salary/Filters/Drivers Dropdown/driversListDropdownOpen")): Object: 'Object Repository/Pre-Salary/Filters/Drivers Dropdown/driversListDropdownOpen' is clicked on

2019-04-30 14:57:46 - [MESSAGE][PASSED] - Object: 'Object Repository/Pre-Salary/Filters/Drivers Dropdown/driversListDropdownOpen' is clicked on

2019-04-30 14:57:46 - [TEST_STEP][PASSED] - delay(1): Delayed 1 second(s)

2019-04-30 14:57:47 - [MESSAGE][PASSED] - Delayed 1 second(s)

2019-04-30 14:57:47 - [TEST_STEP][PASSED] - try: Text '10193' is set on object 'Object Repository/Pre-Salary/Filters/Drivers Dropdown/driversListDropdownSearchBox'

2019-04-30 14:57:47 - [TEST_STEP][PASSED] - setText(findTestObject("Pre-Salary/Filters/Drivers Dropdown/driversListDropdownSearchBox"), driver_Id): Text '10193' is set on object 'Object Repository/Pre-Salary/Filters/Drivers Dropdown/driversListDropdownSearchBox'

2019-04-30 14:57:47 - [MESSAGE][PASSED] - Text '10193' is set on object 'Object Repository/Pre-Salary/Filters/Drivers Dropdown/driversListDropdownSearchBox'

2019-04-30 14:57:47 - [TEST_STEP][PASSED] - delay(1): Delayed 1 second(s)

2019-04-30 14:57:48 - [MESSAGE][PASSED] - Delayed 1 second(s)

2019-04-30 14:57:48 - [TEST_STEP][PASSED] - click(findTestObject("Pre-Salary/Filters/Drivers Dropdown/driversListDropdownSelectFirstDriver")): Object: 'Object Repository/Pre-Salary/Filters/Drivers Dropdown/driversListDropdownSelectFirstDriver' is clicked on

2019-04-30 14:57:48 - [MESSAGE][PASSED] - Object: 'Object Repository/Pre-Salary/Filters/Drivers Dropdown/driversListDropdownSelectFirstDriver' is clicked on

2019-04-30 14:57:48 - [TEST_STEP][PASSED] - delay(1): Delayed 1 second(s)

2019-04-30 14:57:49 - [MESSAGE][PASSED] - Delayed 1 second(s)

2019-04-30 14:57:49 - [TEST_STEP][PASSED] - click(findTestObject("Pre-Salary/Data Status/importButton")): Object: 'Object Repository/Pre-Salary/Data Status/importButton' is clicked on

2019-04-30 14:57:49 - [MESSAGE][PASSED] - Object: 'Object Repository/Pre-Salary/Data Status/importButton' is clicked on

2019-04-30 14:57:49 - [TEST_STEP][PASSED] - delay(1): Delayed 1 second(s)

2019-04-30 14:57:50 - [MESSAGE][PASSED] - Delayed 1 second(s)

2019-04-30 14:57:50 - [TEST_STEP][PASSED] - try: Object: 'Object Repository/Pre-Salary/Calculation Summary/firstDriverInCalculationSummeryTable' is double clicked on

2019-04-30 14:57:50 - [TEST_STEP][PASSED] - waitForElementPresent(findTestObject("Pre-Salary/Calculation Summary/firstDriverInCalculationSummeryTable"), 20): Object 'Object Repository/Pre-Salary/Calculation Summary/firstDriverInCalculationSummeryTable' is present

2019-04-30 14:58:07 - [MESSAGE][PASSED] - Object 'Object Repository/Pre-Salary/Calculation Summary/firstDriverInCalculationSummeryTable' is present

2019-04-30 14:58:07 - [TEST_STEP][PASSED] - doubleClick(findTestObject("Pre-Salary/Calculation Summary/firstDriverInCalculationSummeryTable")): Object: 'Object Repository/Pre-Salary/Calculation Summary/firstDriverInCalculationSummeryTable' is double clicked on

2019-04-30 14:58:07 - [MESSAGE][PASSED] - Object: 'Object Repository/Pre-Salary/Calculation Summary/firstDriverInCalculationSummeryTable' is double clicked on

2019-04-30 14:58:07 - [TEST_STEP][PASSED] - waitForElementPresent(findTestObject("Pre-Salary/Employee Details/driversReportTable"), 20): Object 'Object Repository/Pre-Salary/Employee Details/driversReportTable' is present

2019-04-30 14:58:09 - [MESSAGE][PASSED] - Object 'Object Repository/Pre-Salary/Employee Details/driversReportTable' is present

2019-04-30 14:58:09 - [TEST_STEP][PASSED] - waitForElementPresent(findTestObject("Pre-Salary/Employee Details/driversReportTable"), 20): Object 'Object Repository/Pre-Salary/Employee Details/driversReportTable' is present

2019-04-30 14:58:09 - [MESSAGE][PASSED] - Object 'Object Repository/Pre-Salary/Employee Details/driversReportTable' is present

2019-04-30 14:58:09 - [TEST_STEP][PASSED] - verifyElementPresent(findTestObject("Pre-Salary/Employee Details/driversReportTable"), 2): Object 'Object Repository/Pre-Salary/Employee Details/driversReportTable' is present

2019-04-30 14:58:09 - [MESSAGE][PASSED] - Object 'Object Repository/Pre-Salary/Employee Details/driversReportTable' is present

2019-04-30 14:58:09 - [TEST_STEP][PASSED] - verifyElementPresent(findTestObject("Pre-Salary/Employee Details/driversCodeId_InDriversReportTableHeader"), 2): Object 'Object Repository/Pre-Salary/Employee Details/driversCodeId_InDriversReportTableHeader' is present

2019-04-30 14:58:09 - [MESSAGE][PASSED] - Object 'Object Repository/Pre-Salary/Employee Details/driversCodeId_InDriversReportTableHeader' is present

2019-04-30 14:58:09 - [TEST_STEP][PASSED] - driverCodeFromReport = getText(findTestObject("Pre-Salary/Employee Details/driversCodeId_InDriversReportTableHeader")): Text of object 'Object Repository/Pre-Salary/Employee Details/driversCodeId_InDriversReportTableHeader' is: '10193'

2019-04-30 14:58:09 - [MESSAGE][PASSED] - Text of object 'Object Repository/Pre-Salary/Employee Details/driversCodeId_InDriversReportTableHeader' is: '10193'

2019-04-30 14:58:09 - [TEST_STEP][PASSED] - if (driverCodeFromReport != driver_Id && !(driverCodeFromReport.contains(driver_Id))): null

2019-04-30 14:58:09 - [TEST_STEP][PASSED] - waitForElementPresent(findTestObject("Pre-Salary/Employee Details/rightSideTable"), 10): Object 'Object Repository/Pre-Salary/Employee Details/rightSideTable' is present

2019-04-30 14:58:09 - [MESSAGE][PASSED] - Object 'Object Repository/Pre-Salary/Employee Details/rightSideTable' is present

2019-04-30 14:58:09 - [TEST_STEP][PASSED] - verifyElementPresent(findTestObject("Pre-Salary/Employee Details/rightSideTable"), 2): Object 'Object Repository/Pre-Salary/Employee Details/rightSideTable' is present

2019-04-30 14:58:09 - [MESSAGE][PASSED] - Object 'Object Repository/Pre-Salary/Employee Details/rightSideTable' is present

2019-04-30 14:58:09 - [TEST_STEP][PASSED] - waitForElementPresent(findTestObject("Pre-Salary/Employee Details/rightSideTableDriversId"), 10): Object 'Object Repository/Pre-Salary/Employee Details/rightSideTableDriversId' is present

2019-04-30 14:58:09 - [MESSAGE][PASSED] - Object 'Object Repository/Pre-Salary/Employee Details/rightSideTableDriversId' is present

2019-04-30 14:58:09 - [TEST_STEP][PASSED] - verifyElementPresent(findTestObject("Pre-Salary/Employee Details/rightSideTableDriversId"), 2): Object 'Object Repository/Pre-Salary/Employee Details/rightSideTableDriversId' is present

2019-04-30 14:58:09 - [MESSAGE][PASSED] - Object 'Object Repository/Pre-Salary/Employee Details/rightSideTableDriversId' is present

2019-04-30 14:58:09 - [TEST_STEP][PASSED] - driversCodeFromRightSideTable = getText(findTestObject("Pre-Salary/Employee Details/rightSideTableDriversId")): Text of object 'Object Repository/Pre-Salary/Employee Details/rightSideTableDriversId' is: '10193'

2019-04-30 14:58:09 - [MESSAGE][PASSED] - Text of object 'Object Repository/Pre-Salary/Employee Details/rightSideTableDriversId' is: '10193'

2019-04-30 14:58:09 - [TEST_STEP][PASSED] - if (!(driversCodeFromRightSideTable.contains(driver_Id))): null

2019-04-30 14:58:09 - [TEST_STEP][PASSED] - closeBrowser(): Browser is closed

2019-04-30 14:58:10 - [MESSAGE][PASSED] - Browser is closed]]></system-out>
         <system-err><![CDATA[]]></system-err>
      </testcase>
      <testcase name="Test Cases/Pre-Salary/One Driver Calc" classname="Test Cases/Pre-Salary/One Driver Calc" status="PASSED">
         <system-out><![CDATA[2019-04-30 14:58:10 - [TEST_CASE][PASSED] - Test Cases/Pre-Salary/One Driver Calc: Test Cases/Pre-Salary/One Driver Calc

2019-04-30 14:58:10 - [TEST_STEP][PASSED] - login.c_login.logIn(site, userName, userPass): login.c_login.logIn is PASSED

2019-04-30 14:58:10 - [MESSAGE][INFO] - Starting 'Chrome' driver

2019-04-30 14:58:21 - [MESSAGE][PASSED] - Browser is opened with url: 'yulzari.ebstage.y-it.co.il'

2019-04-30 14:58:22 - [MESSAGE][PASSED] - Current window maximized

2019-04-30 14:58:22 - [MESSAGE][PASSED] - Text 'admin' is set on object 'Object Repository/Y-IT Log In/input_ _userName'

2019-04-30 14:58:22 - [MESSAGE][PASSED] - Text ****** has been set on object 'Object Repository/Y-IT Log In/input_ _password'

2019-04-30 14:58:22 - [MESSAGE][PASSED] - Object: 'Object Repository/Y-IT Log In/input_  _submit' is clicked on

2019-04-30 14:58:22 - [MESSAGE][PASSED] - login.c_login.logIn is PASSED

2019-04-30 14:58:22 - [TEST_STEP][PASSED] - date = new java.util.Date(): null

2019-04-30 14:58:22 - [TEST_STEP][PASSED] - cal = Calendar.getInstance(): null

2019-04-30 14:58:22 - [TEST_STEP][PASSED] - cal.setTime(date): null

2019-04-30 14:58:22 - [TEST_STEP][PASSED] - month = cal.get(MONTH) + 1: null

2019-04-30 14:58:22 - [TEST_STEP][PASSED] - year = cal.get(YEAR): null

2019-04-30 14:58:22 - [TEST_STEP][PASSED] - dayStr = "01": null

2019-04-30 14:58:22 - [TEST_STEP][PASSED] - monthStr = "": null

2019-04-30 14:58:22 - [TEST_STEP][PASSED] - yearStr = year.toString(): null

2019-04-30 14:58:22 - [TEST_STEP][PASSED] - if (month < 10): null

2019-04-30 14:58:22 - [TEST_STEP][PASSED] - monthStr = "0" + month.toString(): null

2019-04-30 14:58:22 - [TEST_STEP][PASSED] - fullDate = dayStr + monthStr + yearStr: null

2019-04-30 14:58:22 - [TEST_STEP][PASSED] - delay(1): Delayed 1 second(s)

2019-04-30 14:58:23 - [MESSAGE][PASSED] - Delayed 1 second(s)

2019-04-30 14:58:23 - [TEST_STEP][PASSED] - waitForElementPresent(findTestObject("General/mainEmptyBackground"), 15): Object 'Object Repository/General/mainEmptyBackground' is present

2019-04-30 14:58:24 - [MESSAGE][PASSED] - Object 'Object Repository/General/mainEmptyBackground' is present

2019-04-30 14:58:24 - [TEST_STEP][PASSED] - isPreSalaryTabOpen = waitForElementPresent(findTestObject("Pre-Salary/preSalaryTab"), 5): Object 'Object Repository/Pre-Salary/preSalaryTab' is present

2019-04-30 14:58:25 - [MESSAGE][PASSED] - Object 'Object Repository/Pre-Salary/preSalaryTab' is present

2019-04-30 14:58:25 - [TEST_STEP][PASSED] - if (!(isPreSalaryTabOpen)): null

2019-04-30 14:58:25 - [TEST_STEP][PASSED] - waitForElementNotPresent(findTestObject("General/loadingBar"), 30): Web element with id: 'Object Repository/General/loadingBar' located by 'By.cssSelector: div[class="bar"][style~="width:"]' is not present after '30' second(s)

2019-04-30 14:58:31 - [MESSAGE][PASSED] - Web element with id: 'Object Repository/General/loadingBar' located by 'By.cssSelector: div[class="bar"][style~="width:"]' is not present after '30' second(s)

2019-04-30 14:58:31 - [TEST_STEP][PASSED] - waitForElementNotPresent(findTestObject("Pre-Salary/Filters/Drivers Dropdown/isLoadingDropdown"), 15): Web element with id: 'Object Repository/Pre-Salary/Filters/Drivers Dropdown/isLoadingDropdown' located by 'By.cssSelector: div[id="preSalaryview"] > div:nth-of-type(2) > div:nth-of-type(1) > div:nth-of-type(2) > div:nth-of-type(1) > div:nth-of-type(5) > div:nth-of-type(1) > div:nth-of-type(1) > span:nth-of-type(1) > span:nth-of-type(1) > span:nth-of-type(2) > span:nth-of-type(1)[class="k-icon k-i-arrow-60-down k-i-loading"]' is not present after '15' second(s)

2019-04-30 14:58:31 - [MESSAGE][PASSED] - Web element with id: 'Object Repository/Pre-Salary/Filters/Drivers Dropdown/isLoadingDropdown' located by 'By.cssSelector: div[id="preSalaryview"] > div:nth-of-type(2) > div:nth-of-type(1) > div:nth-of-type(2) > div:nth-of-type(1) > div:nth-of-type(5) > div:nth-of-type(1) > div:nth-of-type(1) > span:nth-of-type(1) > span:nth-of-type(1) > span:nth-of-type(2) > span:nth-of-type(1)[class="k-icon k-i-arrow-60-down k-i-loading"]' is not present after '15' second(s)

2019-04-30 14:58:31 - [TEST_STEP][PASSED] - waitForElementPresent(findTestObject("Pre-Salary/Filters/Date Picker Start/datePickerInputField"), 15): Object 'Object Repository/Pre-Salary/Filters/Date Picker Start/datePickerInputField' is present

2019-04-30 14:58:31 - [MESSAGE][PASSED] - Object 'Object Repository/Pre-Salary/Filters/Date Picker Start/datePickerInputField' is present

2019-04-30 14:58:31 - [TEST_STEP][PASSED] - delay(5): Delayed 5 second(s)

2019-04-30 14:58:36 - [MESSAGE][PASSED] - Delayed 5 second(s)

2019-04-30 14:58:36 - [TEST_STEP][PASSED] - click(findTestObject("Pre-Salary/Filters/Date Picker Start/datePickerInputField")): Object: 'Object Repository/Pre-Salary/Filters/Date Picker Start/datePickerInputField' is clicked on

2019-04-30 14:58:37 - [MESSAGE][PASSED] - Object: 'Object Repository/Pre-Salary/Filters/Date Picker Start/datePickerInputField' is clicked on

2019-04-30 14:58:37 - [TEST_STEP][PASSED] - delay(1): Delayed 1 second(s)

2019-04-30 14:58:38 - [MESSAGE][PASSED] - Delayed 1 second(s)

2019-04-30 14:58:38 - [TEST_STEP][PASSED] - setText(findTestObject("Pre-Salary/Filters/Date Picker Start/datePickerInputField"), ""): Text '' is set on object 'Object Repository/Pre-Salary/Filters/Date Picker Start/datePickerInputField'

2019-04-30 14:58:38 - [MESSAGE][PASSED] - Text '' is set on object 'Object Repository/Pre-Salary/Filters/Date Picker Start/datePickerInputField'

2019-04-30 14:58:38 - [TEST_STEP][PASSED] - delay(1): Delayed 1 second(s)

2019-04-30 14:58:39 - [MESSAGE][PASSED] - Delayed 1 second(s)

2019-04-30 14:58:39 - [TEST_STEP][PASSED] - setText(findTestObject("Pre-Salary/Filters/Date Picker Start/datePickerInputField"), fullDate): Text '01042019' is set on object 'Object Repository/Pre-Salary/Filters/Date Picker Start/datePickerInputField'

2019-04-30 14:58:39 - [MESSAGE][PASSED] - Text '01042019' is set on object 'Object Repository/Pre-Salary/Filters/Date Picker Start/datePickerInputField'

2019-04-30 14:58:39 - [TEST_STEP][PASSED] - waitForElementPresent(findTestObject("Pre-Salary/Filters/Date Picker Start/datePickerInputField"), 15): Object 'Object Repository/Pre-Salary/Filters/Date Picker Start/datePickerInputField' is present

2019-04-30 14:58:39 - [MESSAGE][PASSED] - Object 'Object Repository/Pre-Salary/Filters/Date Picker Start/datePickerInputField' is present

2019-04-30 14:58:39 - [TEST_STEP][PASSED] - waitForElementNotPresent(findTestObject("Pre-Salary/Filters/Drivers Dropdown/isLoadingDropdown"), 15): Web element with id: 'Object Repository/Pre-Salary/Filters/Drivers Dropdown/isLoadingDropdown' located by 'By.cssSelector: div[id="preSalaryview"] > div:nth-of-type(2) > div:nth-of-type(1) > div:nth-of-type(2) > div:nth-of-type(1) > div:nth-of-type(5) > div:nth-of-type(1) > div:nth-of-type(1) > span:nth-of-type(1) > span:nth-of-type(1) > span:nth-of-type(2) > span:nth-of-type(1)[class="k-icon k-i-arrow-60-down k-i-loading"]' is not present after '15' second(s)

2019-04-30 14:58:39 - [MESSAGE][PASSED] - Web element with id: 'Object Repository/Pre-Salary/Filters/Drivers Dropdown/isLoadingDropdown' located by 'By.cssSelector: div[id="preSalaryview"] > div:nth-of-type(2) > div:nth-of-type(1) > div:nth-of-type(2) > div:nth-of-type(1) > div:nth-of-type(5) > div:nth-of-type(1) > div:nth-of-type(1) > span:nth-of-type(1) > span:nth-of-type(1) > span:nth-of-type(2) > span:nth-of-type(1)[class="k-icon k-i-arrow-60-down k-i-loading"]' is not present after '15' second(s)

2019-04-30 14:58:39 - [TEST_STEP][PASSED] - delay(1): Delayed 1 second(s)

2019-04-30 14:58:40 - [MESSAGE][PASSED] - Delayed 1 second(s)

2019-04-30 14:58:40 - [TEST_STEP][PASSED] - try: Object: 'Object Repository/Pre-Salary/Filters/Drivers Dropdown/driversListDropdownOpen' is clicked on

2019-04-30 14:58:40 - [TEST_STEP][PASSED] - click(findTestObject("Pre-Salary/Filters/Drivers Dropdown/driversListDropdownOpen")): Object: 'Object Repository/Pre-Salary/Filters/Drivers Dropdown/driversListDropdownOpen' is clicked on

2019-04-30 14:58:40 - [MESSAGE][PASSED] - Object: 'Object Repository/Pre-Salary/Filters/Drivers Dropdown/driversListDropdownOpen' is clicked on

2019-04-30 14:58:40 - [TEST_STEP][PASSED] - delay(1): Delayed 1 second(s)

2019-04-30 14:58:41 - [MESSAGE][PASSED] - Delayed 1 second(s)

2019-04-30 14:58:41 - [TEST_STEP][PASSED] - try: Text '344' is set on object 'Object Repository/Pre-Salary/Filters/Drivers Dropdown/driversListDropdownSearchBox'

2019-04-30 14:58:41 - [TEST_STEP][PASSED] - setText(findTestObject("Pre-Salary/Filters/Drivers Dropdown/driversListDropdownSearchBox"), driver_Id): Text '344' is set on object 'Object Repository/Pre-Salary/Filters/Drivers Dropdown/driversListDropdownSearchBox'

2019-04-30 14:58:41 - [MESSAGE][PASSED] - Text '344' is set on object 'Object Repository/Pre-Salary/Filters/Drivers Dropdown/driversListDropdownSearchBox'

2019-04-30 14:58:41 - [TEST_STEP][PASSED] - delay(1): Delayed 1 second(s)

2019-04-30 14:58:42 - [MESSAGE][PASSED] - Delayed 1 second(s)

2019-04-30 14:58:42 - [TEST_STEP][PASSED] - click(findTestObject("Pre-Salary/Filters/Drivers Dropdown/driversListDropdownSelectFirstDriver")): Object: 'Object Repository/Pre-Salary/Filters/Drivers Dropdown/driversListDropdownSelectFirstDriver' is clicked on

2019-04-30 14:58:42 - [MESSAGE][PASSED] - Object: 'Object Repository/Pre-Salary/Filters/Drivers Dropdown/driversListDropdownSelectFirstDriver' is clicked on

2019-04-30 14:58:42 - [TEST_STEP][PASSED] - delay(1): Delayed 1 second(s)

2019-04-30 14:58:43 - [MESSAGE][PASSED] - Delayed 1 second(s)

2019-04-30 14:58:43 - [TEST_STEP][PASSED] - click(findTestObject("Pre-Salary/Data Status/importButton")): Object: 'Object Repository/Pre-Salary/Data Status/importButton' is clicked on

2019-04-30 14:58:44 - [MESSAGE][PASSED] - Object: 'Object Repository/Pre-Salary/Data Status/importButton' is clicked on

2019-04-30 14:58:44 - [TEST_STEP][PASSED] - delay(1): Delayed 1 second(s)

2019-04-30 14:58:45 - [MESSAGE][PASSED] - Delayed 1 second(s)

2019-04-30 14:58:45 - [TEST_STEP][FAILED] - try: Unable to double click on object 'Object Repository/Pre-Salary/Calculation Summary/firstDriverInCalculationSummeryTable'

2019-04-30 14:58:45 - [TEST_STEP][PASSED] - waitForElementPresent(findTestObject("Pre-Salary/Calculation Summary/firstDriverInCalculationSummeryTable"), 20): Object 'Object Repository/Pre-Salary/Calculation Summary/firstDriverInCalculationSummeryTable' is not present after 20 second(s)

2019-04-30 14:59:05 - [MESSAGE][INFO] - Unable to find the element located by 'By.cssSelector: div[id="preSalaryview"] > div:nth-of-type(2) > div:nth-of-type(2) > div:nth-of-type(3) > div:nth-of-type(1) > div:nth-of-type(2)  > div:nth-of-type(1)  > div:nth-of-type(2) > table > tbody > tr:nth-of-type(1)'. Please recheck the objects properties to make sure the desired element is located. 

2019-04-30 14:59:05 - [MESSAGE][WARNING] - Object 'Object Repository/Pre-Salary/Calculation Summary/firstDriverInCalculationSummeryTable' is not present after 20 second(s)

2019-04-30 14:59:05 - [TEST_STEP][FAILED] - doubleClick(findTestObject("Pre-Salary/Calculation Summary/firstDriverInCalculationSummeryTable")): Unable to double click on object 'Object Repository/Pre-Salary/Calculation Summary/firstDriverInCalculationSummeryTable'

2019-04-30 14:59:21 - [MESSAGE][INFO] - Unable to find the element located by 'By.cssSelector: div[id="preSalaryview"] > div:nth-of-type(2) > div:nth-of-type(2) > div:nth-of-type(3) > div:nth-of-type(1) > div:nth-of-type(2)  > div:nth-of-type(1)  > div:nth-of-type(2) > table > tbody > tr:nth-of-type(1)'. Please recheck the objects properties to make sure the desired element is located. 

2019-04-30 14:59:21 - [MESSAGE][FAILED] - Unable to double click on object 'Object Repository/Pre-Salary/Calculation Summary/firstDriverInCalculationSummeryTable'
[[ATTACHMENT|C:\\Users\\leon.b\\git\\Y-IT_TransIT\\Reports\\Stage\\Pre Salary\\20190430_145022\\1556625561290.png]]

2019-04-30 14:59:21 - [TEST_STEP][PASSED] - catch (Exception err): Object: 'Object Repository/Pre-Salary/Calculation Summary/firstDriverInCalculationSummeryTable' is double clicked on

2019-04-30 14:59:21 - [TEST_STEP][PASSED] - waitForElementPresent(findTestObject("Pre-Salary/Calculation Summary/firstDriverInCalculationSummeryTable"), 20): Object 'Object Repository/Pre-Salary/Calculation Summary/firstDriverInCalculationSummeryTable' is present

2019-04-30 14:59:38 - [MESSAGE][PASSED] - Object 'Object Repository/Pre-Salary/Calculation Summary/firstDriverInCalculationSummeryTable' is present

2019-04-30 14:59:38 - [TEST_STEP][PASSED] - waitForElementPresent(findTestObject("Pre-Salary/Calculation Summary/firstDriverInCalculationSummeryTable"), 20): Object 'Object Repository/Pre-Salary/Calculation Summary/firstDriverInCalculationSummeryTable' is present

2019-04-30 14:59:38 - [MESSAGE][PASSED] - Object 'Object Repository/Pre-Salary/Calculation Summary/firstDriverInCalculationSummeryTable' is present

2019-04-30 14:59:38 - [TEST_STEP][PASSED] - verifyElementPresent(findTestObject("Pre-Salary/Calculation Summary/calculationSummeyTable"), 2): Object 'Object Repository/Pre-Salary/Calculation Summary/calculationSummeyTable' is present

2019-04-30 14:59:39 - [MESSAGE][PASSED] - Object 'Object Repository/Pre-Salary/Calculation Summary/calculationSummeyTable' is present

2019-04-30 14:59:39 - [TEST_STEP][PASSED] - verifyElementPresent(findTestObject("Pre-Salary/Calculation Summary/firstDriverInCalculationSummeryTable"), 2): Object 'Object Repository/Pre-Salary/Calculation Summary/firstDriverInCalculationSummeryTable' is present

2019-04-30 14:59:39 - [MESSAGE][PASSED] - Object 'Object Repository/Pre-Salary/Calculation Summary/firstDriverInCalculationSummeryTable' is present

2019-04-30 14:59:39 - [TEST_STEP][PASSED] - doubleClick(findTestObject("Pre-Salary/Calculation Summary/firstDriverInCalculationSummeryTable")): Object: 'Object Repository/Pre-Salary/Calculation Summary/firstDriverInCalculationSummeryTable' is double clicked on

2019-04-30 14:59:39 - [MESSAGE][PASSED] - Object: 'Object Repository/Pre-Salary/Calculation Summary/firstDriverInCalculationSummeryTable' is double clicked on

2019-04-30 14:59:39 - [TEST_STEP][PASSED] - waitForElementPresent(findTestObject("Pre-Salary/Employee Details/driversReportTable"), 20): Object 'Object Repository/Pre-Salary/Employee Details/driversReportTable' is present

2019-04-30 14:59:40 - [MESSAGE][PASSED] - Object 'Object Repository/Pre-Salary/Employee Details/driversReportTable' is present

2019-04-30 14:59:40 - [TEST_STEP][PASSED] - waitForElementPresent(findTestObject("Pre-Salary/Employee Details/driversReportTable"), 20): Object 'Object Repository/Pre-Salary/Employee Details/driversReportTable' is present

2019-04-30 14:59:41 - [MESSAGE][PASSED] - Object 'Object Repository/Pre-Salary/Employee Details/driversReportTable' is present

2019-04-30 14:59:41 - [TEST_STEP][PASSED] - verifyElementPresent(findTestObject("Pre-Salary/Employee Details/driversReportTable"), 2): Object 'Object Repository/Pre-Salary/Employee Details/driversReportTable' is present

2019-04-30 14:59:41 - [MESSAGE][PASSED] - Object 'Object Repository/Pre-Salary/Employee Details/driversReportTable' is present

2019-04-30 14:59:41 - [TEST_STEP][PASSED] - verifyElementPresent(findTestObject("Pre-Salary/Employee Details/driversCodeId_InDriversReportTableHeader"), 2): Object 'Object Repository/Pre-Salary/Employee Details/driversCodeId_InDriversReportTableHeader' is present

2019-04-30 14:59:41 - [MESSAGE][PASSED] - Object 'Object Repository/Pre-Salary/Employee Details/driversCodeId_InDriversReportTableHeader' is present

2019-04-30 14:59:41 - [TEST_STEP][PASSED] - driverCodeFromReport = getText(findTestObject("Pre-Salary/Employee Details/driversCodeId_InDriversReportTableHeader")): Text of object 'Object Repository/Pre-Salary/Employee Details/driversCodeId_InDriversReportTableHeader' is: '344'

2019-04-30 14:59:41 - [MESSAGE][PASSED] - Text of object 'Object Repository/Pre-Salary/Employee Details/driversCodeId_InDriversReportTableHeader' is: '344'

2019-04-30 14:59:41 - [TEST_STEP][PASSED] - if (driverCodeFromReport != driver_Id && !(driverCodeFromReport.contains(driver_Id))): null

2019-04-30 14:59:41 - [TEST_STEP][PASSED] - waitForElementPresent(findTestObject("Pre-Salary/Employee Details/rightSideTable"), 10): Object 'Object Repository/Pre-Salary/Employee Details/rightSideTable' is present

2019-04-30 14:59:41 - [MESSAGE][PASSED] - Object 'Object Repository/Pre-Salary/Employee Details/rightSideTable' is present

2019-04-30 14:59:41 - [TEST_STEP][PASSED] - verifyElementPresent(findTestObject("Pre-Salary/Employee Details/rightSideTable"), 2): Object 'Object Repository/Pre-Salary/Employee Details/rightSideTable' is present

2019-04-30 14:59:41 - [MESSAGE][PASSED] - Object 'Object Repository/Pre-Salary/Employee Details/rightSideTable' is present

2019-04-30 14:59:41 - [TEST_STEP][PASSED] - waitForElementPresent(findTestObject("Pre-Salary/Employee Details/rightSideTableDriversId"), 10): Object 'Object Repository/Pre-Salary/Employee Details/rightSideTableDriversId' is present

2019-04-30 14:59:41 - [MESSAGE][PASSED] - Object 'Object Repository/Pre-Salary/Employee Details/rightSideTableDriversId' is present

2019-04-30 14:59:41 - [TEST_STEP][PASSED] - verifyElementPresent(findTestObject("Pre-Salary/Employee Details/rightSideTableDriversId"), 2): Object 'Object Repository/Pre-Salary/Employee Details/rightSideTableDriversId' is present

2019-04-30 14:59:41 - [MESSAGE][PASSED] - Object 'Object Repository/Pre-Salary/Employee Details/rightSideTableDriversId' is present

2019-04-30 14:59:41 - [TEST_STEP][PASSED] - driversCodeFromRightSideTable = getText(findTestObject("Pre-Salary/Employee Details/rightSideTableDriversId")): Text of object 'Object Repository/Pre-Salary/Employee Details/rightSideTableDriversId' is: '344'

2019-04-30 14:59:41 - [MESSAGE][PASSED] - Text of object 'Object Repository/Pre-Salary/Employee Details/rightSideTableDriversId' is: '344'

2019-04-30 14:59:41 - [TEST_STEP][PASSED] - if (!(driversCodeFromRightSideTable.contains(driver_Id))): null

2019-04-30 14:59:41 - [TEST_STEP][PASSED] - closeBrowser(): Browser is closed

2019-04-30 14:59:42 - [MESSAGE][PASSED] - Browser is closed]]></system-out>
         <system-err><![CDATA[]]></system-err>
      </testcase>
      <testcase name="Test Cases/Pre-Salary/One Driver Calc" classname="Test Cases/Pre-Salary/One Driver Calc" status="PASSED">
         <system-out><![CDATA[2019-04-30 14:59:42 - [TEST_CASE][PASSED] - Test Cases/Pre-Salary/One Driver Calc: Test Cases/Pre-Salary/One Driver Calc

2019-04-30 14:59:42 - [TEST_STEP][PASSED] - login.c_login.logIn(site, userName, userPass): login.c_login.logIn is PASSED

2019-04-30 14:59:42 - [MESSAGE][INFO] - Starting 'Chrome' driver

2019-04-30 15:00:21 - [MESSAGE][PASSED] - Browser is opened with url: 'monisitton.ebstage.y-it.co.il'

2019-04-30 15:00:22 - [MESSAGE][PASSED] - Current window maximized

2019-04-30 15:00:22 - [MESSAGE][PASSED] - Text 'admin' is set on object 'Object Repository/Y-IT Log In/input_ _userName'

2019-04-30 15:00:23 - [MESSAGE][PASSED] - Text ****** has been set on object 'Object Repository/Y-IT Log In/input_ _password'

2019-04-30 15:00:23 - [MESSAGE][PASSED] - Object: 'Object Repository/Y-IT Log In/input_  _submit' is clicked on

2019-04-30 15:00:23 - [MESSAGE][PASSED] - login.c_login.logIn is PASSED

2019-04-30 15:00:23 - [TEST_STEP][PASSED] - date = new java.util.Date(): null

2019-04-30 15:00:23 - [TEST_STEP][PASSED] - cal = Calendar.getInstance(): null

2019-04-30 15:00:23 - [TEST_STEP][PASSED] - cal.setTime(date): null

2019-04-30 15:00:23 - [TEST_STEP][PASSED] - month = cal.get(MONTH) + 1: null

2019-04-30 15:00:23 - [TEST_STEP][PASSED] - year = cal.get(YEAR): null

2019-04-30 15:00:23 - [TEST_STEP][PASSED] - dayStr = "01": null

2019-04-30 15:00:23 - [TEST_STEP][PASSED] - monthStr = "": null

2019-04-30 15:00:23 - [TEST_STEP][PASSED] - yearStr = year.toString(): null

2019-04-30 15:00:23 - [TEST_STEP][PASSED] - if (month < 10): null

2019-04-30 15:00:23 - [TEST_STEP][PASSED] - monthStr = "0" + month.toString(): null

2019-04-30 15:00:23 - [TEST_STEP][PASSED] - fullDate = dayStr + monthStr + yearStr: null

2019-04-30 15:00:23 - [TEST_STEP][PASSED] - delay(1): Delayed 1 second(s)

2019-04-30 15:00:24 - [MESSAGE][PASSED] - Delayed 1 second(s)

2019-04-30 15:00:24 - [TEST_STEP][PASSED] - waitForElementPresent(findTestObject("General/mainEmptyBackground"), 15): Object 'Object Repository/General/mainEmptyBackground' is present

2019-04-30 15:00:27 - [MESSAGE][PASSED] - Object 'Object Repository/General/mainEmptyBackground' is present

2019-04-30 15:00:27 - [TEST_STEP][PASSED] - isPreSalaryTabOpen = waitForElementPresent(findTestObject("Pre-Salary/preSalaryTab"), 5): Object 'Object Repository/Pre-Salary/preSalaryTab' is present

2019-04-30 15:00:28 - [MESSAGE][PASSED] - Object 'Object Repository/Pre-Salary/preSalaryTab' is present

2019-04-30 15:00:28 - [TEST_STEP][PASSED] - if (!(isPreSalaryTabOpen)): null

2019-04-30 15:00:28 - [TEST_STEP][PASSED] - waitForElementNotPresent(findTestObject("General/loadingBar"), 30): Web element with id: 'Object Repository/General/loadingBar' located by 'By.cssSelector: div[class="bar"][style~="width:"]' is not present after '30' second(s)

2019-04-30 15:00:36 - [MESSAGE][PASSED] - Web element with id: 'Object Repository/General/loadingBar' located by 'By.cssSelector: div[class="bar"][style~="width:"]' is not present after '30' second(s)

2019-04-30 15:00:36 - [TEST_STEP][PASSED] - waitForElementNotPresent(findTestObject("Pre-Salary/Filters/Drivers Dropdown/isLoadingDropdown"), 15): Web element with id: 'Object Repository/Pre-Salary/Filters/Drivers Dropdown/isLoadingDropdown' located by 'By.cssSelector: div[id="preSalaryview"] > div:nth-of-type(2) > div:nth-of-type(1) > div:nth-of-type(2) > div:nth-of-type(1) > div:nth-of-type(5) > div:nth-of-type(1) > div:nth-of-type(1) > span:nth-of-type(1) > span:nth-of-type(1) > span:nth-of-type(2) > span:nth-of-type(1)[class="k-icon k-i-arrow-60-down k-i-loading"]' is not present after '15' second(s)

2019-04-30 15:00:36 - [MESSAGE][PASSED] - Web element with id: 'Object Repository/Pre-Salary/Filters/Drivers Dropdown/isLoadingDropdown' located by 'By.cssSelector: div[id="preSalaryview"] > div:nth-of-type(2) > div:nth-of-type(1) > div:nth-of-type(2) > div:nth-of-type(1) > div:nth-of-type(5) > div:nth-of-type(1) > div:nth-of-type(1) > span:nth-of-type(1) > span:nth-of-type(1) > span:nth-of-type(2) > span:nth-of-type(1)[class="k-icon k-i-arrow-60-down k-i-loading"]' is not present after '15' second(s)

2019-04-30 15:00:36 - [TEST_STEP][PASSED] - waitForElementPresent(findTestObject("Pre-Salary/Filters/Date Picker Start/datePickerInputField"), 15): Object 'Object Repository/Pre-Salary/Filters/Date Picker Start/datePickerInputField' is present

2019-04-30 15:00:36 - [MESSAGE][PASSED] - Object 'Object Repository/Pre-Salary/Filters/Date Picker Start/datePickerInputField' is present

2019-04-30 15:00:36 - [TEST_STEP][PASSED] - delay(5): Delayed 5 second(s)

2019-04-30 15:00:41 - [MESSAGE][PASSED] - Delayed 5 second(s)

2019-04-30 15:00:41 - [TEST_STEP][PASSED] - click(findTestObject("Pre-Salary/Filters/Date Picker Start/datePickerInputField")): Object: 'Object Repository/Pre-Salary/Filters/Date Picker Start/datePickerInputField' is clicked on

2019-04-30 15:00:41 - [MESSAGE][PASSED] - Object: 'Object Repository/Pre-Salary/Filters/Date Picker Start/datePickerInputField' is clicked on

2019-04-30 15:00:41 - [TEST_STEP][PASSED] - delay(1): Delayed 1 second(s)

2019-04-30 15:00:42 - [MESSAGE][PASSED] - Delayed 1 second(s)

2019-04-30 15:00:42 - [TEST_STEP][PASSED] - setText(findTestObject("Pre-Salary/Filters/Date Picker Start/datePickerInputField"), ""): Text '' is set on object 'Object Repository/Pre-Salary/Filters/Date Picker Start/datePickerInputField'

2019-04-30 15:00:43 - [MESSAGE][PASSED] - Text '' is set on object 'Object Repository/Pre-Salary/Filters/Date Picker Start/datePickerInputField'

2019-04-30 15:00:43 - [TEST_STEP][PASSED] - delay(1): Delayed 1 second(s)

2019-04-30 15:00:44 - [MESSAGE][PASSED] - Delayed 1 second(s)

2019-04-30 15:00:44 - [TEST_STEP][PASSED] - setText(findTestObject("Pre-Salary/Filters/Date Picker Start/datePickerInputField"), fullDate): Text '01042019' is set on object 'Object Repository/Pre-Salary/Filters/Date Picker Start/datePickerInputField'

2019-04-30 15:00:44 - [MESSAGE][PASSED] - Text '01042019' is set on object 'Object Repository/Pre-Salary/Filters/Date Picker Start/datePickerInputField'

2019-04-30 15:00:44 - [TEST_STEP][PASSED] - waitForElementPresent(findTestObject("Pre-Salary/Filters/Date Picker Start/datePickerInputField"), 15): Object 'Object Repository/Pre-Salary/Filters/Date Picker Start/datePickerInputField' is present

2019-04-30 15:00:44 - [MESSAGE][PASSED] - Object 'Object Repository/Pre-Salary/Filters/Date Picker Start/datePickerInputField' is present

2019-04-30 15:00:44 - [TEST_STEP][PASSED] - waitForElementNotPresent(findTestObject("Pre-Salary/Filters/Drivers Dropdown/isLoadingDropdown"), 15): Web element with id: 'Object Repository/Pre-Salary/Filters/Drivers Dropdown/isLoadingDropdown' located by 'By.cssSelector: div[id="preSalaryview"] > div:nth-of-type(2) > div:nth-of-type(1) > div:nth-of-type(2) > div:nth-of-type(1) > div:nth-of-type(5) > div:nth-of-type(1) > div:nth-of-type(1) > span:nth-of-type(1) > span:nth-of-type(1) > span:nth-of-type(2) > span:nth-of-type(1)[class="k-icon k-i-arrow-60-down k-i-loading"]' is not present after '15' second(s)

2019-04-30 15:00:44 - [MESSAGE][PASSED] - Web element with id: 'Object Repository/Pre-Salary/Filters/Drivers Dropdown/isLoadingDropdown' located by 'By.cssSelector: div[id="preSalaryview"] > div:nth-of-type(2) > div:nth-of-type(1) > div:nth-of-type(2) > div:nth-of-type(1) > div:nth-of-type(5) > div:nth-of-type(1) > div:nth-of-type(1) > span:nth-of-type(1) > span:nth-of-type(1) > span:nth-of-type(2) > span:nth-of-type(1)[class="k-icon k-i-arrow-60-down k-i-loading"]' is not present after '15' second(s)

2019-04-30 15:00:44 - [TEST_STEP][PASSED] - delay(1): Delayed 1 second(s)

2019-04-30 15:00:45 - [MESSAGE][PASSED] - Delayed 1 second(s)

2019-04-30 15:00:45 - [TEST_STEP][PASSED] - try: Object: 'Object Repository/Pre-Salary/Filters/Drivers Dropdown/driversListDropdownOpen' is clicked on

2019-04-30 15:00:45 - [TEST_STEP][PASSED] - click(findTestObject("Pre-Salary/Filters/Drivers Dropdown/driversListDropdownOpen")): Object: 'Object Repository/Pre-Salary/Filters/Drivers Dropdown/driversListDropdownOpen' is clicked on

2019-04-30 15:00:45 - [MESSAGE][PASSED] - Object: 'Object Repository/Pre-Salary/Filters/Drivers Dropdown/driversListDropdownOpen' is clicked on

2019-04-30 15:00:45 - [TEST_STEP][PASSED] - delay(1): Delayed 1 second(s)

2019-04-30 15:00:46 - [MESSAGE][PASSED] - Delayed 1 second(s)

2019-04-30 15:00:46 - [TEST_STEP][PASSED] - try: Text '1821' is set on object 'Object Repository/Pre-Salary/Filters/Drivers Dropdown/driversListDropdownSearchBox'

2019-04-30 15:00:46 - [TEST_STEP][PASSED] - setText(findTestObject("Pre-Salary/Filters/Drivers Dropdown/driversListDropdownSearchBox"), driver_Id): Text '1821' is set on object 'Object Repository/Pre-Salary/Filters/Drivers Dropdown/driversListDropdownSearchBox'

2019-04-30 15:00:46 - [MESSAGE][PASSED] - Text '1821' is set on object 'Object Repository/Pre-Salary/Filters/Drivers Dropdown/driversListDropdownSearchBox'

2019-04-30 15:00:46 - [TEST_STEP][PASSED] - delay(1): Delayed 1 second(s)

2019-04-30 15:00:47 - [MESSAGE][PASSED] - Delayed 1 second(s)

2019-04-30 15:00:47 - [TEST_STEP][PASSED] - click(findTestObject("Pre-Salary/Filters/Drivers Dropdown/driversListDropdownSelectFirstDriver")): Object: 'Object Repository/Pre-Salary/Filters/Drivers Dropdown/driversListDropdownSelectFirstDriver' is clicked on

2019-04-30 15:00:47 - [MESSAGE][PASSED] - Object: 'Object Repository/Pre-Salary/Filters/Drivers Dropdown/driversListDropdownSelectFirstDriver' is clicked on

2019-04-30 15:00:47 - [TEST_STEP][PASSED] - delay(1): Delayed 1 second(s)

2019-04-30 15:00:48 - [MESSAGE][PASSED] - Delayed 1 second(s)

2019-04-30 15:00:48 - [TEST_STEP][PASSED] - click(findTestObject("Pre-Salary/Data Status/importButton")): Object: 'Object Repository/Pre-Salary/Data Status/importButton' is clicked on

2019-04-30 15:00:49 - [MESSAGE][PASSED] - Object: 'Object Repository/Pre-Salary/Data Status/importButton' is clicked on

2019-04-30 15:00:49 - [TEST_STEP][PASSED] - delay(1): Delayed 1 second(s)

2019-04-30 15:00:50 - [MESSAGE][PASSED] - Delayed 1 second(s)

2019-04-30 15:00:50 - [TEST_STEP][PASSED] - try: Object: 'Object Repository/Pre-Salary/Calculation Summary/firstDriverInCalculationSummeryTable' is double clicked on

2019-04-30 15:00:50 - [TEST_STEP][PASSED] - waitForElementPresent(findTestObject("Pre-Salary/Calculation Summary/firstDriverInCalculationSummeryTable"), 20): Object 'Object Repository/Pre-Salary/Calculation Summary/firstDriverInCalculationSummeryTable' is not present after 20 second(s)

2019-04-30 15:01:10 - [MESSAGE][INFO] - Unable to find the element located by 'By.cssSelector: div[id="preSalaryview"] > div:nth-of-type(2) > div:nth-of-type(2) > div:nth-of-type(3) > div:nth-of-type(1) > div:nth-of-type(2)  > div:nth-of-type(1)  > div:nth-of-type(2) > table > tbody > tr:nth-of-type(1)'. Please recheck the objects properties to make sure the desired element is located. 

2019-04-30 15:01:10 - [MESSAGE][WARNING] - Object 'Object Repository/Pre-Salary/Calculation Summary/firstDriverInCalculationSummeryTable' is not present after 20 second(s)

2019-04-30 15:01:10 - [TEST_STEP][PASSED] - doubleClick(findTestObject("Pre-Salary/Calculation Summary/firstDriverInCalculationSummeryTable")): Object: 'Object Repository/Pre-Salary/Calculation Summary/firstDriverInCalculationSummeryTable' is double clicked on

2019-04-30 15:01:21 - [MESSAGE][PASSED] - Object: 'Object Repository/Pre-Salary/Calculation Summary/firstDriverInCalculationSummeryTable' is double clicked on

2019-04-30 15:01:21 - [TEST_STEP][PASSED] - waitForElementPresent(findTestObject("Pre-Salary/Employee Details/driversReportTable"), 20): Object 'Object Repository/Pre-Salary/Employee Details/driversReportTable' is present

2019-04-30 15:01:23 - [MESSAGE][PASSED] - Object 'Object Repository/Pre-Salary/Employee Details/driversReportTable' is present

2019-04-30 15:01:23 - [TEST_STEP][PASSED] - waitForElementPresent(findTestObject("Pre-Salary/Employee Details/driversReportTable"), 20): Object 'Object Repository/Pre-Salary/Employee Details/driversReportTable' is present

2019-04-30 15:01:23 - [MESSAGE][PASSED] - Object 'Object Repository/Pre-Salary/Employee Details/driversReportTable' is present

2019-04-30 15:01:23 - [TEST_STEP][PASSED] - verifyElementPresent(findTestObject("Pre-Salary/Employee Details/driversReportTable"), 2): Object 'Object Repository/Pre-Salary/Employee Details/driversReportTable' is present

2019-04-30 15:01:23 - [MESSAGE][PASSED] - Object 'Object Repository/Pre-Salary/Employee Details/driversReportTable' is present

2019-04-30 15:01:23 - [TEST_STEP][PASSED] - verifyElementPresent(findTestObject("Pre-Salary/Employee Details/driversCodeId_InDriversReportTableHeader"), 2): Object 'Object Repository/Pre-Salary/Employee Details/driversCodeId_InDriversReportTableHeader' is present

2019-04-30 15:01:23 - [MESSAGE][PASSED] - Object 'Object Repository/Pre-Salary/Employee Details/driversCodeId_InDriversReportTableHeader' is present

2019-04-30 15:01:23 - [TEST_STEP][PASSED] - driverCodeFromReport = getText(findTestObject("Pre-Salary/Employee Details/driversCodeId_InDriversReportTableHeader")): Text of object 'Object Repository/Pre-Salary/Employee Details/driversCodeId_InDriversReportTableHeader' is: '1821'

2019-04-30 15:01:23 - [MESSAGE][PASSED] - Text of object 'Object Repository/Pre-Salary/Employee Details/driversCodeId_InDriversReportTableHeader' is: '1821'

2019-04-30 15:01:23 - [TEST_STEP][PASSED] - if (driverCodeFromReport != driver_Id && !(driverCodeFromReport.contains(driver_Id))): null

2019-04-30 15:01:23 - [TEST_STEP][PASSED] - waitForElementPresent(findTestObject("Pre-Salary/Employee Details/rightSideTable"), 10): Object 'Object Repository/Pre-Salary/Employee Details/rightSideTable' is present

2019-04-30 15:01:23 - [MESSAGE][PASSED] - Object 'Object Repository/Pre-Salary/Employee Details/rightSideTable' is present

2019-04-30 15:01:23 - [TEST_STEP][PASSED] - verifyElementPresent(findTestObject("Pre-Salary/Employee Details/rightSideTable"), 2): Object 'Object Repository/Pre-Salary/Employee Details/rightSideTable' is present

2019-04-30 15:01:23 - [MESSAGE][PASSED] - Object 'Object Repository/Pre-Salary/Employee Details/rightSideTable' is present

2019-04-30 15:01:23 - [TEST_STEP][PASSED] - waitForElementPresent(findTestObject("Pre-Salary/Employee Details/rightSideTableDriversId"), 10): Object 'Object Repository/Pre-Salary/Employee Details/rightSideTableDriversId' is present

2019-04-30 15:01:23 - [MESSAGE][PASSED] - Object 'Object Repository/Pre-Salary/Employee Details/rightSideTableDriversId' is present

2019-04-30 15:01:23 - [TEST_STEP][PASSED] - verifyElementPresent(findTestObject("Pre-Salary/Employee Details/rightSideTableDriversId"), 2): Object 'Object Repository/Pre-Salary/Employee Details/rightSideTableDriversId' is present

2019-04-30 15:01:23 - [MESSAGE][PASSED] - Object 'Object Repository/Pre-Salary/Employee Details/rightSideTableDriversId' is present

2019-04-30 15:01:23 - [TEST_STEP][PASSED] - driversCodeFromRightSideTable = getText(findTestObject("Pre-Salary/Employee Details/rightSideTableDriversId")): Text of object 'Object Repository/Pre-Salary/Employee Details/rightSideTableDriversId' is: '1821'

2019-04-30 15:01:23 - [MESSAGE][PASSED] - Text of object 'Object Repository/Pre-Salary/Employee Details/rightSideTableDriversId' is: '1821'

2019-04-30 15:01:23 - [TEST_STEP][PASSED] - if (!(driversCodeFromRightSideTable.contains(driver_Id))): null

2019-04-30 15:01:23 - [TEST_STEP][PASSED] - closeBrowser(): Browser is closed

2019-04-30 15:01:24 - [MESSAGE][PASSED] - Browser is closed]]></system-out>
         <system-err><![CDATA[]]></system-err>
      </testcase>
      <testcase name="Test Cases/Pre-Salary/One Driver Calc" classname="Test Cases/Pre-Salary/One Driver Calc" status="PASSED">
         <system-out><![CDATA[2019-04-30 15:01:24 - [TEST_CASE][PASSED] - Test Cases/Pre-Salary/One Driver Calc: Test Cases/Pre-Salary/One Driver Calc

2019-04-30 15:01:24 - [TEST_STEP][PASSED] - login.c_login.logIn(site, userName, userPass): login.c_login.logIn is PASSED

2019-04-30 15:01:24 - [MESSAGE][INFO] - Starting 'Chrome' driver

2019-04-30 15:01:35 - [MESSAGE][PASSED] - Browser is opened with url: 'shasha.ebstage.y-it.co.il'

2019-04-30 15:01:36 - [MESSAGE][PASSED] - Current window maximized

2019-04-30 15:01:36 - [MESSAGE][PASSED] - Text 'admin' is set on object 'Object Repository/Y-IT Log In/input_ _userName'

2019-04-30 15:01:36 - [MESSAGE][PASSED] - Text ****** has been set on object 'Object Repository/Y-IT Log In/input_ _password'

2019-04-30 15:01:36 - [MESSAGE][PASSED] - Object: 'Object Repository/Y-IT Log In/input_  _submit' is clicked on

2019-04-30 15:01:36 - [MESSAGE][PASSED] - login.c_login.logIn is PASSED

2019-04-30 15:01:36 - [TEST_STEP][PASSED] - date = new java.util.Date(): null

2019-04-30 15:01:36 - [TEST_STEP][PASSED] - cal = Calendar.getInstance(): null

2019-04-30 15:01:36 - [TEST_STEP][PASSED] - cal.setTime(date): null

2019-04-30 15:01:36 - [TEST_STEP][PASSED] - month = cal.get(MONTH) + 1: null

2019-04-30 15:01:36 - [TEST_STEP][PASSED] - year = cal.get(YEAR): null

2019-04-30 15:01:36 - [TEST_STEP][PASSED] - dayStr = "01": null

2019-04-30 15:01:36 - [TEST_STEP][PASSED] - monthStr = "": null

2019-04-30 15:01:36 - [TEST_STEP][PASSED] - yearStr = year.toString(): null

2019-04-30 15:01:36 - [TEST_STEP][PASSED] - if (month < 10): null

2019-04-30 15:01:36 - [TEST_STEP][PASSED] - monthStr = "0" + month.toString(): null

2019-04-30 15:01:36 - [TEST_STEP][PASSED] - fullDate = dayStr + monthStr + yearStr: null

2019-04-30 15:01:36 - [TEST_STEP][PASSED] - delay(1): Delayed 1 second(s)

2019-04-30 15:01:37 - [MESSAGE][PASSED] - Delayed 1 second(s)

2019-04-30 15:01:37 - [TEST_STEP][PASSED] - waitForElementPresent(findTestObject("General/mainEmptyBackground"), 15): Object 'Object Repository/General/mainEmptyBackground' is present

2019-04-30 15:01:38 - [MESSAGE][PASSED] - Object 'Object Repository/General/mainEmptyBackground' is present

2019-04-30 15:01:38 - [TEST_STEP][PASSED] - isPreSalaryTabOpen = waitForElementPresent(findTestObject("Pre-Salary/preSalaryTab"), 5): Object 'Object Repository/Pre-Salary/preSalaryTab' is present

2019-04-30 15:01:39 - [MESSAGE][PASSED] - Object 'Object Repository/Pre-Salary/preSalaryTab' is present

2019-04-30 15:01:39 - [TEST_STEP][PASSED] - if (!(isPreSalaryTabOpen)): null

2019-04-30 15:01:39 - [TEST_STEP][PASSED] - waitForElementNotPresent(findTestObject("General/loadingBar"), 30): Web element with id: 'Object Repository/General/loadingBar' located by 'By.cssSelector: div[class="bar"][style~="width:"]' is not present after '30' second(s)

2019-04-30 15:01:44 - [MESSAGE][PASSED] - Web element with id: 'Object Repository/General/loadingBar' located by 'By.cssSelector: div[class="bar"][style~="width:"]' is not present after '30' second(s)

2019-04-30 15:01:44 - [TEST_STEP][PASSED] - waitForElementNotPresent(findTestObject("Pre-Salary/Filters/Drivers Dropdown/isLoadingDropdown"), 15): Web element with id: 'Object Repository/Pre-Salary/Filters/Drivers Dropdown/isLoadingDropdown' located by 'By.cssSelector: div[id="preSalaryview"] > div:nth-of-type(2) > div:nth-of-type(1) > div:nth-of-type(2) > div:nth-of-type(1) > div:nth-of-type(5) > div:nth-of-type(1) > div:nth-of-type(1) > span:nth-of-type(1) > span:nth-of-type(1) > span:nth-of-type(2) > span:nth-of-type(1)[class="k-icon k-i-arrow-60-down k-i-loading"]' is not present after '15' second(s)

2019-04-30 15:01:44 - [MESSAGE][PASSED] - Web element with id: 'Object Repository/Pre-Salary/Filters/Drivers Dropdown/isLoadingDropdown' located by 'By.cssSelector: div[id="preSalaryview"] > div:nth-of-type(2) > div:nth-of-type(1) > div:nth-of-type(2) > div:nth-of-type(1) > div:nth-of-type(5) > div:nth-of-type(1) > div:nth-of-type(1) > span:nth-of-type(1) > span:nth-of-type(1) > span:nth-of-type(2) > span:nth-of-type(1)[class="k-icon k-i-arrow-60-down k-i-loading"]' is not present after '15' second(s)

2019-04-30 15:01:44 - [TEST_STEP][PASSED] - waitForElementPresent(findTestObject("Pre-Salary/Filters/Date Picker Start/datePickerInputField"), 15): Object 'Object Repository/Pre-Salary/Filters/Date Picker Start/datePickerInputField' is present

2019-04-30 15:01:44 - [MESSAGE][PASSED] - Object 'Object Repository/Pre-Salary/Filters/Date Picker Start/datePickerInputField' is present

2019-04-30 15:01:44 - [TEST_STEP][PASSED] - delay(5): Delayed 5 second(s)

2019-04-30 15:01:49 - [MESSAGE][PASSED] - Delayed 5 second(s)

2019-04-30 15:01:49 - [TEST_STEP][PASSED] - click(findTestObject("Pre-Salary/Filters/Date Picker Start/datePickerInputField")): Object: 'Object Repository/Pre-Salary/Filters/Date Picker Start/datePickerInputField' is clicked on

2019-04-30 15:01:49 - [MESSAGE][PASSED] - Object: 'Object Repository/Pre-Salary/Filters/Date Picker Start/datePickerInputField' is clicked on

2019-04-30 15:01:49 - [TEST_STEP][PASSED] - delay(1): Delayed 1 second(s)

2019-04-30 15:01:50 - [MESSAGE][PASSED] - Delayed 1 second(s)

2019-04-30 15:01:50 - [TEST_STEP][PASSED] - setText(findTestObject("Pre-Salary/Filters/Date Picker Start/datePickerInputField"), ""): Text '' is set on object 'Object Repository/Pre-Salary/Filters/Date Picker Start/datePickerInputField'

2019-04-30 15:01:51 - [MESSAGE][PASSED] - Text '' is set on object 'Object Repository/Pre-Salary/Filters/Date Picker Start/datePickerInputField'

2019-04-30 15:01:51 - [TEST_STEP][PASSED] - delay(1): Delayed 1 second(s)

2019-04-30 15:01:52 - [MESSAGE][PASSED] - Delayed 1 second(s)

2019-04-30 15:01:52 - [TEST_STEP][PASSED] - setText(findTestObject("Pre-Salary/Filters/Date Picker Start/datePickerInputField"), fullDate): Text '01042019' is set on object 'Object Repository/Pre-Salary/Filters/Date Picker Start/datePickerInputField'

2019-04-30 15:01:52 - [MESSAGE][PASSED] - Text '01042019' is set on object 'Object Repository/Pre-Salary/Filters/Date Picker Start/datePickerInputField'

2019-04-30 15:01:52 - [TEST_STEP][PASSED] - waitForElementPresent(findTestObject("Pre-Salary/Filters/Date Picker Start/datePickerInputField"), 15): Object 'Object Repository/Pre-Salary/Filters/Date Picker Start/datePickerInputField' is present

2019-04-30 15:01:52 - [MESSAGE][PASSED] - Object 'Object Repository/Pre-Salary/Filters/Date Picker Start/datePickerInputField' is present

2019-04-30 15:01:52 - [TEST_STEP][PASSED] - waitForElementNotPresent(findTestObject("Pre-Salary/Filters/Drivers Dropdown/isLoadingDropdown"), 15): Web element with id: 'Object Repository/Pre-Salary/Filters/Drivers Dropdown/isLoadingDropdown' located by 'By.cssSelector: div[id="preSalaryview"] > div:nth-of-type(2) > div:nth-of-type(1) > div:nth-of-type(2) > div:nth-of-type(1) > div:nth-of-type(5) > div:nth-of-type(1) > div:nth-of-type(1) > span:nth-of-type(1) > span:nth-of-type(1) > span:nth-of-type(2) > span:nth-of-type(1)[class="k-icon k-i-arrow-60-down k-i-loading"]' is not present after '15' second(s)

2019-04-30 15:01:52 - [MESSAGE][PASSED] - Web element with id: 'Object Repository/Pre-Salary/Filters/Drivers Dropdown/isLoadingDropdown' located by 'By.cssSelector: div[id="preSalaryview"] > div:nth-of-type(2) > div:nth-of-type(1) > div:nth-of-type(2) > div:nth-of-type(1) > div:nth-of-type(5) > div:nth-of-type(1) > div:nth-of-type(1) > span:nth-of-type(1) > span:nth-of-type(1) > span:nth-of-type(2) > span:nth-of-type(1)[class="k-icon k-i-arrow-60-down k-i-loading"]' is not present after '15' second(s)

2019-04-30 15:01:52 - [TEST_STEP][PASSED] - delay(1): Delayed 1 second(s)

2019-04-30 15:01:53 - [MESSAGE][PASSED] - Delayed 1 second(s)

2019-04-30 15:01:53 - [TEST_STEP][PASSED] - try: Object: 'Object Repository/Pre-Salary/Filters/Drivers Dropdown/driversListDropdownOpen' is clicked on

2019-04-30 15:01:53 - [TEST_STEP][PASSED] - click(findTestObject("Pre-Salary/Filters/Drivers Dropdown/driversListDropdownOpen")): Object: 'Object Repository/Pre-Salary/Filters/Drivers Dropdown/driversListDropdownOpen' is clicked on

2019-04-30 15:01:53 - [MESSAGE][PASSED] - Object: 'Object Repository/Pre-Salary/Filters/Drivers Dropdown/driversListDropdownOpen' is clicked on

2019-04-30 15:01:53 - [TEST_STEP][PASSED] - delay(1): Delayed 1 second(s)

2019-04-30 15:01:54 - [MESSAGE][PASSED] - Delayed 1 second(s)

2019-04-30 15:01:54 - [TEST_STEP][PASSED] - try: Text '1031' is set on object 'Object Repository/Pre-Salary/Filters/Drivers Dropdown/driversListDropdownSearchBox'

2019-04-30 15:01:54 - [TEST_STEP][PASSED] - setText(findTestObject("Pre-Salary/Filters/Drivers Dropdown/driversListDropdownSearchBox"), driver_Id): Text '1031' is set on object 'Object Repository/Pre-Salary/Filters/Drivers Dropdown/driversListDropdownSearchBox'

2019-04-30 15:01:54 - [MESSAGE][PASSED] - Text '1031' is set on object 'Object Repository/Pre-Salary/Filters/Drivers Dropdown/driversListDropdownSearchBox'

2019-04-30 15:01:54 - [TEST_STEP][PASSED] - delay(1): Delayed 1 second(s)

2019-04-30 15:01:55 - [MESSAGE][PASSED] - Delayed 1 second(s)

2019-04-30 15:01:55 - [TEST_STEP][PASSED] - click(findTestObject("Pre-Salary/Filters/Drivers Dropdown/driversListDropdownSelectFirstDriver")): Object: 'Object Repository/Pre-Salary/Filters/Drivers Dropdown/driversListDropdownSelectFirstDriver' is clicked on

2019-04-30 15:01:55 - [MESSAGE][PASSED] - Object: 'Object Repository/Pre-Salary/Filters/Drivers Dropdown/driversListDropdownSelectFirstDriver' is clicked on

2019-04-30 15:01:55 - [TEST_STEP][PASSED] - delay(1): Delayed 1 second(s)

2019-04-30 15:01:56 - [MESSAGE][PASSED] - Delayed 1 second(s)

2019-04-30 15:01:56 - [TEST_STEP][PASSED] - click(findTestObject("Pre-Salary/Data Status/importButton")): Object: 'Object Repository/Pre-Salary/Data Status/importButton' is clicked on

2019-04-30 15:01:56 - [MESSAGE][PASSED] - Object: 'Object Repository/Pre-Salary/Data Status/importButton' is clicked on

2019-04-30 15:01:56 - [TEST_STEP][PASSED] - delay(1): Delayed 1 second(s)

2019-04-30 15:01:57 - [MESSAGE][PASSED] - Delayed 1 second(s)

2019-04-30 15:01:57 - [TEST_STEP][PASSED] - try: Object: 'Object Repository/Pre-Salary/Calculation Summary/firstDriverInCalculationSummeryTable' is double clicked on

2019-04-30 15:01:57 - [TEST_STEP][PASSED] - waitForElementPresent(findTestObject("Pre-Salary/Calculation Summary/firstDriverInCalculationSummeryTable"), 20): Object 'Object Repository/Pre-Salary/Calculation Summary/firstDriverInCalculationSummeryTable' is not present after 20 second(s)

2019-04-30 15:02:18 - [MESSAGE][INFO] - Unable to find the element located by 'By.cssSelector: div[id="preSalaryview"] > div:nth-of-type(2) > div:nth-of-type(2) > div:nth-of-type(3) > div:nth-of-type(1) > div:nth-of-type(2)  > div:nth-of-type(1)  > div:nth-of-type(2) > table > tbody > tr:nth-of-type(1)'. Please recheck the objects properties to make sure the desired element is located. 

2019-04-30 15:02:18 - [MESSAGE][WARNING] - Object 'Object Repository/Pre-Salary/Calculation Summary/firstDriverInCalculationSummeryTable' is not present after 20 second(s)

2019-04-30 15:02:18 - [TEST_STEP][PASSED] - doubleClick(findTestObject("Pre-Salary/Calculation Summary/firstDriverInCalculationSummeryTable")): Object: 'Object Repository/Pre-Salary/Calculation Summary/firstDriverInCalculationSummeryTable' is double clicked on

2019-04-30 15:02:20 - [MESSAGE][PASSED] - Object: 'Object Repository/Pre-Salary/Calculation Summary/firstDriverInCalculationSummeryTable' is double clicked on

2019-04-30 15:02:20 - [TEST_STEP][PASSED] - waitForElementPresent(findTestObject("Pre-Salary/Employee Details/driversReportTable"), 20): Object 'Object Repository/Pre-Salary/Employee Details/driversReportTable' is present

2019-04-30 15:02:21 - [MESSAGE][PASSED] - Object 'Object Repository/Pre-Salary/Employee Details/driversReportTable' is present

2019-04-30 15:02:21 - [TEST_STEP][PASSED] - waitForElementPresent(findTestObject("Pre-Salary/Employee Details/driversReportTable"), 20): Object 'Object Repository/Pre-Salary/Employee Details/driversReportTable' is present

2019-04-30 15:02:21 - [MESSAGE][PASSED] - Object 'Object Repository/Pre-Salary/Employee Details/driversReportTable' is present

2019-04-30 15:02:21 - [TEST_STEP][PASSED] - verifyElementPresent(findTestObject("Pre-Salary/Employee Details/driversReportTable"), 2): Object 'Object Repository/Pre-Salary/Employee Details/driversReportTable' is present

2019-04-30 15:02:21 - [MESSAGE][PASSED] - Object 'Object Repository/Pre-Salary/Employee Details/driversReportTable' is present

2019-04-30 15:02:21 - [TEST_STEP][PASSED] - verifyElementPresent(findTestObject("Pre-Salary/Employee Details/driversCodeId_InDriversReportTableHeader"), 2): Object 'Object Repository/Pre-Salary/Employee Details/driversCodeId_InDriversReportTableHeader' is present

2019-04-30 15:02:22 - [MESSAGE][PASSED] - Object 'Object Repository/Pre-Salary/Employee Details/driversCodeId_InDriversReportTableHeader' is present

2019-04-30 15:02:22 - [TEST_STEP][PASSED] - driverCodeFromReport = getText(findTestObject("Pre-Salary/Employee Details/driversCodeId_InDriversReportTableHeader")): Text of object 'Object Repository/Pre-Salary/Employee Details/driversCodeId_InDriversReportTableHeader' is: '1031'

2019-04-30 15:02:22 - [MESSAGE][PASSED] - Text of object 'Object Repository/Pre-Salary/Employee Details/driversCodeId_InDriversReportTableHeader' is: '1031'

2019-04-30 15:02:22 - [TEST_STEP][PASSED] - if (driverCodeFromReport != driver_Id && !(driverCodeFromReport.contains(driver_Id))): null

2019-04-30 15:02:22 - [TEST_STEP][PASSED] - waitForElementPresent(findTestObject("Pre-Salary/Employee Details/rightSideTable"), 10): Object 'Object Repository/Pre-Salary/Employee Details/rightSideTable' is present

2019-04-30 15:02:22 - [MESSAGE][PASSED] - Object 'Object Repository/Pre-Salary/Employee Details/rightSideTable' is present

2019-04-30 15:02:22 - [TEST_STEP][PASSED] - verifyElementPresent(findTestObject("Pre-Salary/Employee Details/rightSideTable"), 2): Object 'Object Repository/Pre-Salary/Employee Details/rightSideTable' is present

2019-04-30 15:02:22 - [MESSAGE][PASSED] - Object 'Object Repository/Pre-Salary/Employee Details/rightSideTable' is present

2019-04-30 15:02:22 - [TEST_STEP][PASSED] - waitForElementPresent(findTestObject("Pre-Salary/Employee Details/rightSideTableDriversId"), 10): Object 'Object Repository/Pre-Salary/Employee Details/rightSideTableDriversId' is present

2019-04-30 15:02:22 - [MESSAGE][PASSED] - Object 'Object Repository/Pre-Salary/Employee Details/rightSideTableDriversId' is present

2019-04-30 15:02:22 - [TEST_STEP][PASSED] - verifyElementPresent(findTestObject("Pre-Salary/Employee Details/rightSideTableDriversId"), 2): Object 'Object Repository/Pre-Salary/Employee Details/rightSideTableDriversId' is present

2019-04-30 15:02:22 - [MESSAGE][PASSED] - Object 'Object Repository/Pre-Salary/Employee Details/rightSideTableDriversId' is present

2019-04-30 15:02:22 - [TEST_STEP][PASSED] - driversCodeFromRightSideTable = getText(findTestObject("Pre-Salary/Employee Details/rightSideTableDriversId")): Text of object 'Object Repository/Pre-Salary/Employee Details/rightSideTableDriversId' is: '1031'

2019-04-30 15:02:22 - [MESSAGE][PASSED] - Text of object 'Object Repository/Pre-Salary/Employee Details/rightSideTableDriversId' is: '1031'

2019-04-30 15:02:22 - [TEST_STEP][PASSED] - if (!(driversCodeFromRightSideTable.contains(driver_Id))): null

2019-04-30 15:02:22 - [TEST_STEP][PASSED] - closeBrowser(): Browser is closed

2019-04-30 15:02:22 - [MESSAGE][PASSED] - Browser is closed]]></system-out>
         <system-err><![CDATA[]]></system-err>
      </testcase>
      <testcase name="Test Cases/Pre-Salary/One Driver Calc" classname="Test Cases/Pre-Salary/One Driver Calc" status="PASSED">
         <system-out><![CDATA[2019-04-30 15:02:22 - [TEST_CASE][PASSED] - Test Cases/Pre-Salary/One Driver Calc: Test Cases/Pre-Salary/One Driver Calc

2019-04-30 15:02:22 - [TEST_STEP][PASSED] - login.c_login.logIn(site, userName, userPass): login.c_login.logIn is PASSED

2019-04-30 15:02:22 - [MESSAGE][INFO] - Starting 'Chrome' driver

2019-04-30 15:02:37 - [MESSAGE][PASSED] - Browser is opened with url: 'reem.ebstage.y-it.co.il'

2019-04-30 15:02:38 - [MESSAGE][PASSED] - Current window maximized

2019-04-30 15:02:38 - [MESSAGE][PASSED] - Text 'admin' is set on object 'Object Repository/Y-IT Log In/input_ _userName'

2019-04-30 15:02:39 - [MESSAGE][PASSED] - Text ****** has been set on object 'Object Repository/Y-IT Log In/input_ _password'

2019-04-30 15:02:39 - [MESSAGE][PASSED] - Object: 'Object Repository/Y-IT Log In/input_  _submit' is clicked on

2019-04-30 15:02:39 - [MESSAGE][PASSED] - login.c_login.logIn is PASSED

2019-04-30 15:02:39 - [TEST_STEP][PASSED] - date = new java.util.Date(): null

2019-04-30 15:02:39 - [TEST_STEP][PASSED] - cal = Calendar.getInstance(): null

2019-04-30 15:02:39 - [TEST_STEP][PASSED] - cal.setTime(date): null

2019-04-30 15:02:39 - [TEST_STEP][PASSED] - month = cal.get(MONTH) + 1: null

2019-04-30 15:02:39 - [TEST_STEP][PASSED] - year = cal.get(YEAR): null

2019-04-30 15:02:39 - [TEST_STEP][PASSED] - dayStr = "01": null

2019-04-30 15:02:39 - [TEST_STEP][PASSED] - monthStr = "": null

2019-04-30 15:02:39 - [TEST_STEP][PASSED] - yearStr = year.toString(): null

2019-04-30 15:02:39 - [TEST_STEP][PASSED] - if (month < 10): null

2019-04-30 15:02:39 - [TEST_STEP][PASSED] - monthStr = "0" + month.toString(): null

2019-04-30 15:02:39 - [TEST_STEP][PASSED] - fullDate = dayStr + monthStr + yearStr: null

2019-04-30 15:02:39 - [TEST_STEP][PASSED] - delay(1): Delayed 1 second(s)

2019-04-30 15:02:40 - [MESSAGE][PASSED] - Delayed 1 second(s)

2019-04-30 15:02:40 - [TEST_STEP][PASSED] - waitForElementPresent(findTestObject("General/mainEmptyBackground"), 15): Object 'Object Repository/General/mainEmptyBackground' is present

2019-04-30 15:02:42 - [MESSAGE][PASSED] - Object 'Object Repository/General/mainEmptyBackground' is present

2019-04-30 15:02:42 - [TEST_STEP][PASSED] - isPreSalaryTabOpen = waitForElementPresent(findTestObject("Pre-Salary/preSalaryTab"), 5): Object 'Object Repository/Pre-Salary/preSalaryTab' is present

2019-04-30 15:02:42 - [MESSAGE][PASSED] - Object 'Object Repository/Pre-Salary/preSalaryTab' is present

2019-04-30 15:02:42 - [TEST_STEP][PASSED] - if (!(isPreSalaryTabOpen)): null

2019-04-30 15:02:42 - [TEST_STEP][PASSED] - waitForElementNotPresent(findTestObject("General/loadingBar"), 30): Web element with id: 'Object Repository/General/loadingBar' located by 'By.cssSelector: div[class="bar"][style~="width:"]' is not present after '30' second(s)

2019-04-30 15:02:48 - [MESSAGE][PASSED] - Web element with id: 'Object Repository/General/loadingBar' located by 'By.cssSelector: div[class="bar"][style~="width:"]' is not present after '30' second(s)

2019-04-30 15:02:48 - [TEST_STEP][PASSED] - waitForElementNotPresent(findTestObject("Pre-Salary/Filters/Drivers Dropdown/isLoadingDropdown"), 15): Web element with id: 'Object Repository/Pre-Salary/Filters/Drivers Dropdown/isLoadingDropdown' located by 'By.cssSelector: div[id="preSalaryview"] > div:nth-of-type(2) > div:nth-of-type(1) > div:nth-of-type(2) > div:nth-of-type(1) > div:nth-of-type(5) > div:nth-of-type(1) > div:nth-of-type(1) > span:nth-of-type(1) > span:nth-of-type(1) > span:nth-of-type(2) > span:nth-of-type(1)[class="k-icon k-i-arrow-60-down k-i-loading"]' is not present after '15' second(s)

2019-04-30 15:02:48 - [MESSAGE][PASSED] - Web element with id: 'Object Repository/Pre-Salary/Filters/Drivers Dropdown/isLoadingDropdown' located by 'By.cssSelector: div[id="preSalaryview"] > div:nth-of-type(2) > div:nth-of-type(1) > div:nth-of-type(2) > div:nth-of-type(1) > div:nth-of-type(5) > div:nth-of-type(1) > div:nth-of-type(1) > span:nth-of-type(1) > span:nth-of-type(1) > span:nth-of-type(2) > span:nth-of-type(1)[class="k-icon k-i-arrow-60-down k-i-loading"]' is not present after '15' second(s)

2019-04-30 15:02:48 - [TEST_STEP][PASSED] - waitForElementPresent(findTestObject("Pre-Salary/Filters/Date Picker Start/datePickerInputField"), 15): Object 'Object Repository/Pre-Salary/Filters/Date Picker Start/datePickerInputField' is present

2019-04-30 15:02:48 - [MESSAGE][PASSED] - Object 'Object Repository/Pre-Salary/Filters/Date Picker Start/datePickerInputField' is present

2019-04-30 15:02:48 - [TEST_STEP][PASSED] - delay(5): Delayed 5 second(s)

2019-04-30 15:02:53 - [MESSAGE][PASSED] - Delayed 5 second(s)

2019-04-30 15:02:53 - [TEST_STEP][PASSED] - click(findTestObject("Pre-Salary/Filters/Date Picker Start/datePickerInputField")): Object: 'Object Repository/Pre-Salary/Filters/Date Picker Start/datePickerInputField' is clicked on

2019-04-30 15:02:53 - [MESSAGE][PASSED] - Object: 'Object Repository/Pre-Salary/Filters/Date Picker Start/datePickerInputField' is clicked on

2019-04-30 15:02:53 - [TEST_STEP][PASSED] - delay(1): Delayed 1 second(s)

2019-04-30 15:02:54 - [MESSAGE][PASSED] - Delayed 1 second(s)

2019-04-30 15:02:54 - [TEST_STEP][PASSED] - setText(findTestObject("Pre-Salary/Filters/Date Picker Start/datePickerInputField"), ""): Text '' is set on object 'Object Repository/Pre-Salary/Filters/Date Picker Start/datePickerInputField'

2019-04-30 15:02:54 - [MESSAGE][PASSED] - Text '' is set on object 'Object Repository/Pre-Salary/Filters/Date Picker Start/datePickerInputField'

2019-04-30 15:02:54 - [TEST_STEP][PASSED] - delay(1): Delayed 1 second(s)

2019-04-30 15:02:55 - [MESSAGE][PASSED] - Delayed 1 second(s)

2019-04-30 15:02:55 - [TEST_STEP][PASSED] - setText(findTestObject("Pre-Salary/Filters/Date Picker Start/datePickerInputField"), fullDate): Text '01042019' is set on object 'Object Repository/Pre-Salary/Filters/Date Picker Start/datePickerInputField'

2019-04-30 15:02:55 - [MESSAGE][PASSED] - Text '01042019' is set on object 'Object Repository/Pre-Salary/Filters/Date Picker Start/datePickerInputField'

2019-04-30 15:02:55 - [TEST_STEP][PASSED] - waitForElementPresent(findTestObject("Pre-Salary/Filters/Date Picker Start/datePickerInputField"), 15): Object 'Object Repository/Pre-Salary/Filters/Date Picker Start/datePickerInputField' is present

2019-04-30 15:02:55 - [MESSAGE][PASSED] - Object 'Object Repository/Pre-Salary/Filters/Date Picker Start/datePickerInputField' is present

2019-04-30 15:02:55 - [TEST_STEP][PASSED] - waitForElementNotPresent(findTestObject("Pre-Salary/Filters/Drivers Dropdown/isLoadingDropdown"), 15): Web element with id: 'Object Repository/Pre-Salary/Filters/Drivers Dropdown/isLoadingDropdown' located by 'By.cssSelector: div[id="preSalaryview"] > div:nth-of-type(2) > div:nth-of-type(1) > div:nth-of-type(2) > div:nth-of-type(1) > div:nth-of-type(5) > div:nth-of-type(1) > div:nth-of-type(1) > span:nth-of-type(1) > span:nth-of-type(1) > span:nth-of-type(2) > span:nth-of-type(1)[class="k-icon k-i-arrow-60-down k-i-loading"]' is not present after '15' second(s)

2019-04-30 15:02:55 - [MESSAGE][PASSED] - Web element with id: 'Object Repository/Pre-Salary/Filters/Drivers Dropdown/isLoadingDropdown' located by 'By.cssSelector: div[id="preSalaryview"] > div:nth-of-type(2) > div:nth-of-type(1) > div:nth-of-type(2) > div:nth-of-type(1) > div:nth-of-type(5) > div:nth-of-type(1) > div:nth-of-type(1) > span:nth-of-type(1) > span:nth-of-type(1) > span:nth-of-type(2) > span:nth-of-type(1)[class="k-icon k-i-arrow-60-down k-i-loading"]' is not present after '15' second(s)

2019-04-30 15:02:55 - [TEST_STEP][PASSED] - delay(1): Delayed 1 second(s)

2019-04-30 15:02:56 - [MESSAGE][PASSED] - Delayed 1 second(s)

2019-04-30 15:02:56 - [TEST_STEP][PASSED] - try: Object: 'Object Repository/Pre-Salary/Filters/Drivers Dropdown/driversListDropdownOpen' is clicked on

2019-04-30 15:02:56 - [TEST_STEP][PASSED] - click(findTestObject("Pre-Salary/Filters/Drivers Dropdown/driversListDropdownOpen")): Object: 'Object Repository/Pre-Salary/Filters/Drivers Dropdown/driversListDropdownOpen' is clicked on

2019-04-30 15:02:56 - [MESSAGE][PASSED] - Object: 'Object Repository/Pre-Salary/Filters/Drivers Dropdown/driversListDropdownOpen' is clicked on

2019-04-30 15:02:56 - [TEST_STEP][PASSED] - delay(1): Delayed 1 second(s)

2019-04-30 15:02:57 - [MESSAGE][PASSED] - Delayed 1 second(s)

2019-04-30 15:02:57 - [TEST_STEP][PASSED] - try: Text '846' is set on object 'Object Repository/Pre-Salary/Filters/Drivers Dropdown/driversListDropdownSearchBox'

2019-04-30 15:02:57 - [TEST_STEP][PASSED] - setText(findTestObject("Pre-Salary/Filters/Drivers Dropdown/driversListDropdownSearchBox"), driver_Id): Text '846' is set on object 'Object Repository/Pre-Salary/Filters/Drivers Dropdown/driversListDropdownSearchBox'

2019-04-30 15:02:57 - [MESSAGE][PASSED] - Text '846' is set on object 'Object Repository/Pre-Salary/Filters/Drivers Dropdown/driversListDropdownSearchBox'

2019-04-30 15:02:57 - [TEST_STEP][PASSED] - delay(1): Delayed 1 second(s)

2019-04-30 15:02:58 - [MESSAGE][PASSED] - Delayed 1 second(s)

2019-04-30 15:02:58 - [TEST_STEP][PASSED] - click(findTestObject("Pre-Salary/Filters/Drivers Dropdown/driversListDropdownSelectFirstDriver")): Object: 'Object Repository/Pre-Salary/Filters/Drivers Dropdown/driversListDropdownSelectFirstDriver' is clicked on

2019-04-30 15:02:59 - [MESSAGE][PASSED] - Object: 'Object Repository/Pre-Salary/Filters/Drivers Dropdown/driversListDropdownSelectFirstDriver' is clicked on

2019-04-30 15:02:59 - [TEST_STEP][PASSED] - delay(1): Delayed 1 second(s)

2019-04-30 15:03:00 - [MESSAGE][PASSED] - Delayed 1 second(s)

2019-04-30 15:03:00 - [TEST_STEP][PASSED] - click(findTestObject("Pre-Salary/Data Status/importButton")): Object: 'Object Repository/Pre-Salary/Data Status/importButton' is clicked on

2019-04-30 15:03:00 - [MESSAGE][PASSED] - Object: 'Object Repository/Pre-Salary/Data Status/importButton' is clicked on

2019-04-30 15:03:00 - [TEST_STEP][PASSED] - delay(1): Delayed 1 second(s)

2019-04-30 15:03:01 - [MESSAGE][PASSED] - Delayed 1 second(s)

2019-04-30 15:03:01 - [TEST_STEP][PASSED] - try: Object: 'Object Repository/Pre-Salary/Calculation Summary/firstDriverInCalculationSummeryTable' is double clicked on

2019-04-30 15:03:01 - [TEST_STEP][PASSED] - waitForElementPresent(findTestObject("Pre-Salary/Calculation Summary/firstDriverInCalculationSummeryTable"), 20): Object 'Object Repository/Pre-Salary/Calculation Summary/firstDriverInCalculationSummeryTable' is present

2019-04-30 15:03:13 - [MESSAGE][PASSED] - Object 'Object Repository/Pre-Salary/Calculation Summary/firstDriverInCalculationSummeryTable' is present

2019-04-30 15:03:13 - [TEST_STEP][PASSED] - doubleClick(findTestObject("Pre-Salary/Calculation Summary/firstDriverInCalculationSummeryTable")): Object: 'Object Repository/Pre-Salary/Calculation Summary/firstDriverInCalculationSummeryTable' is double clicked on

2019-04-30 15:03:13 - [MESSAGE][PASSED] - Object: 'Object Repository/Pre-Salary/Calculation Summary/firstDriverInCalculationSummeryTable' is double clicked on

2019-04-30 15:03:13 - [TEST_STEP][PASSED] - waitForElementPresent(findTestObject("Pre-Salary/Employee Details/driversReportTable"), 20): Object 'Object Repository/Pre-Salary/Employee Details/driversReportTable' is present

2019-04-30 15:03:15 - [MESSAGE][PASSED] - Object 'Object Repository/Pre-Salary/Employee Details/driversReportTable' is present

2019-04-30 15:03:15 - [TEST_STEP][PASSED] - waitForElementPresent(findTestObject("Pre-Salary/Employee Details/driversReportTable"), 20): Object 'Object Repository/Pre-Salary/Employee Details/driversReportTable' is present

2019-04-30 15:03:15 - [MESSAGE][PASSED] - Object 'Object Repository/Pre-Salary/Employee Details/driversReportTable' is present

2019-04-30 15:03:15 - [TEST_STEP][PASSED] - verifyElementPresent(findTestObject("Pre-Salary/Employee Details/driversReportTable"), 2): Object 'Object Repository/Pre-Salary/Employee Details/driversReportTable' is present

2019-04-30 15:03:15 - [MESSAGE][PASSED] - Object 'Object Repository/Pre-Salary/Employee Details/driversReportTable' is present

2019-04-30 15:03:15 - [TEST_STEP][PASSED] - verifyElementPresent(findTestObject("Pre-Salary/Employee Details/driversCodeId_InDriversReportTableHeader"), 2): Object 'Object Repository/Pre-Salary/Employee Details/driversCodeId_InDriversReportTableHeader' is present

2019-04-30 15:03:15 - [MESSAGE][PASSED] - Object 'Object Repository/Pre-Salary/Employee Details/driversCodeId_InDriversReportTableHeader' is present

2019-04-30 15:03:15 - [TEST_STEP][PASSED] - driverCodeFromReport = getText(findTestObject("Pre-Salary/Employee Details/driversCodeId_InDriversReportTableHeader")): Text of object 'Object Repository/Pre-Salary/Employee Details/driversCodeId_InDriversReportTableHeader' is: '846'

2019-04-30 15:03:15 - [MESSAGE][PASSED] - Text of object 'Object Repository/Pre-Salary/Employee Details/driversCodeId_InDriversReportTableHeader' is: '846'

2019-04-30 15:03:15 - [TEST_STEP][PASSED] - if (driverCodeFromReport != driver_Id && !(driverCodeFromReport.contains(driver_Id))): null

2019-04-30 15:03:15 - [TEST_STEP][PASSED] - waitForElementPresent(findTestObject("Pre-Salary/Employee Details/rightSideTable"), 10): Object 'Object Repository/Pre-Salary/Employee Details/rightSideTable' is present

2019-04-30 15:03:15 - [MESSAGE][PASSED] - Object 'Object Repository/Pre-Salary/Employee Details/rightSideTable' is present

2019-04-30 15:03:15 - [TEST_STEP][PASSED] - verifyElementPresent(findTestObject("Pre-Salary/Employee Details/rightSideTable"), 2): Object 'Object Repository/Pre-Salary/Employee Details/rightSideTable' is present

2019-04-30 15:03:15 - [MESSAGE][PASSED] - Object 'Object Repository/Pre-Salary/Employee Details/rightSideTable' is present

2019-04-30 15:03:15 - [TEST_STEP][PASSED] - waitForElementPresent(findTestObject("Pre-Salary/Employee Details/rightSideTableDriversId"), 10): Object 'Object Repository/Pre-Salary/Employee Details/rightSideTableDriversId' is present

2019-04-30 15:03:15 - [MESSAGE][PASSED] - Object 'Object Repository/Pre-Salary/Employee Details/rightSideTableDriversId' is present

2019-04-30 15:03:15 - [TEST_STEP][PASSED] - verifyElementPresent(findTestObject("Pre-Salary/Employee Details/rightSideTableDriversId"), 2): Object 'Object Repository/Pre-Salary/Employee Details/rightSideTableDriversId' is present

2019-04-30 15:03:15 - [MESSAGE][PASSED] - Object 'Object Repository/Pre-Salary/Employee Details/rightSideTableDriversId' is present

2019-04-30 15:03:15 - [TEST_STEP][PASSED] - driversCodeFromRightSideTable = getText(findTestObject("Pre-Salary/Employee Details/rightSideTableDriversId")): Text of object 'Object Repository/Pre-Salary/Employee Details/rightSideTableDriversId' is: '846'

2019-04-30 15:03:15 - [MESSAGE][PASSED] - Text of object 'Object Repository/Pre-Salary/Employee Details/rightSideTableDriversId' is: '846'

2019-04-30 15:03:15 - [TEST_STEP][PASSED] - if (!(driversCodeFromRightSideTable.contains(driver_Id))): null

2019-04-30 15:03:15 - [TEST_STEP][PASSED] - closeBrowser(): Browser is closed

2019-04-30 15:03:15 - [MESSAGE][PASSED] - Browser is closed]]></system-out>
         <system-err><![CDATA[]]></system-err>
      </testcase>
      <testcase name="Test Cases/Pre-Salary/One Driver Calc" classname="Test Cases/Pre-Salary/One Driver Calc" status="PASSED">
         <system-out><![CDATA[2019-04-30 15:03:15 - [TEST_CASE][PASSED] - Test Cases/Pre-Salary/One Driver Calc: Test Cases/Pre-Salary/One Driver Calc

2019-04-30 15:03:16 - [TEST_STEP][PASSED] - login.c_login.logIn(site, userName, userPass): login.c_login.logIn is PASSED

2019-04-30 15:03:16 - [MESSAGE][INFO] - Starting 'Chrome' driver

2019-04-30 15:03:35 - [MESSAGE][PASSED] - Browser is opened with url: 'afikim.ebstage.y-it.co.il'

2019-04-30 15:03:36 - [MESSAGE][PASSED] - Current window maximized

2019-04-30 15:03:36 - [MESSAGE][PASSED] - Text 'admin' is set on object 'Object Repository/Y-IT Log In/input_ _userName'

2019-04-30 15:03:36 - [MESSAGE][PASSED] - Text ****** has been set on object 'Object Repository/Y-IT Log In/input_ _password'

2019-04-30 15:03:36 - [MESSAGE][PASSED] - Object: 'Object Repository/Y-IT Log In/input_  _submit' is clicked on

2019-04-30 15:03:36 - [MESSAGE][PASSED] - login.c_login.logIn is PASSED

2019-04-30 15:03:36 - [TEST_STEP][PASSED] - date = new java.util.Date(): null

2019-04-30 15:03:36 - [TEST_STEP][PASSED] - cal = Calendar.getInstance(): null

2019-04-30 15:03:36 - [TEST_STEP][PASSED] - cal.setTime(date): null

2019-04-30 15:03:36 - [TEST_STEP][PASSED] - month = cal.get(MONTH) + 1: null

2019-04-30 15:03:36 - [TEST_STEP][PASSED] - year = cal.get(YEAR): null

2019-04-30 15:03:36 - [TEST_STEP][PASSED] - dayStr = "01": null

2019-04-30 15:03:36 - [TEST_STEP][PASSED] - monthStr = "": null

2019-04-30 15:03:36 - [TEST_STEP][PASSED] - yearStr = year.toString(): null

2019-04-30 15:03:36 - [TEST_STEP][PASSED] - if (month < 10): null

2019-04-30 15:03:36 - [TEST_STEP][PASSED] - monthStr = "0" + month.toString(): null

2019-04-30 15:03:36 - [TEST_STEP][PASSED] - fullDate = dayStr + monthStr + yearStr: null

2019-04-30 15:03:36 - [TEST_STEP][PASSED] - delay(1): Delayed 1 second(s)

2019-04-30 15:03:37 - [MESSAGE][PASSED] - Delayed 1 second(s)

2019-04-30 15:03:37 - [TEST_STEP][PASSED] - waitForElementPresent(findTestObject("General/mainEmptyBackground"), 15): Object 'Object Repository/General/mainEmptyBackground' is present

2019-04-30 15:03:40 - [MESSAGE][PASSED] - Object 'Object Repository/General/mainEmptyBackground' is present

2019-04-30 15:03:40 - [TEST_STEP][PASSED] - isPreSalaryTabOpen = waitForElementPresent(findTestObject("Pre-Salary/preSalaryTab"), 5): Object 'Object Repository/Pre-Salary/preSalaryTab' is not present after 5 second(s)

2019-04-30 15:03:46 - [MESSAGE][INFO] - Unable to find the element located by 'By.cssSelector: #preSalaryview'. Please recheck the objects properties to make sure the desired element is located. 

2019-04-30 15:03:46 - [MESSAGE][WARNING] - Object 'Object Repository/Pre-Salary/preSalaryTab' is not present after 5 second(s)

2019-04-30 15:03:46 - [TEST_STEP][PASSED] - if (!(isPreSalaryTabOpen)): Object: 'Object Repository/Nav Bar/Nav Bar Funds/preSalary' is clicked on

2019-04-30 15:03:46 - [TEST_STEP][PASSED] - waitForElementPresent(findTestObject("Nav Bar/funds"), 15): Object 'Object Repository/Nav Bar/funds' is present

2019-04-30 15:03:46 - [MESSAGE][PASSED] - Object 'Object Repository/Nav Bar/funds' is present

2019-04-30 15:03:46 - [TEST_STEP][PASSED] - click(findTestObject("Nav Bar/funds")): Object: 'Object Repository/Nav Bar/funds' is clicked on

2019-04-30 15:03:46 - [MESSAGE][PASSED] - Object: 'Object Repository/Nav Bar/funds' is clicked on

2019-04-30 15:03:46 - [TEST_STEP][PASSED] - delay(1): Delayed 1 second(s)

2019-04-30 15:03:47 - [MESSAGE][PASSED] - Delayed 1 second(s)

2019-04-30 15:03:47 - [TEST_STEP][PASSED] - try: Object: 'Object Repository/Nav Bar/Nav Bar Funds/preSalary' is clicked on

2019-04-30 15:03:47 - [TEST_STEP][PASSED] - waitForElementPresent(findTestObject("Nav Bar/Nav Bar Funds/preSalary"), 2): Object 'Object Repository/Nav Bar/Nav Bar Funds/preSalary' is present

2019-04-30 15:03:47 - [MESSAGE][PASSED] - Object 'Object Repository/Nav Bar/Nav Bar Funds/preSalary' is present

2019-04-30 15:03:47 - [TEST_STEP][PASSED] - click(findTestObject("Nav Bar/Nav Bar Funds/preSalary")): Object: 'Object Repository/Nav Bar/Nav Bar Funds/preSalary' is clicked on

2019-04-30 15:03:47 - [MESSAGE][PASSED] - Object: 'Object Repository/Nav Bar/Nav Bar Funds/preSalary' is clicked on

2019-04-30 15:03:47 - [TEST_STEP][PASSED] - waitForElementNotPresent(findTestObject("General/loadingBar"), 30): Web element with id: 'Object Repository/General/loadingBar' located by 'By.cssSelector: div[class="bar"][style~="width:"]' is not present after '30' second(s)

2019-04-30 15:03:59 - [MESSAGE][PASSED] - Web element with id: 'Object Repository/General/loadingBar' located by 'By.cssSelector: div[class="bar"][style~="width:"]' is not present after '30' second(s)

2019-04-30 15:03:59 - [TEST_STEP][PASSED] - waitForElementNotPresent(findTestObject("Pre-Salary/Filters/Drivers Dropdown/isLoadingDropdown"), 15): Web element with id: 'Object Repository/Pre-Salary/Filters/Drivers Dropdown/isLoadingDropdown' located by 'By.cssSelector: div[id="preSalaryview"] > div:nth-of-type(2) > div:nth-of-type(1) > div:nth-of-type(2) > div:nth-of-type(1) > div:nth-of-type(5) > div:nth-of-type(1) > div:nth-of-type(1) > span:nth-of-type(1) > span:nth-of-type(1) > span:nth-of-type(2) > span:nth-of-type(1)[class="k-icon k-i-arrow-60-down k-i-loading"]' is not present after '15' second(s)

2019-04-30 15:03:59 - [MESSAGE][PASSED] - Web element with id: 'Object Repository/Pre-Salary/Filters/Drivers Dropdown/isLoadingDropdown' located by 'By.cssSelector: div[id="preSalaryview"] > div:nth-of-type(2) > div:nth-of-type(1) > div:nth-of-type(2) > div:nth-of-type(1) > div:nth-of-type(5) > div:nth-of-type(1) > div:nth-of-type(1) > span:nth-of-type(1) > span:nth-of-type(1) > span:nth-of-type(2) > span:nth-of-type(1)[class="k-icon k-i-arrow-60-down k-i-loading"]' is not present after '15' second(s)

2019-04-30 15:03:59 - [TEST_STEP][PASSED] - waitForElementPresent(findTestObject("Pre-Salary/Filters/Date Picker Start/datePickerInputField"), 15): Object 'Object Repository/Pre-Salary/Filters/Date Picker Start/datePickerInputField' is present

2019-04-30 15:03:59 - [MESSAGE][PASSED] - Object 'Object Repository/Pre-Salary/Filters/Date Picker Start/datePickerInputField' is present

2019-04-30 15:03:59 - [TEST_STEP][PASSED] - delay(5): Delayed 5 second(s)

2019-04-30 15:04:04 - [MESSAGE][PASSED] - Delayed 5 second(s)

2019-04-30 15:04:04 - [TEST_STEP][PASSED] - click(findTestObject("Pre-Salary/Filters/Date Picker Start/datePickerInputField")): Object: 'Object Repository/Pre-Salary/Filters/Date Picker Start/datePickerInputField' is clicked on

2019-04-30 15:04:04 - [MESSAGE][PASSED] - Object: 'Object Repository/Pre-Salary/Filters/Date Picker Start/datePickerInputField' is clicked on

2019-04-30 15:04:04 - [TEST_STEP][PASSED] - delay(1): Delayed 1 second(s)

2019-04-30 15:04:05 - [MESSAGE][PASSED] - Delayed 1 second(s)

2019-04-30 15:04:05 - [TEST_STEP][PASSED] - setText(findTestObject("Pre-Salary/Filters/Date Picker Start/datePickerInputField"), ""): Text '' is set on object 'Object Repository/Pre-Salary/Filters/Date Picker Start/datePickerInputField'

2019-04-30 15:04:05 - [MESSAGE][PASSED] - Text '' is set on object 'Object Repository/Pre-Salary/Filters/Date Picker Start/datePickerInputField'

2019-04-30 15:04:05 - [TEST_STEP][PASSED] - delay(1): Delayed 1 second(s)

2019-04-30 15:04:06 - [MESSAGE][PASSED] - Delayed 1 second(s)

2019-04-30 15:04:06 - [TEST_STEP][PASSED] - setText(findTestObject("Pre-Salary/Filters/Date Picker Start/datePickerInputField"), fullDate): Text '01042019' is set on object 'Object Repository/Pre-Salary/Filters/Date Picker Start/datePickerInputField'

2019-04-30 15:04:07 - [MESSAGE][PASSED] - Text '01042019' is set on object 'Object Repository/Pre-Salary/Filters/Date Picker Start/datePickerInputField'

2019-04-30 15:04:07 - [TEST_STEP][PASSED] - waitForElementPresent(findTestObject("Pre-Salary/Filters/Date Picker Start/datePickerInputField"), 15): Object 'Object Repository/Pre-Salary/Filters/Date Picker Start/datePickerInputField' is present

2019-04-30 15:04:07 - [MESSAGE][PASSED] - Object 'Object Repository/Pre-Salary/Filters/Date Picker Start/datePickerInputField' is present

2019-04-30 15:04:07 - [TEST_STEP][PASSED] - waitForElementNotPresent(findTestObject("Pre-Salary/Filters/Drivers Dropdown/isLoadingDropdown"), 15): Web element with id: 'Object Repository/Pre-Salary/Filters/Drivers Dropdown/isLoadingDropdown' located by 'By.cssSelector: div[id="preSalaryview"] > div:nth-of-type(2) > div:nth-of-type(1) > div:nth-of-type(2) > div:nth-of-type(1) > div:nth-of-type(5) > div:nth-of-type(1) > div:nth-of-type(1) > span:nth-of-type(1) > span:nth-of-type(1) > span:nth-of-type(2) > span:nth-of-type(1)[class="k-icon k-i-arrow-60-down k-i-loading"]' is not present after '15' second(s)

2019-04-30 15:04:07 - [MESSAGE][PASSED] - Web element with id: 'Object Repository/Pre-Salary/Filters/Drivers Dropdown/isLoadingDropdown' located by 'By.cssSelector: div[id="preSalaryview"] > div:nth-of-type(2) > div:nth-of-type(1) > div:nth-of-type(2) > div:nth-of-type(1) > div:nth-of-type(5) > div:nth-of-type(1) > div:nth-of-type(1) > span:nth-of-type(1) > span:nth-of-type(1) > span:nth-of-type(2) > span:nth-of-type(1)[class="k-icon k-i-arrow-60-down k-i-loading"]' is not present after '15' second(s)

2019-04-30 15:04:07 - [TEST_STEP][PASSED] - delay(1): Delayed 1 second(s)

2019-04-30 15:04:08 - [MESSAGE][PASSED] - Delayed 1 second(s)

2019-04-30 15:04:08 - [TEST_STEP][PASSED] - try: Object: 'Object Repository/Pre-Salary/Filters/Drivers Dropdown/driversListDropdownOpen' is clicked on

2019-04-30 15:04:08 - [TEST_STEP][PASSED] - click(findTestObject("Pre-Salary/Filters/Drivers Dropdown/driversListDropdownOpen")): Object: 'Object Repository/Pre-Salary/Filters/Drivers Dropdown/driversListDropdownOpen' is clicked on

2019-04-30 15:04:08 - [MESSAGE][PASSED] - Object: 'Object Repository/Pre-Salary/Filters/Drivers Dropdown/driversListDropdownOpen' is clicked on

2019-04-30 15:04:08 - [TEST_STEP][PASSED] - delay(1): Delayed 1 second(s)

2019-04-30 15:04:09 - [MESSAGE][PASSED] - Delayed 1 second(s)

2019-04-30 15:04:09 - [TEST_STEP][PASSED] - try: Text '7062' is set on object 'Object Repository/Pre-Salary/Filters/Drivers Dropdown/driversListDropdownSearchBox'

2019-04-30 15:04:09 - [TEST_STEP][PASSED] - setText(findTestObject("Pre-Salary/Filters/Drivers Dropdown/driversListDropdownSearchBox"), driver_Id): Text '7062' is set on object 'Object Repository/Pre-Salary/Filters/Drivers Dropdown/driversListDropdownSearchBox'

2019-04-30 15:04:09 - [MESSAGE][PASSED] - Text '7062' is set on object 'Object Repository/Pre-Salary/Filters/Drivers Dropdown/driversListDropdownSearchBox'

2019-04-30 15:04:09 - [TEST_STEP][PASSED] - delay(1): Delayed 1 second(s)

2019-04-30 15:04:10 - [MESSAGE][PASSED] - Delayed 1 second(s)

2019-04-30 15:04:10 - [TEST_STEP][PASSED] - click(findTestObject("Pre-Salary/Filters/Drivers Dropdown/driversListDropdownSelectFirstDriver")): Object: 'Object Repository/Pre-Salary/Filters/Drivers Dropdown/driversListDropdownSelectFirstDriver' is clicked on

2019-04-30 15:04:10 - [MESSAGE][PASSED] - Object: 'Object Repository/Pre-Salary/Filters/Drivers Dropdown/driversListDropdownSelectFirstDriver' is clicked on

2019-04-30 15:04:10 - [TEST_STEP][PASSED] - delay(1): Delayed 1 second(s)

2019-04-30 15:04:11 - [MESSAGE][PASSED] - Delayed 1 second(s)

2019-04-30 15:04:11 - [TEST_STEP][PASSED] - click(findTestObject("Pre-Salary/Data Status/importButton")): Object: 'Object Repository/Pre-Salary/Data Status/importButton' is clicked on

2019-04-30 15:04:11 - [MESSAGE][PASSED] - Object: 'Object Repository/Pre-Salary/Data Status/importButton' is clicked on

2019-04-30 15:04:11 - [TEST_STEP][PASSED] - delay(1): Delayed 1 second(s)

2019-04-30 15:04:12 - [MESSAGE][PASSED] - Delayed 1 second(s)

2019-04-30 15:04:12 - [TEST_STEP][PASSED] - try: Object: 'Object Repository/Pre-Salary/Calculation Summary/firstDriverInCalculationSummeryTable' is double clicked on

2019-04-30 15:04:12 - [TEST_STEP][PASSED] - waitForElementPresent(findTestObject("Pre-Salary/Calculation Summary/firstDriverInCalculationSummeryTable"), 20): Object 'Object Repository/Pre-Salary/Calculation Summary/firstDriverInCalculationSummeryTable' is not present after 20 second(s)

2019-04-30 15:04:33 - [MESSAGE][INFO] - Unable to find the element located by 'By.cssSelector: div[id="preSalaryview"] > div:nth-of-type(2) > div:nth-of-type(2) > div:nth-of-type(3) > div:nth-of-type(1) > div:nth-of-type(2)  > div:nth-of-type(1)  > div:nth-of-type(2) > table > tbody > tr:nth-of-type(1)'. Please recheck the objects properties to make sure the desired element is located. 

2019-04-30 15:04:33 - [MESSAGE][WARNING] - Object 'Object Repository/Pre-Salary/Calculation Summary/firstDriverInCalculationSummeryTable' is not present after 20 second(s)

2019-04-30 15:04:33 - [TEST_STEP][PASSED] - doubleClick(findTestObject("Pre-Salary/Calculation Summary/firstDriverInCalculationSummeryTable")): Object: 'Object Repository/Pre-Salary/Calculation Summary/firstDriverInCalculationSummeryTable' is double clicked on

2019-04-30 15:04:48 - [MESSAGE][PASSED] - Object: 'Object Repository/Pre-Salary/Calculation Summary/firstDriverInCalculationSummeryTable' is double clicked on

2019-04-30 15:04:48 - [TEST_STEP][PASSED] - waitForElementPresent(findTestObject("Pre-Salary/Employee Details/driversReportTable"), 20): Object 'Object Repository/Pre-Salary/Employee Details/driversReportTable' is present

2019-04-30 15:04:50 - [MESSAGE][PASSED] - Object 'Object Repository/Pre-Salary/Employee Details/driversReportTable' is present

2019-04-30 15:04:50 - [TEST_STEP][PASSED] - waitForElementPresent(findTestObject("Pre-Salary/Employee Details/driversReportTable"), 20): Object 'Object Repository/Pre-Salary/Employee Details/driversReportTable' is present

2019-04-30 15:04:50 - [MESSAGE][PASSED] - Object 'Object Repository/Pre-Salary/Employee Details/driversReportTable' is present

2019-04-30 15:04:50 - [TEST_STEP][PASSED] - verifyElementPresent(findTestObject("Pre-Salary/Employee Details/driversReportTable"), 2): Object 'Object Repository/Pre-Salary/Employee Details/driversReportTable' is present

2019-04-30 15:04:50 - [MESSAGE][PASSED] - Object 'Object Repository/Pre-Salary/Employee Details/driversReportTable' is present

2019-04-30 15:04:50 - [TEST_STEP][PASSED] - verifyElementPresent(findTestObject("Pre-Salary/Employee Details/driversCodeId_InDriversReportTableHeader"), 2): Object 'Object Repository/Pre-Salary/Employee Details/driversCodeId_InDriversReportTableHeader' is present

2019-04-30 15:04:50 - [MESSAGE][PASSED] - Object 'Object Repository/Pre-Salary/Employee Details/driversCodeId_InDriversReportTableHeader' is present

2019-04-30 15:04:50 - [TEST_STEP][PASSED] - driverCodeFromReport = getText(findTestObject("Pre-Salary/Employee Details/driversCodeId_InDriversReportTableHeader")): Text of object 'Object Repository/Pre-Salary/Employee Details/driversCodeId_InDriversReportTableHeader' is: '7062'

2019-04-30 15:04:50 - [MESSAGE][PASSED] - Text of object 'Object Repository/Pre-Salary/Employee Details/driversCodeId_InDriversReportTableHeader' is: '7062'

2019-04-30 15:04:50 - [TEST_STEP][PASSED] - if (driverCodeFromReport != driver_Id && !(driverCodeFromReport.contains(driver_Id))): null

2019-04-30 15:04:50 - [TEST_STEP][PASSED] - waitForElementPresent(findTestObject("Pre-Salary/Employee Details/rightSideTable"), 10): Object 'Object Repository/Pre-Salary/Employee Details/rightSideTable' is present

2019-04-30 15:04:50 - [MESSAGE][PASSED] - Object 'Object Repository/Pre-Salary/Employee Details/rightSideTable' is present

2019-04-30 15:04:50 - [TEST_STEP][PASSED] - verifyElementPresent(findTestObject("Pre-Salary/Employee Details/rightSideTable"), 2): Object 'Object Repository/Pre-Salary/Employee Details/rightSideTable' is present

2019-04-30 15:04:50 - [MESSAGE][PASSED] - Object 'Object Repository/Pre-Salary/Employee Details/rightSideTable' is present

2019-04-30 15:04:50 - [TEST_STEP][PASSED] - waitForElementPresent(findTestObject("Pre-Salary/Employee Details/rightSideTableDriversId"), 10): Object 'Object Repository/Pre-Salary/Employee Details/rightSideTableDriversId' is present

2019-04-30 15:04:50 - [MESSAGE][PASSED] - Object 'Object Repository/Pre-Salary/Employee Details/rightSideTableDriversId' is present

2019-04-30 15:04:50 - [TEST_STEP][PASSED] - verifyElementPresent(findTestObject("Pre-Salary/Employee Details/rightSideTableDriversId"), 2): Object 'Object Repository/Pre-Salary/Employee Details/rightSideTableDriversId' is present

2019-04-30 15:04:50 - [MESSAGE][PASSED] - Object 'Object Repository/Pre-Salary/Employee Details/rightSideTableDriversId' is present

2019-04-30 15:04:50 - [TEST_STEP][PASSED] - driversCodeFromRightSideTable = getText(findTestObject("Pre-Salary/Employee Details/rightSideTableDriversId")): Text of object 'Object Repository/Pre-Salary/Employee Details/rightSideTableDriversId' is: '7062'

2019-04-30 15:04:50 - [MESSAGE][PASSED] - Text of object 'Object Repository/Pre-Salary/Employee Details/rightSideTableDriversId' is: '7062'

2019-04-30 15:04:50 - [TEST_STEP][PASSED] - if (!(driversCodeFromRightSideTable.contains(driver_Id))): null

2019-04-30 15:04:50 - [TEST_STEP][PASSED] - closeBrowser(): Browser is closed

2019-04-30 15:04:51 - [MESSAGE][PASSED] - Browser is closed]]></system-out>
         <system-err><![CDATA[]]></system-err>
      </testcase>
      <system-out><![CDATA[2019-04-30 14:50:34 - [TEST_SUITE][PASSED] - Pre Salary: Test Cases/Pre-Salary/One Driver Calc]]></system-out>
      <system-err><![CDATA[]]></system-err>
   </testsuite>
</testsuites>
