<?xml version="1.0" encoding="UTF-8"?>
<testsuites name="Command and Control" time="147" tests="3" failures="0" errors="0">
   <testsuite name="Command and Control" tests="3" failures="0" errors="0" time="147" timestamp="2019-01-21 12:31:58" hostname="leon.b - QA-PC.Y-it.Local" id="Test Suites/Production/Command and Control">
      <properties>
         <property name="deviceName" value=""/>
         <property name="devicePlatform" value=""/>
         <property name="logFolder" value="C:\\Users\\leon.b\\Katalon Studio\\Y-IT_TransIT\\Reports\\Production\\Command and Control\\20190121_123156"/>
         <property name="logFiles" value="C:\\Users\\leon.b\\Katalon Studio\\Y-IT_TransIT\\Reports\\Production\\Command and Control\\20190121_123156\\execution0.log"/>
         <property name="attachments" value=""/>
         <property name="hostName" value="leon.b - QA-PC.Y-it.Local"/>
         <property name="os" value="Windows 10 64bit"/>
         <property name="katalonVersion" value="5.10.1.1"/>
         <property name="browser" value="Chrome 71.0.3578.98"/>
         <property name="hostAddress" value="192.168.1.145"/>
         <property name="sessionId" value="d9b5bb817577830501dfb44f53e20963"/>
         <property name="seleniumVersion" value="3.7.1"/>
         <property name="proxyInformation" value="ProxyInformation{proxyOption=NO_PROXY, proxyServerType=HTTP, password=, proxyServerAddress=, proxyServerPort=0}"/>
         <property name="platform" value="Windows 10"/>
      </properties>
      <testcase name="Test Cases/Command and Control/Control tasks" classname="Test Cases/Command and Control/Control tasks" status="PASSED">
         <system-out><![CDATA[2019-01-21 12:31:58 - [TEST_CASE][PASSED] - Test Cases/Command and Control/Control tasks: Test Cases/Command and Control/Control tasks

2019-01-21 12:31:59 - [TEST_STEP][PASSED] - login.c_login.logIn(site, userName, userPass): login.c_login.logIn is PASSED

2019-01-21 12:31:59 - [MESSAGE][INFO] - Starting 'Chrome' driver

2019-01-21 12:31:59 - [MESSAGE][INFO] - Action delay is set to 0 seconds

2019-01-21 12:32:11 - [MESSAGE][PASSED] - Browser is opened with url: 'danbr7.y-it.co.il'

2019-01-21 12:32:12 - [MESSAGE][PASSED] - Current window maximized

2019-01-21 12:32:13 - [MESSAGE][PASSED] - Text 'shelly' is set on object 'Object Repository/Y-IT Log In/input_ _userName'

2019-01-21 12:32:13 - [MESSAGE][PASSED] - Text ****** has been set on object 'Object Repository/Y-IT Log In/input_ _password'

2019-01-21 12:32:13 - [MESSAGE][PASSED] - Object: 'Object Repository/Y-IT Log In/input_  _submit' is clicked on

2019-01-21 12:32:13 - [MESSAGE][PASSED] - login.c_login.logIn is PASSED

2019-01-21 12:32:13 - [TEST_STEP][PASSED] - delay(1): Delayed 1 second(s)

2019-01-21 12:32:14 - [MESSAGE][PASSED] - Delayed 1 second(s)

2019-01-21 12:32:14 - [TEST_STEP][PASSED] - waitForElementPresent(findTestObject("General/mainEmptyBackground"), 15): Object 'Object Repository/General/mainEmptyBackground' is present

2019-01-21 12:32:14 - [MESSAGE][PASSED] - Object 'Object Repository/General/mainEmptyBackground' is present

2019-01-21 12:32:14 - [TEST_STEP][PASSED] - waitForElementPresent(findTestObject("Nav Bar/commandAndControl"), 15): Object 'Object Repository/Nav Bar/commandAndControl' is present

2019-01-21 12:32:15 - [MESSAGE][PASSED] - Object 'Object Repository/Nav Bar/commandAndControl' is present

2019-01-21 12:32:15 - [TEST_STEP][PASSED] - waitForElementNotPresent(findTestObject("General/loadingBar"), 15): Web element with id: 'Object Repository/General/loadingBar' located by 'By.cssSelector: div[class="bar"][style~="width:"]' is not present after '15' second(s)

2019-01-21 12:32:21 - [MESSAGE][PASSED] - Web element with id: 'Object Repository/General/loadingBar' located by 'By.cssSelector: div[class="bar"][style~="width:"]' is not present after '15' second(s)

2019-01-21 12:32:21 - [TEST_STEP][PASSED] - isControldTasksOpen = waitForElementPresent(findTestObject("Command and Control/Tasks Control/taskControlView"), 15): Object 'Object Repository/Command and Control/Tasks Control/taskControlView' is not present after 15 second(s)

2019-01-21 12:32:36 - [MESSAGE][INFO] - Unable to find the element located by 'By.cssSelector: #taskControlview'. Please recheck the objects properties to make sure the desired element is located. 

2019-01-21 12:32:36 - [MESSAGE][WARNING] - Object 'Object Repository/Command and Control/Tasks Control/taskControlView' is not present after 15 second(s)

2019-01-21 12:32:36 - [TEST_STEP][PASSED] - if (!(isControldTasksOpen)): Object: 'Object Repository/Nav Bar/Nav Bar CnC/controlTasks' is clicked on

2019-01-21 12:32:36 - [TEST_STEP][PASSED] - click(findTestObject("Nav Bar/commandAndControl")): Object: 'Object Repository/Nav Bar/commandAndControl' is clicked on

2019-01-21 12:32:37 - [MESSAGE][PASSED] - Object: 'Object Repository/Nav Bar/commandAndControl' is clicked on

2019-01-21 12:32:37 - [TEST_STEP][PASSED] - delay(1): Delayed 1 second(s)

2019-01-21 12:32:38 - [MESSAGE][PASSED] - Delayed 1 second(s)

2019-01-21 12:32:38 - [TEST_STEP][PASSED] - try: Object: 'Object Repository/Nav Bar/Nav Bar CnC/controlTasks' is clicked on

2019-01-21 12:32:38 - [TEST_STEP][PASSED] - click(findTestObject("Nav Bar/Nav Bar CnC/controlTasks")): Object: 'Object Repository/Nav Bar/Nav Bar CnC/controlTasks' is clicked on

2019-01-21 12:32:38 - [MESSAGE][PASSED] - Object: 'Object Repository/Nav Bar/Nav Bar CnC/controlTasks' is clicked on

2019-01-21 12:32:38 - [TEST_STEP][PASSED] - waitForElementPresent(findTestObject("Command and Control/Tasks Control/taskControlView"), 15): Object 'Object Repository/Command and Control/Tasks Control/taskControlView' is present

2019-01-21 12:32:38 - [MESSAGE][PASSED] - Object 'Object Repository/Command and Control/Tasks Control/taskControlView' is present

2019-01-21 12:32:38 - [TEST_STEP][PASSED] - waitForElementNotPresent(findTestObject("General/loadingBar"), 15): Web element with id: 'Object Repository/General/loadingBar' located by 'By.cssSelector: div[class="bar"][style~="width:"]' is not present after '15' second(s)

2019-01-21 12:32:38 - [MESSAGE][PASSED] - Web element with id: 'Object Repository/General/loadingBar' located by 'By.cssSelector: div[class="bar"][style~="width:"]' is not present after '15' second(s)

2019-01-21 12:32:38 - [TEST_STEP][PASSED] - delay(1): Delayed 1 second(s)

2019-01-21 12:32:39 - [MESSAGE][PASSED] - Delayed 1 second(s)

2019-01-21 12:32:39 - [TEST_STEP][PASSED] - waitForElementVisible(findTestObject("Command and Control/Tasks Control/dateField"), 15): Object 'Object Repository/Command and Control/Tasks Control/dateField' is visible

2019-01-21 12:32:39 - [MESSAGE][PASSED] - Object 'Object Repository/Command and Control/Tasks Control/dateField' is visible

2019-01-21 12:32:39 - [TEST_STEP][PASSED] - verifyElementVisibleInViewport(findTestObject("Command and Control/Tasks Control/dateField"), 5): Object 'Object Repository/Command and Control/Tasks Control/dateField' is present and visible in viewport

2019-01-21 12:32:39 - [MESSAGE][PASSED] - Object 'Object Repository/Command and Control/Tasks Control/dateField' is present and visible in viewport

2019-01-21 12:32:39 - [TEST_STEP][PASSED] - waitForElementVisible(findTestObject("Command and Control/Tasks Control/footer"), 15): Object 'Object Repository/Command and Control/Tasks Control/footer' is visible

2019-01-21 12:32:39 - [MESSAGE][PASSED] - Object 'Object Repository/Command and Control/Tasks Control/footer' is visible

2019-01-21 12:32:39 - [TEST_STEP][PASSED] - verifyElementVisibleInViewport(findTestObject("Command and Control/Tasks Control/footer"), 5): Object 'Object Repository/Command and Control/Tasks Control/footer' is present and visible in viewport

2019-01-21 12:32:39 - [MESSAGE][PASSED] - Object 'Object Repository/Command and Control/Tasks Control/footer' is present and visible in viewport

2019-01-21 12:32:39 - [TEST_STEP][PASSED] - waitForElementVisible(findTestObject("Command and Control/Tasks Control/mainTable"), 15): Object 'Object Repository/Command and Control/Tasks Control/mainTable' is visible

2019-01-21 12:32:41 - [MESSAGE][PASSED] - Object 'Object Repository/Command and Control/Tasks Control/mainTable' is visible

2019-01-21 12:32:41 - [TEST_STEP][PASSED] - verifyElementVisibleInViewport(findTestObject("Command and Control/Tasks Control/mainTable"), 5): Object 'Object Repository/Command and Control/Tasks Control/mainTable' is present and visible in viewport

2019-01-21 12:32:41 - [MESSAGE][PASSED] - Object 'Object Repository/Command and Control/Tasks Control/mainTable' is present and visible in viewport

2019-01-21 12:32:41 - [TEST_STEP][PASSED] - waitForElementVisible(findTestObject("Command and Control/Tasks Control/tableFirstLine"), 15): Object 'Object Repository/Command and Control/Tasks Control/tableFirstLine' is visible

2019-01-21 12:32:41 - [MESSAGE][PASSED] - Object 'Object Repository/Command and Control/Tasks Control/tableFirstLine' is visible

2019-01-21 12:32:41 - [TEST_STEP][PASSED] - verifyElementVisibleInViewport(findTestObject("Command and Control/Tasks Control/tableFirstLine"), 5): Object 'Object Repository/Command and Control/Tasks Control/tableFirstLine' is present and visible in viewport

2019-01-21 12:32:41 - [MESSAGE][PASSED] - Object 'Object Repository/Command and Control/Tasks Control/tableFirstLine' is present and visible in viewport

2019-01-21 12:32:41 - [TEST_STEP][PASSED] - waitForElementVisible(findTestObject("Command and Control/Tasks Control/upperLeftFirstLine"), 15): Object 'Object Repository/Command and Control/Tasks Control/upperLeftFirstLine' is visible

2019-01-21 12:32:42 - [MESSAGE][PASSED] - Object 'Object Repository/Command and Control/Tasks Control/upperLeftFirstLine' is visible

2019-01-21 12:32:42 - [TEST_STEP][PASSED] - verifyElementVisibleInViewport(findTestObject("Command and Control/Tasks Control/upperLeftFirstLine"), 5): Object 'Object Repository/Command and Control/Tasks Control/upperLeftFirstLine' is present and visible in viewport

2019-01-21 12:32:42 - [MESSAGE][PASSED] - Object 'Object Repository/Command and Control/Tasks Control/upperLeftFirstLine' is present and visible in viewport

2019-01-21 12:32:42 - [TEST_STEP][PASSED] - doubleClick(findTestObject("Command and Control/Tasks Control/tableFirstLine")): Object: 'Object Repository/Command and Control/Tasks Control/tableFirstLine' is double clicked on

2019-01-21 12:32:42 - [MESSAGE][PASSED] - Object: 'Object Repository/Command and Control/Tasks Control/tableFirstLine' is double clicked on

2019-01-21 12:32:42 - [TEST_STEP][PASSED] - delay(1): Delayed 1 second(s)

2019-01-21 12:32:43 - [MESSAGE][PASSED] - Delayed 1 second(s)

2019-01-21 12:32:43 - [TEST_STEP][PASSED] - waitForElementNotPresent(findTestObject("General/loadingBar"), 15): Web element with id: 'Object Repository/General/loadingBar' located by 'By.cssSelector: div[class="bar"][style~="width:"]' is not present after '15' second(s)

2019-01-21 12:32:43 - [MESSAGE][PASSED] - Web element with id: 'Object Repository/General/loadingBar' located by 'By.cssSelector: div[class="bar"][style~="width:"]' is not present after '15' second(s)

2019-01-21 12:32:43 - [TEST_STEP][PASSED] - waitForElementVisible(findTestObject("Command and Control/Task Tracking/taskTrackingView"), 15): Object 'Object Repository/Command and Control/Task Tracking/taskTrackingView' is visible

2019-01-21 12:32:44 - [MESSAGE][PASSED] - Object 'Object Repository/Command and Control/Task Tracking/taskTrackingView' is visible

2019-01-21 12:32:44 - [TEST_STEP][PASSED] - verifyElementVisibleInViewport(findTestObject("Command and Control/Task Tracking/taskTrackingView"), 5): Object 'Object Repository/Command and Control/Task Tracking/taskTrackingView' is present and visible in viewport

2019-01-21 12:32:44 - [MESSAGE][PASSED] - Object 'Object Repository/Command and Control/Task Tracking/taskTrackingView' is present and visible in viewport

2019-01-21 12:32:44 - [TEST_STEP][PASSED] - waitForElementNotPresent(findTestObject("General/loadingBar"), 15): Web element with id: 'Object Repository/General/loadingBar' located by 'By.cssSelector: div[class="bar"][style~="width:"]' is not present after '15' second(s)

2019-01-21 12:32:44 - [MESSAGE][PASSED] - Web element with id: 'Object Repository/General/loadingBar' located by 'By.cssSelector: div[class="bar"][style~="width:"]' is not present after '15' second(s)

2019-01-21 12:32:44 - [TEST_STEP][PASSED] - waitForElementVisible(findTestObject("Command and Control/Task Tracking/taskTrackingView"), 15): Object 'Object Repository/Command and Control/Task Tracking/taskTrackingView' is visible

2019-01-21 12:32:44 - [MESSAGE][PASSED] - Object 'Object Repository/Command and Control/Task Tracking/taskTrackingView' is visible

2019-01-21 12:32:44 - [TEST_STEP][PASSED] - verifyElementVisibleInViewport(findTestObject("Command and Control/Task Tracking/taskTrackingView"), 5): Object 'Object Repository/Command and Control/Task Tracking/taskTrackingView' is present and visible in viewport

2019-01-21 12:32:44 - [MESSAGE][PASSED] - Object 'Object Repository/Command and Control/Task Tracking/taskTrackingView' is present and visible in viewport

2019-01-21 12:32:44 - [TEST_STEP][PASSED] - waitForElementVisible(findTestObject("Command and Control/Task Tracking/header"), 15): Object 'Object Repository/Command and Control/Task Tracking/header' is visible

2019-01-21 12:32:44 - [MESSAGE][PASSED] - Object 'Object Repository/Command and Control/Task Tracking/header' is visible

2019-01-21 12:32:44 - [TEST_STEP][PASSED] - verifyElementVisibleInViewport(findTestObject("Command and Control/Task Tracking/header"), 5): Object 'Object Repository/Command and Control/Task Tracking/header' is present and visible in viewport

2019-01-21 12:32:44 - [MESSAGE][PASSED] - Object 'Object Repository/Command and Control/Task Tracking/header' is present and visible in viewport

2019-01-21 12:32:44 - [TEST_STEP][PASSED] - waitForElementVisible(findTestObject("Command and Control/Task Tracking/map"), 15): Object 'Object Repository/Command and Control/Task Tracking/map' is visible

2019-01-21 12:32:44 - [MESSAGE][PASSED] - Object 'Object Repository/Command and Control/Task Tracking/map' is visible

2019-01-21 12:32:44 - [TEST_STEP][PASSED] - verifyElementVisibleInViewport(findTestObject("Command and Control/Task Tracking/map"), 5): Object 'Object Repository/Command and Control/Task Tracking/map' is present and visible in viewport

2019-01-21 12:32:44 - [MESSAGE][PASSED] - Object 'Object Repository/Command and Control/Task Tracking/map' is present and visible in viewport

2019-01-21 12:32:44 - [TEST_STEP][PASSED] - waitForElementVisible(findTestObject("Command and Control/Task Tracking/exeptionsTabHref"), 15): Object 'Object Repository/Command and Control/Task Tracking/exeptionsTabHref' is visible

2019-01-21 12:32:44 - [MESSAGE][PASSED] - Object 'Object Repository/Command and Control/Task Tracking/exeptionsTabHref' is visible

2019-01-21 12:32:44 - [TEST_STEP][PASSED] - delay(1): Delayed 1 second(s)

2019-01-21 12:32:45 - [MESSAGE][PASSED] - Delayed 1 second(s)

2019-01-21 12:32:45 - [TEST_STEP][PASSED] - click(findTestObject("Command and Control/Task Tracking/exeptionsTabHref"), STOP_ON_FAILURE): Object: 'Object Repository/Command and Control/Task Tracking/exeptionsTabHref' is clicked on

2019-01-21 12:32:46 - [MESSAGE][PASSED] - Object: 'Object Repository/Command and Control/Task Tracking/exeptionsTabHref' is clicked on

2019-01-21 12:32:46 - [TEST_STEP][PASSED] - delay(1): Delayed 1 second(s)

2019-01-21 12:32:47 - [MESSAGE][PASSED] - Delayed 1 second(s)

2019-01-21 12:32:47 - [TEST_STEP][PASSED] - waitForElementVisible(findTestObject("Command and Control/Task Tracking/exeptionsTable"), 15): Object 'Object Repository/Command and Control/Task Tracking/exeptionsTable' is visible

2019-01-21 12:32:47 - [MESSAGE][PASSED] - Object 'Object Repository/Command and Control/Task Tracking/exeptionsTable' is visible

2019-01-21 12:32:47 - [TEST_STEP][PASSED] - verifyElementVisibleInViewport(findTestObject("Command and Control/Task Tracking/exeptionsTable"), 5): Object 'Object Repository/Command and Control/Task Tracking/exeptionsTable' is present and visible in viewport

2019-01-21 12:32:47 - [MESSAGE][PASSED] - Object 'Object Repository/Command and Control/Task Tracking/exeptionsTable' is present and visible in viewport

2019-01-21 12:32:47 - [TEST_STEP][PASSED] - waitForElementVisible(findTestObject("Command and Control/Task Tracking/remarks"), 15): Object 'Object Repository/Command and Control/Task Tracking/remarks' is visible

2019-01-21 12:32:47 - [MESSAGE][PASSED] - Object 'Object Repository/Command and Control/Task Tracking/remarks' is visible

2019-01-21 12:32:47 - [TEST_STEP][PASSED] - verifyElementVisibleInViewport(findTestObject("Command and Control/Task Tracking/remarks"), 5): Object 'Object Repository/Command and Control/Task Tracking/remarks' is present and visible in viewport

2019-01-21 12:32:47 - [MESSAGE][PASSED] - Object 'Object Repository/Command and Control/Task Tracking/remarks' is present and visible in viewport

2019-01-21 12:32:47 - [TEST_STEP][PASSED] - waitForElementVisible(findTestObject("Command and Control/Task Tracking/statusCheck"), 15): Object 'Object Repository/Command and Control/Task Tracking/statusCheck' is visible

2019-01-21 12:32:47 - [MESSAGE][PASSED] - Object 'Object Repository/Command and Control/Task Tracking/statusCheck' is visible

2019-01-21 12:32:47 - [TEST_STEP][PASSED] - verifyElementVisibleInViewport(findTestObject("Command and Control/Task Tracking/statusCheck"), 5): Object 'Object Repository/Command and Control/Task Tracking/statusCheck' is present and visible in viewport

2019-01-21 12:32:47 - [MESSAGE][PASSED] - Object 'Object Repository/Command and Control/Task Tracking/statusCheck' is present and visible in viewport

2019-01-21 12:32:47 - [TEST_STEP][PASSED] - waitForElementVisible(findTestObject("Command and Control/Task Tracking/stationsTabHref"), 15): Object 'Object Repository/Command and Control/Task Tracking/stationsTabHref' is visible

2019-01-21 12:32:47 - [MESSAGE][PASSED] - Object 'Object Repository/Command and Control/Task Tracking/stationsTabHref' is visible

2019-01-21 12:32:47 - [TEST_STEP][PASSED] - delay(1): Delayed 1 second(s)

2019-01-21 12:32:48 - [MESSAGE][PASSED] - Delayed 1 second(s)

2019-01-21 12:32:48 - [TEST_STEP][PASSED] - click(findTestObject("Command and Control/Task Tracking/stationsTabHref"), STOP_ON_FAILURE): Object: 'Object Repository/Command and Control/Task Tracking/stationsTabHref' is clicked on

2019-01-21 12:32:48 - [MESSAGE][PASSED] - Object: 'Object Repository/Command and Control/Task Tracking/stationsTabHref' is clicked on

2019-01-21 12:32:48 - [TEST_STEP][PASSED] - delay(1): Delayed 1 second(s)

2019-01-21 12:32:49 - [MESSAGE][PASSED] - Delayed 1 second(s)

2019-01-21 12:32:49 - [TEST_STEP][PASSED] - waitForElementVisible(findTestObject("Command and Control/Task Tracking/stationsTable"), 15): Object 'Object Repository/Command and Control/Task Tracking/stationsTable' is visible

2019-01-21 12:32:49 - [MESSAGE][PASSED] - Object 'Object Repository/Command and Control/Task Tracking/stationsTable' is visible

2019-01-21 12:32:49 - [TEST_STEP][PASSED] - verifyElementVisibleInViewport(findTestObject("Command and Control/Task Tracking/stationsTable"), 5): Object 'Object Repository/Command and Control/Task Tracking/stationsTable' is present and visible in viewport

2019-01-21 12:32:49 - [MESSAGE][PASSED] - Object 'Object Repository/Command and Control/Task Tracking/stationsTable' is present and visible in viewport

2019-01-21 12:32:49 - [TEST_STEP][PASSED] - waitForElementVisible(findTestObject("Command and Control/Task Tracking/close"), 15): Object 'Object Repository/Command and Control/Task Tracking/close' is visible

2019-01-21 12:32:49 - [MESSAGE][PASSED] - Object 'Object Repository/Command and Control/Task Tracking/close' is visible

2019-01-21 12:32:49 - [TEST_STEP][PASSED] - delay(1): Delayed 1 second(s)

2019-01-21 12:32:50 - [MESSAGE][PASSED] - Delayed 1 second(s)

2019-01-21 12:32:50 - [TEST_STEP][PASSED] - click(findTestObject("Command and Control/Task Tracking/close"), STOP_ON_FAILURE): Object: 'Object Repository/Command and Control/Task Tracking/close' is clicked on

2019-01-21 12:32:50 - [MESSAGE][PASSED] - Object: 'Object Repository/Command and Control/Task Tracking/close' is clicked on

2019-01-21 12:32:50 - [TEST_STEP][PASSED] - delay(1): Delayed 1 second(s)

2019-01-21 12:32:51 - [MESSAGE][PASSED] - Delayed 1 second(s)

2019-01-21 12:32:51 - [TEST_STEP][PASSED] - closeBrowser(): Browser is closed

2019-01-21 12:32:52 - [MESSAGE][PASSED] - Browser is closed]]></system-out>
         <system-err><![CDATA[]]></system-err>
      </testcase>
      <testcase name="Test Cases/Command and Control/Control tasks" classname="Test Cases/Command and Control/Control tasks" status="PASSED">
         <system-out><![CDATA[2019-01-21 12:32:52 - [TEST_CASE][PASSED] - Test Cases/Command and Control/Control tasks: Test Cases/Command and Control/Control tasks

2019-01-21 12:32:52 - [TEST_STEP][PASSED] - login.c_login.logIn(site, userName, userPass): login.c_login.logIn is PASSED

2019-01-21 12:32:52 - [MESSAGE][INFO] - Starting 'Chrome' driver

2019-01-21 12:33:07 - [MESSAGE][PASSED] - Browser is opened with url: 'danbadarom.y-it.co.il'

2019-01-21 12:33:08 - [MESSAGE][PASSED] - Current window maximized

2019-01-21 12:33:09 - [MESSAGE][PASSED] - Text 'admin' is set on object 'Object Repository/Y-IT Log In/input_ _userName'

2019-01-21 12:33:09 - [MESSAGE][PASSED] - Text ****** has been set on object 'Object Repository/Y-IT Log In/input_ _password'

2019-01-21 12:33:09 - [MESSAGE][PASSED] - Object: 'Object Repository/Y-IT Log In/input_  _submit' is clicked on

2019-01-21 12:33:09 - [MESSAGE][PASSED] - login.c_login.logIn is PASSED

2019-01-21 12:33:09 - [TEST_STEP][PASSED] - delay(1): Delayed 1 second(s)

2019-01-21 12:33:10 - [MESSAGE][PASSED] - Delayed 1 second(s)

2019-01-21 12:33:10 - [TEST_STEP][PASSED] - waitForElementPresent(findTestObject("General/mainEmptyBackground"), 15): Object 'Object Repository/General/mainEmptyBackground' is present

2019-01-21 12:33:10 - [MESSAGE][PASSED] - Object 'Object Repository/General/mainEmptyBackground' is present

2019-01-21 12:33:10 - [TEST_STEP][PASSED] - waitForElementPresent(findTestObject("Nav Bar/commandAndControl"), 15): Object 'Object Repository/Nav Bar/commandAndControl' is present

2019-01-21 12:33:11 - [MESSAGE][PASSED] - Object 'Object Repository/Nav Bar/commandAndControl' is present

2019-01-21 12:33:11 - [TEST_STEP][PASSED] - waitForElementNotPresent(findTestObject("General/loadingBar"), 15): Web element with id: 'Object Repository/General/loadingBar' located by 'By.cssSelector: div[class="bar"][style~="width:"]' is not present after '15' second(s)

2019-01-21 12:33:15 - [MESSAGE][PASSED] - Web element with id: 'Object Repository/General/loadingBar' located by 'By.cssSelector: div[class="bar"][style~="width:"]' is not present after '15' second(s)

2019-01-21 12:33:15 - [TEST_STEP][PASSED] - isControldTasksOpen = waitForElementPresent(findTestObject("Command and Control/Tasks Control/taskControlView"), 15): Object 'Object Repository/Command and Control/Tasks Control/taskControlView' is present

2019-01-21 12:33:15 - [MESSAGE][PASSED] - Object 'Object Repository/Command and Control/Tasks Control/taskControlView' is present

2019-01-21 12:33:15 - [TEST_STEP][PASSED] - if (!(isControldTasksOpen)): null

2019-01-21 12:33:15 - [TEST_STEP][PASSED] - waitForElementPresent(findTestObject("Command and Control/Tasks Control/taskControlView"), 15): Object 'Object Repository/Command and Control/Tasks Control/taskControlView' is present

2019-01-21 12:33:15 - [MESSAGE][PASSED] - Object 'Object Repository/Command and Control/Tasks Control/taskControlView' is present

2019-01-21 12:33:15 - [TEST_STEP][PASSED] - waitForElementNotPresent(findTestObject("General/loadingBar"), 15): Web element with id: 'Object Repository/General/loadingBar' located by 'By.cssSelector: div[class="bar"][style~="width:"]' is not present after '15' second(s)

2019-01-21 12:33:15 - [MESSAGE][PASSED] - Web element with id: 'Object Repository/General/loadingBar' located by 'By.cssSelector: div[class="bar"][style~="width:"]' is not present after '15' second(s)

2019-01-21 12:33:15 - [TEST_STEP][PASSED] - delay(1): Delayed 1 second(s)

2019-01-21 12:33:16 - [MESSAGE][PASSED] - Delayed 1 second(s)

2019-01-21 12:33:16 - [TEST_STEP][PASSED] - waitForElementVisible(findTestObject("Command and Control/Tasks Control/dateField"), 15): Object 'Object Repository/Command and Control/Tasks Control/dateField' is visible

2019-01-21 12:33:16 - [MESSAGE][PASSED] - Object 'Object Repository/Command and Control/Tasks Control/dateField' is visible

2019-01-21 12:33:16 - [TEST_STEP][PASSED] - verifyElementVisibleInViewport(findTestObject("Command and Control/Tasks Control/dateField"), 5): Object 'Object Repository/Command and Control/Tasks Control/dateField' is present and visible in viewport

2019-01-21 12:33:16 - [MESSAGE][PASSED] - Object 'Object Repository/Command and Control/Tasks Control/dateField' is present and visible in viewport

2019-01-21 12:33:16 - [TEST_STEP][PASSED] - waitForElementVisible(findTestObject("Command and Control/Tasks Control/footer"), 15): Object 'Object Repository/Command and Control/Tasks Control/footer' is visible

2019-01-21 12:33:16 - [MESSAGE][PASSED] - Object 'Object Repository/Command and Control/Tasks Control/footer' is visible

2019-01-21 12:33:16 - [TEST_STEP][PASSED] - verifyElementVisibleInViewport(findTestObject("Command and Control/Tasks Control/footer"), 5): Object 'Object Repository/Command and Control/Tasks Control/footer' is present and visible in viewport

2019-01-21 12:33:16 - [MESSAGE][PASSED] - Object 'Object Repository/Command and Control/Tasks Control/footer' is present and visible in viewport

2019-01-21 12:33:16 - [TEST_STEP][PASSED] - waitForElementVisible(findTestObject("Command and Control/Tasks Control/mainTable"), 15): Object 'Object Repository/Command and Control/Tasks Control/mainTable' is visible

2019-01-21 12:33:16 - [MESSAGE][PASSED] - Object 'Object Repository/Command and Control/Tasks Control/mainTable' is visible

2019-01-21 12:33:16 - [TEST_STEP][PASSED] - verifyElementVisibleInViewport(findTestObject("Command and Control/Tasks Control/mainTable"), 5): Object 'Object Repository/Command and Control/Tasks Control/mainTable' is present and visible in viewport

2019-01-21 12:33:16 - [MESSAGE][PASSED] - Object 'Object Repository/Command and Control/Tasks Control/mainTable' is present and visible in viewport

2019-01-21 12:33:16 - [TEST_STEP][PASSED] - waitForElementVisible(findTestObject("Command and Control/Tasks Control/tableFirstLine"), 15): Object 'Object Repository/Command and Control/Tasks Control/tableFirstLine' is visible

2019-01-21 12:33:16 - [MESSAGE][PASSED] - Object 'Object Repository/Command and Control/Tasks Control/tableFirstLine' is visible

2019-01-21 12:33:16 - [TEST_STEP][PASSED] - verifyElementVisibleInViewport(findTestObject("Command and Control/Tasks Control/tableFirstLine"), 5): Object 'Object Repository/Command and Control/Tasks Control/tableFirstLine' is present and visible in viewport

2019-01-21 12:33:17 - [MESSAGE][PASSED] - Object 'Object Repository/Command and Control/Tasks Control/tableFirstLine' is present and visible in viewport

2019-01-21 12:33:17 - [TEST_STEP][PASSED] - waitForElementVisible(findTestObject("Command and Control/Tasks Control/upperLeftFirstLine"), 15): Object 'Object Repository/Command and Control/Tasks Control/upperLeftFirstLine' is visible

2019-01-21 12:33:22 - [MESSAGE][PASSED] - Object 'Object Repository/Command and Control/Tasks Control/upperLeftFirstLine' is visible

2019-01-21 12:33:22 - [TEST_STEP][PASSED] - verifyElementVisibleInViewport(findTestObject("Command and Control/Tasks Control/upperLeftFirstLine"), 5): Object 'Object Repository/Command and Control/Tasks Control/upperLeftFirstLine' is present and visible in viewport

2019-01-21 12:33:22 - [MESSAGE][PASSED] - Object 'Object Repository/Command and Control/Tasks Control/upperLeftFirstLine' is present and visible in viewport

2019-01-21 12:33:22 - [TEST_STEP][PASSED] - doubleClick(findTestObject("Command and Control/Tasks Control/tableFirstLine")): Object: 'Object Repository/Command and Control/Tasks Control/tableFirstLine' is double clicked on

2019-01-21 12:33:22 - [MESSAGE][PASSED] - Object: 'Object Repository/Command and Control/Tasks Control/tableFirstLine' is double clicked on

2019-01-21 12:33:22 - [TEST_STEP][PASSED] - delay(1): Delayed 1 second(s)

2019-01-21 12:33:23 - [MESSAGE][PASSED] - Delayed 1 second(s)

2019-01-21 12:33:23 - [TEST_STEP][PASSED] - waitForElementNotPresent(findTestObject("General/loadingBar"), 15): Web element with id: 'Object Repository/General/loadingBar' located by 'By.cssSelector: div[class="bar"][style~="width:"]' is not present after '15' second(s)

2019-01-21 12:33:26 - [MESSAGE][PASSED] - Web element with id: 'Object Repository/General/loadingBar' located by 'By.cssSelector: div[class="bar"][style~="width:"]' is not present after '15' second(s)

2019-01-21 12:33:26 - [TEST_STEP][PASSED] - waitForElementVisible(findTestObject("Command and Control/Task Tracking/taskTrackingView"), 15): Object 'Object Repository/Command and Control/Task Tracking/taskTrackingView' is visible

2019-01-21 12:33:26 - [MESSAGE][PASSED] - Object 'Object Repository/Command and Control/Task Tracking/taskTrackingView' is visible

2019-01-21 12:33:26 - [TEST_STEP][PASSED] - verifyElementVisibleInViewport(findTestObject("Command and Control/Task Tracking/taskTrackingView"), 5): Object 'Object Repository/Command and Control/Task Tracking/taskTrackingView' is present and visible in viewport

2019-01-21 12:33:26 - [MESSAGE][PASSED] - Object 'Object Repository/Command and Control/Task Tracking/taskTrackingView' is present and visible in viewport

2019-01-21 12:33:26 - [TEST_STEP][PASSED] - waitForElementNotPresent(findTestObject("General/loadingBar"), 15): Web element with id: 'Object Repository/General/loadingBar' located by 'By.cssSelector: div[class="bar"][style~="width:"]' is not present after '15' second(s)

2019-01-21 12:33:26 - [MESSAGE][PASSED] - Web element with id: 'Object Repository/General/loadingBar' located by 'By.cssSelector: div[class="bar"][style~="width:"]' is not present after '15' second(s)

2019-01-21 12:33:26 - [TEST_STEP][PASSED] - waitForElementVisible(findTestObject("Command and Control/Task Tracking/taskTrackingView"), 15): Object 'Object Repository/Command and Control/Task Tracking/taskTrackingView' is visible

2019-01-21 12:33:26 - [MESSAGE][PASSED] - Object 'Object Repository/Command and Control/Task Tracking/taskTrackingView' is visible

2019-01-21 12:33:26 - [TEST_STEP][PASSED] - verifyElementVisibleInViewport(findTestObject("Command and Control/Task Tracking/taskTrackingView"), 5): Object 'Object Repository/Command and Control/Task Tracking/taskTrackingView' is present and visible in viewport

2019-01-21 12:33:26 - [MESSAGE][PASSED] - Object 'Object Repository/Command and Control/Task Tracking/taskTrackingView' is present and visible in viewport

2019-01-21 12:33:26 - [TEST_STEP][PASSED] - waitForElementVisible(findTestObject("Command and Control/Task Tracking/header"), 15): Object 'Object Repository/Command and Control/Task Tracking/header' is visible

2019-01-21 12:33:26 - [MESSAGE][PASSED] - Object 'Object Repository/Command and Control/Task Tracking/header' is visible

2019-01-21 12:33:26 - [TEST_STEP][PASSED] - verifyElementVisibleInViewport(findTestObject("Command and Control/Task Tracking/header"), 5): Object 'Object Repository/Command and Control/Task Tracking/header' is present and visible in viewport

2019-01-21 12:33:26 - [MESSAGE][PASSED] - Object 'Object Repository/Command and Control/Task Tracking/header' is present and visible in viewport

2019-01-21 12:33:26 - [TEST_STEP][PASSED] - waitForElementVisible(findTestObject("Command and Control/Task Tracking/map"), 15): Object 'Object Repository/Command and Control/Task Tracking/map' is visible

2019-01-21 12:33:26 - [MESSAGE][PASSED] - Object 'Object Repository/Command and Control/Task Tracking/map' is visible

2019-01-21 12:33:26 - [TEST_STEP][PASSED] - verifyElementVisibleInViewport(findTestObject("Command and Control/Task Tracking/map"), 5): Object 'Object Repository/Command and Control/Task Tracking/map' is present and visible in viewport

2019-01-21 12:33:27 - [MESSAGE][PASSED] - Object 'Object Repository/Command and Control/Task Tracking/map' is present and visible in viewport

2019-01-21 12:33:27 - [TEST_STEP][PASSED] - waitForElementVisible(findTestObject("Command and Control/Task Tracking/exeptionsTabHref"), 15): Object 'Object Repository/Command and Control/Task Tracking/exeptionsTabHref' is visible

2019-01-21 12:33:27 - [MESSAGE][PASSED] - Object 'Object Repository/Command and Control/Task Tracking/exeptionsTabHref' is visible

2019-01-21 12:33:27 - [TEST_STEP][PASSED] - delay(1): Delayed 1 second(s)

2019-01-21 12:33:28 - [MESSAGE][PASSED] - Delayed 1 second(s)

2019-01-21 12:33:28 - [TEST_STEP][PASSED] - click(findTestObject("Command and Control/Task Tracking/exeptionsTabHref"), STOP_ON_FAILURE): Object: 'Object Repository/Command and Control/Task Tracking/exeptionsTabHref' is clicked on

2019-01-21 12:33:28 - [MESSAGE][PASSED] - Object: 'Object Repository/Command and Control/Task Tracking/exeptionsTabHref' is clicked on

2019-01-21 12:33:28 - [TEST_STEP][PASSED] - delay(1): Delayed 1 second(s)

2019-01-21 12:33:29 - [MESSAGE][PASSED] - Delayed 1 second(s)

2019-01-21 12:33:29 - [TEST_STEP][PASSED] - waitForElementVisible(findTestObject("Command and Control/Task Tracking/exeptionsTable"), 15): Object 'Object Repository/Command and Control/Task Tracking/exeptionsTable' is visible

2019-01-21 12:33:29 - [MESSAGE][PASSED] - Object 'Object Repository/Command and Control/Task Tracking/exeptionsTable' is visible

2019-01-21 12:33:29 - [TEST_STEP][PASSED] - verifyElementVisibleInViewport(findTestObject("Command and Control/Task Tracking/exeptionsTable"), 5): Object 'Object Repository/Command and Control/Task Tracking/exeptionsTable' is present and visible in viewport

2019-01-21 12:33:29 - [MESSAGE][PASSED] - Object 'Object Repository/Command and Control/Task Tracking/exeptionsTable' is present and visible in viewport

2019-01-21 12:33:29 - [TEST_STEP][PASSED] - waitForElementVisible(findTestObject("Command and Control/Task Tracking/remarks"), 15): Object 'Object Repository/Command and Control/Task Tracking/remarks' is visible

2019-01-21 12:33:29 - [MESSAGE][PASSED] - Object 'Object Repository/Command and Control/Task Tracking/remarks' is visible

2019-01-21 12:33:29 - [TEST_STEP][PASSED] - verifyElementVisibleInViewport(findTestObject("Command and Control/Task Tracking/remarks"), 5): Object 'Object Repository/Command and Control/Task Tracking/remarks' is present and visible in viewport

2019-01-21 12:33:29 - [MESSAGE][PASSED] - Object 'Object Repository/Command and Control/Task Tracking/remarks' is present and visible in viewport

2019-01-21 12:33:29 - [TEST_STEP][PASSED] - waitForElementVisible(findTestObject("Command and Control/Task Tracking/statusCheck"), 15): Object 'Object Repository/Command and Control/Task Tracking/statusCheck' is visible

2019-01-21 12:33:29 - [MESSAGE][PASSED] - Object 'Object Repository/Command and Control/Task Tracking/statusCheck' is visible

2019-01-21 12:33:29 - [TEST_STEP][PASSED] - verifyElementVisibleInViewport(findTestObject("Command and Control/Task Tracking/statusCheck"), 5): Object 'Object Repository/Command and Control/Task Tracking/statusCheck' is present and visible in viewport

2019-01-21 12:33:29 - [MESSAGE][PASSED] - Object 'Object Repository/Command and Control/Task Tracking/statusCheck' is present and visible in viewport

2019-01-21 12:33:29 - [TEST_STEP][PASSED] - waitForElementVisible(findTestObject("Command and Control/Task Tracking/stationsTabHref"), 15): Object 'Object Repository/Command and Control/Task Tracking/stationsTabHref' is visible

2019-01-21 12:33:29 - [MESSAGE][PASSED] - Object 'Object Repository/Command and Control/Task Tracking/stationsTabHref' is visible

2019-01-21 12:33:29 - [TEST_STEP][PASSED] - delay(1): Delayed 1 second(s)

2019-01-21 12:33:30 - [MESSAGE][PASSED] - Delayed 1 second(s)

2019-01-21 12:33:30 - [TEST_STEP][PASSED] - click(findTestObject("Command and Control/Task Tracking/stationsTabHref"), STOP_ON_FAILURE): Object: 'Object Repository/Command and Control/Task Tracking/stationsTabHref' is clicked on

2019-01-21 12:33:30 - [MESSAGE][PASSED] - Object: 'Object Repository/Command and Control/Task Tracking/stationsTabHref' is clicked on

2019-01-21 12:33:30 - [TEST_STEP][PASSED] - delay(1): Delayed 1 second(s)

2019-01-21 12:33:31 - [MESSAGE][PASSED] - Delayed 1 second(s)

2019-01-21 12:33:31 - [TEST_STEP][PASSED] - waitForElementVisible(findTestObject("Command and Control/Task Tracking/stationsTable"), 15): Object 'Object Repository/Command and Control/Task Tracking/stationsTable' is visible

2019-01-21 12:33:31 - [MESSAGE][PASSED] - Object 'Object Repository/Command and Control/Task Tracking/stationsTable' is visible

2019-01-21 12:33:31 - [TEST_STEP][PASSED] - verifyElementVisibleInViewport(findTestObject("Command and Control/Task Tracking/stationsTable"), 5): Object 'Object Repository/Command and Control/Task Tracking/stationsTable' is present and visible in viewport

2019-01-21 12:33:31 - [MESSAGE][PASSED] - Object 'Object Repository/Command and Control/Task Tracking/stationsTable' is present and visible in viewport

2019-01-21 12:33:31 - [TEST_STEP][PASSED] - waitForElementVisible(findTestObject("Command and Control/Task Tracking/close"), 15): Object 'Object Repository/Command and Control/Task Tracking/close' is visible

2019-01-21 12:33:31 - [MESSAGE][PASSED] - Object 'Object Repository/Command and Control/Task Tracking/close' is visible

2019-01-21 12:33:31 - [TEST_STEP][PASSED] - delay(1): Delayed 1 second(s)

2019-01-21 12:33:32 - [MESSAGE][PASSED] - Delayed 1 second(s)

2019-01-21 12:33:32 - [TEST_STEP][PASSED] - click(findTestObject("Command and Control/Task Tracking/close"), STOP_ON_FAILURE): Object: 'Object Repository/Command and Control/Task Tracking/close' is clicked on

2019-01-21 12:33:32 - [MESSAGE][PASSED] - Object: 'Object Repository/Command and Control/Task Tracking/close' is clicked on

2019-01-21 12:33:32 - [TEST_STEP][PASSED] - delay(1): Delayed 1 second(s)

2019-01-21 12:33:33 - [MESSAGE][PASSED] - Delayed 1 second(s)

2019-01-21 12:33:33 - [TEST_STEP][PASSED] - closeBrowser(): Browser is closed

2019-01-21 12:33:34 - [MESSAGE][PASSED] - Browser is closed]]></system-out>
         <system-err><![CDATA[]]></system-err>
      </testcase>
      <testcase name="Test Cases/Command and Control/Control tasks" classname="Test Cases/Command and Control/Control tasks" status="PASSED">
         <system-out><![CDATA[2019-01-21 12:33:34 - [TEST_CASE][PASSED] - Test Cases/Command and Control/Control tasks: Test Cases/Command and Control/Control tasks

2019-01-21 12:33:34 - [TEST_STEP][PASSED] - login.c_login.logIn(site, userName, userPass): login.c_login.logIn is PASSED

2019-01-21 12:33:34 - [MESSAGE][INFO] - Starting 'Chrome' driver

2019-01-21 12:33:43 - [MESSAGE][PASSED] - Browser is opened with url: 'shasha.y-it.co.il'

2019-01-21 12:33:44 - [MESSAGE][PASSED] - Current window maximized

2019-01-21 12:33:44 - [MESSAGE][PASSED] - Text 'admin' is set on object 'Object Repository/Y-IT Log In/input_ _userName'

2019-01-21 12:33:44 - [MESSAGE][PASSED] - Text ****** has been set on object 'Object Repository/Y-IT Log In/input_ _password'

2019-01-21 12:33:44 - [MESSAGE][PASSED] - Object: 'Object Repository/Y-IT Log In/input_  _submit' is clicked on

2019-01-21 12:33:44 - [MESSAGE][PASSED] - login.c_login.logIn is PASSED

2019-01-21 12:33:44 - [TEST_STEP][PASSED] - delay(1): Delayed 1 second(s)

2019-01-21 12:33:45 - [MESSAGE][PASSED] - Delayed 1 second(s)

2019-01-21 12:33:45 - [TEST_STEP][PASSED] - waitForElementPresent(findTestObject("General/mainEmptyBackground"), 15): Object 'Object Repository/General/mainEmptyBackground' is present

2019-01-21 12:33:48 - [MESSAGE][PASSED] - Object 'Object Repository/General/mainEmptyBackground' is present

2019-01-21 12:33:48 - [TEST_STEP][PASSED] - waitForElementPresent(findTestObject("Nav Bar/commandAndControl"), 15): Object 'Object Repository/Nav Bar/commandAndControl' is present

2019-01-21 12:33:48 - [MESSAGE][PASSED] - Object 'Object Repository/Nav Bar/commandAndControl' is present

2019-01-21 12:33:48 - [TEST_STEP][PASSED] - waitForElementNotPresent(findTestObject("General/loadingBar"), 15): Web element with id: 'Object Repository/General/loadingBar' located by 'By.cssSelector: div[class="bar"][style~="width:"]' is not present after '15' second(s)

2019-01-21 12:33:54 - [MESSAGE][PASSED] - Web element with id: 'Object Repository/General/loadingBar' located by 'By.cssSelector: div[class="bar"][style~="width:"]' is not present after '15' second(s)

2019-01-21 12:33:54 - [TEST_STEP][PASSED] - isControldTasksOpen = waitForElementPresent(findTestObject("Command and Control/Tasks Control/taskControlView"), 15): Object 'Object Repository/Command and Control/Tasks Control/taskControlView' is not present after 15 second(s)

2019-01-21 12:34:09 - [MESSAGE][INFO] - Unable to find the element located by 'By.cssSelector: #taskControlview'. Please recheck the objects properties to make sure the desired element is located. 

2019-01-21 12:34:09 - [MESSAGE][WARNING] - Object 'Object Repository/Command and Control/Tasks Control/taskControlView' is not present after 15 second(s)

2019-01-21 12:34:09 - [TEST_STEP][PASSED] - if (!(isControldTasksOpen)): Object: 'Object Repository/Nav Bar/Nav Bar CnC/controlTasks' is clicked on

2019-01-21 12:34:09 - [TEST_STEP][PASSED] - click(findTestObject("Nav Bar/commandAndControl")): Object: 'Object Repository/Nav Bar/commandAndControl' is clicked on

2019-01-21 12:34:09 - [MESSAGE][PASSED] - Object: 'Object Repository/Nav Bar/commandAndControl' is clicked on

2019-01-21 12:34:09 - [TEST_STEP][PASSED] - delay(1): Delayed 1 second(s)

2019-01-21 12:34:10 - [MESSAGE][PASSED] - Delayed 1 second(s)

2019-01-21 12:34:10 - [TEST_STEP][PASSED] - try: Object: 'Object Repository/Nav Bar/Nav Bar CnC/controlTasks' is clicked on

2019-01-21 12:34:10 - [TEST_STEP][PASSED] - click(findTestObject("Nav Bar/Nav Bar CnC/controlTasks")): Object: 'Object Repository/Nav Bar/Nav Bar CnC/controlTasks' is clicked on

2019-01-21 12:34:10 - [MESSAGE][PASSED] - Object: 'Object Repository/Nav Bar/Nav Bar CnC/controlTasks' is clicked on

2019-01-21 12:34:10 - [TEST_STEP][PASSED] - waitForElementPresent(findTestObject("Command and Control/Tasks Control/taskControlView"), 15): Object 'Object Repository/Command and Control/Tasks Control/taskControlView' is present

2019-01-21 12:34:10 - [MESSAGE][PASSED] - Object 'Object Repository/Command and Control/Tasks Control/taskControlView' is present

2019-01-21 12:34:10 - [TEST_STEP][PASSED] - waitForElementNotPresent(findTestObject("General/loadingBar"), 15): Web element with id: 'Object Repository/General/loadingBar' located by 'By.cssSelector: div[class="bar"][style~="width:"]' is not present after '15' second(s)

2019-01-21 12:34:10 - [MESSAGE][PASSED] - Web element with id: 'Object Repository/General/loadingBar' located by 'By.cssSelector: div[class="bar"][style~="width:"]' is not present after '15' second(s)

2019-01-21 12:34:10 - [TEST_STEP][PASSED] - delay(1): Delayed 1 second(s)

2019-01-21 12:34:11 - [MESSAGE][PASSED] - Delayed 1 second(s)

2019-01-21 12:34:11 - [TEST_STEP][PASSED] - waitForElementVisible(findTestObject("Command and Control/Tasks Control/dateField"), 15): Object 'Object Repository/Command and Control/Tasks Control/dateField' is visible

2019-01-21 12:34:12 - [MESSAGE][PASSED] - Object 'Object Repository/Command and Control/Tasks Control/dateField' is visible

2019-01-21 12:34:12 - [TEST_STEP][PASSED] - verifyElementVisibleInViewport(findTestObject("Command and Control/Tasks Control/dateField"), 5): Object 'Object Repository/Command and Control/Tasks Control/dateField' is present and visible in viewport

2019-01-21 12:34:12 - [MESSAGE][PASSED] - Object 'Object Repository/Command and Control/Tasks Control/dateField' is present and visible in viewport

2019-01-21 12:34:12 - [TEST_STEP][PASSED] - waitForElementVisible(findTestObject("Command and Control/Tasks Control/footer"), 15): Object 'Object Repository/Command and Control/Tasks Control/footer' is visible

2019-01-21 12:34:12 - [MESSAGE][PASSED] - Object 'Object Repository/Command and Control/Tasks Control/footer' is visible

2019-01-21 12:34:12 - [TEST_STEP][PASSED] - verifyElementVisibleInViewport(findTestObject("Command and Control/Tasks Control/footer"), 5): Object 'Object Repository/Command and Control/Tasks Control/footer' is present and visible in viewport

2019-01-21 12:34:12 - [MESSAGE][PASSED] - Object 'Object Repository/Command and Control/Tasks Control/footer' is present and visible in viewport

2019-01-21 12:34:12 - [TEST_STEP][PASSED] - waitForElementVisible(findTestObject("Command and Control/Tasks Control/mainTable"), 15): Object 'Object Repository/Command and Control/Tasks Control/mainTable' is visible

2019-01-21 12:34:14 - [MESSAGE][PASSED] - Object 'Object Repository/Command and Control/Tasks Control/mainTable' is visible

2019-01-21 12:34:14 - [TEST_STEP][PASSED] - verifyElementVisibleInViewport(findTestObject("Command and Control/Tasks Control/mainTable"), 5): Object 'Object Repository/Command and Control/Tasks Control/mainTable' is present and visible in viewport

2019-01-21 12:34:14 - [MESSAGE][PASSED] - Object 'Object Repository/Command and Control/Tasks Control/mainTable' is present and visible in viewport

2019-01-21 12:34:14 - [TEST_STEP][PASSED] - waitForElementVisible(findTestObject("Command and Control/Tasks Control/tableFirstLine"), 15): Object 'Object Repository/Command and Control/Tasks Control/tableFirstLine' is visible

2019-01-21 12:34:14 - [MESSAGE][PASSED] - Object 'Object Repository/Command and Control/Tasks Control/tableFirstLine' is visible

2019-01-21 12:34:14 - [TEST_STEP][PASSED] - verifyElementVisibleInViewport(findTestObject("Command and Control/Tasks Control/tableFirstLine"), 5): Object 'Object Repository/Command and Control/Tasks Control/tableFirstLine' is present and visible in viewport

2019-01-21 12:34:15 - [MESSAGE][PASSED] - Object 'Object Repository/Command and Control/Tasks Control/tableFirstLine' is present and visible in viewport

2019-01-21 12:34:15 - [TEST_STEP][PASSED] - waitForElementVisible(findTestObject("Command and Control/Tasks Control/upperLeftFirstLine"), 15): Object 'Object Repository/Command and Control/Tasks Control/upperLeftFirstLine' is visible

2019-01-21 12:34:15 - [MESSAGE][PASSED] - Object 'Object Repository/Command and Control/Tasks Control/upperLeftFirstLine' is visible

2019-01-21 12:34:15 - [TEST_STEP][PASSED] - verifyElementVisibleInViewport(findTestObject("Command and Control/Tasks Control/upperLeftFirstLine"), 5): Object 'Object Repository/Command and Control/Tasks Control/upperLeftFirstLine' is present and visible in viewport

2019-01-21 12:34:15 - [MESSAGE][PASSED] - Object 'Object Repository/Command and Control/Tasks Control/upperLeftFirstLine' is present and visible in viewport

2019-01-21 12:34:15 - [TEST_STEP][PASSED] - doubleClick(findTestObject("Command and Control/Tasks Control/tableFirstLine")): Object: 'Object Repository/Command and Control/Tasks Control/tableFirstLine' is double clicked on

2019-01-21 12:34:15 - [MESSAGE][PASSED] - Object: 'Object Repository/Command and Control/Tasks Control/tableFirstLine' is double clicked on

2019-01-21 12:34:15 - [TEST_STEP][PASSED] - delay(1): Delayed 1 second(s)

2019-01-21 12:34:16 - [MESSAGE][PASSED] - Delayed 1 second(s)

2019-01-21 12:34:16 - [TEST_STEP][PASSED] - waitForElementNotPresent(findTestObject("General/loadingBar"), 15): Web element with id: 'Object Repository/General/loadingBar' located by 'By.cssSelector: div[class="bar"][style~="width:"]' is not present after '15' second(s)

2019-01-21 12:34:17 - [MESSAGE][PASSED] - Web element with id: 'Object Repository/General/loadingBar' located by 'By.cssSelector: div[class="bar"][style~="width:"]' is not present after '15' second(s)

2019-01-21 12:34:17 - [TEST_STEP][PASSED] - waitForElementVisible(findTestObject("Command and Control/Task Tracking/taskTrackingView"), 15): Object 'Object Repository/Command and Control/Task Tracking/taskTrackingView' is visible

2019-01-21 12:34:17 - [MESSAGE][PASSED] - Object 'Object Repository/Command and Control/Task Tracking/taskTrackingView' is visible

2019-01-21 12:34:17 - [TEST_STEP][PASSED] - verifyElementVisibleInViewport(findTestObject("Command and Control/Task Tracking/taskTrackingView"), 5): Object 'Object Repository/Command and Control/Task Tracking/taskTrackingView' is present and visible in viewport

2019-01-21 12:34:17 - [MESSAGE][PASSED] - Object 'Object Repository/Command and Control/Task Tracking/taskTrackingView' is present and visible in viewport

2019-01-21 12:34:17 - [TEST_STEP][PASSED] - waitForElementNotPresent(findTestObject("General/loadingBar"), 15): Web element with id: 'Object Repository/General/loadingBar' located by 'By.cssSelector: div[class="bar"][style~="width:"]' is not present after '15' second(s)

2019-01-21 12:34:17 - [MESSAGE][PASSED] - Web element with id: 'Object Repository/General/loadingBar' located by 'By.cssSelector: div[class="bar"][style~="width:"]' is not present after '15' second(s)

2019-01-21 12:34:17 - [TEST_STEP][PASSED] - waitForElementVisible(findTestObject("Command and Control/Task Tracking/taskTrackingView"), 15): Object 'Object Repository/Command and Control/Task Tracking/taskTrackingView' is visible

2019-01-21 12:34:17 - [MESSAGE][PASSED] - Object 'Object Repository/Command and Control/Task Tracking/taskTrackingView' is visible

2019-01-21 12:34:17 - [TEST_STEP][PASSED] - verifyElementVisibleInViewport(findTestObject("Command and Control/Task Tracking/taskTrackingView"), 5): Object 'Object Repository/Command and Control/Task Tracking/taskTrackingView' is present and visible in viewport

2019-01-21 12:34:18 - [MESSAGE][PASSED] - Object 'Object Repository/Command and Control/Task Tracking/taskTrackingView' is present and visible in viewport

2019-01-21 12:34:18 - [TEST_STEP][PASSED] - waitForElementVisible(findTestObject("Command and Control/Task Tracking/header"), 15): Object 'Object Repository/Command and Control/Task Tracking/header' is visible

2019-01-21 12:34:18 - [MESSAGE][PASSED] - Object 'Object Repository/Command and Control/Task Tracking/header' is visible

2019-01-21 12:34:18 - [TEST_STEP][PASSED] - verifyElementVisibleInViewport(findTestObject("Command and Control/Task Tracking/header"), 5): Object 'Object Repository/Command and Control/Task Tracking/header' is present and visible in viewport

2019-01-21 12:34:18 - [MESSAGE][PASSED] - Object 'Object Repository/Command and Control/Task Tracking/header' is present and visible in viewport

2019-01-21 12:34:18 - [TEST_STEP][PASSED] - waitForElementVisible(findTestObject("Command and Control/Task Tracking/map"), 15): Object 'Object Repository/Command and Control/Task Tracking/map' is visible

2019-01-21 12:34:18 - [MESSAGE][PASSED] - Object 'Object Repository/Command and Control/Task Tracking/map' is visible

2019-01-21 12:34:18 - [TEST_STEP][PASSED] - verifyElementVisibleInViewport(findTestObject("Command and Control/Task Tracking/map"), 5): Object 'Object Repository/Command and Control/Task Tracking/map' is present and visible in viewport

2019-01-21 12:34:18 - [MESSAGE][PASSED] - Object 'Object Repository/Command and Control/Task Tracking/map' is present and visible in viewport

2019-01-21 12:34:18 - [TEST_STEP][PASSED] - waitForElementVisible(findTestObject("Command and Control/Task Tracking/exeptionsTabHref"), 15): Object 'Object Repository/Command and Control/Task Tracking/exeptionsTabHref' is visible

2019-01-21 12:34:18 - [MESSAGE][PASSED] - Object 'Object Repository/Command and Control/Task Tracking/exeptionsTabHref' is visible

2019-01-21 12:34:18 - [TEST_STEP][PASSED] - delay(1): Delayed 1 second(s)

2019-01-21 12:34:19 - [MESSAGE][PASSED] - Delayed 1 second(s)

2019-01-21 12:34:19 - [TEST_STEP][PASSED] - click(findTestObject("Command and Control/Task Tracking/exeptionsTabHref"), STOP_ON_FAILURE): Object: 'Object Repository/Command and Control/Task Tracking/exeptionsTabHref' is clicked on

2019-01-21 12:34:19 - [MESSAGE][PASSED] - Object: 'Object Repository/Command and Control/Task Tracking/exeptionsTabHref' is clicked on

2019-01-21 12:34:19 - [TEST_STEP][PASSED] - delay(1): Delayed 1 second(s)

2019-01-21 12:34:20 - [MESSAGE][PASSED] - Delayed 1 second(s)

2019-01-21 12:34:20 - [TEST_STEP][PASSED] - waitForElementVisible(findTestObject("Command and Control/Task Tracking/exeptionsTable"), 15): Object 'Object Repository/Command and Control/Task Tracking/exeptionsTable' is visible

2019-01-21 12:34:20 - [MESSAGE][PASSED] - Object 'Object Repository/Command and Control/Task Tracking/exeptionsTable' is visible

2019-01-21 12:34:20 - [TEST_STEP][PASSED] - verifyElementVisibleInViewport(findTestObject("Command and Control/Task Tracking/exeptionsTable"), 5): Object 'Object Repository/Command and Control/Task Tracking/exeptionsTable' is present and visible in viewport

2019-01-21 12:34:20 - [MESSAGE][PASSED] - Object 'Object Repository/Command and Control/Task Tracking/exeptionsTable' is present and visible in viewport

2019-01-21 12:34:20 - [TEST_STEP][PASSED] - waitForElementVisible(findTestObject("Command and Control/Task Tracking/remarks"), 15): Object 'Object Repository/Command and Control/Task Tracking/remarks' is visible

2019-01-21 12:34:20 - [MESSAGE][PASSED] - Object 'Object Repository/Command and Control/Task Tracking/remarks' is visible

2019-01-21 12:34:20 - [TEST_STEP][PASSED] - verifyElementVisibleInViewport(findTestObject("Command and Control/Task Tracking/remarks"), 5): Object 'Object Repository/Command and Control/Task Tracking/remarks' is present and visible in viewport

2019-01-21 12:34:20 - [MESSAGE][PASSED] - Object 'Object Repository/Command and Control/Task Tracking/remarks' is present and visible in viewport

2019-01-21 12:34:20 - [TEST_STEP][PASSED] - waitForElementVisible(findTestObject("Command and Control/Task Tracking/statusCheck"), 15): Object 'Object Repository/Command and Control/Task Tracking/statusCheck' is visible

2019-01-21 12:34:20 - [MESSAGE][PASSED] - Object 'Object Repository/Command and Control/Task Tracking/statusCheck' is visible

2019-01-21 12:34:20 - [TEST_STEP][PASSED] - verifyElementVisibleInViewport(findTestObject("Command and Control/Task Tracking/statusCheck"), 5): Object 'Object Repository/Command and Control/Task Tracking/statusCheck' is present and visible in viewport

2019-01-21 12:34:20 - [MESSAGE][PASSED] - Object 'Object Repository/Command and Control/Task Tracking/statusCheck' is present and visible in viewport

2019-01-21 12:34:20 - [TEST_STEP][PASSED] - waitForElementVisible(findTestObject("Command and Control/Task Tracking/stationsTabHref"), 15): Object 'Object Repository/Command and Control/Task Tracking/stationsTabHref' is visible

2019-01-21 12:34:20 - [MESSAGE][PASSED] - Object 'Object Repository/Command and Control/Task Tracking/stationsTabHref' is visible

2019-01-21 12:34:20 - [TEST_STEP][PASSED] - delay(1): Delayed 1 second(s)

2019-01-21 12:34:21 - [MESSAGE][PASSED] - Delayed 1 second(s)

2019-01-21 12:34:21 - [TEST_STEP][PASSED] - click(findTestObject("Command and Control/Task Tracking/stationsTabHref"), STOP_ON_FAILURE): Object: 'Object Repository/Command and Control/Task Tracking/stationsTabHref' is clicked on

2019-01-21 12:34:21 - [MESSAGE][PASSED] - Object: 'Object Repository/Command and Control/Task Tracking/stationsTabHref' is clicked on

2019-01-21 12:34:21 - [TEST_STEP][PASSED] - delay(1): Delayed 1 second(s)

2019-01-21 12:34:22 - [MESSAGE][PASSED] - Delayed 1 second(s)

2019-01-21 12:34:22 - [TEST_STEP][PASSED] - waitForElementVisible(findTestObject("Command and Control/Task Tracking/stationsTable"), 15): Object 'Object Repository/Command and Control/Task Tracking/stationsTable' is visible

2019-01-21 12:34:22 - [MESSAGE][PASSED] - Object 'Object Repository/Command and Control/Task Tracking/stationsTable' is visible

2019-01-21 12:34:22 - [TEST_STEP][PASSED] - verifyElementVisibleInViewport(findTestObject("Command and Control/Task Tracking/stationsTable"), 5): Object 'Object Repository/Command and Control/Task Tracking/stationsTable' is present and visible in viewport

2019-01-21 12:34:22 - [MESSAGE][PASSED] - Object 'Object Repository/Command and Control/Task Tracking/stationsTable' is present and visible in viewport

2019-01-21 12:34:22 - [TEST_STEP][PASSED] - waitForElementVisible(findTestObject("Command and Control/Task Tracking/close"), 15): Object 'Object Repository/Command and Control/Task Tracking/close' is visible

2019-01-21 12:34:22 - [MESSAGE][PASSED] - Object 'Object Repository/Command and Control/Task Tracking/close' is visible

2019-01-21 12:34:22 - [TEST_STEP][PASSED] - delay(1): Delayed 1 second(s)

2019-01-21 12:34:23 - [MESSAGE][PASSED] - Delayed 1 second(s)

2019-01-21 12:34:23 - [TEST_STEP][PASSED] - click(findTestObject("Command and Control/Task Tracking/close"), STOP_ON_FAILURE): Object: 'Object Repository/Command and Control/Task Tracking/close' is clicked on

2019-01-21 12:34:24 - [MESSAGE][PASSED] - Object: 'Object Repository/Command and Control/Task Tracking/close' is clicked on

2019-01-21 12:34:24 - [TEST_STEP][PASSED] - delay(1): Delayed 1 second(s)

2019-01-21 12:34:25 - [MESSAGE][PASSED] - Delayed 1 second(s)

2019-01-21 12:34:25 - [TEST_STEP][PASSED] - closeBrowser(): Browser is closed

2019-01-21 12:34:25 - [MESSAGE][PASSED] - Browser is closed]]></system-out>
         <system-err><![CDATA[]]></system-err>
      </testcase>
      <system-out><![CDATA[2019-01-21 12:31:58 - [TEST_SUITE][PASSED] - Command and Control: Test Cases/Command and Control/Control tasks]]></system-out>
      <system-err><![CDATA[]]></system-err>
   </testsuite>
</testsuites>
