<?xml version="1.0" encoding="UTF-8"?>
<testsuites name="Basic Sanity" time="52" tests="2" failures="0" errors="0">
   <testsuite name="Basic Sanity" tests="2" failures="0" errors="0" time="52" timestamp="2018-11-12 09:15:56" hostname="leon.b - QA-PC.Y-it.Local" id="Test Suites/Sanity/Basic Sanity">
      <properties>
         <property name="deviceName" value=""/>
         <property name="devicePlatform" value=""/>
         <property name="logFolder" value="C:\\Users\\leon.b\\Katalon Studio\\Y-IT_TransIT\\Reports\\Sanity\\Basic Sanity\\20181112_091552"/>
         <property name="logFiles" value="C:\\Users\\leon.b\\Katalon Studio\\Y-IT_TransIT\\Reports\\Sanity\\Basic Sanity\\20181112_091552\\execution0.log"/>
         <property name="attachments" value=""/>
         <property name="hostName" value="leon.b - QA-PC.Y-it.Local"/>
         <property name="os" value="Windows 10 64bit"/>
         <property name="katalonVersion" value="5.8.6.1"/>
         <property name="browser" value="Chrome 70.0.3538.77"/>
         <property name="hostAddress" value="192.168.1.145"/>
         <property name="sessionId" value="00d59ac89e44a87e160dbd6016b58d57"/>
         <property name="seleniumVersion" value="3.7.1"/>
         <property name="proxyInformation" value="ProxyInformation{proxyOption=NO_PROXY, proxyServerType=HTTP, password=, proxyServerAddress=, proxyServerPort=0}"/>
         <property name="platform" value="Windows 10"/>
      </properties>
      <testcase name="Test Cases/Basic/Log In" classname="Test Cases/Basic/Log In" status="PASSED">
         <system-out><![CDATA[2018-11-12 09:15:56 - [TEST_CASE][PASSED] - Test Cases/Basic/Log In: Test Cases/Basic/Log In

2018-11-12 09:15:57 - [TEST_STEP][PASSED] - login.c_login.logIn: login.c_login.logIn is PASSED

2018-11-12 09:16:09 - [MESSAGE][PASSED] - Browser is opened with url: 'https://aws_test.y-it.co.il/#/login'

2018-11-12 09:16:10 - [MESSAGE][PASSED] - Current window maximized

2018-11-12 09:16:11 - [MESSAGE][PASSED] - Text 'admin' is set on object 'Object Repository/Y-IT Log In/input_ _userName'

2018-11-12 09:16:11 - [MESSAGE][PASSED] - Text ****** has been set on object 'Object Repository/Y-IT Log In/input_ _password'

2018-11-12 09:16:11 - [MESSAGE][PASSED] - Object: 'Object Repository/Y-IT Log In/input_  _submit' is clicked on

2018-11-12 09:16:11 - [MESSAGE][PASSED] - login.c_login.logIn is PASSED

2018-11-12 09:16:11 - [TEST_STEP][PASSED] - waitForElementPresent: Object 'Object Repository/Nav Bar/catalogues' is present

2018-11-12 09:16:14 - [MESSAGE][PASSED] - Object 'Object Repository/Nav Bar/catalogues' is present

2018-11-12 09:16:14 - [TEST_STEP][PASSED] - delay: Delayed 1 second(s)

2018-11-12 09:16:15 - [MESSAGE][PASSED] - Delayed 1 second(s)

2018-11-12 09:16:15 - [TEST_STEP][PASSED] - click: Object: 'Object Repository/Nav Bar/catalogues' is clicked on

2018-11-12 09:16:15 - [MESSAGE][PASSED] - Object: 'Object Repository/Nav Bar/catalogues' is clicked on

2018-11-12 09:16:15 - [TEST_STEP][PASSED] - delay: Delayed 1 second(s)

2018-11-12 09:16:16 - [MESSAGE][PASSED] - Delayed 1 second(s)

2018-11-12 09:16:16 - [TEST_STEP][PASSED] - closeBrowser: Browser is closed

2018-11-12 09:16:17 - [MESSAGE][PASSED] - Browser is closed]]></system-out>
         <system-err><![CDATA[]]></system-err>
      </testcase>
      <testcase name="Test Cases/Basic/Config Change" classname="Test Cases/Basic/Config Change" status="PASSED">
         <system-out><![CDATA[2018-11-12 09:16:17 - [TEST_CASE][PASSED] - Test Cases/Basic/Config Change: Test Cases/Basic/Config Change

2018-11-12 09:16:17 - [TEST_STEP][PASSED] - Statement - randomNumber = java.lang.Math.round(java.lang.Math.random() * 1000).toString(): null

2018-11-12 09:16:17 - [TEST_STEP][PASSED] - login.c_login.logIn: login.c_login.logIn is PASSED

2018-11-12 09:16:28 - [MESSAGE][PASSED] - Browser is opened with url: 'https://aws_test.y-it.co.il/#/login'

2018-11-12 09:16:29 - [MESSAGE][PASSED] - Current window maximized

2018-11-12 09:16:30 - [MESSAGE][PASSED] - Text 'admin' is set on object 'Object Repository/Y-IT Log In/input_ _userName'

2018-11-12 09:16:30 - [MESSAGE][PASSED] - Text ****** has been set on object 'Object Repository/Y-IT Log In/input_ _password'

2018-11-12 09:16:30 - [MESSAGE][PASSED] - Object: 'Object Repository/Y-IT Log In/input_  _submit' is clicked on

2018-11-12 09:16:30 - [MESSAGE][PASSED] - login.c_login.logIn is PASSED

2018-11-12 09:16:30 - [TEST_STEP][PASSED] - waitForElementPresent: Object 'Object Repository/Nav Bar/settings' is present

2018-11-12 09:16:32 - [MESSAGE][PASSED] - Object 'Object Repository/Nav Bar/settings' is present

2018-11-12 09:16:32 - [TEST_STEP][PASSED] - delay: Delayed 1 second(s)

2018-11-12 09:16:33 - [MESSAGE][PASSED] - Delayed 1 second(s)

2018-11-12 09:16:33 - [TEST_STEP][PASSED] - click: Object: 'Object Repository/Nav Bar/settings' is clicked on

2018-11-12 09:16:34 - [MESSAGE][PASSED] - Object: 'Object Repository/Nav Bar/settings' is clicked on

2018-11-12 09:16:34 - [TEST_STEP][PASSED] - Statement - Try: Object: 'Object Repository/Nav Bar/Nav Bar Settings/system Preferences' is clicked on

2018-11-12 09:16:34 - [TEST_STEP][PASSED] - click: Object: 'Object Repository/Nav Bar/Nav Bar Settings/system Preferences' is clicked on

2018-11-12 09:16:35 - [MESSAGE][PASSED] - Object: 'Object Repository/Nav Bar/Nav Bar Settings/system Preferences' is clicked on

2018-11-12 09:16:35 - [TEST_STEP][PASSED] - Statement - Try: Text '' is set on object 'Object Repository/System Preferences/System/General/fax_Zip_Code'

2018-11-12 09:16:35 - [TEST_STEP][PASSED] - waitForElementClickable: Object 'Object Repository/System Preferences/System/General/fax_Zip_Code' is clickable

2018-11-12 09:16:36 - [MESSAGE][PASSED] - Object 'Object Repository/System Preferences/System/General/fax_Zip_Code' is clickable

2018-11-12 09:16:36 - [TEST_STEP][PASSED] - setText: Text '' is set on object 'Object Repository/System Preferences/System/General/fax_Zip_Code'

2018-11-12 09:16:36 - [MESSAGE][PASSED] - Text '' is set on object 'Object Repository/System Preferences/System/General/fax_Zip_Code'

2018-11-12 09:16:36 - [TEST_STEP][PASSED] - Statement - checkValue = com.kms.katalon.core.webui.keyword.WebUiBuiltInKeywords.getText(com.kms.katalon.core.testobject.ObjectRepository.findTestObject(System Preferences/System/General/fax_Zip_Code)): Text of object 'Object Repository/System Preferences/System/General/fax_Zip_Code' is: ''

2018-11-12 09:16:36 - [MESSAGE][PASSED] - Text of object 'Object Repository/System Preferences/System/General/fax_Zip_Code' is: ''

2018-11-12 09:16:36 - [TEST_STEP][PASSED] - Statement - i = 0: null

2018-11-12 09:16:36 - [TEST_STEP][PASSED] - Statement - While (checkValue && i < 5): null

2018-11-12 09:16:36 - [TEST_STEP][PASSED] - setText: Text '570' is set on object 'Object Repository/System Preferences/System/General/fax_Zip_Code'

2018-11-12 09:16:36 - [MESSAGE][PASSED] - Text '570' is set on object 'Object Repository/System Preferences/System/General/fax_Zip_Code'

2018-11-12 09:16:36 - [TEST_STEP][PASSED] - delay: Delayed 1 second(s)

2018-11-12 09:16:37 - [MESSAGE][PASSED] - Delayed 1 second(s)

2018-11-12 09:16:37 - [TEST_STEP][PASSED] - click: Object: 'Object Repository/System Preferences/settings Save' is clicked on

2018-11-12 09:16:37 - [MESSAGE][PASSED] - Object: 'Object Repository/System Preferences/settings Save' is clicked on

2018-11-12 09:16:37 - [TEST_STEP][PASSED] - delay: Delayed 1 second(s)

2018-11-12 09:16:38 - [MESSAGE][PASSED] - Delayed 1 second(s)

2018-11-12 09:16:38 - [TEST_STEP][PASSED] - click: Object: 'Object Repository/System Preferences/settings Close' is clicked on

2018-11-12 09:16:38 - [MESSAGE][PASSED] - Object: 'Object Repository/System Preferences/settings Close' is clicked on

2018-11-12 09:16:38 - [TEST_STEP][PASSED] - delay: Delayed 1 second(s)

2018-11-12 09:16:39 - [MESSAGE][PASSED] - Delayed 1 second(s)

2018-11-12 09:16:39 - [TEST_STEP][PASSED] - click: Object: 'Object Repository/Nav Bar/settings' is clicked on

2018-11-12 09:16:40 - [MESSAGE][PASSED] - Object: 'Object Repository/Nav Bar/settings' is clicked on

2018-11-12 09:16:40 - [TEST_STEP][PASSED] - Statement - Try: Object: 'Object Repository/Nav Bar/Nav Bar Settings/system Preferences' is clicked on

2018-11-12 09:16:40 - [TEST_STEP][PASSED] - click: Object: 'Object Repository/Nav Bar/Nav Bar Settings/system Preferences' is clicked on

2018-11-12 09:16:40 - [MESSAGE][PASSED] - Object: 'Object Repository/Nav Bar/Nav Bar Settings/system Preferences' is clicked on

2018-11-12 09:16:40 - [TEST_STEP][PASSED] - Statement - Try: Execute JavaScript 'alert(`Fax zip code containes: ` + arguments[0])' successfully

2018-11-12 09:16:40 - [TEST_STEP][PASSED] - waitForElementClickable: Object 'Object Repository/System Preferences/System/General/fax_Zip_Code' is clickable

2018-11-12 09:16:40 - [MESSAGE][PASSED] - Object 'Object Repository/System Preferences/System/General/fax_Zip_Code' is clickable

2018-11-12 09:16:40 - [TEST_STEP][PASSED] - delay: Delayed 1 second(s)

2018-11-12 09:16:41 - [MESSAGE][PASSED] - Delayed 1 second(s)

2018-11-12 09:16:41 - [TEST_STEP][PASSED] - Statement - If (com.kms.katalon.core.webui.keyword.WebUiBuiltInKeywords.verifyElementAttributeValue(com.kms.katalon.core.testobject.ObjectRepository.findTestObject(System Preferences/System/General/fax_Zip_Code), "value", randomNumber, 0)): Execute JavaScript 'alert(`Fax zip code containes: ` + arguments[0])' successfully

2018-11-12 09:16:41 - [MESSAGE][WARNING] - Timeout '0' is invalid. Using default page load timeout: '15'

2018-11-12 09:16:41 - [MESSAGE][PASSED] - Object 'Object Repository/System Preferences/System/General/fax_Zip_Code' has attribute 'value' with value '570'

2018-11-12 09:16:41 - [TEST_STEP][PASSED] - delay: Delayed 1 second(s)

2018-11-12 09:16:42 - [MESSAGE][PASSED] - Delayed 1 second(s)

2018-11-12 09:16:42 - [TEST_STEP][PASSED] - executeJavaScript: Execute JavaScript 'alert(`Fax zip code containes: ` + arguments[0])' successfully

2018-11-12 09:16:42 - [MESSAGE][PASSED] - Execute JavaScript 'alert(`Fax zip code containes: ` + arguments[0])' successfully

2018-11-12 09:16:42 - [TEST_STEP][PASSED] - delay: Delayed 5 second(s)

2018-11-12 09:16:47 - [MESSAGE][PASSED] - Delayed 5 second(s)

2018-11-12 09:16:47 - [TEST_STEP][PASSED] - acceptAlert: Alert accepted

2018-11-12 09:16:48 - [MESSAGE][PASSED] - Alert accepted

2018-11-12 09:16:48 - [TEST_STEP][PASSED] - closeBrowser: Browser is closed

2018-11-12 09:16:48 - [MESSAGE][PASSED] - Browser is closed]]></system-out>
         <system-err><![CDATA[]]></system-err>
      </testcase>
      <system-out><![CDATA[2018-11-12 09:15:56 - [TEST_SUITE][PASSED] - Basic Sanity: Test Cases/Basic/Config Change]]></system-out>
      <system-err><![CDATA[]]></system-err>
   </testsuite>
</testsuites>
