<?xml version="1.0" encoding="UTF-8"?>
<testsuites name="Kiosk Sanity Login Test" time="109" tests="3" failures="0" errors="0">
   <testsuite name="Kiosk Sanity Login Test" tests="3" failures="0" errors="0" time="109" timestamp="2019-04-30 16:44:29" hostname="leon.b - Leon-PC.Y-it.Local" id="Test Suites/Stage/Kiosk Sanity Login Test">
      <properties>
         <property name="deviceName" value=""/>
         <property name="devicePlatform" value=""/>
         <property name="logFolder" value="C:\\Users\\leon.b\\git\\Y-IT_TransIT\\Reports\\Stage\\Kiosk Sanity Login Test\\20190430_162747"/>
         <property name="logFiles" value="C:\\Users\\leon.b\\git\\Y-IT_TransIT\\Reports\\Stage\\Kiosk Sanity Login Test\\20190430_162747\\execution0.log"/>
         <property name="attachments" value=""/>
         <property name="hostName" value="leon.b - Leon-PC.Y-it.Local"/>
         <property name="os" value="Windows 10 64bit"/>
         <property name="katalonVersion" value="6.0.5.10"/>
         <property name="browser" value="Chrome 73.0.3683.103"/>
         <property name="hostAddress" value="169.254.139.61"/>
         <property name="sessionId" value="303db0fe346727c06c85582b0f9900ff"/>
         <property name="seleniumVersion" value="3.7.1"/>
         <property name="proxyInformation" value="ProxyInformation{proxyOption=NO_PROXY, proxyServerType=HTTP, password=, proxyServerAddress=, proxyServerPort=0}"/>
         <property name="platform" value="Windows 10"/>
      </properties>
      <testcase name="Test Cases/kiosk/kiosk sanity" classname="Test Cases/kiosk/kiosk sanity" status="PASSED">
         <system-out><![CDATA[2019-04-30 16:44:29 - [TEST_CASE][PASSED] - Test Cases/kiosk/kiosk sanity: Test Cases/kiosk/kiosk sanity

2019-04-30 16:44:29 - [TEST_STEP][PASSED] - openBrowser(site): Browser is opened with url: 'eggedtaavura.kiosk.ebstage.y-it.co.il/login'

2019-04-30 16:44:30 - [MESSAGE][INFO] - Starting 'Chrome' driver

2019-04-30 16:44:30 - [MESSAGE][INFO] - Action delay is set to 0 seconds

2019-04-30 16:44:47 - [MESSAGE][PASSED] - Browser is opened with url: 'eggedtaavura.kiosk.ebstage.y-it.co.il/login'

2019-04-30 16:44:47 - [TEST_STEP][PASSED] - maximizeWindow(): Current window maximized

2019-04-30 16:44:49 - [MESSAGE][PASSED] - Current window maximized

2019-04-30 16:44:49 - [TEST_STEP][PASSED] - waitForElementVisible(findTestObject("Kiosk/Login/Code Plus Id/driverCodeInput"), 15): Object 'Object Repository/Kiosk/Login/Code Plus Id/driverCodeInput' is visible

2019-04-30 16:44:49 - [MESSAGE][PASSED] - Object 'Object Repository/Kiosk/Login/Code Plus Id/driverCodeInput' is visible

2019-04-30 16:44:49 - [TEST_STEP][PASSED] - waitForElementVisible(findTestObject("Kiosk/Login/Code Plus Id/driverIdInput"), 15): Object 'Object Repository/Kiosk/Login/Code Plus Id/driverIdInput' is visible

2019-04-30 16:44:49 - [MESSAGE][PASSED] - Object 'Object Repository/Kiosk/Login/Code Plus Id/driverIdInput' is visible

2019-04-30 16:44:49 - [TEST_STEP][PASSED] - waitForElementVisible(findTestObject("Kiosk/Login/Code Plus Id/enterButton"), 15): Object 'Object Repository/Kiosk/Login/Code Plus Id/enterButton' is visible

2019-04-30 16:44:49 - [MESSAGE][PASSED] - Object 'Object Repository/Kiosk/Login/Code Plus Id/enterButton' is visible

2019-04-30 16:44:49 - [TEST_STEP][PASSED] - delay(1): Delayed 1 second(s)

2019-04-30 16:44:50 - [MESSAGE][PASSED] - Delayed 1 second(s)

2019-04-30 16:44:50 - [TEST_STEP][PASSED] - setText(findTestObject("Kiosk/Login/Code Plus Id/driverCodeInput"), driverCode): Text '52' is set on object 'Object Repository/Kiosk/Login/Code Plus Id/driverCodeInput'

2019-04-30 16:44:50 - [MESSAGE][PASSED] - Text '52' is set on object 'Object Repository/Kiosk/Login/Code Plus Id/driverCodeInput'

2019-04-30 16:44:50 - [TEST_STEP][PASSED] - setText(findTestObject("Kiosk/Login/Code Plus Id/driverIdInput"), driverId): Text '053028841' is set on object 'Object Repository/Kiosk/Login/Code Plus Id/driverIdInput'

2019-04-30 16:44:50 - [MESSAGE][PASSED] - Text '053028841' is set on object 'Object Repository/Kiosk/Login/Code Plus Id/driverIdInput'

2019-04-30 16:44:50 - [TEST_STEP][PASSED] - delay(1): Delayed 1 second(s)

2019-04-30 16:44:51 - [MESSAGE][PASSED] - Delayed 1 second(s)

2019-04-30 16:44:51 - [TEST_STEP][PASSED] - click(findTestObject("Kiosk/Login/Code Plus Id/enterButton")): Object: 'Object Repository/Kiosk/Login/Code Plus Id/enterButton' is clicked on

2019-04-30 16:44:51 - [MESSAGE][PASSED] - Object: 'Object Repository/Kiosk/Login/Code Plus Id/enterButton' is clicked on

2019-04-30 16:44:51 - [TEST_STEP][PASSED] - waitForElementVisible(findTestObject("Kiosk/Lobby/header"), 15): Object 'Object Repository/Kiosk/Lobby/header' is visible

2019-04-30 16:44:53 - [MESSAGE][PASSED] - Object 'Object Repository/Kiosk/Lobby/header' is visible

2019-04-30 16:44:53 - [TEST_STEP][PASSED] - verifyElementVisibleInViewport(findTestObject("Kiosk/Lobby/header"), 5): Object 'Object Repository/Kiosk/Lobby/header' is present and visible in viewport

2019-04-30 16:44:53 - [MESSAGE][PASSED] - Object 'Object Repository/Kiosk/Lobby/header' is present and visible in viewport

2019-04-30 16:44:53 - [TEST_STEP][PASSED] - waitForElementVisible(findTestObject("Kiosk/Lobby/workTicketButton"), 15): Object 'Object Repository/Kiosk/Lobby/workTicketButton' is visible

2019-04-30 16:44:53 - [MESSAGE][PASSED] - Object 'Object Repository/Kiosk/Lobby/workTicketButton' is visible

2019-04-30 16:44:53 - [TEST_STEP][PASSED] - verifyElementClickable(findTestObject("Kiosk/Lobby/workTicketButton"), STOP_ON_FAILURE): Object 'Object Repository/Kiosk/Lobby/workTicketButton' is clickable

2019-04-30 16:44:53 - [MESSAGE][PASSED] - Object 'Object Repository/Kiosk/Lobby/workTicketButton' is clickable

2019-04-30 16:44:53 - [TEST_STEP][PASSED] - delay(1): Delayed 1 second(s)

2019-04-30 16:44:54 - [MESSAGE][PASSED] - Delayed 1 second(s)

2019-04-30 16:44:54 - [TEST_STEP][PASSED] - click(findTestObject("Kiosk/Lobby/workTicketButton")): Object: 'Object Repository/Kiosk/Lobby/workTicketButton' is clicked on

2019-04-30 16:44:54 - [MESSAGE][PASSED] - Object: 'Object Repository/Kiosk/Lobby/workTicketButton' is clicked on

2019-04-30 16:44:54 - [TEST_STEP][PASSED] - waitForElementVisible(findTestObject("Kiosk/Work Ticket/statusDropdown"), 15): Object 'Object Repository/Kiosk/Work Ticket/statusDropdown' is visible

2019-04-30 16:44:54 - [MESSAGE][PASSED] - Object 'Object Repository/Kiosk/Work Ticket/statusDropdown' is visible

2019-04-30 16:44:54 - [TEST_STEP][PASSED] - verifyElementVisibleInViewport(findTestObject("Kiosk/Work Ticket/statusDropdown"), 5): Object 'Object Repository/Kiosk/Work Ticket/statusDropdown' is present and visible in viewport

2019-04-30 16:44:54 - [MESSAGE][PASSED] - Object 'Object Repository/Kiosk/Work Ticket/statusDropdown' is present and visible in viewport

2019-04-30 16:44:54 - [TEST_STEP][PASSED] - waitForElementVisible(findTestObject("Kiosk/Work Ticket/datesTableFirstRow"), 15): Object 'Object Repository/Kiosk/Work Ticket/datesTableFirstRow' is visible

2019-04-30 16:44:58 - [MESSAGE][PASSED] - Object 'Object Repository/Kiosk/Work Ticket/datesTableFirstRow' is visible

2019-04-30 16:44:58 - [TEST_STEP][PASSED] - verifyElementVisibleInViewport(findTestObject("Kiosk/Work Ticket/datesTableFirstRow"), 5): Object 'Object Repository/Kiosk/Work Ticket/datesTableFirstRow' is present and visible in viewport

2019-04-30 16:44:58 - [MESSAGE][PASSED] - Object 'Object Repository/Kiosk/Work Ticket/datesTableFirstRow' is present and visible in viewport

2019-04-30 16:44:58 - [TEST_STEP][PASSED] - waitForElementVisible(findTestObject("Kiosk/Work Ticket/mainTableFirstRow"), 15): Object 'Object Repository/Kiosk/Work Ticket/mainTableFirstRow' is visible

2019-04-30 16:44:58 - [MESSAGE][PASSED] - Object 'Object Repository/Kiosk/Work Ticket/mainTableFirstRow' is visible

2019-04-30 16:44:58 - [TEST_STEP][PASSED] - verifyElementVisibleInViewport(findTestObject("Kiosk/Work Ticket/mainTableFirstRow"), 5): Object 'Object Repository/Kiosk/Work Ticket/mainTableFirstRow' is present and visible in viewport

2019-04-30 16:44:58 - [MESSAGE][PASSED] - Object 'Object Repository/Kiosk/Work Ticket/mainTableFirstRow' is present and visible in viewport

2019-04-30 16:44:58 - [TEST_STEP][PASSED] - waitForElementVisible(findTestObject("Kiosk/Work Ticket/back button"), 15): Object 'Object Repository/Kiosk/Work Ticket/back button' is visible

2019-04-30 16:44:58 - [MESSAGE][PASSED] - Object 'Object Repository/Kiosk/Work Ticket/back button' is visible

2019-04-30 16:44:58 - [TEST_STEP][PASSED] - verifyElementVisibleInViewport(findTestObject("Kiosk/Work Ticket/back button"), 5): Object 'Object Repository/Kiosk/Work Ticket/back button' is present and visible in viewport

2019-04-30 16:44:58 - [MESSAGE][PASSED] - Object 'Object Repository/Kiosk/Work Ticket/back button' is present and visible in viewport

2019-04-30 16:44:58 - [TEST_STEP][PASSED] - delay(1): Delayed 1 second(s)

2019-04-30 16:44:59 - [MESSAGE][PASSED] - Delayed 1 second(s)

2019-04-30 16:44:59 - [TEST_STEP][PASSED] - click(findTestObject("Kiosk/Work Ticket/back button")): Object: 'Object Repository/Kiosk/Work Ticket/back button' is clicked on

2019-04-30 16:44:59 - [MESSAGE][PASSED] - Object: 'Object Repository/Kiosk/Work Ticket/back button' is clicked on

2019-04-30 16:44:59 - [TEST_STEP][PASSED] - waitForElementVisible(findTestObject("Kiosk/Lobby/header"), 15): Object 'Object Repository/Kiosk/Lobby/header' is visible

2019-04-30 16:44:59 - [MESSAGE][PASSED] - Object 'Object Repository/Kiosk/Lobby/header' is visible

2019-04-30 16:44:59 - [TEST_STEP][PASSED] - verifyElementVisibleInViewport(findTestObject("Kiosk/Lobby/header"), 5): Object 'Object Repository/Kiosk/Lobby/header' is present and visible in viewport

2019-04-30 16:44:59 - [MESSAGE][PASSED] - Object 'Object Repository/Kiosk/Lobby/header' is present and visible in viewport

2019-04-30 16:44:59 - [TEST_STEP][PASSED] - waitForElementVisible(findTestObject("Kiosk/Lobby/workTicketButton"), 15): Object 'Object Repository/Kiosk/Lobby/workTicketButton' is visible

2019-04-30 16:44:59 - [MESSAGE][PASSED] - Object 'Object Repository/Kiosk/Lobby/workTicketButton' is visible

2019-04-30 16:44:59 - [TEST_STEP][PASSED] - verifyElementClickable(findTestObject("Kiosk/Lobby/workTicketButton"), STOP_ON_FAILURE): Object 'Object Repository/Kiosk/Lobby/workTicketButton' is clickable

2019-04-30 16:44:59 - [MESSAGE][PASSED] - Object 'Object Repository/Kiosk/Lobby/workTicketButton' is clickable

2019-04-30 16:44:59 - [TEST_STEP][PASSED] - waitForElementVisible(findTestObject("Kiosk/Lobby/logoutButton"), 15): Object 'Object Repository/Kiosk/Lobby/logoutButton' is visible

2019-04-30 16:44:59 - [MESSAGE][PASSED] - Object 'Object Repository/Kiosk/Lobby/logoutButton' is visible

2019-04-30 16:44:59 - [TEST_STEP][PASSED] - verifyElementClickable(findTestObject("Kiosk/Lobby/logoutButton"), STOP_ON_FAILURE): Object 'Object Repository/Kiosk/Lobby/logoutButton' is clickable

2019-04-30 16:44:59 - [MESSAGE][PASSED] - Object 'Object Repository/Kiosk/Lobby/logoutButton' is clickable

2019-04-30 16:44:59 - [TEST_STEP][PASSED] - click(findTestObject("Kiosk/Lobby/logoutButton")): Object: 'Object Repository/Kiosk/Lobby/logoutButton' is clicked on

2019-04-30 16:44:59 - [MESSAGE][PASSED] - Object: 'Object Repository/Kiosk/Lobby/logoutButton' is clicked on

2019-04-30 16:44:59 - [TEST_STEP][PASSED] - waitForElementVisible(findTestObject("Kiosk/Login/Code Plus Id/enterButton"), 15): Object 'Object Repository/Kiosk/Login/Code Plus Id/enterButton' is visible

2019-04-30 16:44:59 - [MESSAGE][PASSED] - Object 'Object Repository/Kiosk/Login/Code Plus Id/enterButton' is visible

2019-04-30 16:44:59 - [TEST_STEP][PASSED] - closeBrowser(): Browser is closed

2019-04-30 16:45:00 - [MESSAGE][PASSED] - Browser is closed]]></system-out>
         <system-err><![CDATA[]]></system-err>
      </testcase>
      <testcase name="Test Cases/kiosk/kiosk sanity" classname="Test Cases/kiosk/kiosk sanity" status="PASSED">
         <system-out><![CDATA[2019-04-30 16:45:00 - [TEST_CASE][PASSED] - Test Cases/kiosk/kiosk sanity: Test Cases/kiosk/kiosk sanity

2019-04-30 16:45:00 - [TEST_STEP][PASSED] - openBrowser(site): Browser is opened with url: 'afikim.kiosk.ebstage.y-it.co.il/login'

2019-04-30 16:45:00 - [MESSAGE][INFO] - Starting 'Chrome' driver

2019-04-30 16:45:11 - [MESSAGE][PASSED] - Browser is opened with url: 'afikim.kiosk.ebstage.y-it.co.il/login'

2019-04-30 16:45:11 - [TEST_STEP][PASSED] - maximizeWindow(): Current window maximized

2019-04-30 16:45:12 - [MESSAGE][PASSED] - Current window maximized

2019-04-30 16:45:12 - [TEST_STEP][PASSED] - waitForElementVisible(findTestObject("Kiosk/Login/Code Plus Id/driverCodeInput"), 15): Object 'Object Repository/Kiosk/Login/Code Plus Id/driverCodeInput' is visible

2019-04-30 16:45:12 - [MESSAGE][PASSED] - Object 'Object Repository/Kiosk/Login/Code Plus Id/driverCodeInput' is visible

2019-04-30 16:45:12 - [TEST_STEP][PASSED] - waitForElementVisible(findTestObject("Kiosk/Login/Code Plus Id/driverIdInput"), 15): Object 'Object Repository/Kiosk/Login/Code Plus Id/driverIdInput' is visible

2019-04-30 16:45:12 - [MESSAGE][PASSED] - Object 'Object Repository/Kiosk/Login/Code Plus Id/driverIdInput' is visible

2019-04-30 16:45:12 - [TEST_STEP][PASSED] - waitForElementVisible(findTestObject("Kiosk/Login/Code Plus Id/enterButton"), 15): Object 'Object Repository/Kiosk/Login/Code Plus Id/enterButton' is visible

2019-04-30 16:45:12 - [MESSAGE][PASSED] - Object 'Object Repository/Kiosk/Login/Code Plus Id/enterButton' is visible

2019-04-30 16:45:12 - [TEST_STEP][PASSED] - delay(1): Delayed 1 second(s)

2019-04-30 16:45:13 - [MESSAGE][PASSED] - Delayed 1 second(s)

2019-04-30 16:45:13 - [TEST_STEP][PASSED] - setText(findTestObject("Kiosk/Login/Code Plus Id/driverCodeInput"), driverCode): Text '9628' is set on object 'Object Repository/Kiosk/Login/Code Plus Id/driverCodeInput'

2019-04-30 16:45:13 - [MESSAGE][PASSED] - Text '9628' is set on object 'Object Repository/Kiosk/Login/Code Plus Id/driverCodeInput'

2019-04-30 16:45:13 - [TEST_STEP][PASSED] - setText(findTestObject("Kiosk/Login/Code Plus Id/driverIdInput"), driverId): Text '028377000' is set on object 'Object Repository/Kiosk/Login/Code Plus Id/driverIdInput'

2019-04-30 16:45:13 - [MESSAGE][PASSED] - Text '028377000' is set on object 'Object Repository/Kiosk/Login/Code Plus Id/driverIdInput'

2019-04-30 16:45:13 - [TEST_STEP][PASSED] - delay(1): Delayed 1 second(s)

2019-04-30 16:45:14 - [MESSAGE][PASSED] - Delayed 1 second(s)

2019-04-30 16:45:14 - [TEST_STEP][PASSED] - click(findTestObject("Kiosk/Login/Code Plus Id/enterButton")): Object: 'Object Repository/Kiosk/Login/Code Plus Id/enterButton' is clicked on

2019-04-30 16:45:14 - [MESSAGE][PASSED] - Object: 'Object Repository/Kiosk/Login/Code Plus Id/enterButton' is clicked on

2019-04-30 16:45:14 - [TEST_STEP][PASSED] - waitForElementVisible(findTestObject("Kiosk/Lobby/header"), 15): Object 'Object Repository/Kiosk/Lobby/header' is visible

2019-04-30 16:45:15 - [MESSAGE][PASSED] - Object 'Object Repository/Kiosk/Lobby/header' is visible

2019-04-30 16:45:15 - [TEST_STEP][PASSED] - verifyElementVisibleInViewport(findTestObject("Kiosk/Lobby/header"), 5): Object 'Object Repository/Kiosk/Lobby/header' is present and visible in viewport

2019-04-30 16:45:15 - [MESSAGE][PASSED] - Object 'Object Repository/Kiosk/Lobby/header' is present and visible in viewport

2019-04-30 16:45:15 - [TEST_STEP][PASSED] - waitForElementVisible(findTestObject("Kiosk/Lobby/workTicketButton"), 15): Object 'Object Repository/Kiosk/Lobby/workTicketButton' is visible

2019-04-30 16:45:15 - [MESSAGE][PASSED] - Object 'Object Repository/Kiosk/Lobby/workTicketButton' is visible

2019-04-30 16:45:15 - [TEST_STEP][PASSED] - verifyElementClickable(findTestObject("Kiosk/Lobby/workTicketButton"), STOP_ON_FAILURE): Object 'Object Repository/Kiosk/Lobby/workTicketButton' is clickable

2019-04-30 16:45:15 - [MESSAGE][PASSED] - Object 'Object Repository/Kiosk/Lobby/workTicketButton' is clickable

2019-04-30 16:45:15 - [TEST_STEP][PASSED] - delay(1): Delayed 1 second(s)

2019-04-30 16:45:16 - [MESSAGE][PASSED] - Delayed 1 second(s)

2019-04-30 16:45:16 - [TEST_STEP][PASSED] - click(findTestObject("Kiosk/Lobby/workTicketButton")): Object: 'Object Repository/Kiosk/Lobby/workTicketButton' is clicked on

2019-04-30 16:45:17 - [MESSAGE][PASSED] - Object: 'Object Repository/Kiosk/Lobby/workTicketButton' is clicked on

2019-04-30 16:45:17 - [TEST_STEP][PASSED] - waitForElementVisible(findTestObject("Kiosk/Work Ticket/statusDropdown"), 15): Object 'Object Repository/Kiosk/Work Ticket/statusDropdown' is visible

2019-04-30 16:45:17 - [MESSAGE][PASSED] - Object 'Object Repository/Kiosk/Work Ticket/statusDropdown' is visible

2019-04-30 16:45:17 - [TEST_STEP][PASSED] - verifyElementVisibleInViewport(findTestObject("Kiosk/Work Ticket/statusDropdown"), 5): Object 'Object Repository/Kiosk/Work Ticket/statusDropdown' is present and visible in viewport

2019-04-30 16:45:17 - [MESSAGE][PASSED] - Object 'Object Repository/Kiosk/Work Ticket/statusDropdown' is present and visible in viewport

2019-04-30 16:45:17 - [TEST_STEP][PASSED] - waitForElementVisible(findTestObject("Kiosk/Work Ticket/datesTableFirstRow"), 15): Object 'Object Repository/Kiosk/Work Ticket/datesTableFirstRow' is visible

2019-04-30 16:45:18 - [MESSAGE][PASSED] - Object 'Object Repository/Kiosk/Work Ticket/datesTableFirstRow' is visible

2019-04-30 16:45:18 - [TEST_STEP][PASSED] - verifyElementVisibleInViewport(findTestObject("Kiosk/Work Ticket/datesTableFirstRow"), 5): Object 'Object Repository/Kiosk/Work Ticket/datesTableFirstRow' is present and visible in viewport

2019-04-30 16:45:18 - [MESSAGE][PASSED] - Object 'Object Repository/Kiosk/Work Ticket/datesTableFirstRow' is present and visible in viewport

2019-04-30 16:45:18 - [TEST_STEP][PASSED] - waitForElementVisible(findTestObject("Kiosk/Work Ticket/mainTableFirstRow"), 15): Object 'Object Repository/Kiosk/Work Ticket/mainTableFirstRow' is visible

2019-04-30 16:45:18 - [MESSAGE][PASSED] - Object 'Object Repository/Kiosk/Work Ticket/mainTableFirstRow' is visible

2019-04-30 16:45:18 - [TEST_STEP][PASSED] - verifyElementVisibleInViewport(findTestObject("Kiosk/Work Ticket/mainTableFirstRow"), 5): Object 'Object Repository/Kiosk/Work Ticket/mainTableFirstRow' is present and visible in viewport

2019-04-30 16:45:18 - [MESSAGE][PASSED] - Object 'Object Repository/Kiosk/Work Ticket/mainTableFirstRow' is present and visible in viewport

2019-04-30 16:45:18 - [TEST_STEP][PASSED] - waitForElementVisible(findTestObject("Kiosk/Work Ticket/back button"), 15): Object 'Object Repository/Kiosk/Work Ticket/back button' is visible

2019-04-30 16:45:18 - [MESSAGE][PASSED] - Object 'Object Repository/Kiosk/Work Ticket/back button' is visible

2019-04-30 16:45:18 - [TEST_STEP][PASSED] - verifyElementVisibleInViewport(findTestObject("Kiosk/Work Ticket/back button"), 5): Object 'Object Repository/Kiosk/Work Ticket/back button' is present and visible in viewport

2019-04-30 16:45:18 - [MESSAGE][PASSED] - Object 'Object Repository/Kiosk/Work Ticket/back button' is present and visible in viewport

2019-04-30 16:45:18 - [TEST_STEP][PASSED] - delay(1): Delayed 1 second(s)

2019-04-30 16:45:19 - [MESSAGE][PASSED] - Delayed 1 second(s)

2019-04-30 16:45:19 - [TEST_STEP][PASSED] - click(findTestObject("Kiosk/Work Ticket/back button")): Object: 'Object Repository/Kiosk/Work Ticket/back button' is clicked on

2019-04-30 16:45:19 - [MESSAGE][PASSED] - Object: 'Object Repository/Kiosk/Work Ticket/back button' is clicked on

2019-04-30 16:45:19 - [TEST_STEP][PASSED] - waitForElementVisible(findTestObject("Kiosk/Lobby/header"), 15): Object 'Object Repository/Kiosk/Lobby/header' is visible

2019-04-30 16:45:19 - [MESSAGE][PASSED] - Object 'Object Repository/Kiosk/Lobby/header' is visible

2019-04-30 16:45:19 - [TEST_STEP][PASSED] - verifyElementVisibleInViewport(findTestObject("Kiosk/Lobby/header"), 5): Object 'Object Repository/Kiosk/Lobby/header' is present and visible in viewport

2019-04-30 16:45:19 - [MESSAGE][PASSED] - Object 'Object Repository/Kiosk/Lobby/header' is present and visible in viewport

2019-04-30 16:45:19 - [TEST_STEP][PASSED] - waitForElementVisible(findTestObject("Kiosk/Lobby/workTicketButton"), 15): Object 'Object Repository/Kiosk/Lobby/workTicketButton' is visible

2019-04-30 16:45:19 - [MESSAGE][PASSED] - Object 'Object Repository/Kiosk/Lobby/workTicketButton' is visible

2019-04-30 16:45:19 - [TEST_STEP][PASSED] - verifyElementClickable(findTestObject("Kiosk/Lobby/workTicketButton"), STOP_ON_FAILURE): Object 'Object Repository/Kiosk/Lobby/workTicketButton' is clickable

2019-04-30 16:45:19 - [MESSAGE][PASSED] - Object 'Object Repository/Kiosk/Lobby/workTicketButton' is clickable

2019-04-30 16:45:19 - [TEST_STEP][PASSED] - waitForElementVisible(findTestObject("Kiosk/Lobby/logoutButton"), 15): Object 'Object Repository/Kiosk/Lobby/logoutButton' is visible

2019-04-30 16:45:19 - [MESSAGE][PASSED] - Object 'Object Repository/Kiosk/Lobby/logoutButton' is visible

2019-04-30 16:45:19 - [TEST_STEP][PASSED] - verifyElementClickable(findTestObject("Kiosk/Lobby/logoutButton"), STOP_ON_FAILURE): Object 'Object Repository/Kiosk/Lobby/logoutButton' is clickable

2019-04-30 16:45:19 - [MESSAGE][PASSED] - Object 'Object Repository/Kiosk/Lobby/logoutButton' is clickable

2019-04-30 16:45:19 - [TEST_STEP][PASSED] - click(findTestObject("Kiosk/Lobby/logoutButton")): Object: 'Object Repository/Kiosk/Lobby/logoutButton' is clicked on

2019-04-30 16:45:20 - [MESSAGE][PASSED] - Object: 'Object Repository/Kiosk/Lobby/logoutButton' is clicked on

2019-04-30 16:45:20 - [TEST_STEP][PASSED] - waitForElementVisible(findTestObject("Kiosk/Login/Code Plus Id/enterButton"), 15): Object 'Object Repository/Kiosk/Login/Code Plus Id/enterButton' is visible

2019-04-30 16:45:20 - [MESSAGE][PASSED] - Object 'Object Repository/Kiosk/Login/Code Plus Id/enterButton' is visible

2019-04-30 16:45:20 - [TEST_STEP][PASSED] - closeBrowser(): Browser is closed

2019-04-30 16:45:20 - [MESSAGE][PASSED] - Browser is closed]]></system-out>
         <system-err><![CDATA[]]></system-err>
      </testcase>
      <testcase name="Test Cases/kiosk/kiosk rfid" classname="Test Cases/kiosk/kiosk rfid" status="PASSED">
         <system-out><![CDATA[2019-04-30 16:45:20 - [TEST_CASE][PASSED] - Test Cases/kiosk/kiosk rfid: Test Cases/kiosk/kiosk rfid

2019-04-30 16:45:21 - [TEST_STEP][PASSED] - delay(10): Delayed 10 second(s)

2019-04-30 16:45:31 - [MESSAGE][PASSED] - Delayed 10 second(s)

2019-04-30 16:45:31 - [TEST_STEP][PASSED] - openBrowser(rfidSite): Browser is opened with url: 'eggedtaavura.kiosk.ebstage.y-it.co.il/loginByRfid'

2019-04-30 16:45:31 - [MESSAGE][INFO] - Starting 'Chrome' driver

2019-04-30 16:45:38 - [MESSAGE][PASSED] - Browser is opened with url: 'eggedtaavura.kiosk.ebstage.y-it.co.il/loginByRfid'

2019-04-30 16:45:38 - [TEST_STEP][PASSED] - waitForElementVisible(findTestObject("Kiosk/Login/Rfid/cardImage"), 30): Object 'Object Repository/Kiosk/Login/Rfid/cardImage' is visible

2019-04-30 16:45:38 - [MESSAGE][PASSED] - Object 'Object Repository/Kiosk/Login/Rfid/cardImage' is visible

2019-04-30 16:45:38 - [TEST_STEP][PASSED] - focus(findTestObject("Kiosk/Login/Rfid/cardImage")): Object: 'Object Repository/Kiosk/Login/Rfid/cardImage' is focused

2019-04-30 16:45:38 - [MESSAGE][PASSED] - Object: 'Object Repository/Kiosk/Login/Rfid/cardImage' is focused

2019-04-30 16:45:38 - [TEST_STEP][PASSED] - f_logInwithRfid(): null

2019-04-30 16:45:38 - [TEST_STEP][PASSED] - robot = new java.awt.Robot(): null

2019-04-30 16:45:39 - [TEST_STEP][PASSED] - rfidCodeArray = toString().toCharArray(): null

2019-04-30 16:45:39 - [TEST_STEP][PASSED] - delay(5): Delayed 5 second(s)

2019-04-30 16:45:44 - [MESSAGE][PASSED] - Delayed 5 second(s)

2019-04-30 16:45:44 - [TEST_STEP][PASSED] - for ([i = 0, i < length, (i++)]): null

2019-04-30 16:45:44 - [TEST_STEP][PASSED] - delay(1): Delayed 1 second(s)

2019-04-30 16:45:45 - [MESSAGE][PASSED] - Delayed 1 second(s)

2019-04-30 16:45:45 - [TEST_STEP][PASSED] - n = Integer.parseInt(rfidCodeArray[i].toString()): null

2019-04-30 16:45:45 - [TEST_STEP][PASSED] - switch (n): null

2019-04-30 16:45:45 - [TEST_STEP][PASSED] - case 0:: null

2019-04-30 16:45:45 - [TEST_STEP][PASSED] - delay(1): Delayed 1 second(s)

2019-04-30 16:45:46 - [MESSAGE][PASSED] - Delayed 1 second(s)

2019-04-30 16:45:46 - [TEST_STEP][PASSED] - robot.keyPress(VK_0): null

2019-04-30 16:45:46 - [TEST_STEP][PASSED] - break: null

2019-04-30 16:45:46 - [TEST_STEP][PASSED] - delay(1): Delayed 1 second(s)

2019-04-30 16:45:47 - [MESSAGE][PASSED] - Delayed 1 second(s)

2019-04-30 16:45:47 - [TEST_STEP][PASSED] - n = Integer.parseInt(rfidCodeArray[i].toString()): null

2019-04-30 16:45:47 - [TEST_STEP][PASSED] - switch (n): null

2019-04-30 16:45:47 - [TEST_STEP][PASSED] - case 2:: null

2019-04-30 16:45:47 - [TEST_STEP][PASSED] - delay(1): Delayed 1 second(s)

2019-04-30 16:45:48 - [MESSAGE][PASSED] - Delayed 1 second(s)

2019-04-30 16:45:48 - [TEST_STEP][PASSED] - robot.keyPress(VK_2): null

2019-04-30 16:45:48 - [TEST_STEP][PASSED] - break: null

2019-04-30 16:45:48 - [TEST_STEP][PASSED] - delay(1): Delayed 1 second(s)

2019-04-30 16:45:49 - [MESSAGE][PASSED] - Delayed 1 second(s)

2019-04-30 16:45:49 - [TEST_STEP][PASSED] - n = Integer.parseInt(rfidCodeArray[i].toString()): null

2019-04-30 16:45:49 - [TEST_STEP][PASSED] - switch (n): null

2019-04-30 16:45:49 - [TEST_STEP][PASSED] - case 6:: null

2019-04-30 16:45:49 - [TEST_STEP][PASSED] - delay(1): Delayed 1 second(s)

2019-04-30 16:45:50 - [MESSAGE][PASSED] - Delayed 1 second(s)

2019-04-30 16:45:50 - [TEST_STEP][PASSED] - robot.keyPress(VK_6): null

2019-04-30 16:45:50 - [TEST_STEP][PASSED] - break: null

2019-04-30 16:45:50 - [TEST_STEP][PASSED] - delay(1): Delayed 1 second(s)

2019-04-30 16:45:51 - [MESSAGE][PASSED] - Delayed 1 second(s)

2019-04-30 16:45:51 - [TEST_STEP][PASSED] - n = Integer.parseInt(rfidCodeArray[i].toString()): null

2019-04-30 16:45:51 - [TEST_STEP][PASSED] - switch (n): null

2019-04-30 16:45:51 - [TEST_STEP][PASSED] - case 0:: null

2019-04-30 16:45:51 - [TEST_STEP][PASSED] - delay(1): Delayed 1 second(s)

2019-04-30 16:45:52 - [MESSAGE][PASSED] - Delayed 1 second(s)

2019-04-30 16:45:52 - [TEST_STEP][PASSED] - robot.keyPress(VK_0): null

2019-04-30 16:45:52 - [TEST_STEP][PASSED] - break: null

2019-04-30 16:45:52 - [TEST_STEP][PASSED] - delay(1): Delayed 1 second(s)

2019-04-30 16:45:53 - [MESSAGE][PASSED] - Delayed 1 second(s)

2019-04-30 16:45:53 - [TEST_STEP][PASSED] - n = Integer.parseInt(rfidCodeArray[i].toString()): null

2019-04-30 16:45:53 - [TEST_STEP][PASSED] - switch (n): null

2019-04-30 16:45:53 - [TEST_STEP][PASSED] - case 0:: null

2019-04-30 16:45:53 - [TEST_STEP][PASSED] - delay(1): Delayed 1 second(s)

2019-04-30 16:45:54 - [MESSAGE][PASSED] - Delayed 1 second(s)

2019-04-30 16:45:54 - [TEST_STEP][PASSED] - robot.keyPress(VK_0): null

2019-04-30 16:45:54 - [TEST_STEP][PASSED] - break: null

2019-04-30 16:45:54 - [TEST_STEP][PASSED] - delay(1): Delayed 1 second(s)

2019-04-30 16:45:55 - [MESSAGE][PASSED] - Delayed 1 second(s)

2019-04-30 16:45:55 - [TEST_STEP][PASSED] - n = Integer.parseInt(rfidCodeArray[i].toString()): null

2019-04-30 16:45:55 - [TEST_STEP][PASSED] - switch (n): null

2019-04-30 16:45:55 - [TEST_STEP][PASSED] - case 0:: null

2019-04-30 16:45:55 - [TEST_STEP][PASSED] - delay(1): Delayed 1 second(s)

2019-04-30 16:45:56 - [MESSAGE][PASSED] - Delayed 1 second(s)

2019-04-30 16:45:56 - [TEST_STEP][PASSED] - robot.keyPress(VK_0): null

2019-04-30 16:45:56 - [TEST_STEP][PASSED] - break: null

2019-04-30 16:45:56 - [TEST_STEP][PASSED] - delay(1): Delayed 1 second(s)

2019-04-30 16:45:57 - [MESSAGE][PASSED] - Delayed 1 second(s)

2019-04-30 16:45:57 - [TEST_STEP][PASSED] - n = Integer.parseInt(rfidCodeArray[i].toString()): null

2019-04-30 16:45:57 - [TEST_STEP][PASSED] - switch (n): null

2019-04-30 16:45:57 - [TEST_STEP][PASSED] - case 2:: null

2019-04-30 16:45:57 - [TEST_STEP][PASSED] - delay(1): Delayed 1 second(s)

2019-04-30 16:45:58 - [MESSAGE][PASSED] - Delayed 1 second(s)

2019-04-30 16:45:58 - [TEST_STEP][PASSED] - robot.keyPress(VK_2): null

2019-04-30 16:45:58 - [TEST_STEP][PASSED] - break: null

2019-04-30 16:45:58 - [TEST_STEP][PASSED] - delay(1): Delayed 1 second(s)

2019-04-30 16:45:59 - [MESSAGE][PASSED] - Delayed 1 second(s)

2019-04-30 16:45:59 - [TEST_STEP][PASSED] - n = Integer.parseInt(rfidCodeArray[i].toString()): null

2019-04-30 16:45:59 - [TEST_STEP][PASSED] - switch (n): null

2019-04-30 16:45:59 - [TEST_STEP][PASSED] - case 2:: null

2019-04-30 16:45:59 - [TEST_STEP][PASSED] - delay(1): Delayed 1 second(s)

2019-04-30 16:46:00 - [MESSAGE][PASSED] - Delayed 1 second(s)

2019-04-30 16:46:00 - [TEST_STEP][PASSED] - robot.keyPress(VK_2): null

2019-04-30 16:46:00 - [TEST_STEP][PASSED] - break: null

2019-04-30 16:46:00 - [TEST_STEP][PASSED] - delay(1): Delayed 1 second(s)

2019-04-30 16:46:01 - [MESSAGE][PASSED] - Delayed 1 second(s)

2019-04-30 16:46:01 - [TEST_STEP][PASSED] - n = Integer.parseInt(rfidCodeArray[i].toString()): null

2019-04-30 16:46:01 - [TEST_STEP][PASSED] - switch (n): null

2019-04-30 16:46:01 - [TEST_STEP][PASSED] - case 4:: null

2019-04-30 16:46:01 - [TEST_STEP][PASSED] - delay(1): Delayed 1 second(s)

2019-04-30 16:46:02 - [MESSAGE][PASSED] - Delayed 1 second(s)

2019-04-30 16:46:02 - [TEST_STEP][PASSED] - robot.keyPress(VK_4): null

2019-04-30 16:46:02 - [TEST_STEP][PASSED] - break: null

2019-04-30 16:46:02 - [TEST_STEP][PASSED] - delay(1): Delayed 1 second(s)

2019-04-30 16:46:03 - [MESSAGE][PASSED] - Delayed 1 second(s)

2019-04-30 16:46:03 - [TEST_STEP][PASSED] - n = Integer.parseInt(rfidCodeArray[i].toString()): null

2019-04-30 16:46:03 - [TEST_STEP][PASSED] - switch (n): null

2019-04-30 16:46:03 - [TEST_STEP][PASSED] - case 0:: null

2019-04-30 16:46:03 - [TEST_STEP][PASSED] - delay(1): Delayed 1 second(s)

2019-04-30 16:46:04 - [MESSAGE][PASSED] - Delayed 1 second(s)

2019-04-30 16:46:04 - [TEST_STEP][PASSED] - robot.keyPress(VK_0): null

2019-04-30 16:46:04 - [TEST_STEP][PASSED] - break: null

2019-04-30 16:46:04 - [TEST_STEP][PASSED] - delay(1): Delayed 1 second(s)

2019-04-30 16:46:05 - [MESSAGE][PASSED] - Delayed 1 second(s)

2019-04-30 16:46:05 - [TEST_STEP][PASSED] - n = Integer.parseInt(rfidCodeArray[i].toString()): null

2019-04-30 16:46:05 - [TEST_STEP][PASSED] - switch (n): null

2019-04-30 16:46:05 - [TEST_STEP][PASSED] - case 0:: null

2019-04-30 16:46:05 - [TEST_STEP][PASSED] - delay(1): Delayed 1 second(s)

2019-04-30 16:46:06 - [MESSAGE][PASSED] - Delayed 1 second(s)

2019-04-30 16:46:06 - [TEST_STEP][PASSED] - robot.keyPress(VK_0): null

2019-04-30 16:46:06 - [TEST_STEP][PASSED] - break: null

2019-04-30 16:46:06 - [TEST_STEP][PASSED] - delay(1): Delayed 1 second(s)

2019-04-30 16:46:07 - [MESSAGE][PASSED] - Delayed 1 second(s)

2019-04-30 16:46:07 - [TEST_STEP][PASSED] - n = Integer.parseInt(rfidCodeArray[i].toString()): null

2019-04-30 16:46:07 - [TEST_STEP][PASSED] - switch (n): null

2019-04-30 16:46:07 - [TEST_STEP][PASSED] - case 1:: null

2019-04-30 16:46:07 - [TEST_STEP][PASSED] - delay(1): Delayed 1 second(s)

2019-04-30 16:46:08 - [MESSAGE][PASSED] - Delayed 1 second(s)

2019-04-30 16:46:08 - [TEST_STEP][PASSED] - robot.keyPress(VK_1): null

2019-04-30 16:46:08 - [TEST_STEP][PASSED] - break: null

2019-04-30 16:46:08 - [TEST_STEP][PASSED] - delay(1): Delayed 1 second(s)

2019-04-30 16:46:09 - [MESSAGE][PASSED] - Delayed 1 second(s)

2019-04-30 16:46:09 - [TEST_STEP][PASSED] - n = Integer.parseInt(rfidCodeArray[i].toString()): null

2019-04-30 16:46:09 - [TEST_STEP][PASSED] - switch (n): null

2019-04-30 16:46:09 - [TEST_STEP][PASSED] - case 2:: null

2019-04-30 16:46:09 - [TEST_STEP][PASSED] - delay(1): Delayed 1 second(s)

2019-04-30 16:46:10 - [MESSAGE][PASSED] - Delayed 1 second(s)

2019-04-30 16:46:10 - [TEST_STEP][PASSED] - robot.keyPress(VK_2): null

2019-04-30 16:46:10 - [TEST_STEP][PASSED] - break: null

2019-04-30 16:46:10 - [TEST_STEP][PASSED] - delay(1): Delayed 1 second(s)

2019-04-30 16:46:11 - [MESSAGE][PASSED] - Delayed 1 second(s)

2019-04-30 16:46:11 - [TEST_STEP][PASSED] - robot.keyPress(VK_ENTER): null

2019-04-30 16:46:11 - [TEST_STEP][PASSED] - delay(1): Delayed 1 second(s)

2019-04-30 16:46:12 - [MESSAGE][PASSED] - Delayed 1 second(s)

2019-04-30 16:46:12 - [TEST_STEP][PASSED] - robot.keyPress(VK_ENTER): null

2019-04-30 16:46:12 - [TEST_STEP][PASSED] - delay(1): Delayed 1 second(s)

2019-04-30 16:46:13 - [MESSAGE][PASSED] - Delayed 1 second(s)

2019-04-30 16:46:13 - [TEST_STEP][PASSED] - robot.keyPress(VK_ENTER): null

2019-04-30 16:46:13 - [TEST_STEP][PASSED] - delay(1): Delayed 1 second(s)

2019-04-30 16:46:14 - [MESSAGE][PASSED] - Delayed 1 second(s)

2019-04-30 16:46:14 - [TEST_STEP][PASSED] - robot.keyPress(VK_ENTER): null

2019-04-30 16:46:14 - [TEST_STEP][PASSED] - delay(1): Delayed 1 second(s)

2019-04-30 16:46:15 - [MESSAGE][PASSED] - Delayed 1 second(s)

2019-04-30 16:46:15 - [TEST_STEP][PASSED] - robot.keyPress(VK_ENTER): null

2019-04-30 16:46:15 - [TEST_STEP][PASSED] - delay(1): Delayed 1 second(s)

2019-04-30 16:46:16 - [MESSAGE][PASSED] - Delayed 1 second(s)

2019-04-30 16:46:16 - [TEST_STEP][PASSED] - try: Object 'Object Repository/Kiosk/Lobby/header' is present and visible in viewport

2019-04-30 16:46:16 - [TEST_STEP][PASSED] - waitForElementVisible(findTestObject("Kiosk/Lobby/header"), 15): Object 'Object Repository/Kiosk/Lobby/header' is visible

2019-04-30 16:46:16 - [MESSAGE][PASSED] - Object 'Object Repository/Kiosk/Lobby/header' is visible

2019-04-30 16:46:16 - [TEST_STEP][PASSED] - verifyElementVisibleInViewport(findTestObject("Kiosk/Lobby/header"), 5): Object 'Object Repository/Kiosk/Lobby/header' is present and visible in viewport

2019-04-30 16:46:16 - [MESSAGE][PASSED] - Object 'Object Repository/Kiosk/Lobby/header' is present and visible in viewport

2019-04-30 16:46:16 - [TEST_STEP][PASSED] - maximizeWindow(): Current window maximized

2019-04-30 16:46:17 - [MESSAGE][PASSED] - Current window maximized

2019-04-30 16:46:17 - [TEST_STEP][PASSED] - waitForElementVisible(findTestObject("Kiosk/Lobby/workTicketButton"), 15): Object 'Object Repository/Kiosk/Lobby/workTicketButton' is visible

2019-04-30 16:46:17 - [MESSAGE][PASSED] - Object 'Object Repository/Kiosk/Lobby/workTicketButton' is visible

2019-04-30 16:46:17 - [TEST_STEP][PASSED] - verifyElementClickable(findTestObject("Kiosk/Lobby/workTicketButton"), STOP_ON_FAILURE): Object 'Object Repository/Kiosk/Lobby/workTicketButton' is clickable

2019-04-30 16:46:17 - [MESSAGE][PASSED] - Object 'Object Repository/Kiosk/Lobby/workTicketButton' is clickable

2019-04-30 16:46:17 - [TEST_STEP][PASSED] - waitForElementVisible(findTestObject("Kiosk/Lobby/logoutButton"), 15): Object 'Object Repository/Kiosk/Lobby/logoutButton' is visible

2019-04-30 16:46:17 - [MESSAGE][PASSED] - Object 'Object Repository/Kiosk/Lobby/logoutButton' is visible

2019-04-30 16:46:17 - [TEST_STEP][PASSED] - verifyElementClickable(findTestObject("Kiosk/Lobby/logoutButton"), STOP_ON_FAILURE): Object 'Object Repository/Kiosk/Lobby/logoutButton' is clickable

2019-04-30 16:46:17 - [MESSAGE][PASSED] - Object 'Object Repository/Kiosk/Lobby/logoutButton' is clickable

2019-04-30 16:46:17 - [TEST_STEP][PASSED] - click(findTestObject("Kiosk/Lobby/logoutButton")): Object: 'Object Repository/Kiosk/Lobby/logoutButton' is clicked on

2019-04-30 16:46:17 - [MESSAGE][PASSED] - Object: 'Object Repository/Kiosk/Lobby/logoutButton' is clicked on

2019-04-30 16:46:17 - [TEST_STEP][PASSED] - waitForElementVisible(findTestObject("Kiosk/Login/Rfid/cardImage"), 30): Object 'Object Repository/Kiosk/Login/Rfid/cardImage' is visible

2019-04-30 16:46:17 - [MESSAGE][PASSED] - Object 'Object Repository/Kiosk/Login/Rfid/cardImage' is visible

2019-04-30 16:46:17 - [TEST_STEP][PASSED] - closeBrowser(): Browser is closed

2019-04-30 16:46:18 - [MESSAGE][PASSED] - Browser is closed]]></system-out>
         <system-err><![CDATA[]]></system-err>
      </testcase>
      <system-out><![CDATA[2019-04-30 16:44:29 - [TEST_SUITE][PASSED] - Kiosk Sanity Login Test: Test Cases/kiosk/kiosk rfid]]></system-out>
      <system-err><![CDATA[]]></system-err>
   </testsuite>
</testsuites>
