<?xml version="1.0" encoding="UTF-8"?>
<testsuites name="Pre Salary" time="693" tests="9" failures="3" errors="0">
   <testsuite name="Pre Salary" tests="9" failures="3" errors="0" time="693" timestamp="2019-04-30 13:55:51" hostname="leon.b - Leon-PC.Y-it.Local" id="Test Suites/Stage/Pre Salary">
      <properties>
         <property name="deviceName" value=""/>
         <property name="devicePlatform" value=""/>
         <property name="logFolder" value="C:\\Users\\leon.b\\git\\Y-IT_TransIT\\Reports\\Stage\\Pre Salary\\20190430_135512"/>
         <property name="logFiles" value="C:\\Users\\leon.b\\git\\Y-IT_TransIT\\Reports\\Stage\\Pre Salary\\20190430_135512\\execution0.log"/>
         <property name="attachments" value="C:\\Users\\leon.b\\git\\Y-IT_TransIT\\Reports\\Stage\\Pre Salary\\20190430_135512\\1556621838593.png, C:\\Users\\leon.b\\git\\Y-IT_TransIT\\Reports\\Stage\\Pre Salary\\20190430_135512\\1556622123349.png, C:\\Users\\leon.b\\git\\Y-IT_TransIT\\Reports\\Stage\\Pre Salary\\20190430_135512\\1556622262530.png, C:\\Users\\leon.b\\git\\Y-IT_TransIT\\Reports\\Stage\\Pre Salary\\20190430_135512\\1556622264054.png, C:\\Users\\leon.b\\git\\Y-IT_TransIT\\Reports\\Stage\\Pre Salary\\20190430_135512\\1556622288812.png, C:\\Users\\leon.b\\git\\Y-IT_TransIT\\Reports\\Stage\\Pre Salary\\20190430_135512\\1556622290358.png, C:\\Users\\leon.b\\git\\Y-IT_TransIT\\Reports\\Stage\\Pre Salary\\20190430_135512\\1556622312836.png, C:\\Users\\leon.b\\git\\Y-IT_TransIT\\Reports\\Stage\\Pre Salary\\20190430_135512\\1556622314461.png, C:\\Users\\leon.b\\git\\Y-IT_TransIT\\Reports\\Stage\\Pre Salary\\20190430_135512\\1556622425477.png"/>
         <property name="hostName" value="leon.b - Leon-PC.Y-it.Local"/>
         <property name="os" value="Windows 10 64bit"/>
         <property name="katalonVersion" value="6.0.5.10"/>
         <property name="browser" value="Chrome 73.0.3683.103"/>
         <property name="hostAddress" value="169.254.139.61"/>
         <property name="sessionId" value="3d31f788bef3696bc322ed974570b57e"/>
         <property name="seleniumVersion" value="3.7.1"/>
         <property name="proxyInformation" value="ProxyInformation{proxyOption=NO_PROXY, proxyServerType=HTTP, password=, proxyServerAddress=, proxyServerPort=0}"/>
         <property name="platform" value="Windows 10"/>
      </properties>
      <testcase name="Test Cases/Pre-Salary/One Driver Calc" classname="Test Cases/Pre-Salary/One Driver Calc" status="PASSED">
         <system-out><![CDATA[2019-04-30 13:55:52 - [TEST_CASE][PASSED] - Test Cases/Pre-Salary/One Driver Calc: Test Cases/Pre-Salary/One Driver Calc

2019-04-30 13:55:52 - [TEST_STEP][PASSED] - login.c_login.logIn(site, userName, userPass): login.c_login.logIn is PASSED

2019-04-30 13:55:53 - [MESSAGE][INFO] - Starting 'Chrome' driver

2019-04-30 13:55:53 - [MESSAGE][INFO] - Action delay is set to 0 seconds

2019-04-30 13:56:13 - [MESSAGE][PASSED] - Browser is opened with url: 'thegged.ebstage.y-it.co.il'

2019-04-30 13:56:14 - [MESSAGE][PASSED] - Current window maximized

2019-04-30 13:56:15 - [MESSAGE][PASSED] - Text 'admin' is set on object 'Object Repository/Y-IT Log In/input_ _userName'

2019-04-30 13:56:15 - [MESSAGE][PASSED] - Text ****** has been set on object 'Object Repository/Y-IT Log In/input_ _password'

2019-04-30 13:56:15 - [MESSAGE][PASSED] - Object: 'Object Repository/Y-IT Log In/input_  _submit' is clicked on

2019-04-30 13:56:15 - [MESSAGE][PASSED] - login.c_login.logIn is PASSED

2019-04-30 13:56:15 - [TEST_STEP][PASSED] - date = new java.util.Date(): null

2019-04-30 13:56:15 - [TEST_STEP][PASSED] - cal = Calendar.getInstance(): null

2019-04-30 13:56:15 - [TEST_STEP][PASSED] - cal.setTime(date): null

2019-04-30 13:56:15 - [TEST_STEP][PASSED] - month = cal.get(MONTH) + 1: null

2019-04-30 13:56:15 - [TEST_STEP][PASSED] - year = cal.get(YEAR): null

2019-04-30 13:56:15 - [TEST_STEP][PASSED] - dayStr = "01": null

2019-04-30 13:56:15 - [TEST_STEP][PASSED] - monthStr = "": null

2019-04-30 13:56:15 - [TEST_STEP][PASSED] - yearStr = year.toString(): null

2019-04-30 13:56:15 - [TEST_STEP][PASSED] - if (month < 10): null

2019-04-30 13:56:15 - [TEST_STEP][PASSED] - monthStr = "0" + month.toString(): null

2019-04-30 13:56:15 - [TEST_STEP][PASSED] - fullDate = dayStr + monthStr + yearStr: null

2019-04-30 13:56:15 - [TEST_STEP][PASSED] - delay(1): Delayed 1 second(s)

2019-04-30 13:56:16 - [MESSAGE][PASSED] - Delayed 1 second(s)

2019-04-30 13:56:16 - [TEST_STEP][PASSED] - waitForElementPresent(findTestObject("General/mainEmptyBackground"), 15): Object 'Object Repository/General/mainEmptyBackground' is present

2019-04-30 13:56:19 - [MESSAGE][PASSED] - Object 'Object Repository/General/mainEmptyBackground' is present

2019-04-30 13:56:19 - [TEST_STEP][PASSED] - isPreSalaryTabOpen = waitForElementPresent(findTestObject("Pre-Salary/preSalaryTab"), 5): Object 'Object Repository/Pre-Salary/preSalaryTab' is not present after 5 second(s)

2019-04-30 13:56:25 - [MESSAGE][INFO] - Unable to find the element located by 'By.cssSelector: #preSalaryview'. Please recheck the objects properties to make sure the desired element is located. 

2019-04-30 13:56:25 - [MESSAGE][WARNING] - Object 'Object Repository/Pre-Salary/preSalaryTab' is not present after 5 second(s)

2019-04-30 13:56:25 - [TEST_STEP][PASSED] - if (!(isPreSalaryTabOpen)): Object: 'Object Repository/Nav Bar/Nav Bar Funds/preSalary' is clicked on

2019-04-30 13:56:25 - [TEST_STEP][PASSED] - waitForElementPresent(findTestObject("Nav Bar/funds"), 15): Object 'Object Repository/Nav Bar/funds' is present

2019-04-30 13:56:25 - [MESSAGE][PASSED] - Object 'Object Repository/Nav Bar/funds' is present

2019-04-30 13:56:25 - [TEST_STEP][PASSED] - click(findTestObject("Nav Bar/funds")): Object: 'Object Repository/Nav Bar/funds' is clicked on

2019-04-30 13:56:25 - [MESSAGE][PASSED] - Object: 'Object Repository/Nav Bar/funds' is clicked on

2019-04-30 13:56:25 - [TEST_STEP][PASSED] - delay(1): Delayed 1 second(s)

2019-04-30 13:56:26 - [MESSAGE][PASSED] - Delayed 1 second(s)

2019-04-30 13:56:26 - [TEST_STEP][PASSED] - try: Object: 'Object Repository/Nav Bar/Nav Bar Funds/preSalary' is clicked on

2019-04-30 13:56:26 - [TEST_STEP][PASSED] - waitForElementPresent(findTestObject("Nav Bar/Nav Bar Funds/preSalary"), 2): Object 'Object Repository/Nav Bar/Nav Bar Funds/preSalary' is present

2019-04-30 13:56:26 - [MESSAGE][PASSED] - Object 'Object Repository/Nav Bar/Nav Bar Funds/preSalary' is present

2019-04-30 13:56:26 - [TEST_STEP][PASSED] - click(findTestObject("Nav Bar/Nav Bar Funds/preSalary")): Object: 'Object Repository/Nav Bar/Nav Bar Funds/preSalary' is clicked on

2019-04-30 13:56:26 - [MESSAGE][PASSED] - Object: 'Object Repository/Nav Bar/Nav Bar Funds/preSalary' is clicked on

2019-04-30 13:56:26 - [TEST_STEP][PASSED] - waitForElementPresent(findTestObject("Pre-Salary/Filters/Date Picker Start/datePickerInputField"), 15): Object 'Object Repository/Pre-Salary/Filters/Date Picker Start/datePickerInputField' is present

2019-04-30 13:56:27 - [MESSAGE][PASSED] - Object 'Object Repository/Pre-Salary/Filters/Date Picker Start/datePickerInputField' is present

2019-04-30 13:56:27 - [TEST_STEP][PASSED] - click(findTestObject("Pre-Salary/Filters/Date Picker Start/datePickerInputField")): Object: 'Object Repository/Pre-Salary/Filters/Date Picker Start/datePickerInputField' is clicked on

2019-04-30 13:56:27 - [MESSAGE][PASSED] - Object: 'Object Repository/Pre-Salary/Filters/Date Picker Start/datePickerInputField' is clicked on

2019-04-30 13:56:27 - [TEST_STEP][PASSED] - delay(1): Delayed 1 second(s)

2019-04-30 13:56:28 - [MESSAGE][PASSED] - Delayed 1 second(s)

2019-04-30 13:56:28 - [TEST_STEP][PASSED] - setText(findTestObject("Pre-Salary/Filters/Date Picker Start/datePickerInputField"), ""): Text '' is set on object 'Object Repository/Pre-Salary/Filters/Date Picker Start/datePickerInputField'

2019-04-30 13:56:28 - [MESSAGE][PASSED] - Text '' is set on object 'Object Repository/Pre-Salary/Filters/Date Picker Start/datePickerInputField'

2019-04-30 13:56:28 - [TEST_STEP][PASSED] - delay(1): Delayed 1 second(s)

2019-04-30 13:56:29 - [MESSAGE][PASSED] - Delayed 1 second(s)

2019-04-30 13:56:29 - [TEST_STEP][PASSED] - setText(findTestObject("Pre-Salary/Filters/Date Picker Start/datePickerInputField"), fullDate): Text '01042019' is set on object 'Object Repository/Pre-Salary/Filters/Date Picker Start/datePickerInputField'

2019-04-30 13:56:29 - [MESSAGE][PASSED] - Text '01042019' is set on object 'Object Repository/Pre-Salary/Filters/Date Picker Start/datePickerInputField'

2019-04-30 13:56:29 - [TEST_STEP][PASSED] - waitForElementPresent(findTestObject("Pre-Salary/Filters/Date Picker Start/datePickerInputField"), 15): Object 'Object Repository/Pre-Salary/Filters/Date Picker Start/datePickerInputField' is present

2019-04-30 13:56:29 - [MESSAGE][PASSED] - Object 'Object Repository/Pre-Salary/Filters/Date Picker Start/datePickerInputField' is present

2019-04-30 13:56:29 - [TEST_STEP][PASSED] - waitForElementNotPresent(findTestObject("Pre-Salary/Filters/Drivers Dropdown/isLoadingDropdown"), 15): Web element with id: 'Object Repository/Pre-Salary/Filters/Drivers Dropdown/isLoadingDropdown' located by 'By.cssSelector: div[id="preSalaryview"] > div:nth-of-type(2) > div:nth-of-type(1) > div:nth-of-type(2) > div:nth-of-type(1) > div:nth-of-type(5) > div:nth-of-type(1) > div:nth-of-type(1) > span:nth-of-type(1) > span:nth-of-type(1) > span:nth-of-type(2) > span:nth-of-type(1)[class="k-icon k-i-arrow-60-down k-i-loading"]' is not present after '15' second(s)

2019-04-30 13:56:35 - [MESSAGE][PASSED] - Web element with id: 'Object Repository/Pre-Salary/Filters/Drivers Dropdown/isLoadingDropdown' located by 'By.cssSelector: div[id="preSalaryview"] > div:nth-of-type(2) > div:nth-of-type(1) > div:nth-of-type(2) > div:nth-of-type(1) > div:nth-of-type(5) > div:nth-of-type(1) > div:nth-of-type(1) > span:nth-of-type(1) > span:nth-of-type(1) > span:nth-of-type(2) > span:nth-of-type(1)[class="k-icon k-i-arrow-60-down k-i-loading"]' is not present after '15' second(s)

2019-04-30 13:56:35 - [TEST_STEP][PASSED] - delay(1): Delayed 1 second(s)

2019-04-30 13:56:36 - [MESSAGE][PASSED] - Delayed 1 second(s)

2019-04-30 13:56:36 - [TEST_STEP][PASSED] - try: Object: 'Object Repository/Pre-Salary/Filters/Drivers Dropdown/driversListDropdownOpen' is clicked on

2019-04-30 13:56:36 - [TEST_STEP][PASSED] - click(findTestObject("Pre-Salary/Filters/Drivers Dropdown/driversListDropdownOpen")): Object: 'Object Repository/Pre-Salary/Filters/Drivers Dropdown/driversListDropdownOpen' is clicked on

2019-04-30 13:56:36 - [MESSAGE][PASSED] - Object: 'Object Repository/Pre-Salary/Filters/Drivers Dropdown/driversListDropdownOpen' is clicked on

2019-04-30 13:56:36 - [TEST_STEP][PASSED] - delay(1): Delayed 1 second(s)

2019-04-30 13:56:37 - [MESSAGE][PASSED] - Delayed 1 second(s)

2019-04-30 13:56:37 - [TEST_STEP][PASSED] - try: Text '856' is set on object 'Object Repository/Pre-Salary/Filters/Drivers Dropdown/driversListDropdownSearchBox'

2019-04-30 13:56:37 - [TEST_STEP][PASSED] - setText(findTestObject("Pre-Salary/Filters/Drivers Dropdown/driversListDropdownSearchBox"), driver_Id): Text '856' is set on object 'Object Repository/Pre-Salary/Filters/Drivers Dropdown/driversListDropdownSearchBox'

2019-04-30 13:56:37 - [MESSAGE][PASSED] - Text '856' is set on object 'Object Repository/Pre-Salary/Filters/Drivers Dropdown/driversListDropdownSearchBox'

2019-04-30 13:56:37 - [TEST_STEP][PASSED] - delay(1): Delayed 1 second(s)

2019-04-30 13:56:38 - [MESSAGE][PASSED] - Delayed 1 second(s)

2019-04-30 13:56:38 - [TEST_STEP][PASSED] - click(findTestObject("Pre-Salary/Filters/Drivers Dropdown/driversListDropdownSelectFirstDriver")): Object: 'Object Repository/Pre-Salary/Filters/Drivers Dropdown/driversListDropdownSelectFirstDriver' is clicked on

2019-04-30 13:56:39 - [MESSAGE][PASSED] - Object: 'Object Repository/Pre-Salary/Filters/Drivers Dropdown/driversListDropdownSelectFirstDriver' is clicked on

2019-04-30 13:56:39 - [TEST_STEP][PASSED] - delay(1): Delayed 1 second(s)

2019-04-30 13:56:40 - [MESSAGE][PASSED] - Delayed 1 second(s)

2019-04-30 13:56:40 - [TEST_STEP][PASSED] - click(findTestObject("Pre-Salary/Data Status/importButton")): Object: 'Object Repository/Pre-Salary/Data Status/importButton' is clicked on

2019-04-30 13:56:40 - [MESSAGE][PASSED] - Object: 'Object Repository/Pre-Salary/Data Status/importButton' is clicked on

2019-04-30 13:56:40 - [TEST_STEP][PASSED] - delay(1): Delayed 1 second(s)

2019-04-30 13:56:41 - [MESSAGE][PASSED] - Delayed 1 second(s)

2019-04-30 13:56:41 - [TEST_STEP][FAILED] - try: Unable to double click on object 'Object Repository/Pre-Salary/Calculation Summary/firstDriverInCalculationSummeryTable'

2019-04-30 13:56:41 - [TEST_STEP][PASSED] - waitForElementPresent(findTestObject("Pre-Salary/Calculation Summary/firstDriverInCalculationSummeryTable"), 20): Object 'Object Repository/Pre-Salary/Calculation Summary/firstDriverInCalculationSummeryTable' is not present after 20 second(s)

2019-04-30 13:57:02 - [MESSAGE][INFO] - Unable to find the element located by 'By.cssSelector: div[id="preSalaryview"] > div:nth-of-type(2) > div:nth-of-type(2) > div:nth-of-type(3) > div:nth-of-type(1) > div:nth-of-type(2)  > div:nth-of-type(1)  > div:nth-of-type(2) > table > tbody > tr:nth-of-type(1)'. Please recheck the objects properties to make sure the desired element is located. 

2019-04-30 13:57:02 - [MESSAGE][WARNING] - Object 'Object Repository/Pre-Salary/Calculation Summary/firstDriverInCalculationSummeryTable' is not present after 20 second(s)

2019-04-30 13:57:02 - [TEST_STEP][FAILED] - doubleClick(findTestObject("Pre-Salary/Calculation Summary/firstDriverInCalculationSummeryTable")): Unable to double click on object 'Object Repository/Pre-Salary/Calculation Summary/firstDriverInCalculationSummeryTable'

2019-04-30 13:57:18 - [MESSAGE][INFO] - Unable to find the element located by 'By.cssSelector: div[id="preSalaryview"] > div:nth-of-type(2) > div:nth-of-type(2) > div:nth-of-type(3) > div:nth-of-type(1) > div:nth-of-type(2)  > div:nth-of-type(1)  > div:nth-of-type(2) > table > tbody > tr:nth-of-type(1)'. Please recheck the objects properties to make sure the desired element is located. 

2019-04-30 13:57:19 - [MESSAGE][FAILED] - Unable to double click on object 'Object Repository/Pre-Salary/Calculation Summary/firstDriverInCalculationSummeryTable'
[[ATTACHMENT|C:\\Users\\leon.b\\git\\Y-IT_TransIT\\Reports\\Stage\\Pre Salary\\20190430_135512\\1556621838593.png]]

2019-04-30 13:57:19 - [TEST_STEP][PASSED] - catch (Exception err): Object: 'Object Repository/Pre-Salary/Calculation Summary/firstDriverInCalculationSummeryTable' is double clicked on

2019-04-30 13:57:19 - [TEST_STEP][PASSED] - waitForElementPresent(findTestObject("Pre-Salary/Calculation Summary/firstDriverInCalculationSummeryTable"), 20): Object 'Object Repository/Pre-Salary/Calculation Summary/firstDriverInCalculationSummeryTable' is present

2019-04-30 13:57:26 - [MESSAGE][PASSED] - Object 'Object Repository/Pre-Salary/Calculation Summary/firstDriverInCalculationSummeryTable' is present

2019-04-30 13:57:26 - [TEST_STEP][PASSED] - waitForElementPresent(findTestObject("Pre-Salary/Calculation Summary/firstDriverInCalculationSummeryTable"), 20): Object 'Object Repository/Pre-Salary/Calculation Summary/firstDriverInCalculationSummeryTable' is present

2019-04-30 13:57:27 - [MESSAGE][PASSED] - Object 'Object Repository/Pre-Salary/Calculation Summary/firstDriverInCalculationSummeryTable' is present

2019-04-30 13:57:27 - [TEST_STEP][PASSED] - verifyElementPresent(findTestObject("Pre-Salary/Calculation Summary/calculationSummeyTable"), 2): Object 'Object Repository/Pre-Salary/Calculation Summary/calculationSummeyTable' is present

2019-04-30 13:57:27 - [MESSAGE][PASSED] - Object 'Object Repository/Pre-Salary/Calculation Summary/calculationSummeyTable' is present

2019-04-30 13:57:27 - [TEST_STEP][PASSED] - verifyElementPresent(findTestObject("Pre-Salary/Calculation Summary/firstDriverInCalculationSummeryTable"), 2): Object 'Object Repository/Pre-Salary/Calculation Summary/firstDriverInCalculationSummeryTable' is present

2019-04-30 13:57:27 - [MESSAGE][PASSED] - Object 'Object Repository/Pre-Salary/Calculation Summary/firstDriverInCalculationSummeryTable' is present

2019-04-30 13:57:27 - [TEST_STEP][PASSED] - doubleClick(findTestObject("Pre-Salary/Calculation Summary/firstDriverInCalculationSummeryTable")): Object: 'Object Repository/Pre-Salary/Calculation Summary/firstDriverInCalculationSummeryTable' is double clicked on

2019-04-30 13:57:27 - [MESSAGE][PASSED] - Object: 'Object Repository/Pre-Salary/Calculation Summary/firstDriverInCalculationSummeryTable' is double clicked on

2019-04-30 13:57:27 - [TEST_STEP][PASSED] - waitForElementPresent(findTestObject("Pre-Salary/Employee Details/driversReportTable"), 20): Object 'Object Repository/Pre-Salary/Employee Details/driversReportTable' is present

2019-04-30 13:57:29 - [MESSAGE][PASSED] - Object 'Object Repository/Pre-Salary/Employee Details/driversReportTable' is present

2019-04-30 13:57:29 - [TEST_STEP][PASSED] - waitForElementPresent(findTestObject("Pre-Salary/Employee Details/driversReportTable"), 20): Object 'Object Repository/Pre-Salary/Employee Details/driversReportTable' is present

2019-04-30 13:57:29 - [MESSAGE][PASSED] - Object 'Object Repository/Pre-Salary/Employee Details/driversReportTable' is present

2019-04-30 13:57:29 - [TEST_STEP][PASSED] - verifyElementPresent(findTestObject("Pre-Salary/Employee Details/driversReportTable"), 2): Object 'Object Repository/Pre-Salary/Employee Details/driversReportTable' is present

2019-04-30 13:57:29 - [MESSAGE][PASSED] - Object 'Object Repository/Pre-Salary/Employee Details/driversReportTable' is present

2019-04-30 13:57:29 - [TEST_STEP][PASSED] - verifyElementPresent(findTestObject("Pre-Salary/Employee Details/driversCodeId_InDriversReportTableHeader"), 2): Object 'Object Repository/Pre-Salary/Employee Details/driversCodeId_InDriversReportTableHeader' is present

2019-04-30 13:57:29 - [MESSAGE][PASSED] - Object 'Object Repository/Pre-Salary/Employee Details/driversCodeId_InDriversReportTableHeader' is present

2019-04-30 13:57:29 - [TEST_STEP][PASSED] - driverCodeFromReport = getText(findTestObject("Pre-Salary/Employee Details/driversCodeId_InDriversReportTableHeader")): Text of object 'Object Repository/Pre-Salary/Employee Details/driversCodeId_InDriversReportTableHeader' is: '856'

2019-04-30 13:57:29 - [MESSAGE][PASSED] - Text of object 'Object Repository/Pre-Salary/Employee Details/driversCodeId_InDriversReportTableHeader' is: '856'

2019-04-30 13:57:29 - [TEST_STEP][PASSED] - if (driverCodeFromReport != driver_Id && !(driverCodeFromReport.contains(driver_Id))): null

2019-04-30 13:57:29 - [TEST_STEP][PASSED] - waitForElementPresent(findTestObject("Pre-Salary/Employee Details/rightSideTable"), 10): Object 'Object Repository/Pre-Salary/Employee Details/rightSideTable' is present

2019-04-30 13:57:29 - [MESSAGE][PASSED] - Object 'Object Repository/Pre-Salary/Employee Details/rightSideTable' is present

2019-04-30 13:57:29 - [TEST_STEP][PASSED] - verifyElementPresent(findTestObject("Pre-Salary/Employee Details/rightSideTable"), 2): Object 'Object Repository/Pre-Salary/Employee Details/rightSideTable' is present

2019-04-30 13:57:29 - [MESSAGE][PASSED] - Object 'Object Repository/Pre-Salary/Employee Details/rightSideTable' is present

2019-04-30 13:57:29 - [TEST_STEP][PASSED] - waitForElementPresent(findTestObject("Pre-Salary/Employee Details/rightSideTableDriversId"), 10): Object 'Object Repository/Pre-Salary/Employee Details/rightSideTableDriversId' is present

2019-04-30 13:57:29 - [MESSAGE][PASSED] - Object 'Object Repository/Pre-Salary/Employee Details/rightSideTableDriversId' is present

2019-04-30 13:57:29 - [TEST_STEP][PASSED] - verifyElementPresent(findTestObject("Pre-Salary/Employee Details/rightSideTableDriversId"), 2): Object 'Object Repository/Pre-Salary/Employee Details/rightSideTableDriversId' is present

2019-04-30 13:57:29 - [MESSAGE][PASSED] - Object 'Object Repository/Pre-Salary/Employee Details/rightSideTableDriversId' is present

2019-04-30 13:57:29 - [TEST_STEP][PASSED] - driversCodeFromRightSideTable = getText(findTestObject("Pre-Salary/Employee Details/rightSideTableDriversId")): Text of object 'Object Repository/Pre-Salary/Employee Details/rightSideTableDriversId' is: '856'

2019-04-30 13:57:29 - [MESSAGE][PASSED] - Text of object 'Object Repository/Pre-Salary/Employee Details/rightSideTableDriversId' is: '856'

2019-04-30 13:57:29 - [TEST_STEP][PASSED] - if (!(driversCodeFromRightSideTable.contains(driver_Id))): null

2019-04-30 13:57:29 - [TEST_STEP][PASSED] - closeBrowser(): Browser is closed

2019-04-30 13:57:30 - [MESSAGE][PASSED] - Browser is closed]]></system-out>
         <system-err><![CDATA[]]></system-err>
      </testcase>
      <testcase name="Test Cases/Pre-Salary/One Driver Calc" classname="Test Cases/Pre-Salary/One Driver Calc" status="PASSED">
         <system-out><![CDATA[2019-04-30 13:57:30 - [TEST_CASE][PASSED] - Test Cases/Pre-Salary/One Driver Calc: Test Cases/Pre-Salary/One Driver Calc

2019-04-30 13:57:30 - [TEST_STEP][PASSED] - login.c_login.logIn(site, userName, userPass): login.c_login.logIn is PASSED

2019-04-30 13:57:30 - [MESSAGE][INFO] - Starting 'Chrome' driver

2019-04-30 13:57:43 - [MESSAGE][PASSED] - Browser is opened with url: 'mayatour.ebstage.y-it.co.il'

2019-04-30 13:57:44 - [MESSAGE][PASSED] - Current window maximized

2019-04-30 13:57:45 - [MESSAGE][PASSED] - Text 'admin' is set on object 'Object Repository/Y-IT Log In/input_ _userName'

2019-04-30 13:57:45 - [MESSAGE][PASSED] - Text ****** has been set on object 'Object Repository/Y-IT Log In/input_ _password'

2019-04-30 13:57:45 - [MESSAGE][PASSED] - Object: 'Object Repository/Y-IT Log In/input_  _submit' is clicked on

2019-04-30 13:57:45 - [MESSAGE][PASSED] - login.c_login.logIn is PASSED

2019-04-30 13:57:45 - [TEST_STEP][PASSED] - date = new java.util.Date(): null

2019-04-30 13:57:45 - [TEST_STEP][PASSED] - cal = Calendar.getInstance(): null

2019-04-30 13:57:45 - [TEST_STEP][PASSED] - cal.setTime(date): null

2019-04-30 13:57:45 - [TEST_STEP][PASSED] - month = cal.get(MONTH) + 1: null

2019-04-30 13:57:45 - [TEST_STEP][PASSED] - year = cal.get(YEAR): null

2019-04-30 13:57:45 - [TEST_STEP][PASSED] - dayStr = "01": null

2019-04-30 13:57:45 - [TEST_STEP][PASSED] - monthStr = "": null

2019-04-30 13:57:45 - [TEST_STEP][PASSED] - yearStr = year.toString(): null

2019-04-30 13:57:45 - [TEST_STEP][PASSED] - if (month < 10): null

2019-04-30 13:57:45 - [TEST_STEP][PASSED] - monthStr = "0" + month.toString(): null

2019-04-30 13:57:45 - [TEST_STEP][PASSED] - fullDate = dayStr + monthStr + yearStr: null

2019-04-30 13:57:45 - [TEST_STEP][PASSED] - delay(1): Delayed 1 second(s)

2019-04-30 13:57:46 - [MESSAGE][PASSED] - Delayed 1 second(s)

2019-04-30 13:57:46 - [TEST_STEP][PASSED] - waitForElementPresent(findTestObject("General/mainEmptyBackground"), 15): Object 'Object Repository/General/mainEmptyBackground' is present

2019-04-30 13:57:48 - [MESSAGE][PASSED] - Object 'Object Repository/General/mainEmptyBackground' is present

2019-04-30 13:57:48 - [TEST_STEP][PASSED] - isPreSalaryTabOpen = waitForElementPresent(findTestObject("Pre-Salary/preSalaryTab"), 5): Object 'Object Repository/Pre-Salary/preSalaryTab' is not present after 5 second(s)

2019-04-30 13:57:54 - [MESSAGE][INFO] - Unable to find the element located by 'By.cssSelector: #preSalaryview'. Please recheck the objects properties to make sure the desired element is located. 

2019-04-30 13:57:54 - [MESSAGE][WARNING] - Object 'Object Repository/Pre-Salary/preSalaryTab' is not present after 5 second(s)

2019-04-30 13:57:54 - [TEST_STEP][PASSED] - if (!(isPreSalaryTabOpen)): Object: 'Object Repository/Nav Bar/Nav Bar Funds/preSalary' is clicked on

2019-04-30 13:57:54 - [TEST_STEP][PASSED] - waitForElementPresent(findTestObject("Nav Bar/funds"), 15): Object 'Object Repository/Nav Bar/funds' is present

2019-04-30 13:57:54 - [MESSAGE][PASSED] - Object 'Object Repository/Nav Bar/funds' is present

2019-04-30 13:57:54 - [TEST_STEP][PASSED] - click(findTestObject("Nav Bar/funds")): Object: 'Object Repository/Nav Bar/funds' is clicked on

2019-04-30 13:57:54 - [MESSAGE][PASSED] - Object: 'Object Repository/Nav Bar/funds' is clicked on

2019-04-30 13:57:54 - [TEST_STEP][PASSED] - delay(1): Delayed 1 second(s)

2019-04-30 13:57:55 - [MESSAGE][PASSED] - Delayed 1 second(s)

2019-04-30 13:57:55 - [TEST_STEP][PASSED] - try: Object: 'Object Repository/Nav Bar/Nav Bar Funds/preSalary' is clicked on

2019-04-30 13:57:55 - [TEST_STEP][PASSED] - waitForElementPresent(findTestObject("Nav Bar/Nav Bar Funds/preSalary"), 2): Object 'Object Repository/Nav Bar/Nav Bar Funds/preSalary' is present

2019-04-30 13:57:55 - [MESSAGE][PASSED] - Object 'Object Repository/Nav Bar/Nav Bar Funds/preSalary' is present

2019-04-30 13:57:55 - [TEST_STEP][PASSED] - click(findTestObject("Nav Bar/Nav Bar Funds/preSalary")): Object: 'Object Repository/Nav Bar/Nav Bar Funds/preSalary' is clicked on

2019-04-30 13:57:55 - [MESSAGE][PASSED] - Object: 'Object Repository/Nav Bar/Nav Bar Funds/preSalary' is clicked on

2019-04-30 13:57:55 - [TEST_STEP][PASSED] - waitForElementPresent(findTestObject("Pre-Salary/Filters/Date Picker Start/datePickerInputField"), 15): Object 'Object Repository/Pre-Salary/Filters/Date Picker Start/datePickerInputField' is present

2019-04-30 13:57:56 - [MESSAGE][PASSED] - Object 'Object Repository/Pre-Salary/Filters/Date Picker Start/datePickerInputField' is present

2019-04-30 13:57:56 - [TEST_STEP][PASSED] - click(findTestObject("Pre-Salary/Filters/Date Picker Start/datePickerInputField")): Object: 'Object Repository/Pre-Salary/Filters/Date Picker Start/datePickerInputField' is clicked on

2019-04-30 13:57:56 - [MESSAGE][PASSED] - Object: 'Object Repository/Pre-Salary/Filters/Date Picker Start/datePickerInputField' is clicked on

2019-04-30 13:57:56 - [TEST_STEP][PASSED] - delay(1): Delayed 1 second(s)

2019-04-30 13:57:57 - [MESSAGE][PASSED] - Delayed 1 second(s)

2019-04-30 13:57:57 - [TEST_STEP][PASSED] - setText(findTestObject("Pre-Salary/Filters/Date Picker Start/datePickerInputField"), ""): Text '' is set on object 'Object Repository/Pre-Salary/Filters/Date Picker Start/datePickerInputField'

2019-04-30 13:57:57 - [MESSAGE][PASSED] - Text '' is set on object 'Object Repository/Pre-Salary/Filters/Date Picker Start/datePickerInputField'

2019-04-30 13:57:57 - [TEST_STEP][PASSED] - delay(1): Delayed 1 second(s)

2019-04-30 13:57:58 - [MESSAGE][PASSED] - Delayed 1 second(s)

2019-04-30 13:57:58 - [TEST_STEP][PASSED] - setText(findTestObject("Pre-Salary/Filters/Date Picker Start/datePickerInputField"), fullDate): Text '01042019' is set on object 'Object Repository/Pre-Salary/Filters/Date Picker Start/datePickerInputField'

2019-04-30 13:57:58 - [MESSAGE][PASSED] - Text '01042019' is set on object 'Object Repository/Pre-Salary/Filters/Date Picker Start/datePickerInputField'

2019-04-30 13:57:58 - [TEST_STEP][PASSED] - waitForElementPresent(findTestObject("Pre-Salary/Filters/Date Picker Start/datePickerInputField"), 15): Object 'Object Repository/Pre-Salary/Filters/Date Picker Start/datePickerInputField' is present

2019-04-30 13:57:58 - [MESSAGE][PASSED] - Object 'Object Repository/Pre-Salary/Filters/Date Picker Start/datePickerInputField' is present

2019-04-30 13:57:58 - [TEST_STEP][PASSED] - waitForElementNotPresent(findTestObject("Pre-Salary/Filters/Drivers Dropdown/isLoadingDropdown"), 15): Web element with id: 'Object Repository/Pre-Salary/Filters/Drivers Dropdown/isLoadingDropdown' located by 'By.cssSelector: div[id="preSalaryview"] > div:nth-of-type(2) > div:nth-of-type(1) > div:nth-of-type(2) > div:nth-of-type(1) > div:nth-of-type(5) > div:nth-of-type(1) > div:nth-of-type(1) > span:nth-of-type(1) > span:nth-of-type(1) > span:nth-of-type(2) > span:nth-of-type(1)[class="k-icon k-i-arrow-60-down k-i-loading"]' is not present after '15' second(s)

2019-04-30 13:58:05 - [MESSAGE][PASSED] - Web element with id: 'Object Repository/Pre-Salary/Filters/Drivers Dropdown/isLoadingDropdown' located by 'By.cssSelector: div[id="preSalaryview"] > div:nth-of-type(2) > div:nth-of-type(1) > div:nth-of-type(2) > div:nth-of-type(1) > div:nth-of-type(5) > div:nth-of-type(1) > div:nth-of-type(1) > span:nth-of-type(1) > span:nth-of-type(1) > span:nth-of-type(2) > span:nth-of-type(1)[class="k-icon k-i-arrow-60-down k-i-loading"]' is not present after '15' second(s)

2019-04-30 13:58:05 - [TEST_STEP][PASSED] - delay(1): Delayed 1 second(s)

2019-04-30 13:58:06 - [MESSAGE][PASSED] - Delayed 1 second(s)

2019-04-30 13:58:06 - [TEST_STEP][PASSED] - try: Object: 'Object Repository/Pre-Salary/Filters/Drivers Dropdown/driversListDropdownOpen' is clicked on

2019-04-30 13:58:06 - [TEST_STEP][PASSED] - click(findTestObject("Pre-Salary/Filters/Drivers Dropdown/driversListDropdownOpen")): Object: 'Object Repository/Pre-Salary/Filters/Drivers Dropdown/driversListDropdownOpen' is clicked on

2019-04-30 13:58:06 - [MESSAGE][PASSED] - Object: 'Object Repository/Pre-Salary/Filters/Drivers Dropdown/driversListDropdownOpen' is clicked on

2019-04-30 13:58:06 - [TEST_STEP][PASSED] - delay(1): Delayed 1 second(s)

2019-04-30 13:58:07 - [MESSAGE][PASSED] - Delayed 1 second(s)

2019-04-30 13:58:07 - [TEST_STEP][PASSED] - try: Text '3391' is set on object 'Object Repository/Pre-Salary/Filters/Drivers Dropdown/driversListDropdownSearchBox'

2019-04-30 13:58:07 - [TEST_STEP][PASSED] - setText(findTestObject("Pre-Salary/Filters/Drivers Dropdown/driversListDropdownSearchBox"), driver_Id): Text '3391' is set on object 'Object Repository/Pre-Salary/Filters/Drivers Dropdown/driversListDropdownSearchBox'

2019-04-30 13:58:07 - [MESSAGE][PASSED] - Text '3391' is set on object 'Object Repository/Pre-Salary/Filters/Drivers Dropdown/driversListDropdownSearchBox'

2019-04-30 13:58:07 - [TEST_STEP][PASSED] - delay(1): Delayed 1 second(s)

2019-04-30 13:58:08 - [MESSAGE][PASSED] - Delayed 1 second(s)

2019-04-30 13:58:08 - [TEST_STEP][PASSED] - click(findTestObject("Pre-Salary/Filters/Drivers Dropdown/driversListDropdownSelectFirstDriver")): Object: 'Object Repository/Pre-Salary/Filters/Drivers Dropdown/driversListDropdownSelectFirstDriver' is clicked on

2019-04-30 13:58:08 - [MESSAGE][PASSED] - Object: 'Object Repository/Pre-Salary/Filters/Drivers Dropdown/driversListDropdownSelectFirstDriver' is clicked on

2019-04-30 13:58:08 - [TEST_STEP][PASSED] - delay(1): Delayed 1 second(s)

2019-04-30 13:58:09 - [MESSAGE][PASSED] - Delayed 1 second(s)

2019-04-30 13:58:09 - [TEST_STEP][PASSED] - click(findTestObject("Pre-Salary/Data Status/importButton")): Object: 'Object Repository/Pre-Salary/Data Status/importButton' is clicked on

2019-04-30 13:58:10 - [MESSAGE][PASSED] - Object: 'Object Repository/Pre-Salary/Data Status/importButton' is clicked on

2019-04-30 13:58:10 - [TEST_STEP][PASSED] - delay(1): Delayed 1 second(s)

2019-04-30 13:58:11 - [MESSAGE][PASSED] - Delayed 1 second(s)

2019-04-30 13:58:11 - [TEST_STEP][PASSED] - try: Object: 'Object Repository/Pre-Salary/Calculation Summary/firstDriverInCalculationSummeryTable' is double clicked on

2019-04-30 13:58:11 - [TEST_STEP][PASSED] - waitForElementPresent(findTestObject("Pre-Salary/Calculation Summary/firstDriverInCalculationSummeryTable"), 20): Object 'Object Repository/Pre-Salary/Calculation Summary/firstDriverInCalculationSummeryTable' is present

2019-04-30 13:58:27 - [MESSAGE][PASSED] - Object 'Object Repository/Pre-Salary/Calculation Summary/firstDriverInCalculationSummeryTable' is present

2019-04-30 13:58:27 - [TEST_STEP][PASSED] - doubleClick(findTestObject("Pre-Salary/Calculation Summary/firstDriverInCalculationSummeryTable")): Object: 'Object Repository/Pre-Salary/Calculation Summary/firstDriverInCalculationSummeryTable' is double clicked on

2019-04-30 13:58:27 - [MESSAGE][PASSED] - Object: 'Object Repository/Pre-Salary/Calculation Summary/firstDriverInCalculationSummeryTable' is double clicked on

2019-04-30 13:58:27 - [TEST_STEP][PASSED] - waitForElementPresent(findTestObject("Pre-Salary/Employee Details/driversReportTable"), 20): Object 'Object Repository/Pre-Salary/Employee Details/driversReportTable' is present

2019-04-30 13:58:29 - [MESSAGE][PASSED] - Object 'Object Repository/Pre-Salary/Employee Details/driversReportTable' is present

2019-04-30 13:58:29 - [TEST_STEP][PASSED] - waitForElementPresent(findTestObject("Pre-Salary/Employee Details/driversReportTable"), 20): Object 'Object Repository/Pre-Salary/Employee Details/driversReportTable' is present

2019-04-30 13:58:29 - [MESSAGE][PASSED] - Object 'Object Repository/Pre-Salary/Employee Details/driversReportTable' is present

2019-04-30 13:58:29 - [TEST_STEP][PASSED] - verifyElementPresent(findTestObject("Pre-Salary/Employee Details/driversReportTable"), 2): Object 'Object Repository/Pre-Salary/Employee Details/driversReportTable' is present

2019-04-30 13:58:29 - [MESSAGE][PASSED] - Object 'Object Repository/Pre-Salary/Employee Details/driversReportTable' is present

2019-04-30 13:58:29 - [TEST_STEP][PASSED] - verifyElementPresent(findTestObject("Pre-Salary/Employee Details/driversCodeId_InDriversReportTableHeader"), 2): Object 'Object Repository/Pre-Salary/Employee Details/driversCodeId_InDriversReportTableHeader' is present

2019-04-30 13:58:29 - [MESSAGE][PASSED] - Object 'Object Repository/Pre-Salary/Employee Details/driversCodeId_InDriversReportTableHeader' is present

2019-04-30 13:58:29 - [TEST_STEP][PASSED] - driverCodeFromReport = getText(findTestObject("Pre-Salary/Employee Details/driversCodeId_InDriversReportTableHeader")): Text of object 'Object Repository/Pre-Salary/Employee Details/driversCodeId_InDriversReportTableHeader' is: '3391, 023539414'

2019-04-30 13:58:29 - [MESSAGE][PASSED] - Text of object 'Object Repository/Pre-Salary/Employee Details/driversCodeId_InDriversReportTableHeader' is: '3391, 023539414'

2019-04-30 13:58:29 - [TEST_STEP][PASSED] - if (driverCodeFromReport != driver_Id && !(driverCodeFromReport.contains(driver_Id))): null

2019-04-30 13:58:29 - [TEST_STEP][PASSED] - waitForElementPresent(findTestObject("Pre-Salary/Employee Details/rightSideTable"), 10): Object 'Object Repository/Pre-Salary/Employee Details/rightSideTable' is present

2019-04-30 13:58:29 - [MESSAGE][PASSED] - Object 'Object Repository/Pre-Salary/Employee Details/rightSideTable' is present

2019-04-30 13:58:29 - [TEST_STEP][PASSED] - verifyElementPresent(findTestObject("Pre-Salary/Employee Details/rightSideTable"), 2): Object 'Object Repository/Pre-Salary/Employee Details/rightSideTable' is present

2019-04-30 13:58:29 - [MESSAGE][PASSED] - Object 'Object Repository/Pre-Salary/Employee Details/rightSideTable' is present

2019-04-30 13:58:29 - [TEST_STEP][PASSED] - waitForElementPresent(findTestObject("Pre-Salary/Employee Details/rightSideTableDriversId"), 10): Object 'Object Repository/Pre-Salary/Employee Details/rightSideTableDriversId' is present

2019-04-30 13:58:30 - [MESSAGE][PASSED] - Object 'Object Repository/Pre-Salary/Employee Details/rightSideTableDriversId' is present

2019-04-30 13:58:30 - [TEST_STEP][PASSED] - verifyElementPresent(findTestObject("Pre-Salary/Employee Details/rightSideTableDriversId"), 2): Object 'Object Repository/Pre-Salary/Employee Details/rightSideTableDriversId' is present

2019-04-30 13:58:30 - [MESSAGE][PASSED] - Object 'Object Repository/Pre-Salary/Employee Details/rightSideTableDriversId' is present

2019-04-30 13:58:30 - [TEST_STEP][PASSED] - driversCodeFromRightSideTable = getText(findTestObject("Pre-Salary/Employee Details/rightSideTableDriversId")): Text of object 'Object Repository/Pre-Salary/Employee Details/rightSideTableDriversId' is: '3391'

2019-04-30 13:58:30 - [MESSAGE][PASSED] - Text of object 'Object Repository/Pre-Salary/Employee Details/rightSideTableDriversId' is: '3391'

2019-04-30 13:58:30 - [TEST_STEP][PASSED] - if (!(driversCodeFromRightSideTable.contains(driver_Id))): null

2019-04-30 13:58:30 - [TEST_STEP][PASSED] - closeBrowser(): Browser is closed

2019-04-30 13:58:31 - [MESSAGE][PASSED] - Browser is closed]]></system-out>
         <system-err><![CDATA[]]></system-err>
      </testcase>
      <testcase name="Test Cases/Pre-Salary/One Driver Calc" classname="Test Cases/Pre-Salary/One Driver Calc" status="PASSED">
         <system-out><![CDATA[2019-04-30 13:58:31 - [TEST_CASE][PASSED] - Test Cases/Pre-Salary/One Driver Calc: Test Cases/Pre-Salary/One Driver Calc

2019-04-30 13:58:31 - [TEST_STEP][PASSED] - login.c_login.logIn(site, userName, userPass): login.c_login.logIn is PASSED

2019-04-30 13:58:31 - [MESSAGE][INFO] - Starting 'Chrome' driver

2019-04-30 13:58:51 - [MESSAGE][PASSED] - Browser is opened with url: 'eggedtaavura.ebstage.y-it.co.il'

2019-04-30 13:58:52 - [MESSAGE][PASSED] - Current window maximized

2019-04-30 13:58:52 - [MESSAGE][PASSED] - Text 'admin' is set on object 'Object Repository/Y-IT Log In/input_ _userName'

2019-04-30 13:58:53 - [MESSAGE][PASSED] - Text ****** has been set on object 'Object Repository/Y-IT Log In/input_ _password'

2019-04-30 13:58:53 - [MESSAGE][PASSED] - Object: 'Object Repository/Y-IT Log In/input_  _submit' is clicked on

2019-04-30 13:58:53 - [MESSAGE][PASSED] - login.c_login.logIn is PASSED

2019-04-30 13:58:53 - [TEST_STEP][PASSED] - date = new java.util.Date(): null

2019-04-30 13:58:53 - [TEST_STEP][PASSED] - cal = Calendar.getInstance(): null

2019-04-30 13:58:53 - [TEST_STEP][PASSED] - cal.setTime(date): null

2019-04-30 13:58:53 - [TEST_STEP][PASSED] - month = cal.get(MONTH) + 1: null

2019-04-30 13:58:53 - [TEST_STEP][PASSED] - year = cal.get(YEAR): null

2019-04-30 13:58:53 - [TEST_STEP][PASSED] - dayStr = "01": null

2019-04-30 13:58:53 - [TEST_STEP][PASSED] - monthStr = "": null

2019-04-30 13:58:53 - [TEST_STEP][PASSED] - yearStr = year.toString(): null

2019-04-30 13:58:53 - [TEST_STEP][PASSED] - if (month < 10): null

2019-04-30 13:58:53 - [TEST_STEP][PASSED] - monthStr = "0" + month.toString(): null

2019-04-30 13:58:53 - [TEST_STEP][PASSED] - fullDate = dayStr + monthStr + yearStr: null

2019-04-30 13:58:53 - [TEST_STEP][PASSED] - delay(1): Delayed 1 second(s)

2019-04-30 13:58:54 - [MESSAGE][PASSED] - Delayed 1 second(s)

2019-04-30 13:58:54 - [TEST_STEP][PASSED] - waitForElementPresent(findTestObject("General/mainEmptyBackground"), 15): Object 'Object Repository/General/mainEmptyBackground' is present

2019-04-30 13:58:55 - [MESSAGE][PASSED] - Object 'Object Repository/General/mainEmptyBackground' is present

2019-04-30 13:58:55 - [TEST_STEP][PASSED] - isPreSalaryTabOpen = waitForElementPresent(findTestObject("Pre-Salary/preSalaryTab"), 5): Object 'Object Repository/Pre-Salary/preSalaryTab' is present

2019-04-30 13:58:55 - [MESSAGE][PASSED] - Object 'Object Repository/Pre-Salary/preSalaryTab' is present

2019-04-30 13:58:55 - [TEST_STEP][PASSED] - if (!(isPreSalaryTabOpen)): null

2019-04-30 13:58:55 - [TEST_STEP][PASSED] - waitForElementPresent(findTestObject("Pre-Salary/Filters/Date Picker Start/datePickerInputField"), 15): Object 'Object Repository/Pre-Salary/Filters/Date Picker Start/datePickerInputField' is present

2019-04-30 13:58:57 - [MESSAGE][PASSED] - Object 'Object Repository/Pre-Salary/Filters/Date Picker Start/datePickerInputField' is present

2019-04-30 13:58:57 - [TEST_STEP][PASSED] - click(findTestObject("Pre-Salary/Filters/Date Picker Start/datePickerInputField")): Object: 'Object Repository/Pre-Salary/Filters/Date Picker Start/datePickerInputField' is clicked on

2019-04-30 13:58:57 - [MESSAGE][PASSED] - Object: 'Object Repository/Pre-Salary/Filters/Date Picker Start/datePickerInputField' is clicked on

2019-04-30 13:58:57 - [TEST_STEP][PASSED] - delay(1): Delayed 1 second(s)

2019-04-30 13:58:58 - [MESSAGE][PASSED] - Delayed 1 second(s)

2019-04-30 13:58:58 - [TEST_STEP][PASSED] - setText(findTestObject("Pre-Salary/Filters/Date Picker Start/datePickerInputField"), ""): Text '' is set on object 'Object Repository/Pre-Salary/Filters/Date Picker Start/datePickerInputField'

2019-04-30 13:58:58 - [MESSAGE][PASSED] - Text '' is set on object 'Object Repository/Pre-Salary/Filters/Date Picker Start/datePickerInputField'

2019-04-30 13:58:58 - [TEST_STEP][PASSED] - delay(1): Delayed 1 second(s)

2019-04-30 13:58:59 - [MESSAGE][PASSED] - Delayed 1 second(s)

2019-04-30 13:58:59 - [TEST_STEP][PASSED] - setText(findTestObject("Pre-Salary/Filters/Date Picker Start/datePickerInputField"), fullDate): Text '01042019' is set on object 'Object Repository/Pre-Salary/Filters/Date Picker Start/datePickerInputField'

2019-04-30 13:58:59 - [MESSAGE][PASSED] - Text '01042019' is set on object 'Object Repository/Pre-Salary/Filters/Date Picker Start/datePickerInputField'

2019-04-30 13:58:59 - [TEST_STEP][PASSED] - waitForElementPresent(findTestObject("Pre-Salary/Filters/Date Picker Start/datePickerInputField"), 15): Object 'Object Repository/Pre-Salary/Filters/Date Picker Start/datePickerInputField' is present

2019-04-30 13:58:59 - [MESSAGE][PASSED] - Object 'Object Repository/Pre-Salary/Filters/Date Picker Start/datePickerInputField' is present

2019-04-30 13:58:59 - [TEST_STEP][PASSED] - waitForElementNotPresent(findTestObject("Pre-Salary/Filters/Drivers Dropdown/isLoadingDropdown"), 15): Web element with id: 'Object Repository/Pre-Salary/Filters/Drivers Dropdown/isLoadingDropdown' located by 'By.cssSelector: div[id="preSalaryview"] > div:nth-of-type(2) > div:nth-of-type(1) > div:nth-of-type(2) > div:nth-of-type(1) > div:nth-of-type(5) > div:nth-of-type(1) > div:nth-of-type(1) > span:nth-of-type(1) > span:nth-of-type(1) > span:nth-of-type(2) > span:nth-of-type(1)[class="k-icon k-i-arrow-60-down k-i-loading"]' is not present after '15' second(s)

2019-04-30 13:59:03 - [MESSAGE][PASSED] - Web element with id: 'Object Repository/Pre-Salary/Filters/Drivers Dropdown/isLoadingDropdown' located by 'By.cssSelector: div[id="preSalaryview"] > div:nth-of-type(2) > div:nth-of-type(1) > div:nth-of-type(2) > div:nth-of-type(1) > div:nth-of-type(5) > div:nth-of-type(1) > div:nth-of-type(1) > span:nth-of-type(1) > span:nth-of-type(1) > span:nth-of-type(2) > span:nth-of-type(1)[class="k-icon k-i-arrow-60-down k-i-loading"]' is not present after '15' second(s)

2019-04-30 13:59:03 - [TEST_STEP][PASSED] - delay(1): Delayed 1 second(s)

2019-04-30 13:59:04 - [MESSAGE][PASSED] - Delayed 1 second(s)

2019-04-30 13:59:04 - [TEST_STEP][PASSED] - try: Object: 'Object Repository/Pre-Salary/Filters/Drivers Dropdown/driversListDropdownOpen' is clicked on

2019-04-30 13:59:04 - [TEST_STEP][PASSED] - click(findTestObject("Pre-Salary/Filters/Drivers Dropdown/driversListDropdownOpen")): Object: 'Object Repository/Pre-Salary/Filters/Drivers Dropdown/driversListDropdownOpen' is clicked on

2019-04-30 13:59:04 - [MESSAGE][PASSED] - Object: 'Object Repository/Pre-Salary/Filters/Drivers Dropdown/driversListDropdownOpen' is clicked on

2019-04-30 13:59:04 - [TEST_STEP][PASSED] - delay(1): Delayed 1 second(s)

2019-04-30 13:59:05 - [MESSAGE][PASSED] - Delayed 1 second(s)

2019-04-30 13:59:05 - [TEST_STEP][PASSED] - try: Text '438' is set on object 'Object Repository/Pre-Salary/Filters/Drivers Dropdown/driversListDropdownSearchBox'

2019-04-30 13:59:05 - [TEST_STEP][PASSED] - setText(findTestObject("Pre-Salary/Filters/Drivers Dropdown/driversListDropdownSearchBox"), driver_Id): Text '438' is set on object 'Object Repository/Pre-Salary/Filters/Drivers Dropdown/driversListDropdownSearchBox'

2019-04-30 13:59:05 - [MESSAGE][PASSED] - Text '438' is set on object 'Object Repository/Pre-Salary/Filters/Drivers Dropdown/driversListDropdownSearchBox'

2019-04-30 13:59:05 - [TEST_STEP][PASSED] - delay(1): Delayed 1 second(s)

2019-04-30 13:59:06 - [MESSAGE][PASSED] - Delayed 1 second(s)

2019-04-30 13:59:06 - [TEST_STEP][PASSED] - click(findTestObject("Pre-Salary/Filters/Drivers Dropdown/driversListDropdownSelectFirstDriver")): Object: 'Object Repository/Pre-Salary/Filters/Drivers Dropdown/driversListDropdownSelectFirstDriver' is clicked on

2019-04-30 13:59:06 - [MESSAGE][PASSED] - Object: 'Object Repository/Pre-Salary/Filters/Drivers Dropdown/driversListDropdownSelectFirstDriver' is clicked on

2019-04-30 13:59:06 - [TEST_STEP][PASSED] - delay(1): Delayed 1 second(s)

2019-04-30 13:59:07 - [MESSAGE][PASSED] - Delayed 1 second(s)

2019-04-30 13:59:07 - [TEST_STEP][PASSED] - click(findTestObject("Pre-Salary/Data Status/importButton")): Object: 'Object Repository/Pre-Salary/Data Status/importButton' is clicked on

2019-04-30 13:59:07 - [MESSAGE][PASSED] - Object: 'Object Repository/Pre-Salary/Data Status/importButton' is clicked on

2019-04-30 13:59:07 - [TEST_STEP][PASSED] - delay(1): Delayed 1 second(s)

2019-04-30 13:59:08 - [MESSAGE][PASSED] - Delayed 1 second(s)

2019-04-30 13:59:08 - [TEST_STEP][PASSED] - try: Object: 'Object Repository/Pre-Salary/Calculation Summary/firstDriverInCalculationSummeryTable' is double clicked on

2019-04-30 13:59:08 - [TEST_STEP][PASSED] - waitForElementPresent(findTestObject("Pre-Salary/Calculation Summary/firstDriverInCalculationSummeryTable"), 20): Object 'Object Repository/Pre-Salary/Calculation Summary/firstDriverInCalculationSummeryTable' is not present after 20 second(s)

2019-04-30 13:59:30 - [MESSAGE][INFO] - Unable to find the element located by 'By.cssSelector: div[id="preSalaryview"] > div:nth-of-type(2) > div:nth-of-type(2) > div:nth-of-type(3) > div:nth-of-type(1) > div:nth-of-type(2)  > div:nth-of-type(1)  > div:nth-of-type(2) > table > tbody > tr:nth-of-type(1)'. Please recheck the objects properties to make sure the desired element is located. 

2019-04-30 13:59:30 - [MESSAGE][WARNING] - Object 'Object Repository/Pre-Salary/Calculation Summary/firstDriverInCalculationSummeryTable' is not present after 20 second(s)

2019-04-30 13:59:30 - [TEST_STEP][PASSED] - doubleClick(findTestObject("Pre-Salary/Calculation Summary/firstDriverInCalculationSummeryTable")): Object: 'Object Repository/Pre-Salary/Calculation Summary/firstDriverInCalculationSummeryTable' is double clicked on

2019-04-30 13:59:33 - [MESSAGE][PASSED] - Object: 'Object Repository/Pre-Salary/Calculation Summary/firstDriverInCalculationSummeryTable' is double clicked on

2019-04-30 13:59:33 - [TEST_STEP][PASSED] - waitForElementPresent(findTestObject("Pre-Salary/Employee Details/driversReportTable"), 20): Object 'Object Repository/Pre-Salary/Employee Details/driversReportTable' is present

2019-04-30 13:59:35 - [MESSAGE][PASSED] - Object 'Object Repository/Pre-Salary/Employee Details/driversReportTable' is present

2019-04-30 13:59:35 - [TEST_STEP][PASSED] - waitForElementPresent(findTestObject("Pre-Salary/Employee Details/driversReportTable"), 20): Object 'Object Repository/Pre-Salary/Employee Details/driversReportTable' is present

2019-04-30 13:59:36 - [MESSAGE][PASSED] - Object 'Object Repository/Pre-Salary/Employee Details/driversReportTable' is present

2019-04-30 13:59:36 - [TEST_STEP][PASSED] - verifyElementPresent(findTestObject("Pre-Salary/Employee Details/driversReportTable"), 2): Object 'Object Repository/Pre-Salary/Employee Details/driversReportTable' is present

2019-04-30 13:59:36 - [MESSAGE][PASSED] - Object 'Object Repository/Pre-Salary/Employee Details/driversReportTable' is present

2019-04-30 13:59:36 - [TEST_STEP][PASSED] - verifyElementPresent(findTestObject("Pre-Salary/Employee Details/driversCodeId_InDriversReportTableHeader"), 2): Object 'Object Repository/Pre-Salary/Employee Details/driversCodeId_InDriversReportTableHeader' is present

2019-04-30 13:59:36 - [MESSAGE][PASSED] - Object 'Object Repository/Pre-Salary/Employee Details/driversCodeId_InDriversReportTableHeader' is present

2019-04-30 13:59:36 - [TEST_STEP][PASSED] - driverCodeFromReport = getText(findTestObject("Pre-Salary/Employee Details/driversCodeId_InDriversReportTableHeader")): Text of object 'Object Repository/Pre-Salary/Employee Details/driversCodeId_InDriversReportTableHeader' is: '438'

2019-04-30 13:59:36 - [MESSAGE][PASSED] - Text of object 'Object Repository/Pre-Salary/Employee Details/driversCodeId_InDriversReportTableHeader' is: '438'

2019-04-30 13:59:36 - [TEST_STEP][PASSED] - if (driverCodeFromReport != driver_Id && !(driverCodeFromReport.contains(driver_Id))): null

2019-04-30 13:59:36 - [TEST_STEP][PASSED] - waitForElementPresent(findTestObject("Pre-Salary/Employee Details/rightSideTable"), 10): Object 'Object Repository/Pre-Salary/Employee Details/rightSideTable' is present

2019-04-30 13:59:36 - [MESSAGE][PASSED] - Object 'Object Repository/Pre-Salary/Employee Details/rightSideTable' is present

2019-04-30 13:59:36 - [TEST_STEP][PASSED] - verifyElementPresent(findTestObject("Pre-Salary/Employee Details/rightSideTable"), 2): Object 'Object Repository/Pre-Salary/Employee Details/rightSideTable' is present

2019-04-30 13:59:36 - [MESSAGE][PASSED] - Object 'Object Repository/Pre-Salary/Employee Details/rightSideTable' is present

2019-04-30 13:59:36 - [TEST_STEP][PASSED] - waitForElementPresent(findTestObject("Pre-Salary/Employee Details/rightSideTableDriversId"), 10): Object 'Object Repository/Pre-Salary/Employee Details/rightSideTableDriversId' is present

2019-04-30 13:59:36 - [MESSAGE][PASSED] - Object 'Object Repository/Pre-Salary/Employee Details/rightSideTableDriversId' is present

2019-04-30 13:59:36 - [TEST_STEP][PASSED] - verifyElementPresent(findTestObject("Pre-Salary/Employee Details/rightSideTableDriversId"), 2): Object 'Object Repository/Pre-Salary/Employee Details/rightSideTableDriversId' is present

2019-04-30 13:59:36 - [MESSAGE][PASSED] - Object 'Object Repository/Pre-Salary/Employee Details/rightSideTableDriversId' is present

2019-04-30 13:59:36 - [TEST_STEP][PASSED] - driversCodeFromRightSideTable = getText(findTestObject("Pre-Salary/Employee Details/rightSideTableDriversId")): Text of object 'Object Repository/Pre-Salary/Employee Details/rightSideTableDriversId' is: '438'

2019-04-30 13:59:36 - [MESSAGE][PASSED] - Text of object 'Object Repository/Pre-Salary/Employee Details/rightSideTableDriversId' is: '438'

2019-04-30 13:59:36 - [TEST_STEP][PASSED] - if (!(driversCodeFromRightSideTable.contains(driver_Id))): null

2019-04-30 13:59:36 - [TEST_STEP][PASSED] - closeBrowser(): Browser is closed

2019-04-30 13:59:37 - [MESSAGE][PASSED] - Browser is closed]]></system-out>
         <system-err><![CDATA[]]></system-err>
      </testcase>
      <testcase name="Test Cases/Pre-Salary/One Driver Calc" classname="Test Cases/Pre-Salary/One Driver Calc" status="PASSED">
         <system-out><![CDATA[2019-04-30 13:59:37 - [TEST_CASE][PASSED] - Test Cases/Pre-Salary/One Driver Calc: Test Cases/Pre-Salary/One Driver Calc

2019-04-30 13:59:37 - [TEST_STEP][PASSED] - login.c_login.logIn(site, userName, userPass): login.c_login.logIn is PASSED

2019-04-30 13:59:37 - [MESSAGE][INFO] - Starting 'Chrome' driver

2019-04-30 14:00:03 - [MESSAGE][PASSED] - Browser is opened with url: 'danbr7.ebstage.y-it.co.il'

2019-04-30 14:00:04 - [MESSAGE][PASSED] - Current window maximized

2019-04-30 14:00:04 - [MESSAGE][PASSED] - Text 'shelly' is set on object 'Object Repository/Y-IT Log In/input_ _userName'

2019-04-30 14:00:05 - [MESSAGE][PASSED] - Text ****** has been set on object 'Object Repository/Y-IT Log In/input_ _password'

2019-04-30 14:00:05 - [MESSAGE][PASSED] - Object: 'Object Repository/Y-IT Log In/input_  _submit' is clicked on

2019-04-30 14:00:05 - [MESSAGE][PASSED] - login.c_login.logIn is PASSED

2019-04-30 14:00:05 - [TEST_STEP][PASSED] - date = new java.util.Date(): null

2019-04-30 14:00:05 - [TEST_STEP][PASSED] - cal = Calendar.getInstance(): null

2019-04-30 14:00:05 - [TEST_STEP][PASSED] - cal.setTime(date): null

2019-04-30 14:00:05 - [TEST_STEP][PASSED] - month = cal.get(MONTH) + 1: null

2019-04-30 14:00:05 - [TEST_STEP][PASSED] - year = cal.get(YEAR): null

2019-04-30 14:00:05 - [TEST_STEP][PASSED] - dayStr = "01": null

2019-04-30 14:00:05 - [TEST_STEP][PASSED] - monthStr = "": null

2019-04-30 14:00:05 - [TEST_STEP][PASSED] - yearStr = year.toString(): null

2019-04-30 14:00:05 - [TEST_STEP][PASSED] - if (month < 10): null

2019-04-30 14:00:05 - [TEST_STEP][PASSED] - monthStr = "0" + month.toString(): null

2019-04-30 14:00:05 - [TEST_STEP][PASSED] - fullDate = dayStr + monthStr + yearStr: null

2019-04-30 14:00:05 - [TEST_STEP][PASSED] - delay(1): Delayed 1 second(s)

2019-04-30 14:00:06 - [MESSAGE][PASSED] - Delayed 1 second(s)

2019-04-30 14:00:06 - [TEST_STEP][PASSED] - waitForElementPresent(findTestObject("General/mainEmptyBackground"), 15): Object 'Object Repository/General/mainEmptyBackground' is present

2019-04-30 14:00:10 - [MESSAGE][PASSED] - Object 'Object Repository/General/mainEmptyBackground' is present

2019-04-30 14:00:10 - [TEST_STEP][PASSED] - isPreSalaryTabOpen = waitForElementPresent(findTestObject("Pre-Salary/preSalaryTab"), 5): Object 'Object Repository/Pre-Salary/preSalaryTab' is present

2019-04-30 14:00:11 - [MESSAGE][PASSED] - Object 'Object Repository/Pre-Salary/preSalaryTab' is present

2019-04-30 14:00:11 - [TEST_STEP][PASSED] - if (!(isPreSalaryTabOpen)): null

2019-04-30 14:00:11 - [TEST_STEP][PASSED] - waitForElementPresent(findTestObject("Pre-Salary/Filters/Date Picker Start/datePickerInputField"), 15): Object 'Object Repository/Pre-Salary/Filters/Date Picker Start/datePickerInputField' is present

2019-04-30 14:00:13 - [MESSAGE][PASSED] - Object 'Object Repository/Pre-Salary/Filters/Date Picker Start/datePickerInputField' is present

2019-04-30 14:00:13 - [TEST_STEP][PASSED] - click(findTestObject("Pre-Salary/Filters/Date Picker Start/datePickerInputField")): Object: 'Object Repository/Pre-Salary/Filters/Date Picker Start/datePickerInputField' is clicked on

2019-04-30 14:00:13 - [MESSAGE][PASSED] - Object: 'Object Repository/Pre-Salary/Filters/Date Picker Start/datePickerInputField' is clicked on

2019-04-30 14:00:13 - [TEST_STEP][PASSED] - delay(1): Delayed 1 second(s)

2019-04-30 14:00:14 - [MESSAGE][PASSED] - Delayed 1 second(s)

2019-04-30 14:00:14 - [TEST_STEP][PASSED] - setText(findTestObject("Pre-Salary/Filters/Date Picker Start/datePickerInputField"), ""): Text '' is set on object 'Object Repository/Pre-Salary/Filters/Date Picker Start/datePickerInputField'

2019-04-30 14:00:15 - [MESSAGE][PASSED] - Text '' is set on object 'Object Repository/Pre-Salary/Filters/Date Picker Start/datePickerInputField'

2019-04-30 14:00:15 - [TEST_STEP][PASSED] - delay(1): Delayed 1 second(s)

2019-04-30 14:00:16 - [MESSAGE][PASSED] - Delayed 1 second(s)

2019-04-30 14:00:16 - [TEST_STEP][PASSED] - setText(findTestObject("Pre-Salary/Filters/Date Picker Start/datePickerInputField"), fullDate): Text '01042019' is set on object 'Object Repository/Pre-Salary/Filters/Date Picker Start/datePickerInputField'

2019-04-30 14:00:16 - [MESSAGE][PASSED] - Text '01042019' is set on object 'Object Repository/Pre-Salary/Filters/Date Picker Start/datePickerInputField'

2019-04-30 14:00:16 - [TEST_STEP][PASSED] - waitForElementPresent(findTestObject("Pre-Salary/Filters/Date Picker Start/datePickerInputField"), 15): Object 'Object Repository/Pre-Salary/Filters/Date Picker Start/datePickerInputField' is present

2019-04-30 14:00:16 - [MESSAGE][PASSED] - Object 'Object Repository/Pre-Salary/Filters/Date Picker Start/datePickerInputField' is present

2019-04-30 14:00:16 - [TEST_STEP][PASSED] - waitForElementNotPresent(findTestObject("Pre-Salary/Filters/Drivers Dropdown/isLoadingDropdown"), 15): Web element with id: 'Object Repository/Pre-Salary/Filters/Drivers Dropdown/isLoadingDropdown' located by 'By.cssSelector: div[id="preSalaryview"] > div:nth-of-type(2) > div:nth-of-type(1) > div:nth-of-type(2) > div:nth-of-type(1) > div:nth-of-type(5) > div:nth-of-type(1) > div:nth-of-type(1) > span:nth-of-type(1) > span:nth-of-type(1) > span:nth-of-type(2) > span:nth-of-type(1)[class="k-icon k-i-arrow-60-down k-i-loading"]' is not present after '15' second(s)

2019-04-30 14:00:18 - [MESSAGE][PASSED] - Web element with id: 'Object Repository/Pre-Salary/Filters/Drivers Dropdown/isLoadingDropdown' located by 'By.cssSelector: div[id="preSalaryview"] > div:nth-of-type(2) > div:nth-of-type(1) > div:nth-of-type(2) > div:nth-of-type(1) > div:nth-of-type(5) > div:nth-of-type(1) > div:nth-of-type(1) > span:nth-of-type(1) > span:nth-of-type(1) > span:nth-of-type(2) > span:nth-of-type(1)[class="k-icon k-i-arrow-60-down k-i-loading"]' is not present after '15' second(s)

2019-04-30 14:00:18 - [TEST_STEP][PASSED] - delay(1): Delayed 1 second(s)

2019-04-30 14:00:19 - [MESSAGE][PASSED] - Delayed 1 second(s)

2019-04-30 14:00:19 - [TEST_STEP][PASSED] - try: Object: 'Object Repository/Pre-Salary/Filters/Drivers Dropdown/driversListDropdownOpen' is clicked on

2019-04-30 14:00:19 - [TEST_STEP][PASSED] - click(findTestObject("Pre-Salary/Filters/Drivers Dropdown/driversListDropdownOpen")): Object: 'Object Repository/Pre-Salary/Filters/Drivers Dropdown/driversListDropdownOpen' is clicked on

2019-04-30 14:00:19 - [MESSAGE][PASSED] - Object: 'Object Repository/Pre-Salary/Filters/Drivers Dropdown/driversListDropdownOpen' is clicked on

2019-04-30 14:00:19 - [TEST_STEP][PASSED] - delay(1): Delayed 1 second(s)

2019-04-30 14:00:20 - [MESSAGE][PASSED] - Delayed 1 second(s)

2019-04-30 14:00:20 - [TEST_STEP][PASSED] - try: Text '4006' is set on object 'Object Repository/Pre-Salary/Filters/Drivers Dropdown/driversListDropdownSearchBox'

2019-04-30 14:00:20 - [TEST_STEP][PASSED] - setText(findTestObject("Pre-Salary/Filters/Drivers Dropdown/driversListDropdownSearchBox"), driver_Id): Text '4006' is set on object 'Object Repository/Pre-Salary/Filters/Drivers Dropdown/driversListDropdownSearchBox'

2019-04-30 14:00:20 - [MESSAGE][PASSED] - Text '4006' is set on object 'Object Repository/Pre-Salary/Filters/Drivers Dropdown/driversListDropdownSearchBox'

2019-04-30 14:00:20 - [TEST_STEP][PASSED] - delay(1): Delayed 1 second(s)

2019-04-30 14:00:21 - [MESSAGE][PASSED] - Delayed 1 second(s)

2019-04-30 14:00:21 - [TEST_STEP][PASSED] - click(findTestObject("Pre-Salary/Filters/Drivers Dropdown/driversListDropdownSelectFirstDriver")): Object: 'Object Repository/Pre-Salary/Filters/Drivers Dropdown/driversListDropdownSelectFirstDriver' is clicked on

2019-04-30 14:00:21 - [MESSAGE][PASSED] - Object: 'Object Repository/Pre-Salary/Filters/Drivers Dropdown/driversListDropdownSelectFirstDriver' is clicked on

2019-04-30 14:00:21 - [TEST_STEP][PASSED] - delay(1): Delayed 1 second(s)

2019-04-30 14:00:22 - [MESSAGE][PASSED] - Delayed 1 second(s)

2019-04-30 14:00:22 - [TEST_STEP][PASSED] - click(findTestObject("Pre-Salary/Data Status/importButton")): Object: 'Object Repository/Pre-Salary/Data Status/importButton' is clicked on

2019-04-30 14:00:23 - [MESSAGE][PASSED] - Object: 'Object Repository/Pre-Salary/Data Status/importButton' is clicked on

2019-04-30 14:00:23 - [TEST_STEP][PASSED] - delay(1): Delayed 1 second(s)

2019-04-30 14:00:24 - [MESSAGE][PASSED] - Delayed 1 second(s)

2019-04-30 14:00:24 - [TEST_STEP][PASSED] - try: Object: 'Object Repository/Pre-Salary/Calculation Summary/firstDriverInCalculationSummeryTable' is double clicked on

2019-04-30 14:00:24 - [TEST_STEP][PASSED] - waitForElementPresent(findTestObject("Pre-Salary/Calculation Summary/firstDriverInCalculationSummeryTable"), 20): Object 'Object Repository/Pre-Salary/Calculation Summary/firstDriverInCalculationSummeryTable' is not present after 20 second(s)

2019-04-30 14:00:44 - [MESSAGE][INFO] - Unable to find the element located by 'By.cssSelector: div[id="preSalaryview"] > div:nth-of-type(2) > div:nth-of-type(2) > div:nth-of-type(3) > div:nth-of-type(1) > div:nth-of-type(2)  > div:nth-of-type(1)  > div:nth-of-type(2) > table > tbody > tr:nth-of-type(1)'. Please recheck the objects properties to make sure the desired element is located. 

2019-04-30 14:00:44 - [MESSAGE][WARNING] - Object 'Object Repository/Pre-Salary/Calculation Summary/firstDriverInCalculationSummeryTable' is not present after 20 second(s)

2019-04-30 14:00:44 - [TEST_STEP][PASSED] - doubleClick(findTestObject("Pre-Salary/Calculation Summary/firstDriverInCalculationSummeryTable")): Object: 'Object Repository/Pre-Salary/Calculation Summary/firstDriverInCalculationSummeryTable' is double clicked on

2019-04-30 14:00:44 - [MESSAGE][PASSED] - Object: 'Object Repository/Pre-Salary/Calculation Summary/firstDriverInCalculationSummeryTable' is double clicked on

2019-04-30 14:00:44 - [TEST_STEP][PASSED] - waitForElementPresent(findTestObject("Pre-Salary/Employee Details/driversReportTable"), 20): Object 'Object Repository/Pre-Salary/Employee Details/driversReportTable' is present

2019-04-30 14:00:46 - [MESSAGE][PASSED] - Object 'Object Repository/Pre-Salary/Employee Details/driversReportTable' is present

2019-04-30 14:00:46 - [TEST_STEP][PASSED] - waitForElementPresent(findTestObject("Pre-Salary/Employee Details/driversReportTable"), 20): Object 'Object Repository/Pre-Salary/Employee Details/driversReportTable' is present

2019-04-30 14:00:46 - [MESSAGE][PASSED] - Object 'Object Repository/Pre-Salary/Employee Details/driversReportTable' is present

2019-04-30 14:00:46 - [TEST_STEP][PASSED] - verifyElementPresent(findTestObject("Pre-Salary/Employee Details/driversReportTable"), 2): Object 'Object Repository/Pre-Salary/Employee Details/driversReportTable' is present

2019-04-30 14:00:46 - [MESSAGE][PASSED] - Object 'Object Repository/Pre-Salary/Employee Details/driversReportTable' is present

2019-04-30 14:00:46 - [TEST_STEP][PASSED] - verifyElementPresent(findTestObject("Pre-Salary/Employee Details/driversCodeId_InDriversReportTableHeader"), 2): Object 'Object Repository/Pre-Salary/Employee Details/driversCodeId_InDriversReportTableHeader' is present

2019-04-30 14:00:46 - [MESSAGE][PASSED] - Object 'Object Repository/Pre-Salary/Employee Details/driversCodeId_InDriversReportTableHeader' is present

2019-04-30 14:00:46 - [TEST_STEP][PASSED] - driverCodeFromReport = getText(findTestObject("Pre-Salary/Employee Details/driversCodeId_InDriversReportTableHeader")): Text of object 'Object Repository/Pre-Salary/Employee Details/driversCodeId_InDriversReportTableHeader' is: '4006'

2019-04-30 14:00:46 - [MESSAGE][PASSED] - Text of object 'Object Repository/Pre-Salary/Employee Details/driversCodeId_InDriversReportTableHeader' is: '4006'

2019-04-30 14:00:46 - [TEST_STEP][PASSED] - if (driverCodeFromReport != driver_Id && !(driverCodeFromReport.contains(driver_Id))): null

2019-04-30 14:00:46 - [TEST_STEP][PASSED] - waitForElementPresent(findTestObject("Pre-Salary/Employee Details/rightSideTable"), 10): Object 'Object Repository/Pre-Salary/Employee Details/rightSideTable' is present

2019-04-30 14:00:46 - [MESSAGE][PASSED] - Object 'Object Repository/Pre-Salary/Employee Details/rightSideTable' is present

2019-04-30 14:00:46 - [TEST_STEP][PASSED] - verifyElementPresent(findTestObject("Pre-Salary/Employee Details/rightSideTable"), 2): Object 'Object Repository/Pre-Salary/Employee Details/rightSideTable' is present

2019-04-30 14:00:46 - [MESSAGE][PASSED] - Object 'Object Repository/Pre-Salary/Employee Details/rightSideTable' is present

2019-04-30 14:00:46 - [TEST_STEP][PASSED] - waitForElementPresent(findTestObject("Pre-Salary/Employee Details/rightSideTableDriversId"), 10): Object 'Object Repository/Pre-Salary/Employee Details/rightSideTableDriversId' is present

2019-04-30 14:00:46 - [MESSAGE][PASSED] - Object 'Object Repository/Pre-Salary/Employee Details/rightSideTableDriversId' is present

2019-04-30 14:00:46 - [TEST_STEP][PASSED] - verifyElementPresent(findTestObject("Pre-Salary/Employee Details/rightSideTableDriversId"), 2): Object 'Object Repository/Pre-Salary/Employee Details/rightSideTableDriversId' is present

2019-04-30 14:00:46 - [MESSAGE][PASSED] - Object 'Object Repository/Pre-Salary/Employee Details/rightSideTableDriversId' is present

2019-04-30 14:00:46 - [TEST_STEP][PASSED] - driversCodeFromRightSideTable = getText(findTestObject("Pre-Salary/Employee Details/rightSideTableDriversId")): Text of object 'Object Repository/Pre-Salary/Employee Details/rightSideTableDriversId' is: '4006'

2019-04-30 14:00:47 - [MESSAGE][PASSED] - Text of object 'Object Repository/Pre-Salary/Employee Details/rightSideTableDriversId' is: '4006'

2019-04-30 14:00:47 - [TEST_STEP][PASSED] - if (!(driversCodeFromRightSideTable.contains(driver_Id))): null

2019-04-30 14:00:47 - [TEST_STEP][PASSED] - closeBrowser(): Browser is closed

2019-04-30 14:00:47 - [MESSAGE][PASSED] - Browser is closed]]></system-out>
         <system-err><![CDATA[]]></system-err>
      </testcase>
      <testcase name="Test Cases/Pre-Salary/One Driver Calc" classname="Test Cases/Pre-Salary/One Driver Calc" status="PASSED">
         <system-out><![CDATA[2019-04-30 14:00:47 - [TEST_CASE][PASSED] - Test Cases/Pre-Salary/One Driver Calc: Test Cases/Pre-Salary/One Driver Calc

2019-04-30 14:00:47 - [TEST_STEP][PASSED] - login.c_login.logIn(site, userName, userPass): login.c_login.logIn is PASSED

2019-04-30 14:00:47 - [MESSAGE][INFO] - Starting 'Chrome' driver

2019-04-30 14:01:09 - [MESSAGE][PASSED] - Browser is opened with url: 'superbus.ebstage.y-it.co.il'

2019-04-30 14:01:10 - [MESSAGE][PASSED] - Current window maximized

2019-04-30 14:01:10 - [MESSAGE][PASSED] - Text 'admin' is set on object 'Object Repository/Y-IT Log In/input_ _userName'

2019-04-30 14:01:10 - [MESSAGE][PASSED] - Text ****** has been set on object 'Object Repository/Y-IT Log In/input_ _password'

2019-04-30 14:01:11 - [MESSAGE][PASSED] - Object: 'Object Repository/Y-IT Log In/input_  _submit' is clicked on

2019-04-30 14:01:11 - [MESSAGE][PASSED] - login.c_login.logIn is PASSED

2019-04-30 14:01:11 - [TEST_STEP][PASSED] - date = new java.util.Date(): null

2019-04-30 14:01:11 - [TEST_STEP][PASSED] - cal = Calendar.getInstance(): null

2019-04-30 14:01:11 - [TEST_STEP][PASSED] - cal.setTime(date): null

2019-04-30 14:01:11 - [TEST_STEP][PASSED] - month = cal.get(MONTH) + 1: null

2019-04-30 14:01:11 - [TEST_STEP][PASSED] - year = cal.get(YEAR): null

2019-04-30 14:01:11 - [TEST_STEP][PASSED] - dayStr = "01": null

2019-04-30 14:01:11 - [TEST_STEP][PASSED] - monthStr = "": null

2019-04-30 14:01:11 - [TEST_STEP][PASSED] - yearStr = year.toString(): null

2019-04-30 14:01:11 - [TEST_STEP][PASSED] - if (month < 10): null

2019-04-30 14:01:11 - [TEST_STEP][PASSED] - monthStr = "0" + month.toString(): null

2019-04-30 14:01:11 - [TEST_STEP][PASSED] - fullDate = dayStr + monthStr + yearStr: null

2019-04-30 14:01:11 - [TEST_STEP][PASSED] - delay(1): Delayed 1 second(s)

2019-04-30 14:01:12 - [MESSAGE][PASSED] - Delayed 1 second(s)

2019-04-30 14:01:12 - [TEST_STEP][PASSED] - waitForElementPresent(findTestObject("General/mainEmptyBackground"), 15): Object 'Object Repository/General/mainEmptyBackground' is present

2019-04-30 14:01:14 - [MESSAGE][PASSED] - Object 'Object Repository/General/mainEmptyBackground' is present

2019-04-30 14:01:14 - [TEST_STEP][PASSED] - isPreSalaryTabOpen = waitForElementPresent(findTestObject("Pre-Salary/preSalaryTab"), 5): Object 'Object Repository/Pre-Salary/preSalaryTab' is present

2019-04-30 14:01:14 - [MESSAGE][PASSED] - Object 'Object Repository/Pre-Salary/preSalaryTab' is present

2019-04-30 14:01:14 - [TEST_STEP][PASSED] - if (!(isPreSalaryTabOpen)): null

2019-04-30 14:01:14 - [TEST_STEP][PASSED] - waitForElementPresent(findTestObject("Pre-Salary/Filters/Date Picker Start/datePickerInputField"), 15): Object 'Object Repository/Pre-Salary/Filters/Date Picker Start/datePickerInputField' is present

2019-04-30 14:01:15 - [MESSAGE][PASSED] - Object 'Object Repository/Pre-Salary/Filters/Date Picker Start/datePickerInputField' is present

2019-04-30 14:01:15 - [TEST_STEP][PASSED] - click(findTestObject("Pre-Salary/Filters/Date Picker Start/datePickerInputField")): Object: 'Object Repository/Pre-Salary/Filters/Date Picker Start/datePickerInputField' is clicked on

2019-04-30 14:01:15 - [MESSAGE][PASSED] - Object: 'Object Repository/Pre-Salary/Filters/Date Picker Start/datePickerInputField' is clicked on

2019-04-30 14:01:15 - [TEST_STEP][PASSED] - delay(1): Delayed 1 second(s)

2019-04-30 14:01:16 - [MESSAGE][PASSED] - Delayed 1 second(s)

2019-04-30 14:01:16 - [TEST_STEP][PASSED] - setText(findTestObject("Pre-Salary/Filters/Date Picker Start/datePickerInputField"), ""): Text '' is set on object 'Object Repository/Pre-Salary/Filters/Date Picker Start/datePickerInputField'

2019-04-30 14:01:17 - [MESSAGE][PASSED] - Text '' is set on object 'Object Repository/Pre-Salary/Filters/Date Picker Start/datePickerInputField'

2019-04-30 14:01:17 - [TEST_STEP][PASSED] - delay(1): Delayed 1 second(s)

2019-04-30 14:01:18 - [MESSAGE][PASSED] - Delayed 1 second(s)

2019-04-30 14:01:18 - [TEST_STEP][PASSED] - setText(findTestObject("Pre-Salary/Filters/Date Picker Start/datePickerInputField"), fullDate): Text '01042019' is set on object 'Object Repository/Pre-Salary/Filters/Date Picker Start/datePickerInputField'

2019-04-30 14:01:18 - [MESSAGE][PASSED] - Text '01042019' is set on object 'Object Repository/Pre-Salary/Filters/Date Picker Start/datePickerInputField'

2019-04-30 14:01:18 - [TEST_STEP][PASSED] - waitForElementPresent(findTestObject("Pre-Salary/Filters/Date Picker Start/datePickerInputField"), 15): Object 'Object Repository/Pre-Salary/Filters/Date Picker Start/datePickerInputField' is present

2019-04-30 14:01:18 - [MESSAGE][PASSED] - Object 'Object Repository/Pre-Salary/Filters/Date Picker Start/datePickerInputField' is present

2019-04-30 14:01:18 - [TEST_STEP][PASSED] - waitForElementNotPresent(findTestObject("Pre-Salary/Filters/Drivers Dropdown/isLoadingDropdown"), 15): Web element with id: 'Object Repository/Pre-Salary/Filters/Drivers Dropdown/isLoadingDropdown' located by 'By.cssSelector: div[id="preSalaryview"] > div:nth-of-type(2) > div:nth-of-type(1) > div:nth-of-type(2) > div:nth-of-type(1) > div:nth-of-type(5) > div:nth-of-type(1) > div:nth-of-type(1) > span:nth-of-type(1) > span:nth-of-type(1) > span:nth-of-type(2) > span:nth-of-type(1)[class="k-icon k-i-arrow-60-down k-i-loading"]' is not present after '15' second(s)

2019-04-30 14:01:21 - [MESSAGE][PASSED] - Web element with id: 'Object Repository/Pre-Salary/Filters/Drivers Dropdown/isLoadingDropdown' located by 'By.cssSelector: div[id="preSalaryview"] > div:nth-of-type(2) > div:nth-of-type(1) > div:nth-of-type(2) > div:nth-of-type(1) > div:nth-of-type(5) > div:nth-of-type(1) > div:nth-of-type(1) > span:nth-of-type(1) > span:nth-of-type(1) > span:nth-of-type(2) > span:nth-of-type(1)[class="k-icon k-i-arrow-60-down k-i-loading"]' is not present after '15' second(s)

2019-04-30 14:01:21 - [TEST_STEP][PASSED] - delay(1): Delayed 1 second(s)

2019-04-30 14:01:22 - [MESSAGE][PASSED] - Delayed 1 second(s)

2019-04-30 14:01:22 - [TEST_STEP][PASSED] - try: Object: 'Object Repository/Pre-Salary/Filters/Drivers Dropdown/driversListDropdownOpen' is clicked on

2019-04-30 14:01:22 - [TEST_STEP][PASSED] - click(findTestObject("Pre-Salary/Filters/Drivers Dropdown/driversListDropdownOpen")): Object: 'Object Repository/Pre-Salary/Filters/Drivers Dropdown/driversListDropdownOpen' is clicked on

2019-04-30 14:01:22 - [MESSAGE][PASSED] - Object: 'Object Repository/Pre-Salary/Filters/Drivers Dropdown/driversListDropdownOpen' is clicked on

2019-04-30 14:01:22 - [TEST_STEP][PASSED] - delay(1): Delayed 1 second(s)

2019-04-30 14:01:23 - [MESSAGE][PASSED] - Delayed 1 second(s)

2019-04-30 14:01:23 - [TEST_STEP][PASSED] - try: Text '464' is set on object 'Object Repository/Pre-Salary/Filters/Drivers Dropdown/driversListDropdownSearchBox'

2019-04-30 14:01:23 - [TEST_STEP][PASSED] - setText(findTestObject("Pre-Salary/Filters/Drivers Dropdown/driversListDropdownSearchBox"), driver_Id): Text '464' is set on object 'Object Repository/Pre-Salary/Filters/Drivers Dropdown/driversListDropdownSearchBox'

2019-04-30 14:01:23 - [MESSAGE][PASSED] - Text '464' is set on object 'Object Repository/Pre-Salary/Filters/Drivers Dropdown/driversListDropdownSearchBox'

2019-04-30 14:01:23 - [TEST_STEP][PASSED] - delay(1): Delayed 1 second(s)

2019-04-30 14:01:24 - [MESSAGE][PASSED] - Delayed 1 second(s)

2019-04-30 14:01:24 - [TEST_STEP][PASSED] - click(findTestObject("Pre-Salary/Filters/Drivers Dropdown/driversListDropdownSelectFirstDriver")): Object: 'Object Repository/Pre-Salary/Filters/Drivers Dropdown/driversListDropdownSelectFirstDriver' is clicked on

2019-04-30 14:01:24 - [MESSAGE][PASSED] - Object: 'Object Repository/Pre-Salary/Filters/Drivers Dropdown/driversListDropdownSelectFirstDriver' is clicked on

2019-04-30 14:01:24 - [TEST_STEP][PASSED] - delay(1): Delayed 1 second(s)

2019-04-30 14:01:25 - [MESSAGE][PASSED] - Delayed 1 second(s)

2019-04-30 14:01:25 - [TEST_STEP][PASSED] - click(findTestObject("Pre-Salary/Data Status/importButton")): Object: 'Object Repository/Pre-Salary/Data Status/importButton' is clicked on

2019-04-30 14:01:25 - [MESSAGE][PASSED] - Object: 'Object Repository/Pre-Salary/Data Status/importButton' is clicked on

2019-04-30 14:01:25 - [TEST_STEP][PASSED] - delay(1): Delayed 1 second(s)

2019-04-30 14:01:26 - [MESSAGE][PASSED] - Delayed 1 second(s)

2019-04-30 14:01:26 - [TEST_STEP][FAILED] - try: Unable to double click on object 'Object Repository/Pre-Salary/Calculation Summary/firstDriverInCalculationSummeryTable'

2019-04-30 14:01:26 - [TEST_STEP][PASSED] - waitForElementPresent(findTestObject("Pre-Salary/Calculation Summary/firstDriverInCalculationSummeryTable"), 20): Object 'Object Repository/Pre-Salary/Calculation Summary/firstDriverInCalculationSummeryTable' is not present after 20 second(s)

2019-04-30 14:01:47 - [MESSAGE][INFO] - Unable to find the element located by 'By.cssSelector: div[id="preSalaryview"] > div:nth-of-type(2) > div:nth-of-type(2) > div:nth-of-type(3) > div:nth-of-type(1) > div:nth-of-type(2)  > div:nth-of-type(1)  > div:nth-of-type(2) > table > tbody > tr:nth-of-type(1)'. Please recheck the objects properties to make sure the desired element is located. 

2019-04-30 14:01:47 - [MESSAGE][WARNING] - Object 'Object Repository/Pre-Salary/Calculation Summary/firstDriverInCalculationSummeryTable' is not present after 20 second(s)

2019-04-30 14:01:47 - [TEST_STEP][FAILED] - doubleClick(findTestObject("Pre-Salary/Calculation Summary/firstDriverInCalculationSummeryTable")): Unable to double click on object 'Object Repository/Pre-Salary/Calculation Summary/firstDriverInCalculationSummeryTable'

2019-04-30 14:02:03 - [MESSAGE][INFO] - Unable to find the element located by 'By.cssSelector: div[id="preSalaryview"] > div:nth-of-type(2) > div:nth-of-type(2) > div:nth-of-type(3) > div:nth-of-type(1) > div:nth-of-type(2)  > div:nth-of-type(1)  > div:nth-of-type(2) > table > tbody > tr:nth-of-type(1)'. Please recheck the objects properties to make sure the desired element is located. 

2019-04-30 14:02:03 - [MESSAGE][FAILED] - Unable to double click on object 'Object Repository/Pre-Salary/Calculation Summary/firstDriverInCalculationSummeryTable'
[[ATTACHMENT|C:\\Users\\leon.b\\git\\Y-IT_TransIT\\Reports\\Stage\\Pre Salary\\20190430_135512\\1556622123349.png]]

2019-04-30 14:02:03 - [TEST_STEP][PASSED] - catch (Exception err): Object: 'Object Repository/Pre-Salary/Calculation Summary/firstDriverInCalculationSummeryTable' is double clicked on

2019-04-30 14:02:03 - [TEST_STEP][PASSED] - waitForElementPresent(findTestObject("Pre-Salary/Calculation Summary/firstDriverInCalculationSummeryTable"), 20): Object 'Object Repository/Pre-Salary/Calculation Summary/firstDriverInCalculationSummeryTable' is present

2019-04-30 14:02:07 - [MESSAGE][PASSED] - Object 'Object Repository/Pre-Salary/Calculation Summary/firstDriverInCalculationSummeryTable' is present

2019-04-30 14:02:07 - [TEST_STEP][PASSED] - waitForElementPresent(findTestObject("Pre-Salary/Calculation Summary/firstDriverInCalculationSummeryTable"), 20): Object 'Object Repository/Pre-Salary/Calculation Summary/firstDriverInCalculationSummeryTable' is present

2019-04-30 14:02:07 - [MESSAGE][PASSED] - Object 'Object Repository/Pre-Salary/Calculation Summary/firstDriverInCalculationSummeryTable' is present

2019-04-30 14:02:07 - [TEST_STEP][PASSED] - verifyElementPresent(findTestObject("Pre-Salary/Calculation Summary/calculationSummeyTable"), 2): Object 'Object Repository/Pre-Salary/Calculation Summary/calculationSummeyTable' is present

2019-04-30 14:02:07 - [MESSAGE][PASSED] - Object 'Object Repository/Pre-Salary/Calculation Summary/calculationSummeyTable' is present

2019-04-30 14:02:07 - [TEST_STEP][PASSED] - verifyElementPresent(findTestObject("Pre-Salary/Calculation Summary/firstDriverInCalculationSummeryTable"), 2): Object 'Object Repository/Pre-Salary/Calculation Summary/firstDriverInCalculationSummeryTable' is present

2019-04-30 14:02:07 - [MESSAGE][PASSED] - Object 'Object Repository/Pre-Salary/Calculation Summary/firstDriverInCalculationSummeryTable' is present

2019-04-30 14:02:07 - [TEST_STEP][PASSED] - doubleClick(findTestObject("Pre-Salary/Calculation Summary/firstDriverInCalculationSummeryTable")): Object: 'Object Repository/Pre-Salary/Calculation Summary/firstDriverInCalculationSummeryTable' is double clicked on

2019-04-30 14:02:08 - [MESSAGE][PASSED] - Object: 'Object Repository/Pre-Salary/Calculation Summary/firstDriverInCalculationSummeryTable' is double clicked on

2019-04-30 14:02:08 - [TEST_STEP][PASSED] - waitForElementPresent(findTestObject("Pre-Salary/Employee Details/driversReportTable"), 20): Object 'Object Repository/Pre-Salary/Employee Details/driversReportTable' is present

2019-04-30 14:02:10 - [MESSAGE][PASSED] - Object 'Object Repository/Pre-Salary/Employee Details/driversReportTable' is present

2019-04-30 14:02:10 - [TEST_STEP][PASSED] - waitForElementPresent(findTestObject("Pre-Salary/Employee Details/driversReportTable"), 20): Object 'Object Repository/Pre-Salary/Employee Details/driversReportTable' is present

2019-04-30 14:02:10 - [MESSAGE][PASSED] - Object 'Object Repository/Pre-Salary/Employee Details/driversReportTable' is present

2019-04-30 14:02:10 - [TEST_STEP][PASSED] - verifyElementPresent(findTestObject("Pre-Salary/Employee Details/driversReportTable"), 2): Object 'Object Repository/Pre-Salary/Employee Details/driversReportTable' is present

2019-04-30 14:02:10 - [MESSAGE][PASSED] - Object 'Object Repository/Pre-Salary/Employee Details/driversReportTable' is present

2019-04-30 14:02:10 - [TEST_STEP][PASSED] - verifyElementPresent(findTestObject("Pre-Salary/Employee Details/driversCodeId_InDriversReportTableHeader"), 2): Object 'Object Repository/Pre-Salary/Employee Details/driversCodeId_InDriversReportTableHeader' is present

2019-04-30 14:02:10 - [MESSAGE][PASSED] - Object 'Object Repository/Pre-Salary/Employee Details/driversCodeId_InDriversReportTableHeader' is present

2019-04-30 14:02:10 - [TEST_STEP][PASSED] - driverCodeFromReport = getText(findTestObject("Pre-Salary/Employee Details/driversCodeId_InDriversReportTableHeader")): Text of object 'Object Repository/Pre-Salary/Employee Details/driversCodeId_InDriversReportTableHeader' is: '464'

2019-04-30 14:02:10 - [MESSAGE][PASSED] - Text of object 'Object Repository/Pre-Salary/Employee Details/driversCodeId_InDriversReportTableHeader' is: '464'

2019-04-30 14:02:10 - [TEST_STEP][PASSED] - if (driverCodeFromReport != driver_Id && !(driverCodeFromReport.contains(driver_Id))): null

2019-04-30 14:02:10 - [TEST_STEP][PASSED] - waitForElementPresent(findTestObject("Pre-Salary/Employee Details/rightSideTable"), 10): Object 'Object Repository/Pre-Salary/Employee Details/rightSideTable' is present

2019-04-30 14:02:10 - [MESSAGE][PASSED] - Object 'Object Repository/Pre-Salary/Employee Details/rightSideTable' is present

2019-04-30 14:02:10 - [TEST_STEP][PASSED] - verifyElementPresent(findTestObject("Pre-Salary/Employee Details/rightSideTable"), 2): Object 'Object Repository/Pre-Salary/Employee Details/rightSideTable' is present

2019-04-30 14:02:10 - [MESSAGE][PASSED] - Object 'Object Repository/Pre-Salary/Employee Details/rightSideTable' is present

2019-04-30 14:02:10 - [TEST_STEP][PASSED] - waitForElementPresent(findTestObject("Pre-Salary/Employee Details/rightSideTableDriversId"), 10): Object 'Object Repository/Pre-Salary/Employee Details/rightSideTableDriversId' is present

2019-04-30 14:02:10 - [MESSAGE][PASSED] - Object 'Object Repository/Pre-Salary/Employee Details/rightSideTableDriversId' is present

2019-04-30 14:02:10 - [TEST_STEP][PASSED] - verifyElementPresent(findTestObject("Pre-Salary/Employee Details/rightSideTableDriversId"), 2): Object 'Object Repository/Pre-Salary/Employee Details/rightSideTableDriversId' is present

2019-04-30 14:02:10 - [MESSAGE][PASSED] - Object 'Object Repository/Pre-Salary/Employee Details/rightSideTableDriversId' is present

2019-04-30 14:02:10 - [TEST_STEP][PASSED] - driversCodeFromRightSideTable = getText(findTestObject("Pre-Salary/Employee Details/rightSideTableDriversId")): Text of object 'Object Repository/Pre-Salary/Employee Details/rightSideTableDriversId' is: '464'

2019-04-30 14:02:10 - [MESSAGE][PASSED] - Text of object 'Object Repository/Pre-Salary/Employee Details/rightSideTableDriversId' is: '464'

2019-04-30 14:02:10 - [TEST_STEP][PASSED] - if (!(driversCodeFromRightSideTable.contains(driver_Id))): null

2019-04-30 14:02:10 - [TEST_STEP][PASSED] - closeBrowser(): Browser is closed

2019-04-30 14:02:11 - [MESSAGE][PASSED] - Browser is closed]]></system-out>
         <system-err><![CDATA[]]></system-err>
      </testcase>
      <testcase name="Test Cases/Pre-Salary/One Driver Calc" classname="Test Cases/Pre-Salary/One Driver Calc" status="PASSED">
         <system-out><![CDATA[2019-04-30 14:02:11 - [TEST_CASE][PASSED] - Test Cases/Pre-Salary/One Driver Calc: Test Cases/Pre-Salary/One Driver Calc

2019-04-30 14:02:11 - [TEST_STEP][PASSED] - login.c_login.logIn(site, userName, userPass): login.c_login.logIn is PASSED

2019-04-30 14:02:11 - [MESSAGE][INFO] - Starting 'Chrome' driver

2019-04-30 14:02:19 - [MESSAGE][PASSED] - Browser is opened with url: 'rongal.ebstage.y-it.co.il'

2019-04-30 14:02:20 - [MESSAGE][PASSED] - Current window maximized

2019-04-30 14:02:20 - [MESSAGE][PASSED] - Text 'ronen' is set on object 'Object Repository/Y-IT Log In/input_ _userName'

2019-04-30 14:02:20 - [MESSAGE][PASSED] - Text ****** has been set on object 'Object Repository/Y-IT Log In/input_ _password'

2019-04-30 14:02:20 - [MESSAGE][PASSED] - Object: 'Object Repository/Y-IT Log In/input_  _submit' is clicked on

2019-04-30 14:02:20 - [MESSAGE][PASSED] - login.c_login.logIn is PASSED

2019-04-30 14:02:20 - [TEST_STEP][PASSED] - date = new java.util.Date(): null

2019-04-30 14:02:20 - [TEST_STEP][PASSED] - cal = Calendar.getInstance(): null

2019-04-30 14:02:20 - [TEST_STEP][PASSED] - cal.setTime(date): null

2019-04-30 14:02:20 - [TEST_STEP][PASSED] - month = cal.get(MONTH) + 1: null

2019-04-30 14:02:20 - [TEST_STEP][PASSED] - year = cal.get(YEAR): null

2019-04-30 14:02:20 - [TEST_STEP][PASSED] - dayStr = "01": null

2019-04-30 14:02:20 - [TEST_STEP][PASSED] - monthStr = "": null

2019-04-30 14:02:20 - [TEST_STEP][PASSED] - yearStr = year.toString(): null

2019-04-30 14:02:20 - [TEST_STEP][PASSED] - if (month < 10): null

2019-04-30 14:02:20 - [TEST_STEP][PASSED] - monthStr = "0" + month.toString(): null

2019-04-30 14:02:20 - [TEST_STEP][PASSED] - fullDate = dayStr + monthStr + yearStr: null

2019-04-30 14:02:20 - [TEST_STEP][PASSED] - delay(1): Delayed 1 second(s)

2019-04-30 14:02:21 - [MESSAGE][PASSED] - Delayed 1 second(s)

2019-04-30 14:02:21 - [TEST_STEP][PASSED] - waitForElementPresent(findTestObject("General/mainEmptyBackground"), 15): Object 'Object Repository/General/mainEmptyBackground' is present

2019-04-30 14:02:24 - [MESSAGE][PASSED] - Object 'Object Repository/General/mainEmptyBackground' is present

2019-04-30 14:02:24 - [TEST_STEP][PASSED] - isPreSalaryTabOpen = waitForElementPresent(findTestObject("Pre-Salary/preSalaryTab"), 5): Object 'Object Repository/Pre-Salary/preSalaryTab' is not present after 5 second(s)

2019-04-30 14:02:29 - [MESSAGE][INFO] - Unable to find the element located by 'By.cssSelector: #preSalaryview'. Please recheck the objects properties to make sure the desired element is located. 

2019-04-30 14:02:29 - [MESSAGE][WARNING] - Object 'Object Repository/Pre-Salary/preSalaryTab' is not present after 5 second(s)

2019-04-30 14:02:29 - [TEST_STEP][PASSED] - if (!(isPreSalaryTabOpen)): Object: 'Object Repository/Nav Bar/Nav Bar Funds/preSalary' is clicked on

2019-04-30 14:02:29 - [TEST_STEP][PASSED] - waitForElementPresent(findTestObject("Nav Bar/funds"), 15): Object 'Object Repository/Nav Bar/funds' is present

2019-04-30 14:02:29 - [MESSAGE][PASSED] - Object 'Object Repository/Nav Bar/funds' is present

2019-04-30 14:02:29 - [TEST_STEP][PASSED] - click(findTestObject("Nav Bar/funds")): Object: 'Object Repository/Nav Bar/funds' is clicked on

2019-04-30 14:02:29 - [MESSAGE][PASSED] - Object: 'Object Repository/Nav Bar/funds' is clicked on

2019-04-30 14:02:29 - [TEST_STEP][PASSED] - delay(1): Delayed 1 second(s)

2019-04-30 14:02:30 - [MESSAGE][PASSED] - Delayed 1 second(s)

2019-04-30 14:02:30 - [TEST_STEP][PASSED] - try: Object: 'Object Repository/Nav Bar/Nav Bar Funds/preSalary' is clicked on

2019-04-30 14:02:30 - [TEST_STEP][PASSED] - waitForElementPresent(findTestObject("Nav Bar/Nav Bar Funds/preSalary"), 2): Object 'Object Repository/Nav Bar/Nav Bar Funds/preSalary' is present

2019-04-30 14:02:30 - [MESSAGE][PASSED] - Object 'Object Repository/Nav Bar/Nav Bar Funds/preSalary' is present

2019-04-30 14:02:30 - [TEST_STEP][PASSED] - click(findTestObject("Nav Bar/Nav Bar Funds/preSalary")): Object: 'Object Repository/Nav Bar/Nav Bar Funds/preSalary' is clicked on

2019-04-30 14:02:31 - [MESSAGE][PASSED] - Object: 'Object Repository/Nav Bar/Nav Bar Funds/preSalary' is clicked on

2019-04-30 14:02:31 - [TEST_STEP][PASSED] - waitForElementPresent(findTestObject("Pre-Salary/Filters/Date Picker Start/datePickerInputField"), 15): Object 'Object Repository/Pre-Salary/Filters/Date Picker Start/datePickerInputField' is present

2019-04-30 14:02:31 - [MESSAGE][PASSED] - Object 'Object Repository/Pre-Salary/Filters/Date Picker Start/datePickerInputField' is present

2019-04-30 14:02:31 - [TEST_STEP][PASSED] - click(findTestObject("Pre-Salary/Filters/Date Picker Start/datePickerInputField")): Object: 'Object Repository/Pre-Salary/Filters/Date Picker Start/datePickerInputField' is clicked on

2019-04-30 14:02:31 - [MESSAGE][PASSED] - Object: 'Object Repository/Pre-Salary/Filters/Date Picker Start/datePickerInputField' is clicked on

2019-04-30 14:02:31 - [TEST_STEP][PASSED] - delay(1): Delayed 1 second(s)

2019-04-30 14:02:32 - [MESSAGE][PASSED] - Delayed 1 second(s)

2019-04-30 14:02:32 - [TEST_STEP][PASSED] - setText(findTestObject("Pre-Salary/Filters/Date Picker Start/datePickerInputField"), ""): Text '' is set on object 'Object Repository/Pre-Salary/Filters/Date Picker Start/datePickerInputField'

2019-04-30 14:02:32 - [MESSAGE][PASSED] - Text '' is set on object 'Object Repository/Pre-Salary/Filters/Date Picker Start/datePickerInputField'

2019-04-30 14:02:32 - [TEST_STEP][PASSED] - delay(1): Delayed 1 second(s)

2019-04-30 14:02:33 - [MESSAGE][PASSED] - Delayed 1 second(s)

2019-04-30 14:02:33 - [TEST_STEP][PASSED] - setText(findTestObject("Pre-Salary/Filters/Date Picker Start/datePickerInputField"), fullDate): Text '01042019' is set on object 'Object Repository/Pre-Salary/Filters/Date Picker Start/datePickerInputField'

2019-04-30 14:02:34 - [MESSAGE][PASSED] - Text '01042019' is set on object 'Object Repository/Pre-Salary/Filters/Date Picker Start/datePickerInputField'

2019-04-30 14:02:34 - [TEST_STEP][PASSED] - waitForElementPresent(findTestObject("Pre-Salary/Filters/Date Picker Start/datePickerInputField"), 15): Object 'Object Repository/Pre-Salary/Filters/Date Picker Start/datePickerInputField' is present

2019-04-30 14:02:34 - [MESSAGE][PASSED] - Object 'Object Repository/Pre-Salary/Filters/Date Picker Start/datePickerInputField' is present

2019-04-30 14:02:34 - [TEST_STEP][PASSED] - waitForElementNotPresent(findTestObject("Pre-Salary/Filters/Drivers Dropdown/isLoadingDropdown"), 15): Web element with id: 'Object Repository/Pre-Salary/Filters/Drivers Dropdown/isLoadingDropdown' located by 'By.cssSelector: div[id="preSalaryview"] > div:nth-of-type(2) > div:nth-of-type(1) > div:nth-of-type(2) > div:nth-of-type(1) > div:nth-of-type(5) > div:nth-of-type(1) > div:nth-of-type(1) > span:nth-of-type(1) > span:nth-of-type(1) > span:nth-of-type(2) > span:nth-of-type(1)[class="k-icon k-i-arrow-60-down k-i-loading"]' is not present after '15' second(s)

2019-04-30 14:02:37 - [MESSAGE][PASSED] - Web element with id: 'Object Repository/Pre-Salary/Filters/Drivers Dropdown/isLoadingDropdown' located by 'By.cssSelector: div[id="preSalaryview"] > div:nth-of-type(2) > div:nth-of-type(1) > div:nth-of-type(2) > div:nth-of-type(1) > div:nth-of-type(5) > div:nth-of-type(1) > div:nth-of-type(1) > span:nth-of-type(1) > span:nth-of-type(1) > span:nth-of-type(2) > span:nth-of-type(1)[class="k-icon k-i-arrow-60-down k-i-loading"]' is not present after '15' second(s)

2019-04-30 14:02:37 - [TEST_STEP][PASSED] - delay(1): Delayed 1 second(s)

2019-04-30 14:02:38 - [MESSAGE][PASSED] - Delayed 1 second(s)

2019-04-30 14:02:38 - [TEST_STEP][PASSED] - try: Object: 'Object Repository/Pre-Salary/Filters/Drivers Dropdown/driversListDropdownOpen' is clicked on

2019-04-30 14:02:38 - [TEST_STEP][PASSED] - click(findTestObject("Pre-Salary/Filters/Drivers Dropdown/driversListDropdownOpen")): Object: 'Object Repository/Pre-Salary/Filters/Drivers Dropdown/driversListDropdownOpen' is clicked on

2019-04-30 14:02:38 - [MESSAGE][PASSED] - Object: 'Object Repository/Pre-Salary/Filters/Drivers Dropdown/driversListDropdownOpen' is clicked on

2019-04-30 14:02:38 - [TEST_STEP][PASSED] - delay(1): Delayed 1 second(s)

2019-04-30 14:02:39 - [MESSAGE][PASSED] - Delayed 1 second(s)

2019-04-30 14:02:39 - [TEST_STEP][PASSED] - try: Text '1542' is set on object 'Object Repository/Pre-Salary/Filters/Drivers Dropdown/driversListDropdownSearchBox'

2019-04-30 14:02:39 - [TEST_STEP][PASSED] - setText(findTestObject("Pre-Salary/Filters/Drivers Dropdown/driversListDropdownSearchBox"), driver_Id): Text '1542' is set on object 'Object Repository/Pre-Salary/Filters/Drivers Dropdown/driversListDropdownSearchBox'

2019-04-30 14:02:39 - [MESSAGE][PASSED] - Text '1542' is set on object 'Object Repository/Pre-Salary/Filters/Drivers Dropdown/driversListDropdownSearchBox'

2019-04-30 14:02:39 - [TEST_STEP][PASSED] - delay(1): Delayed 1 second(s)

2019-04-30 14:02:40 - [MESSAGE][PASSED] - Delayed 1 second(s)

2019-04-30 14:02:40 - [TEST_STEP][PASSED] - click(findTestObject("Pre-Salary/Filters/Drivers Dropdown/driversListDropdownSelectFirstDriver")): Object: 'Object Repository/Pre-Salary/Filters/Drivers Dropdown/driversListDropdownSelectFirstDriver' is clicked on

2019-04-30 14:02:40 - [MESSAGE][PASSED] - Object: 'Object Repository/Pre-Salary/Filters/Drivers Dropdown/driversListDropdownSelectFirstDriver' is clicked on

2019-04-30 14:02:40 - [TEST_STEP][PASSED] - delay(1): Delayed 1 second(s)

2019-04-30 14:02:41 - [MESSAGE][PASSED] - Delayed 1 second(s)

2019-04-30 14:02:41 - [TEST_STEP][PASSED] - click(findTestObject("Pre-Salary/Data Status/importButton")): Object: 'Object Repository/Pre-Salary/Data Status/importButton' is clicked on

2019-04-30 14:02:42 - [MESSAGE][PASSED] - Object: 'Object Repository/Pre-Salary/Data Status/importButton' is clicked on

2019-04-30 14:02:42 - [TEST_STEP][PASSED] - delay(1): Delayed 1 second(s)

2019-04-30 14:02:43 - [MESSAGE][PASSED] - Delayed 1 second(s)

2019-04-30 14:02:43 - [TEST_STEP][PASSED] - try: Object: 'Object Repository/Pre-Salary/Calculation Summary/firstDriverInCalculationSummeryTable' is double clicked on

2019-04-30 14:02:43 - [TEST_STEP][PASSED] - waitForElementPresent(findTestObject("Pre-Salary/Calculation Summary/firstDriverInCalculationSummeryTable"), 20): Object 'Object Repository/Pre-Salary/Calculation Summary/firstDriverInCalculationSummeryTable' is present

2019-04-30 14:03:00 - [MESSAGE][PASSED] - Object 'Object Repository/Pre-Salary/Calculation Summary/firstDriverInCalculationSummeryTable' is present

2019-04-30 14:03:00 - [TEST_STEP][PASSED] - doubleClick(findTestObject("Pre-Salary/Calculation Summary/firstDriverInCalculationSummeryTable")): Object: 'Object Repository/Pre-Salary/Calculation Summary/firstDriverInCalculationSummeryTable' is double clicked on

2019-04-30 14:03:01 - [MESSAGE][PASSED] - Object: 'Object Repository/Pre-Salary/Calculation Summary/firstDriverInCalculationSummeryTable' is double clicked on

2019-04-30 14:03:01 - [TEST_STEP][PASSED] - waitForElementPresent(findTestObject("Pre-Salary/Employee Details/driversReportTable"), 20): Object 'Object Repository/Pre-Salary/Employee Details/driversReportTable' is present

2019-04-30 14:03:03 - [MESSAGE][PASSED] - Object 'Object Repository/Pre-Salary/Employee Details/driversReportTable' is present

2019-04-30 14:03:03 - [TEST_STEP][PASSED] - waitForElementPresent(findTestObject("Pre-Salary/Employee Details/driversReportTable"), 20): Object 'Object Repository/Pre-Salary/Employee Details/driversReportTable' is present

2019-04-30 14:03:03 - [MESSAGE][PASSED] - Object 'Object Repository/Pre-Salary/Employee Details/driversReportTable' is present

2019-04-30 14:03:03 - [TEST_STEP][PASSED] - verifyElementPresent(findTestObject("Pre-Salary/Employee Details/driversReportTable"), 2): Object 'Object Repository/Pre-Salary/Employee Details/driversReportTable' is present

2019-04-30 14:03:03 - [MESSAGE][PASSED] - Object 'Object Repository/Pre-Salary/Employee Details/driversReportTable' is present

2019-04-30 14:03:03 - [TEST_STEP][PASSED] - verifyElementPresent(findTestObject("Pre-Salary/Employee Details/driversCodeId_InDriversReportTableHeader"), 2): Object 'Object Repository/Pre-Salary/Employee Details/driversCodeId_InDriversReportTableHeader' is present

2019-04-30 14:03:03 - [MESSAGE][PASSED] - Object 'Object Repository/Pre-Salary/Employee Details/driversCodeId_InDriversReportTableHeader' is present

2019-04-30 14:03:03 - [TEST_STEP][PASSED] - driverCodeFromReport = getText(findTestObject("Pre-Salary/Employee Details/driversCodeId_InDriversReportTableHeader")): Text of object 'Object Repository/Pre-Salary/Employee Details/driversCodeId_InDriversReportTableHeader' is: '1542'

2019-04-30 14:03:03 - [MESSAGE][PASSED] - Text of object 'Object Repository/Pre-Salary/Employee Details/driversCodeId_InDriversReportTableHeader' is: '1542'

2019-04-30 14:03:03 - [TEST_STEP][PASSED] - if (driverCodeFromReport != driver_Id && !(driverCodeFromReport.contains(driver_Id))): null

2019-04-30 14:03:03 - [TEST_STEP][PASSED] - waitForElementPresent(findTestObject("Pre-Salary/Employee Details/rightSideTable"), 10): Object 'Object Repository/Pre-Salary/Employee Details/rightSideTable' is present

2019-04-30 14:03:03 - [MESSAGE][PASSED] - Object 'Object Repository/Pre-Salary/Employee Details/rightSideTable' is present

2019-04-30 14:03:03 - [TEST_STEP][PASSED] - verifyElementPresent(findTestObject("Pre-Salary/Employee Details/rightSideTable"), 2): Object 'Object Repository/Pre-Salary/Employee Details/rightSideTable' is present

2019-04-30 14:03:03 - [MESSAGE][PASSED] - Object 'Object Repository/Pre-Salary/Employee Details/rightSideTable' is present

2019-04-30 14:03:03 - [TEST_STEP][PASSED] - waitForElementPresent(findTestObject("Pre-Salary/Employee Details/rightSideTableDriversId"), 10): Object 'Object Repository/Pre-Salary/Employee Details/rightSideTableDriversId' is present

2019-04-30 14:03:03 - [MESSAGE][PASSED] - Object 'Object Repository/Pre-Salary/Employee Details/rightSideTableDriversId' is present

2019-04-30 14:03:03 - [TEST_STEP][PASSED] - verifyElementPresent(findTestObject("Pre-Salary/Employee Details/rightSideTableDriversId"), 2): Object 'Object Repository/Pre-Salary/Employee Details/rightSideTableDriversId' is present

2019-04-30 14:03:03 - [MESSAGE][PASSED] - Object 'Object Repository/Pre-Salary/Employee Details/rightSideTableDriversId' is present

2019-04-30 14:03:03 - [TEST_STEP][PASSED] - driversCodeFromRightSideTable = getText(findTestObject("Pre-Salary/Employee Details/rightSideTableDriversId")): Text of object 'Object Repository/Pre-Salary/Employee Details/rightSideTableDriversId' is: '1542'

2019-04-30 14:03:03 - [MESSAGE][PASSED] - Text of object 'Object Repository/Pre-Salary/Employee Details/rightSideTableDriversId' is: '1542'

2019-04-30 14:03:03 - [TEST_STEP][PASSED] - if (!(driversCodeFromRightSideTable.contains(driver_Id))): null

2019-04-30 14:03:03 - [TEST_STEP][PASSED] - closeBrowser(): Browser is closed

2019-04-30 14:03:04 - [MESSAGE][PASSED] - Browser is closed]]></system-out>
         <system-err><![CDATA[]]></system-err>
      </testcase>
      <testcase name="Test Cases/Pre-Salary/One Driver Calc" classname="Test Cases/Pre-Salary/One Driver Calc" status="PASSED">
         <system-out><![CDATA[2019-04-30 14:03:04 - [TEST_CASE][PASSED] - Test Cases/Pre-Salary/One Driver Calc: Test Cases/Pre-Salary/One Driver Calc

2019-04-30 14:03:04 - [TEST_STEP][PASSED] - login.c_login.logIn(site, userName, userPass): login.c_login.logIn is PASSED

2019-04-30 14:03:04 - [MESSAGE][INFO] - Starting 'Chrome' driver

2019-04-30 14:03:18 - [MESSAGE][PASSED] - Browser is opened with url: 'eggedh.ebstage.y-it.co.il'

2019-04-30 14:03:19 - [MESSAGE][PASSED] - Current window maximized

2019-04-30 14:03:19 - [MESSAGE][PASSED] - Text 'admin' is set on object 'Object Repository/Y-IT Log In/input_ _userName'

2019-04-30 14:03:19 - [MESSAGE][PASSED] - Text ****** has been set on object 'Object Repository/Y-IT Log In/input_ _password'

2019-04-30 14:03:19 - [MESSAGE][PASSED] - Object: 'Object Repository/Y-IT Log In/input_  _submit' is clicked on

2019-04-30 14:03:19 - [MESSAGE][PASSED] - login.c_login.logIn is PASSED

2019-04-30 14:03:19 - [TEST_STEP][PASSED] - date = new java.util.Date(): null

2019-04-30 14:03:19 - [TEST_STEP][PASSED] - cal = Calendar.getInstance(): null

2019-04-30 14:03:19 - [TEST_STEP][PASSED] - cal.setTime(date): null

2019-04-30 14:03:19 - [TEST_STEP][PASSED] - month = cal.get(MONTH) + 1: null

2019-04-30 14:03:19 - [TEST_STEP][PASSED] - year = cal.get(YEAR): null

2019-04-30 14:03:19 - [TEST_STEP][PASSED] - dayStr = "01": null

2019-04-30 14:03:19 - [TEST_STEP][PASSED] - monthStr = "": null

2019-04-30 14:03:19 - [TEST_STEP][PASSED] - yearStr = year.toString(): null

2019-04-30 14:03:19 - [TEST_STEP][PASSED] - if (month < 10): null

2019-04-30 14:03:19 - [TEST_STEP][PASSED] - monthStr = "0" + month.toString(): null

2019-04-30 14:03:19 - [TEST_STEP][PASSED] - fullDate = dayStr + monthStr + yearStr: null

2019-04-30 14:03:19 - [TEST_STEP][PASSED] - delay(1): Delayed 1 second(s)

2019-04-30 14:03:20 - [MESSAGE][PASSED] - Delayed 1 second(s)

2019-04-30 14:03:20 - [TEST_STEP][PASSED] - waitForElementPresent(findTestObject("General/mainEmptyBackground"), 15): Object 'Object Repository/General/mainEmptyBackground' is present

2019-04-30 14:03:22 - [MESSAGE][PASSED] - Object 'Object Repository/General/mainEmptyBackground' is present

2019-04-30 14:03:22 - [TEST_STEP][PASSED] - isPreSalaryTabOpen = waitForElementPresent(findTestObject("Pre-Salary/preSalaryTab"), 5): Object 'Object Repository/Pre-Salary/preSalaryTab' is present

2019-04-30 14:03:23 - [MESSAGE][PASSED] - Object 'Object Repository/Pre-Salary/preSalaryTab' is present

2019-04-30 14:03:23 - [TEST_STEP][PASSED] - if (!(isPreSalaryTabOpen)): null

2019-04-30 14:03:23 - [TEST_STEP][PASSED] - waitForElementPresent(findTestObject("Pre-Salary/Filters/Date Picker Start/datePickerInputField"), 15): Object 'Object Repository/Pre-Salary/Filters/Date Picker Start/datePickerInputField' is present

2019-04-30 14:03:24 - [MESSAGE][PASSED] - Object 'Object Repository/Pre-Salary/Filters/Date Picker Start/datePickerInputField' is present

2019-04-30 14:03:24 - [TEST_STEP][PASSED] - click(findTestObject("Pre-Salary/Filters/Date Picker Start/datePickerInputField")): Object: 'Object Repository/Pre-Salary/Filters/Date Picker Start/datePickerInputField' is clicked on

2019-04-30 14:03:24 - [MESSAGE][PASSED] - Object: 'Object Repository/Pre-Salary/Filters/Date Picker Start/datePickerInputField' is clicked on

2019-04-30 14:03:24 - [TEST_STEP][PASSED] - delay(1): Delayed 1 second(s)

2019-04-30 14:03:25 - [MESSAGE][PASSED] - Delayed 1 second(s)

2019-04-30 14:03:25 - [TEST_STEP][PASSED] - setText(findTestObject("Pre-Salary/Filters/Date Picker Start/datePickerInputField"), ""): Text '' is set on object 'Object Repository/Pre-Salary/Filters/Date Picker Start/datePickerInputField'

2019-04-30 14:03:25 - [MESSAGE][PASSED] - Text '' is set on object 'Object Repository/Pre-Salary/Filters/Date Picker Start/datePickerInputField'

2019-04-30 14:03:25 - [TEST_STEP][PASSED] - delay(1): Delayed 1 second(s)

2019-04-30 14:03:26 - [MESSAGE][PASSED] - Delayed 1 second(s)

2019-04-30 14:03:26 - [TEST_STEP][PASSED] - setText(findTestObject("Pre-Salary/Filters/Date Picker Start/datePickerInputField"), fullDate): Text '01042019' is set on object 'Object Repository/Pre-Salary/Filters/Date Picker Start/datePickerInputField'

2019-04-30 14:03:26 - [MESSAGE][PASSED] - Text '01042019' is set on object 'Object Repository/Pre-Salary/Filters/Date Picker Start/datePickerInputField'

2019-04-30 14:03:26 - [TEST_STEP][PASSED] - waitForElementPresent(findTestObject("Pre-Salary/Filters/Date Picker Start/datePickerInputField"), 15): Object 'Object Repository/Pre-Salary/Filters/Date Picker Start/datePickerInputField' is present

2019-04-30 14:03:26 - [MESSAGE][PASSED] - Object 'Object Repository/Pre-Salary/Filters/Date Picker Start/datePickerInputField' is present

2019-04-30 14:03:26 - [TEST_STEP][PASSED] - waitForElementNotPresent(findTestObject("Pre-Salary/Filters/Drivers Dropdown/isLoadingDropdown"), 15): Web element with id: 'Object Repository/Pre-Salary/Filters/Drivers Dropdown/isLoadingDropdown' located by 'By.cssSelector: div[id="preSalaryview"] > div:nth-of-type(2) > div:nth-of-type(1) > div:nth-of-type(2) > div:nth-of-type(1) > div:nth-of-type(5) > div:nth-of-type(1) > div:nth-of-type(1) > span:nth-of-type(1) > span:nth-of-type(1) > span:nth-of-type(2) > span:nth-of-type(1)[class="k-icon k-i-arrow-60-down k-i-loading"]' is not present after '15' second(s)

2019-04-30 14:03:27 - [MESSAGE][PASSED] - Web element with id: 'Object Repository/Pre-Salary/Filters/Drivers Dropdown/isLoadingDropdown' located by 'By.cssSelector: div[id="preSalaryview"] > div:nth-of-type(2) > div:nth-of-type(1) > div:nth-of-type(2) > div:nth-of-type(1) > div:nth-of-type(5) > div:nth-of-type(1) > div:nth-of-type(1) > span:nth-of-type(1) > span:nth-of-type(1) > span:nth-of-type(2) > span:nth-of-type(1)[class="k-icon k-i-arrow-60-down k-i-loading"]' is not present after '15' second(s)

2019-04-30 14:03:27 - [TEST_STEP][PASSED] - delay(1): Delayed 1 second(s)

2019-04-30 14:03:28 - [MESSAGE][PASSED] - Delayed 1 second(s)

2019-04-30 14:03:28 - [TEST_STEP][PASSED] - try: Object: 'Object Repository/Pre-Salary/Filters/Drivers Dropdown/driversListDropdownOpen' is clicked on

2019-04-30 14:03:28 - [TEST_STEP][PASSED] - click(findTestObject("Pre-Salary/Filters/Drivers Dropdown/driversListDropdownOpen")): Object: 'Object Repository/Pre-Salary/Filters/Drivers Dropdown/driversListDropdownOpen' is clicked on

2019-04-30 14:03:28 - [MESSAGE][PASSED] - Object: 'Object Repository/Pre-Salary/Filters/Drivers Dropdown/driversListDropdownOpen' is clicked on

2019-04-30 14:03:28 - [TEST_STEP][PASSED] - delay(1): Delayed 1 second(s)

2019-04-30 14:03:29 - [MESSAGE][PASSED] - Delayed 1 second(s)

2019-04-30 14:03:29 - [TEST_STEP][PASSED] - try: Text '10193' is set on object 'Object Repository/Pre-Salary/Filters/Drivers Dropdown/driversListDropdownSearchBox'

2019-04-30 14:03:29 - [TEST_STEP][PASSED] - setText(findTestObject("Pre-Salary/Filters/Drivers Dropdown/driversListDropdownSearchBox"), driver_Id): Text '10193' is set on object 'Object Repository/Pre-Salary/Filters/Drivers Dropdown/driversListDropdownSearchBox'

2019-04-30 14:03:29 - [MESSAGE][PASSED] - Text '10193' is set on object 'Object Repository/Pre-Salary/Filters/Drivers Dropdown/driversListDropdownSearchBox'

2019-04-30 14:03:29 - [TEST_STEP][PASSED] - delay(1): Delayed 1 second(s)

2019-04-30 14:03:30 - [MESSAGE][PASSED] - Delayed 1 second(s)

2019-04-30 14:03:30 - [TEST_STEP][PASSED] - click(findTestObject("Pre-Salary/Filters/Drivers Dropdown/driversListDropdownSelectFirstDriver")): Object: 'Object Repository/Pre-Salary/Filters/Drivers Dropdown/driversListDropdownSelectFirstDriver' is clicked on

2019-04-30 14:03:31 - [MESSAGE][PASSED] - Object: 'Object Repository/Pre-Salary/Filters/Drivers Dropdown/driversListDropdownSelectFirstDriver' is clicked on

2019-04-30 14:03:31 - [TEST_STEP][PASSED] - delay(1): Delayed 1 second(s)

2019-04-30 14:03:32 - [MESSAGE][PASSED] - Delayed 1 second(s)

2019-04-30 14:03:32 - [TEST_STEP][PASSED] - click(findTestObject("Pre-Salary/Data Status/importButton")): Object: 'Object Repository/Pre-Salary/Data Status/importButton' is clicked on

2019-04-30 14:03:32 - [MESSAGE][PASSED] - Object: 'Object Repository/Pre-Salary/Data Status/importButton' is clicked on

2019-04-30 14:03:32 - [TEST_STEP][PASSED] - delay(1): Delayed 1 second(s)

2019-04-30 14:03:33 - [MESSAGE][PASSED] - Delayed 1 second(s)

2019-04-30 14:03:33 - [TEST_STEP][PASSED] - try: Object: 'Object Repository/Pre-Salary/Calculation Summary/firstDriverInCalculationSummeryTable' is double clicked on

2019-04-30 14:03:33 - [TEST_STEP][PASSED] - waitForElementPresent(findTestObject("Pre-Salary/Calculation Summary/firstDriverInCalculationSummeryTable"), 20): Object 'Object Repository/Pre-Salary/Calculation Summary/firstDriverInCalculationSummeryTable' is not present after 20 second(s)

2019-04-30 14:03:54 - [MESSAGE][INFO] - Unable to find the element located by 'By.cssSelector: div[id="preSalaryview"] > div:nth-of-type(2) > div:nth-of-type(2) > div:nth-of-type(3) > div:nth-of-type(1) > div:nth-of-type(2)  > div:nth-of-type(1)  > div:nth-of-type(2) > table > tbody > tr:nth-of-type(1)'. Please recheck the objects properties to make sure the desired element is located. 

2019-04-30 14:03:54 - [MESSAGE][WARNING] - Object 'Object Repository/Pre-Salary/Calculation Summary/firstDriverInCalculationSummeryTable' is not present after 20 second(s)

2019-04-30 14:03:54 - [TEST_STEP][PASSED] - doubleClick(findTestObject("Pre-Salary/Calculation Summary/firstDriverInCalculationSummeryTable")): Object: 'Object Repository/Pre-Salary/Calculation Summary/firstDriverInCalculationSummeryTable' is double clicked on

2019-04-30 14:03:56 - [MESSAGE][PASSED] - Object: 'Object Repository/Pre-Salary/Calculation Summary/firstDriverInCalculationSummeryTable' is double clicked on

2019-04-30 14:03:56 - [TEST_STEP][PASSED] - waitForElementPresent(findTestObject("Pre-Salary/Employee Details/driversReportTable"), 20): Object 'Object Repository/Pre-Salary/Employee Details/driversReportTable' is present

2019-04-30 14:03:58 - [MESSAGE][PASSED] - Object 'Object Repository/Pre-Salary/Employee Details/driversReportTable' is present

2019-04-30 14:03:58 - [TEST_STEP][PASSED] - waitForElementPresent(findTestObject("Pre-Salary/Employee Details/driversReportTable"), 20): Object 'Object Repository/Pre-Salary/Employee Details/driversReportTable' is present

2019-04-30 14:03:58 - [MESSAGE][PASSED] - Object 'Object Repository/Pre-Salary/Employee Details/driversReportTable' is present

2019-04-30 14:03:58 - [TEST_STEP][PASSED] - verifyElementPresent(findTestObject("Pre-Salary/Employee Details/driversReportTable"), 2): Object 'Object Repository/Pre-Salary/Employee Details/driversReportTable' is present

2019-04-30 14:03:58 - [MESSAGE][PASSED] - Object 'Object Repository/Pre-Salary/Employee Details/driversReportTable' is present

2019-04-30 14:03:58 - [TEST_STEP][PASSED] - verifyElementPresent(findTestObject("Pre-Salary/Employee Details/driversCodeId_InDriversReportTableHeader"), 2): Object 'Object Repository/Pre-Salary/Employee Details/driversCodeId_InDriversReportTableHeader' is present

2019-04-30 14:03:58 - [MESSAGE][PASSED] - Object 'Object Repository/Pre-Salary/Employee Details/driversCodeId_InDriversReportTableHeader' is present

2019-04-30 14:03:58 - [TEST_STEP][PASSED] - driverCodeFromReport = getText(findTestObject("Pre-Salary/Employee Details/driversCodeId_InDriversReportTableHeader")): Text of object 'Object Repository/Pre-Salary/Employee Details/driversCodeId_InDriversReportTableHeader' is: '10193'

2019-04-30 14:03:58 - [MESSAGE][PASSED] - Text of object 'Object Repository/Pre-Salary/Employee Details/driversCodeId_InDriversReportTableHeader' is: '10193'

2019-04-30 14:03:58 - [TEST_STEP][PASSED] - if (driverCodeFromReport != driver_Id && !(driverCodeFromReport.contains(driver_Id))): null

2019-04-30 14:03:58 - [TEST_STEP][PASSED] - waitForElementPresent(findTestObject("Pre-Salary/Employee Details/rightSideTable"), 10): Object 'Object Repository/Pre-Salary/Employee Details/rightSideTable' is present

2019-04-30 14:03:58 - [MESSAGE][PASSED] - Object 'Object Repository/Pre-Salary/Employee Details/rightSideTable' is present

2019-04-30 14:03:58 - [TEST_STEP][PASSED] - verifyElementPresent(findTestObject("Pre-Salary/Employee Details/rightSideTable"), 2): Object 'Object Repository/Pre-Salary/Employee Details/rightSideTable' is present

2019-04-30 14:03:58 - [MESSAGE][PASSED] - Object 'Object Repository/Pre-Salary/Employee Details/rightSideTable' is present

2019-04-30 14:03:58 - [TEST_STEP][PASSED] - waitForElementPresent(findTestObject("Pre-Salary/Employee Details/rightSideTableDriversId"), 10): Object 'Object Repository/Pre-Salary/Employee Details/rightSideTableDriversId' is present

2019-04-30 14:03:59 - [MESSAGE][PASSED] - Object 'Object Repository/Pre-Salary/Employee Details/rightSideTableDriversId' is present

2019-04-30 14:03:59 - [TEST_STEP][PASSED] - verifyElementPresent(findTestObject("Pre-Salary/Employee Details/rightSideTableDriversId"), 2): Object 'Object Repository/Pre-Salary/Employee Details/rightSideTableDriversId' is present

2019-04-30 14:03:59 - [MESSAGE][PASSED] - Object 'Object Repository/Pre-Salary/Employee Details/rightSideTableDriversId' is present

2019-04-30 14:03:59 - [TEST_STEP][PASSED] - driversCodeFromRightSideTable = getText(findTestObject("Pre-Salary/Employee Details/rightSideTableDriversId")): Text of object 'Object Repository/Pre-Salary/Employee Details/rightSideTableDriversId' is: '10193'

2019-04-30 14:03:59 - [MESSAGE][PASSED] - Text of object 'Object Repository/Pre-Salary/Employee Details/rightSideTableDriversId' is: '10193'

2019-04-30 14:03:59 - [TEST_STEP][PASSED] - if (!(driversCodeFromRightSideTable.contains(driver_Id))): null

2019-04-30 14:03:59 - [TEST_STEP][PASSED] - closeBrowser(): Browser is closed

2019-04-30 14:03:59 - [MESSAGE][PASSED] - Browser is closed]]></system-out>
         <system-err><![CDATA[]]></system-err>
      </testcase>
      <testcase name="Test Cases/Pre-Salary/One Driver Calc" classname="Test Cases/Pre-Salary/One Driver Calc" status="FAILED">
         <failure type="FAILED" message="Test Cases/Pre-Salary/One Driver Calc FAILED.
Reason:
com.kms.katalon.core.exception.StepFailedException: Unable to click on object 'Object Repository/Pre-Salary/Filters/Drivers Dropdown/driversListDropdownOpen'
	at com.kms.katalon.core.keyword.internal.KeywordMain.stepFailed(KeywordMain.groovy:48)
	at com.kms.katalon.core.webui.keyword.internal.WebUIKeywordMain.stepFailed(WebUIKeywordMain.groovy:65)
	at com.kms.katalon.core.webui.keyword.internal.WebUIKeywordMain.runKeyword(WebUIKeywordMain.groovy:27)
	at com.kms.katalon.core.webui.keyword.builtin.ClickKeyword.click(ClickKeyword.groovy:86)
	at com.kms.katalon.core.webui.keyword.builtin.ClickKeyword.execute(ClickKeyword.groovy:67)
	at com.kms.katalon.core.keyword.internal.KeywordExecutor.executeKeywordForPlatform(KeywordExecutor.groovy:56)
	at com.kms.katalon.core.webui.keyword.WebUiBuiltInKeywords.click(WebUiBuiltInKeywords.groovy:616)
	at com.kms.katalon.core.webui.keyword.WebUiBuiltInKeywords$click$3.call(Unknown Source)
	at One Driver Calc.run(One Driver Calc:105)
	at com.kms.katalon.core.main.ScriptEngine.run(ScriptEngine.java:194)
	at com.kms.katalon.core.main.ScriptEngine.runScriptAsRawText(ScriptEngine.java:119)
	at com.kms.katalon.core.main.TestCaseExecutor.runScript(TestCaseExecutor.java:331)
	at com.kms.katalon.core.main.TestCaseExecutor.doExecute(TestCaseExecutor.java:322)
	at com.kms.katalon.core.main.TestCaseExecutor.processExecutionPhase(TestCaseExecutor.java:301)
	at com.kms.katalon.core.main.TestCaseExecutor.accessMainPhase(TestCaseExecutor.java:293)
	at com.kms.katalon.core.main.TestCaseExecutor.execute(TestCaseExecutor.java:227)
	at com.kms.katalon.core.main.TestSuiteExecutor.accessTestCaseMainPhase(TestSuiteExecutor.java:129)
	at com.kms.katalon.core.main.TestSuiteExecutor.accessTestSuiteMainPhase(TestSuiteExecutor.java:112)
	at com.kms.katalon.core.main.TestSuiteExecutor.execute(TestSuiteExecutor.java:81)
	at com.kms.katalon.core.main.TestCaseMain.startTestSuite(TestCaseMain.java:157)
	at com.kms.katalon.core.main.TestCaseMain$startTestSuite$0.call(Unknown Source)
	at TempTestSuite1556621721104.run(TempTestSuite1556621721104.groovy:35)
"/>
         <system-out><![CDATA[2019-04-30 14:03:59 - [TEST_CASE][FAILED] - Test Cases/Pre-Salary/One Driver Calc: Test Cases/Pre-Salary/One Driver Calc FAILED.
Reason:
com.kms.katalon.core.exception.StepFailedException: Unable to click on object 'Object Repository/Pre-Salary/Filters/Drivers Dropdown/driversListDropdownOpen'
	at com.kms.katalon.core.keyword.internal.KeywordMain.stepFailed(KeywordMain.groovy:48)
	at com.kms.katalon.core.webui.keyword.internal.WebUIKeywordMain.stepFailed(WebUIKeywordMain.groovy:65)
	at com.kms.katalon.core.webui.keyword.internal.WebUIKeywordMain.runKeyword(WebUIKeywordMain.groovy:27)
	at com.kms.katalon.core.webui.keyword.builtin.ClickKeyword.click(ClickKeyword.groovy:86)
	at com.kms.katalon.core.webui.keyword.builtin.ClickKeyword.execute(ClickKeyword.groovy:67)
	at com.kms.katalon.core.keyword.internal.KeywordExecutor.executeKeywordForPlatform(KeywordExecutor.groovy:56)
	at com.kms.katalon.core.webui.keyword.WebUiBuiltInKeywords.click(WebUiBuiltInKeywords.groovy:616)
	at com.kms.katalon.core.webui.keyword.WebUiBuiltInKeywords$click$3.call(Unknown Source)
	at One Driver Calc.run(One Driver Calc:105)
	at com.kms.katalon.core.main.ScriptEngine.run(ScriptEngine.java:194)
	at com.kms.katalon.core.main.ScriptEngine.runScriptAsRawText(ScriptEngine.java:119)
	at com.kms.katalon.core.main.TestCaseExecutor.runScript(TestCaseExecutor.java:331)
	at com.kms.katalon.core.main.TestCaseExecutor.doExecute(TestCaseExecutor.java:322)
	at com.kms.katalon.core.main.TestCaseExecutor.processExecutionPhase(TestCaseExecutor.java:301)
	at com.kms.katalon.core.main.TestCaseExecutor.accessMainPhase(TestCaseExecutor.java:293)
	at com.kms.katalon.core.main.TestCaseExecutor.execute(TestCaseExecutor.java:227)
	at com.kms.katalon.core.main.TestSuiteExecutor.accessTestCaseMainPhase(TestSuiteExecutor.java:129)
	at com.kms.katalon.core.main.TestSuiteExecutor.accessTestSuiteMainPhase(TestSuiteExecutor.java:112)
	at com.kms.katalon.core.main.TestSuiteExecutor.execute(TestSuiteExecutor.java:81)
	at com.kms.katalon.core.main.TestCaseMain.startTestSuite(TestCaseMain.java:157)
	at com.kms.katalon.core.main.TestCaseMain$startTestSuite$0.call(Unknown Source)
	at TempTestSuite1556621721104.run(TempTestSuite1556621721104.groovy:35)


2019-04-30 14:03:59 - [TEST_STEP][PASSED] - login.c_login.logIn(site, userName, userPass): login.c_login.logIn is PASSED

2019-04-30 14:04:00 - [MESSAGE][INFO] - Starting 'Chrome' driver

2019-04-30 14:04:11 - [MESSAGE][PASSED] - Browser is opened with url: 'yulzari.ebstage.y-it.co.il'

2019-04-30 14:04:12 - [MESSAGE][PASSED] - Current window maximized

2019-04-30 14:04:12 - [MESSAGE][PASSED] - Text 'admin' is set on object 'Object Repository/Y-IT Log In/input_ _userName'

2019-04-30 14:04:13 - [MESSAGE][PASSED] - Text ****** has been set on object 'Object Repository/Y-IT Log In/input_ _password'

2019-04-30 14:04:13 - [MESSAGE][PASSED] - Object: 'Object Repository/Y-IT Log In/input_  _submit' is clicked on

2019-04-30 14:04:13 - [MESSAGE][PASSED] - login.c_login.logIn is PASSED

2019-04-30 14:04:13 - [TEST_STEP][PASSED] - date = new java.util.Date(): null

2019-04-30 14:04:13 - [TEST_STEP][PASSED] - cal = Calendar.getInstance(): null

2019-04-30 14:04:13 - [TEST_STEP][PASSED] - cal.setTime(date): null

2019-04-30 14:04:13 - [TEST_STEP][PASSED] - month = cal.get(MONTH) + 1: null

2019-04-30 14:04:13 - [TEST_STEP][PASSED] - year = cal.get(YEAR): null

2019-04-30 14:04:13 - [TEST_STEP][PASSED] - dayStr = "01": null

2019-04-30 14:04:13 - [TEST_STEP][PASSED] - monthStr = "": null

2019-04-30 14:04:13 - [TEST_STEP][PASSED] - yearStr = year.toString(): null

2019-04-30 14:04:13 - [TEST_STEP][PASSED] - if (month < 10): null

2019-04-30 14:04:13 - [TEST_STEP][PASSED] - monthStr = "0" + month.toString(): null

2019-04-30 14:04:13 - [TEST_STEP][PASSED] - fullDate = dayStr + monthStr + yearStr: null

2019-04-30 14:04:13 - [TEST_STEP][PASSED] - delay(1): Delayed 1 second(s)

2019-04-30 14:04:14 - [MESSAGE][PASSED] - Delayed 1 second(s)

2019-04-30 14:04:14 - [TEST_STEP][PASSED] - waitForElementPresent(findTestObject("General/mainEmptyBackground"), 15): Object 'Object Repository/General/mainEmptyBackground' is present

2019-04-30 14:04:16 - [MESSAGE][PASSED] - Object 'Object Repository/General/mainEmptyBackground' is present

2019-04-30 14:04:16 - [TEST_STEP][PASSED] - isPreSalaryTabOpen = waitForElementPresent(findTestObject("Pre-Salary/preSalaryTab"), 5): Object 'Object Repository/Pre-Salary/preSalaryTab' is present

2019-04-30 14:04:16 - [MESSAGE][PASSED] - Object 'Object Repository/Pre-Salary/preSalaryTab' is present

2019-04-30 14:04:16 - [TEST_STEP][PASSED] - if (!(isPreSalaryTabOpen)): null

2019-04-30 14:04:16 - [TEST_STEP][PASSED] - waitForElementPresent(findTestObject("Pre-Salary/Filters/Date Picker Start/datePickerInputField"), 15): Object 'Object Repository/Pre-Salary/Filters/Date Picker Start/datePickerInputField' is present

2019-04-30 14:04:17 - [MESSAGE][PASSED] - Object 'Object Repository/Pre-Salary/Filters/Date Picker Start/datePickerInputField' is present

2019-04-30 14:04:17 - [TEST_STEP][PASSED] - click(findTestObject("Pre-Salary/Filters/Date Picker Start/datePickerInputField")): Object: 'Object Repository/Pre-Salary/Filters/Date Picker Start/datePickerInputField' is clicked on

2019-04-30 14:04:18 - [MESSAGE][PASSED] - Object: 'Object Repository/Pre-Salary/Filters/Date Picker Start/datePickerInputField' is clicked on

2019-04-30 14:04:18 - [TEST_STEP][PASSED] - delay(1): Delayed 1 second(s)

2019-04-30 14:04:19 - [MESSAGE][PASSED] - Delayed 1 second(s)

2019-04-30 14:04:19 - [TEST_STEP][PASSED] - setText(findTestObject("Pre-Salary/Filters/Date Picker Start/datePickerInputField"), ""): Text '' is set on object 'Object Repository/Pre-Salary/Filters/Date Picker Start/datePickerInputField'

2019-04-30 14:04:19 - [MESSAGE][PASSED] - Text '' is set on object 'Object Repository/Pre-Salary/Filters/Date Picker Start/datePickerInputField'

2019-04-30 14:04:19 - [TEST_STEP][PASSED] - delay(1): Delayed 1 second(s)

2019-04-30 14:04:20 - [MESSAGE][PASSED] - Delayed 1 second(s)

2019-04-30 14:04:20 - [TEST_STEP][PASSED] - setText(findTestObject("Pre-Salary/Filters/Date Picker Start/datePickerInputField"), fullDate): Text '01042019' is set on object 'Object Repository/Pre-Salary/Filters/Date Picker Start/datePickerInputField'

2019-04-30 14:04:20 - [MESSAGE][PASSED] - Text '01042019' is set on object 'Object Repository/Pre-Salary/Filters/Date Picker Start/datePickerInputField'

2019-04-30 14:04:20 - [TEST_STEP][PASSED] - waitForElementPresent(findTestObject("Pre-Salary/Filters/Date Picker Start/datePickerInputField"), 15): Object 'Object Repository/Pre-Salary/Filters/Date Picker Start/datePickerInputField' is present

2019-04-30 14:04:20 - [MESSAGE][PASSED] - Object 'Object Repository/Pre-Salary/Filters/Date Picker Start/datePickerInputField' is present

2019-04-30 14:04:20 - [TEST_STEP][PASSED] - waitForElementNotPresent(findTestObject("Pre-Salary/Filters/Drivers Dropdown/isLoadingDropdown"), 15): Web element with id: 'Object Repository/Pre-Salary/Filters/Drivers Dropdown/isLoadingDropdown' located by 'By.cssSelector: div[id="preSalaryview"] > div:nth-of-type(2) > div:nth-of-type(1) > div:nth-of-type(2) > div:nth-of-type(1) > div:nth-of-type(5) > div:nth-of-type(1) > div:nth-of-type(1) > span:nth-of-type(1) > span:nth-of-type(1) > span:nth-of-type(2) > span:nth-of-type(1)[class="k-icon k-i-arrow-60-down k-i-loading"]' is not present after '15' second(s)

2019-04-30 14:04:21 - [MESSAGE][PASSED] - Web element with id: 'Object Repository/Pre-Salary/Filters/Drivers Dropdown/isLoadingDropdown' located by 'By.cssSelector: div[id="preSalaryview"] > div:nth-of-type(2) > div:nth-of-type(1) > div:nth-of-type(2) > div:nth-of-type(1) > div:nth-of-type(5) > div:nth-of-type(1) > div:nth-of-type(1) > span:nth-of-type(1) > span:nth-of-type(1) > span:nth-of-type(2) > span:nth-of-type(1)[class="k-icon k-i-arrow-60-down k-i-loading"]' is not present after '15' second(s)

2019-04-30 14:04:21 - [TEST_STEP][PASSED] - delay(1): Delayed 1 second(s)

2019-04-30 14:04:22 - [MESSAGE][PASSED] - Delayed 1 second(s)

2019-04-30 14:04:22 - [TEST_STEP][FAILED] - try: Unable to click on object 'Object Repository/Pre-Salary/Filters/Drivers Dropdown/driversListDropdownOpen'

2019-04-30 14:04:22 - [TEST_STEP][FAILED] - click(findTestObject("Pre-Salary/Filters/Drivers Dropdown/driversListDropdownOpen")): Unable to click on object 'Object Repository/Pre-Salary/Filters/Drivers Dropdown/driversListDropdownOpen'

2019-04-30 14:04:22 - [MESSAGE][FAILED] - Unable to click on object 'Object Repository/Pre-Salary/Filters/Drivers Dropdown/driversListDropdownOpen'
[[ATTACHMENT|C:\\Users\\leon.b\\git\\Y-IT_TransIT\\Reports\\Stage\\Pre Salary\\20190430_135512\\1556622262530.png]]

2019-04-30 14:04:22 - [TEST_STEP][FAILED] - catch (Exception err): catch (Exception err) FAILED.
Reason:
com.kms.katalon.core.exception.StepFailedException: Unable to click on object 'Object Repository/Pre-Salary/Filters/Drivers Dropdown/driversListDropdownOpen'
	at com.kms.katalon.core.keyword.internal.KeywordMain.stepFailed(KeywordMain.groovy:48)
	at com.kms.katalon.core.webui.keyword.internal.WebUIKeywordMain.stepFailed(WebUIKeywordMain.groovy:65)
	at com.kms.katalon.core.webui.keyword.internal.WebUIKeywordMain.runKeyword(WebUIKeywordMain.groovy:27)
	at com.kms.katalon.core.webui.keyword.builtin.ClickKeyword.click(ClickKeyword.groovy:86)
	at com.kms.katalon.core.webui.keyword.builtin.ClickKeyword.execute(ClickKeyword.groovy:67)
	at com.kms.katalon.core.keyword.internal.KeywordExecutor.executeKeywordForPlatform(KeywordExecutor.groovy:56)
	at com.kms.katalon.core.webui.keyword.WebUiBuiltInKeywords.click(WebUiBuiltInKeywords.groovy:616)
	at com.kms.katalon.core.webui.keyword.WebUiBuiltInKeywords$click$3.call(Unknown Source)
	at One Driver Calc.run(One Driver Calc:105)
	at com.kms.katalon.core.main.ScriptEngine.run(ScriptEngine.java:194)
	at com.kms.katalon.core.main.ScriptEngine.runScriptAsRawText(ScriptEngine.java:119)
	at com.kms.katalon.core.main.TestCaseExecutor.runScript(TestCaseExecutor.java:331)
	at com.kms.katalon.core.main.TestCaseExecutor.doExecute(TestCaseExecutor.java:322)
	at com.kms.katalon.core.main.TestCaseExecutor.processExecutionPhase(TestCaseExecutor.java:301)
	at com.kms.katalon.core.main.TestCaseExecutor.accessMainPhase(TestCaseExecutor.java:293)
	at com.kms.katalon.core.main.TestCaseExecutor.execute(TestCaseExecutor.java:227)
	at com.kms.katalon.core.main.TestSuiteExecutor.accessTestCaseMainPhase(TestSuiteExecutor.java:129)
	at com.kms.katalon.core.main.TestSuiteExecutor.accessTestSuiteMainPhase(TestSuiteExecutor.java:112)
	at com.kms.katalon.core.main.TestSuiteExecutor.execute(TestSuiteExecutor.java:81)
	at com.kms.katalon.core.main.TestCaseMain.startTestSuite(TestCaseMain.java:157)
	at com.kms.katalon.core.main.TestCaseMain$startTestSuite$0.call(Unknown Source)
	at TempTestSuite1556621721104.run(TempTestSuite1556621721104.groovy:35)


2019-04-30 14:04:22 - [TEST_STEP][PASSED] - delay(1): Delayed 1 second(s)

2019-04-30 14:04:23 - [MESSAGE][PASSED] - Delayed 1 second(s)

2019-04-30 14:04:23 - [TEST_STEP][PASSED] - waitForElementPresent(findTestObject("Pre-Salary/Filters/Drivers Dropdown/driversListDropdownOpen"), 10): Object 'Object Repository/Pre-Salary/Filters/Drivers Dropdown/driversListDropdownOpen' is present

2019-04-30 14:04:23 - [MESSAGE][PASSED] - Object 'Object Repository/Pre-Salary/Filters/Drivers Dropdown/driversListDropdownOpen' is present

2019-04-30 14:04:23 - [TEST_STEP][FAILED] - click(findTestObject("Pre-Salary/Filters/Drivers Dropdown/driversListDropdownOpen")): catch (Exception err) FAILED.
Reason:
com.kms.katalon.core.exception.StepFailedException: Unable to click on object 'Object Repository/Pre-Salary/Filters/Drivers Dropdown/driversListDropdownOpen'
	at com.kms.katalon.core.keyword.internal.KeywordMain.stepFailed(KeywordMain.groovy:48)
	at com.kms.katalon.core.webui.keyword.internal.WebUIKeywordMain.stepFailed(WebUIKeywordMain.groovy:65)
	at com.kms.katalon.core.webui.keyword.internal.WebUIKeywordMain.runKeyword(WebUIKeywordMain.groovy:27)
	at com.kms.katalon.core.webui.keyword.builtin.ClickKeyword.click(ClickKeyword.groovy:86)
	at com.kms.katalon.core.webui.keyword.builtin.ClickKeyword.execute(ClickKeyword.groovy:67)
	at com.kms.katalon.core.keyword.internal.KeywordExecutor.executeKeywordForPlatform(KeywordExecutor.groovy:56)
	at com.kms.katalon.core.webui.keyword.WebUiBuiltInKeywords.click(WebUiBuiltInKeywords.groovy:616)
	at com.kms.katalon.core.webui.keyword.WebUiBuiltInKeywords$click$3.call(Unknown Source)
	at One Driver Calc.run(One Driver Calc:105)
	at com.kms.katalon.core.main.ScriptEngine.run(ScriptEngine.java:194)
	at com.kms.katalon.core.main.ScriptEngine.runScriptAsRawText(ScriptEngine.java:119)
	at com.kms.katalon.core.main.TestCaseExecutor.runScript(TestCaseExecutor.java:331)
	at com.kms.katalon.core.main.TestCaseExecutor.doExecute(TestCaseExecutor.java:322)
	at com.kms.katalon.core.main.TestCaseExecutor.processExecutionPhase(TestCaseExecutor.java:301)
	at com.kms.katalon.core.main.TestCaseExecutor.accessMainPhase(TestCaseExecutor.java:293)
	at com.kms.katalon.core.main.TestCaseExecutor.execute(TestCaseExecutor.java:227)
	at com.kms.katalon.core.main.TestSuiteExecutor.accessTestCaseMainPhase(TestSuiteExecutor.java:129)
	at com.kms.katalon.core.main.TestSuiteExecutor.accessTestSuiteMainPhase(TestSuiteExecutor.java:112)
	at com.kms.katalon.core.main.TestSuiteExecutor.execute(TestSuiteExecutor.java:81)
	at com.kms.katalon.core.main.TestCaseMain.startTestSuite(TestCaseMain.java:157)
	at com.kms.katalon.core.main.TestCaseMain$startTestSuite$0.call(Unknown Source)
	at TempTestSuite1556621721104.run(TempTestSuite1556621721104.groovy:35)


2019-04-30 14:04:24 - [MESSAGE][FAILED] - Unable to click on object 'Object Repository/Pre-Salary/Filters/Drivers Dropdown/driversListDropdownOpen'
[[ATTACHMENT|C:\\Users\\leon.b\\git\\Y-IT_TransIT\\Reports\\Stage\\Pre Salary\\20190430_135512\\1556622264054.png]]

2019-04-30 14:04:24 - [MESSAGE][FAILED] - catch (Exception err) FAILED.
Reason:
com.kms.katalon.core.exception.StepFailedException: Unable to click on object 'Object Repository/Pre-Salary/Filters/Drivers Dropdown/driversListDropdownOpen'
	at com.kms.katalon.core.keyword.internal.KeywordMain.stepFailed(KeywordMain.groovy:48)
	at com.kms.katalon.core.webui.keyword.internal.WebUIKeywordMain.stepFailed(WebUIKeywordMain.groovy:65)
	at com.kms.katalon.core.webui.keyword.internal.WebUIKeywordMain.runKeyword(WebUIKeywordMain.groovy:27)
	at com.kms.katalon.core.webui.keyword.builtin.ClickKeyword.click(ClickKeyword.groovy:86)
	at com.kms.katalon.core.webui.keyword.builtin.ClickKeyword.execute(ClickKeyword.groovy:67)
	at com.kms.katalon.core.keyword.internal.KeywordExecutor.executeKeywordForPlatform(KeywordExecutor.groovy:56)
	at com.kms.katalon.core.webui.keyword.WebUiBuiltInKeywords.click(WebUiBuiltInKeywords.groovy:616)
	at com.kms.katalon.core.webui.keyword.WebUiBuiltInKeywords$click$3.call(Unknown Source)
	at One Driver Calc.run(One Driver Calc:105)
	at com.kms.katalon.core.main.ScriptEngine.run(ScriptEngine.java:194)
	at com.kms.katalon.core.main.ScriptEngine.runScriptAsRawText(ScriptEngine.java:119)
	at com.kms.katalon.core.main.TestCaseExecutor.runScript(TestCaseExecutor.java:331)
	at com.kms.katalon.core.main.TestCaseExecutor.doExecute(TestCaseExecutor.java:322)
	at com.kms.katalon.core.main.TestCaseExecutor.processExecutionPhase(TestCaseExecutor.java:301)
	at com.kms.katalon.core.main.TestCaseExecutor.accessMainPhase(TestCaseExecutor.java:293)
	at com.kms.katalon.core.main.TestCaseExecutor.execute(TestCaseExecutor.java:227)
	at com.kms.katalon.core.main.TestSuiteExecutor.accessTestCaseMainPhase(TestSuiteExecutor.java:129)
	at com.kms.katalon.core.main.TestSuiteExecutor.accessTestSuiteMainPhase(TestSuiteExecutor.java:112)
	at com.kms.katalon.core.main.TestSuiteExecutor.execute(TestSuiteExecutor.java:81)
	at com.kms.katalon.core.main.TestCaseMain.startTestSuite(TestCaseMain.java:157)
	at com.kms.katalon.core.main.TestCaseMain$startTestSuite$0.call(Unknown Source)
	at TempTestSuite1556621721104.run(TempTestSuite1556621721104.groovy:35)]]></system-out>
         <system-err><![CDATA[2019-04-30 14:03:59 - [TEST_CASE][FAILED] - Test Cases/Pre-Salary/One Driver Calc: Test Cases/Pre-Salary/One Driver Calc FAILED.
Reason:
com.kms.katalon.core.exception.StepFailedException: Unable to click on object 'Object Repository/Pre-Salary/Filters/Drivers Dropdown/driversListDropdownOpen'
	at com.kms.katalon.core.keyword.internal.KeywordMain.stepFailed(KeywordMain.groovy:48)
	at com.kms.katalon.core.webui.keyword.internal.WebUIKeywordMain.stepFailed(WebUIKeywordMain.groovy:65)
	at com.kms.katalon.core.webui.keyword.internal.WebUIKeywordMain.runKeyword(WebUIKeywordMain.groovy:27)
	at com.kms.katalon.core.webui.keyword.builtin.ClickKeyword.click(ClickKeyword.groovy:86)
	at com.kms.katalon.core.webui.keyword.builtin.ClickKeyword.execute(ClickKeyword.groovy:67)
	at com.kms.katalon.core.keyword.internal.KeywordExecutor.executeKeywordForPlatform(KeywordExecutor.groovy:56)
	at com.kms.katalon.core.webui.keyword.WebUiBuiltInKeywords.click(WebUiBuiltInKeywords.groovy:616)
	at com.kms.katalon.core.webui.keyword.WebUiBuiltInKeywords$click$3.call(Unknown Source)
	at One Driver Calc.run(One Driver Calc:105)
	at com.kms.katalon.core.main.ScriptEngine.run(ScriptEngine.java:194)
	at com.kms.katalon.core.main.ScriptEngine.runScriptAsRawText(ScriptEngine.java:119)
	at com.kms.katalon.core.main.TestCaseExecutor.runScript(TestCaseExecutor.java:331)
	at com.kms.katalon.core.main.TestCaseExecutor.doExecute(TestCaseExecutor.java:322)
	at com.kms.katalon.core.main.TestCaseExecutor.processExecutionPhase(TestCaseExecutor.java:301)
	at com.kms.katalon.core.main.TestCaseExecutor.accessMainPhase(TestCaseExecutor.java:293)
	at com.kms.katalon.core.main.TestCaseExecutor.execute(TestCaseExecutor.java:227)
	at com.kms.katalon.core.main.TestSuiteExecutor.accessTestCaseMainPhase(TestSuiteExecutor.java:129)
	at com.kms.katalon.core.main.TestSuiteExecutor.accessTestSuiteMainPhase(TestSuiteExecutor.java:112)
	at com.kms.katalon.core.main.TestSuiteExecutor.execute(TestSuiteExecutor.java:81)
	at com.kms.katalon.core.main.TestCaseMain.startTestSuite(TestCaseMain.java:157)
	at com.kms.katalon.core.main.TestCaseMain$startTestSuite$0.call(Unknown Source)
	at TempTestSuite1556621721104.run(TempTestSuite1556621721104.groovy:35)]]></system-err>
      </testcase>
      <testcase name="Test Cases/Pre-Salary/One Driver Calc" classname="Test Cases/Pre-Salary/One Driver Calc" status="FAILED">
         <failure type="FAILED" message="Test Cases/Pre-Salary/One Driver Calc FAILED.
Reason:
com.kms.katalon.core.exception.StepFailedException: Unable to click on object 'Object Repository/Pre-Salary/Filters/Drivers Dropdown/driversListDropdownOpen'
	at com.kms.katalon.core.keyword.internal.KeywordMain.stepFailed(KeywordMain.groovy:48)
	at com.kms.katalon.core.webui.keyword.internal.WebUIKeywordMain.stepFailed(WebUIKeywordMain.groovy:65)
	at com.kms.katalon.core.webui.keyword.internal.WebUIKeywordMain.runKeyword(WebUIKeywordMain.groovy:27)
	at com.kms.katalon.core.webui.keyword.builtin.ClickKeyword.click(ClickKeyword.groovy:86)
	at com.kms.katalon.core.webui.keyword.builtin.ClickKeyword.execute(ClickKeyword.groovy:67)
	at com.kms.katalon.core.keyword.internal.KeywordExecutor.executeKeywordForPlatform(KeywordExecutor.groovy:56)
	at com.kms.katalon.core.webui.keyword.WebUiBuiltInKeywords.click(WebUiBuiltInKeywords.groovy:616)
	at com.kms.katalon.core.webui.keyword.WebUiBuiltInKeywords$click$3.call(Unknown Source)
	at One Driver Calc.run(One Driver Calc:105)
	at com.kms.katalon.core.main.ScriptEngine.run(ScriptEngine.java:194)
	at com.kms.katalon.core.main.ScriptEngine.runScriptAsRawText(ScriptEngine.java:119)
	at com.kms.katalon.core.main.TestCaseExecutor.runScript(TestCaseExecutor.java:331)
	at com.kms.katalon.core.main.TestCaseExecutor.doExecute(TestCaseExecutor.java:322)
	at com.kms.katalon.core.main.TestCaseExecutor.processExecutionPhase(TestCaseExecutor.java:301)
	at com.kms.katalon.core.main.TestCaseExecutor.accessMainPhase(TestCaseExecutor.java:293)
	at com.kms.katalon.core.main.TestCaseExecutor.execute(TestCaseExecutor.java:227)
	at com.kms.katalon.core.main.TestSuiteExecutor.accessTestCaseMainPhase(TestSuiteExecutor.java:129)
	at com.kms.katalon.core.main.TestSuiteExecutor.accessTestSuiteMainPhase(TestSuiteExecutor.java:112)
	at com.kms.katalon.core.main.TestSuiteExecutor.execute(TestSuiteExecutor.java:81)
	at com.kms.katalon.core.main.TestCaseMain.startTestSuite(TestCaseMain.java:157)
	at com.kms.katalon.core.main.TestCaseMain$startTestSuite$0.call(Unknown Source)
	at TempTestSuite1556621721104.run(TempTestSuite1556621721104.groovy:35)
"/>
         <system-out><![CDATA[2019-04-30 14:04:24 - [TEST_CASE][FAILED] - Test Cases/Pre-Salary/One Driver Calc: Test Cases/Pre-Salary/One Driver Calc FAILED.
Reason:
com.kms.katalon.core.exception.StepFailedException: Unable to click on object 'Object Repository/Pre-Salary/Filters/Drivers Dropdown/driversListDropdownOpen'
	at com.kms.katalon.core.keyword.internal.KeywordMain.stepFailed(KeywordMain.groovy:48)
	at com.kms.katalon.core.webui.keyword.internal.WebUIKeywordMain.stepFailed(WebUIKeywordMain.groovy:65)
	at com.kms.katalon.core.webui.keyword.internal.WebUIKeywordMain.runKeyword(WebUIKeywordMain.groovy:27)
	at com.kms.katalon.core.webui.keyword.builtin.ClickKeyword.click(ClickKeyword.groovy:86)
	at com.kms.katalon.core.webui.keyword.builtin.ClickKeyword.execute(ClickKeyword.groovy:67)
	at com.kms.katalon.core.keyword.internal.KeywordExecutor.executeKeywordForPlatform(KeywordExecutor.groovy:56)
	at com.kms.katalon.core.webui.keyword.WebUiBuiltInKeywords.click(WebUiBuiltInKeywords.groovy:616)
	at com.kms.katalon.core.webui.keyword.WebUiBuiltInKeywords$click$3.call(Unknown Source)
	at One Driver Calc.run(One Driver Calc:105)
	at com.kms.katalon.core.main.ScriptEngine.run(ScriptEngine.java:194)
	at com.kms.katalon.core.main.ScriptEngine.runScriptAsRawText(ScriptEngine.java:119)
	at com.kms.katalon.core.main.TestCaseExecutor.runScript(TestCaseExecutor.java:331)
	at com.kms.katalon.core.main.TestCaseExecutor.doExecute(TestCaseExecutor.java:322)
	at com.kms.katalon.core.main.TestCaseExecutor.processExecutionPhase(TestCaseExecutor.java:301)
	at com.kms.katalon.core.main.TestCaseExecutor.accessMainPhase(TestCaseExecutor.java:293)
	at com.kms.katalon.core.main.TestCaseExecutor.execute(TestCaseExecutor.java:227)
	at com.kms.katalon.core.main.TestSuiteExecutor.accessTestCaseMainPhase(TestSuiteExecutor.java:129)
	at com.kms.katalon.core.main.TestSuiteExecutor.accessTestSuiteMainPhase(TestSuiteExecutor.java:112)
	at com.kms.katalon.core.main.TestSuiteExecutor.execute(TestSuiteExecutor.java:81)
	at com.kms.katalon.core.main.TestCaseMain.startTestSuite(TestCaseMain.java:157)
	at com.kms.katalon.core.main.TestCaseMain$startTestSuite$0.call(Unknown Source)
	at TempTestSuite1556621721104.run(TempTestSuite1556621721104.groovy:35)


2019-04-30 14:04:24 - [TEST_STEP][PASSED] - login.c_login.logIn(site, userName, userPass): login.c_login.logIn is PASSED

2019-04-30 14:04:24 - [MESSAGE][WARNING] - A browser is already opened. Closing browser and opening a new one

2019-04-30 14:04:25 - [MESSAGE][INFO] - Starting 'Chrome' driver

2019-04-30 14:04:37 - [MESSAGE][PASSED] - Browser is opened with url: 'monisitton.ebstage.y-it.co.il'

2019-04-30 14:04:38 - [MESSAGE][PASSED] - Current window maximized

2019-04-30 14:04:38 - [MESSAGE][PASSED] - Text 'admin' is set on object 'Object Repository/Y-IT Log In/input_ _userName'

2019-04-30 14:04:39 - [MESSAGE][PASSED] - Text ****** has been set on object 'Object Repository/Y-IT Log In/input_ _password'

2019-04-30 14:04:39 - [MESSAGE][PASSED] - Object: 'Object Repository/Y-IT Log In/input_  _submit' is clicked on

2019-04-30 14:04:39 - [MESSAGE][PASSED] - login.c_login.logIn is PASSED

2019-04-30 14:04:39 - [TEST_STEP][PASSED] - date = new java.util.Date(): null

2019-04-30 14:04:39 - [TEST_STEP][PASSED] - cal = Calendar.getInstance(): null

2019-04-30 14:04:39 - [TEST_STEP][PASSED] - cal.setTime(date): null

2019-04-30 14:04:39 - [TEST_STEP][PASSED] - month = cal.get(MONTH) + 1: null

2019-04-30 14:04:39 - [TEST_STEP][PASSED] - year = cal.get(YEAR): null

2019-04-30 14:04:39 - [TEST_STEP][PASSED] - dayStr = "01": null

2019-04-30 14:04:39 - [TEST_STEP][PASSED] - monthStr = "": null

2019-04-30 14:04:39 - [TEST_STEP][PASSED] - yearStr = year.toString(): null

2019-04-30 14:04:39 - [TEST_STEP][PASSED] - if (month < 10): null

2019-04-30 14:04:39 - [TEST_STEP][PASSED] - monthStr = "0" + month.toString(): null

2019-04-30 14:04:39 - [TEST_STEP][PASSED] - fullDate = dayStr + monthStr + yearStr: null

2019-04-30 14:04:39 - [TEST_STEP][PASSED] - delay(1): Delayed 1 second(s)

2019-04-30 14:04:40 - [MESSAGE][PASSED] - Delayed 1 second(s)

2019-04-30 14:04:40 - [TEST_STEP][PASSED] - waitForElementPresent(findTestObject("General/mainEmptyBackground"), 15): Object 'Object Repository/General/mainEmptyBackground' is present

2019-04-30 14:04:42 - [MESSAGE][PASSED] - Object 'Object Repository/General/mainEmptyBackground' is present

2019-04-30 14:04:42 - [TEST_STEP][PASSED] - isPreSalaryTabOpen = waitForElementPresent(findTestObject("Pre-Salary/preSalaryTab"), 5): Object 'Object Repository/Pre-Salary/preSalaryTab' is present

2019-04-30 14:04:42 - [MESSAGE][PASSED] - Object 'Object Repository/Pre-Salary/preSalaryTab' is present

2019-04-30 14:04:42 - [TEST_STEP][PASSED] - if (!(isPreSalaryTabOpen)): null

2019-04-30 14:04:42 - [TEST_STEP][PASSED] - waitForElementPresent(findTestObject("Pre-Salary/Filters/Date Picker Start/datePickerInputField"), 15): Object 'Object Repository/Pre-Salary/Filters/Date Picker Start/datePickerInputField' is present

2019-04-30 14:04:43 - [MESSAGE][PASSED] - Object 'Object Repository/Pre-Salary/Filters/Date Picker Start/datePickerInputField' is present

2019-04-30 14:04:43 - [TEST_STEP][PASSED] - click(findTestObject("Pre-Salary/Filters/Date Picker Start/datePickerInputField")): Object: 'Object Repository/Pre-Salary/Filters/Date Picker Start/datePickerInputField' is clicked on

2019-04-30 14:04:43 - [MESSAGE][PASSED] - Object: 'Object Repository/Pre-Salary/Filters/Date Picker Start/datePickerInputField' is clicked on

2019-04-30 14:04:43 - [TEST_STEP][PASSED] - delay(1): Delayed 1 second(s)

2019-04-30 14:04:44 - [MESSAGE][PASSED] - Delayed 1 second(s)

2019-04-30 14:04:44 - [TEST_STEP][PASSED] - setText(findTestObject("Pre-Salary/Filters/Date Picker Start/datePickerInputField"), ""): Text '' is set on object 'Object Repository/Pre-Salary/Filters/Date Picker Start/datePickerInputField'

2019-04-30 14:04:44 - [MESSAGE][PASSED] - Text '' is set on object 'Object Repository/Pre-Salary/Filters/Date Picker Start/datePickerInputField'

2019-04-30 14:04:44 - [TEST_STEP][PASSED] - delay(1): Delayed 1 second(s)

2019-04-30 14:04:45 - [MESSAGE][PASSED] - Delayed 1 second(s)

2019-04-30 14:04:45 - [TEST_STEP][PASSED] - setText(findTestObject("Pre-Salary/Filters/Date Picker Start/datePickerInputField"), fullDate): Text '01042019' is set on object 'Object Repository/Pre-Salary/Filters/Date Picker Start/datePickerInputField'

2019-04-30 14:04:46 - [MESSAGE][PASSED] - Text '01042019' is set on object 'Object Repository/Pre-Salary/Filters/Date Picker Start/datePickerInputField'

2019-04-30 14:04:46 - [TEST_STEP][PASSED] - waitForElementPresent(findTestObject("Pre-Salary/Filters/Date Picker Start/datePickerInputField"), 15): Object 'Object Repository/Pre-Salary/Filters/Date Picker Start/datePickerInputField' is present

2019-04-30 14:04:46 - [MESSAGE][PASSED] - Object 'Object Repository/Pre-Salary/Filters/Date Picker Start/datePickerInputField' is present

2019-04-30 14:04:46 - [TEST_STEP][PASSED] - waitForElementNotPresent(findTestObject("Pre-Salary/Filters/Drivers Dropdown/isLoadingDropdown"), 15): Web element with id: 'Object Repository/Pre-Salary/Filters/Drivers Dropdown/isLoadingDropdown' located by 'By.cssSelector: div[id="preSalaryview"] > div:nth-of-type(2) > div:nth-of-type(1) > div:nth-of-type(2) > div:nth-of-type(1) > div:nth-of-type(5) > div:nth-of-type(1) > div:nth-of-type(1) > span:nth-of-type(1) > span:nth-of-type(1) > span:nth-of-type(2) > span:nth-of-type(1)[class="k-icon k-i-arrow-60-down k-i-loading"]' is not present after '15' second(s)

2019-04-30 14:04:47 - [MESSAGE][PASSED] - Web element with id: 'Object Repository/Pre-Salary/Filters/Drivers Dropdown/isLoadingDropdown' located by 'By.cssSelector: div[id="preSalaryview"] > div:nth-of-type(2) > div:nth-of-type(1) > div:nth-of-type(2) > div:nth-of-type(1) > div:nth-of-type(5) > div:nth-of-type(1) > div:nth-of-type(1) > span:nth-of-type(1) > span:nth-of-type(1) > span:nth-of-type(2) > span:nth-of-type(1)[class="k-icon k-i-arrow-60-down k-i-loading"]' is not present after '15' second(s)

2019-04-30 14:04:47 - [TEST_STEP][PASSED] - delay(1): Delayed 1 second(s)

2019-04-30 14:04:48 - [MESSAGE][PASSED] - Delayed 1 second(s)

2019-04-30 14:04:48 - [TEST_STEP][FAILED] - try: Unable to click on object 'Object Repository/Pre-Salary/Filters/Drivers Dropdown/driversListDropdownOpen'

2019-04-30 14:04:48 - [TEST_STEP][FAILED] - click(findTestObject("Pre-Salary/Filters/Drivers Dropdown/driversListDropdownOpen")): Unable to click on object 'Object Repository/Pre-Salary/Filters/Drivers Dropdown/driversListDropdownOpen'

2019-04-30 14:04:49 - [MESSAGE][FAILED] - Unable to click on object 'Object Repository/Pre-Salary/Filters/Drivers Dropdown/driversListDropdownOpen'
[[ATTACHMENT|C:\\Users\\leon.b\\git\\Y-IT_TransIT\\Reports\\Stage\\Pre Salary\\20190430_135512\\1556622288812.png]]

2019-04-30 14:04:49 - [TEST_STEP][FAILED] - catch (Exception err): catch (Exception err) FAILED.
Reason:
com.kms.katalon.core.exception.StepFailedException: Unable to click on object 'Object Repository/Pre-Salary/Filters/Drivers Dropdown/driversListDropdownOpen'
	at com.kms.katalon.core.keyword.internal.KeywordMain.stepFailed(KeywordMain.groovy:48)
	at com.kms.katalon.core.webui.keyword.internal.WebUIKeywordMain.stepFailed(WebUIKeywordMain.groovy:65)
	at com.kms.katalon.core.webui.keyword.internal.WebUIKeywordMain.runKeyword(WebUIKeywordMain.groovy:27)
	at com.kms.katalon.core.webui.keyword.builtin.ClickKeyword.click(ClickKeyword.groovy:86)
	at com.kms.katalon.core.webui.keyword.builtin.ClickKeyword.execute(ClickKeyword.groovy:67)
	at com.kms.katalon.core.keyword.internal.KeywordExecutor.executeKeywordForPlatform(KeywordExecutor.groovy:56)
	at com.kms.katalon.core.webui.keyword.WebUiBuiltInKeywords.click(WebUiBuiltInKeywords.groovy:616)
	at com.kms.katalon.core.webui.keyword.WebUiBuiltInKeywords$click$3.call(Unknown Source)
	at One Driver Calc.run(One Driver Calc:105)
	at com.kms.katalon.core.main.ScriptEngine.run(ScriptEngine.java:194)
	at com.kms.katalon.core.main.ScriptEngine.runScriptAsRawText(ScriptEngine.java:119)
	at com.kms.katalon.core.main.TestCaseExecutor.runScript(TestCaseExecutor.java:331)
	at com.kms.katalon.core.main.TestCaseExecutor.doExecute(TestCaseExecutor.java:322)
	at com.kms.katalon.core.main.TestCaseExecutor.processExecutionPhase(TestCaseExecutor.java:301)
	at com.kms.katalon.core.main.TestCaseExecutor.accessMainPhase(TestCaseExecutor.java:293)
	at com.kms.katalon.core.main.TestCaseExecutor.execute(TestCaseExecutor.java:227)
	at com.kms.katalon.core.main.TestSuiteExecutor.accessTestCaseMainPhase(TestSuiteExecutor.java:129)
	at com.kms.katalon.core.main.TestSuiteExecutor.accessTestSuiteMainPhase(TestSuiteExecutor.java:112)
	at com.kms.katalon.core.main.TestSuiteExecutor.execute(TestSuiteExecutor.java:81)
	at com.kms.katalon.core.main.TestCaseMain.startTestSuite(TestCaseMain.java:157)
	at com.kms.katalon.core.main.TestCaseMain$startTestSuite$0.call(Unknown Source)
	at TempTestSuite1556621721104.run(TempTestSuite1556621721104.groovy:35)


2019-04-30 14:04:49 - [TEST_STEP][PASSED] - delay(1): Delayed 1 second(s)

2019-04-30 14:04:50 - [MESSAGE][PASSED] - Delayed 1 second(s)

2019-04-30 14:04:50 - [TEST_STEP][PASSED] - waitForElementPresent(findTestObject("Pre-Salary/Filters/Drivers Dropdown/driversListDropdownOpen"), 10): Object 'Object Repository/Pre-Salary/Filters/Drivers Dropdown/driversListDropdownOpen' is present

2019-04-30 14:04:50 - [MESSAGE][PASSED] - Object 'Object Repository/Pre-Salary/Filters/Drivers Dropdown/driversListDropdownOpen' is present

2019-04-30 14:04:50 - [TEST_STEP][FAILED] - click(findTestObject("Pre-Salary/Filters/Drivers Dropdown/driversListDropdownOpen")): catch (Exception err) FAILED.
Reason:
com.kms.katalon.core.exception.StepFailedException: Unable to click on object 'Object Repository/Pre-Salary/Filters/Drivers Dropdown/driversListDropdownOpen'
	at com.kms.katalon.core.keyword.internal.KeywordMain.stepFailed(KeywordMain.groovy:48)
	at com.kms.katalon.core.webui.keyword.internal.WebUIKeywordMain.stepFailed(WebUIKeywordMain.groovy:65)
	at com.kms.katalon.core.webui.keyword.internal.WebUIKeywordMain.runKeyword(WebUIKeywordMain.groovy:27)
	at com.kms.katalon.core.webui.keyword.builtin.ClickKeyword.click(ClickKeyword.groovy:86)
	at com.kms.katalon.core.webui.keyword.builtin.ClickKeyword.execute(ClickKeyword.groovy:67)
	at com.kms.katalon.core.keyword.internal.KeywordExecutor.executeKeywordForPlatform(KeywordExecutor.groovy:56)
	at com.kms.katalon.core.webui.keyword.WebUiBuiltInKeywords.click(WebUiBuiltInKeywords.groovy:616)
	at com.kms.katalon.core.webui.keyword.WebUiBuiltInKeywords$click$3.call(Unknown Source)
	at One Driver Calc.run(One Driver Calc:105)
	at com.kms.katalon.core.main.ScriptEngine.run(ScriptEngine.java:194)
	at com.kms.katalon.core.main.ScriptEngine.runScriptAsRawText(ScriptEngine.java:119)
	at com.kms.katalon.core.main.TestCaseExecutor.runScript(TestCaseExecutor.java:331)
	at com.kms.katalon.core.main.TestCaseExecutor.doExecute(TestCaseExecutor.java:322)
	at com.kms.katalon.core.main.TestCaseExecutor.processExecutionPhase(TestCaseExecutor.java:301)
	at com.kms.katalon.core.main.TestCaseExecutor.accessMainPhase(TestCaseExecutor.java:293)
	at com.kms.katalon.core.main.TestCaseExecutor.execute(TestCaseExecutor.java:227)
	at com.kms.katalon.core.main.TestSuiteExecutor.accessTestCaseMainPhase(TestSuiteExecutor.java:129)
	at com.kms.katalon.core.main.TestSuiteExecutor.accessTestSuiteMainPhase(TestSuiteExecutor.java:112)
	at com.kms.katalon.core.main.TestSuiteExecutor.execute(TestSuiteExecutor.java:81)
	at com.kms.katalon.core.main.TestCaseMain.startTestSuite(TestCaseMain.java:157)
	at com.kms.katalon.core.main.TestCaseMain$startTestSuite$0.call(Unknown Source)
	at TempTestSuite1556621721104.run(TempTestSuite1556621721104.groovy:35)


2019-04-30 14:04:50 - [MESSAGE][FAILED] - Unable to click on object 'Object Repository/Pre-Salary/Filters/Drivers Dropdown/driversListDropdownOpen'
[[ATTACHMENT|C:\\Users\\leon.b\\git\\Y-IT_TransIT\\Reports\\Stage\\Pre Salary\\20190430_135512\\1556622290358.png]]

2019-04-30 14:04:50 - [MESSAGE][FAILED] - catch (Exception err) FAILED.
Reason:
com.kms.katalon.core.exception.StepFailedException: Unable to click on object 'Object Repository/Pre-Salary/Filters/Drivers Dropdown/driversListDropdownOpen'
	at com.kms.katalon.core.keyword.internal.KeywordMain.stepFailed(KeywordMain.groovy:48)
	at com.kms.katalon.core.webui.keyword.internal.WebUIKeywordMain.stepFailed(WebUIKeywordMain.groovy:65)
	at com.kms.katalon.core.webui.keyword.internal.WebUIKeywordMain.runKeyword(WebUIKeywordMain.groovy:27)
	at com.kms.katalon.core.webui.keyword.builtin.ClickKeyword.click(ClickKeyword.groovy:86)
	at com.kms.katalon.core.webui.keyword.builtin.ClickKeyword.execute(ClickKeyword.groovy:67)
	at com.kms.katalon.core.keyword.internal.KeywordExecutor.executeKeywordForPlatform(KeywordExecutor.groovy:56)
	at com.kms.katalon.core.webui.keyword.WebUiBuiltInKeywords.click(WebUiBuiltInKeywords.groovy:616)
	at com.kms.katalon.core.webui.keyword.WebUiBuiltInKeywords$click$3.call(Unknown Source)
	at One Driver Calc.run(One Driver Calc:105)
	at com.kms.katalon.core.main.ScriptEngine.run(ScriptEngine.java:194)
	at com.kms.katalon.core.main.ScriptEngine.runScriptAsRawText(ScriptEngine.java:119)
	at com.kms.katalon.core.main.TestCaseExecutor.runScript(TestCaseExecutor.java:331)
	at com.kms.katalon.core.main.TestCaseExecutor.doExecute(TestCaseExecutor.java:322)
	at com.kms.katalon.core.main.TestCaseExecutor.processExecutionPhase(TestCaseExecutor.java:301)
	at com.kms.katalon.core.main.TestCaseExecutor.accessMainPhase(TestCaseExecutor.java:293)
	at com.kms.katalon.core.main.TestCaseExecutor.execute(TestCaseExecutor.java:227)
	at com.kms.katalon.core.main.TestSuiteExecutor.accessTestCaseMainPhase(TestSuiteExecutor.java:129)
	at com.kms.katalon.core.main.TestSuiteExecutor.accessTestSuiteMainPhase(TestSuiteExecutor.java:112)
	at com.kms.katalon.core.main.TestSuiteExecutor.execute(TestSuiteExecutor.java:81)
	at com.kms.katalon.core.main.TestCaseMain.startTestSuite(TestCaseMain.java:157)
	at com.kms.katalon.core.main.TestCaseMain$startTestSuite$0.call(Unknown Source)
	at TempTestSuite1556621721104.run(TempTestSuite1556621721104.groovy:35)]]></system-out>
         <system-err><![CDATA[2019-04-30 14:04:24 - [TEST_CASE][FAILED] - Test Cases/Pre-Salary/One Driver Calc: Test Cases/Pre-Salary/One Driver Calc FAILED.
Reason:
com.kms.katalon.core.exception.StepFailedException: Unable to click on object 'Object Repository/Pre-Salary/Filters/Drivers Dropdown/driversListDropdownOpen'
	at com.kms.katalon.core.keyword.internal.KeywordMain.stepFailed(KeywordMain.groovy:48)
	at com.kms.katalon.core.webui.keyword.internal.WebUIKeywordMain.stepFailed(WebUIKeywordMain.groovy:65)
	at com.kms.katalon.core.webui.keyword.internal.WebUIKeywordMain.runKeyword(WebUIKeywordMain.groovy:27)
	at com.kms.katalon.core.webui.keyword.builtin.ClickKeyword.click(ClickKeyword.groovy:86)
	at com.kms.katalon.core.webui.keyword.builtin.ClickKeyword.execute(ClickKeyword.groovy:67)
	at com.kms.katalon.core.keyword.internal.KeywordExecutor.executeKeywordForPlatform(KeywordExecutor.groovy:56)
	at com.kms.katalon.core.webui.keyword.WebUiBuiltInKeywords.click(WebUiBuiltInKeywords.groovy:616)
	at com.kms.katalon.core.webui.keyword.WebUiBuiltInKeywords$click$3.call(Unknown Source)
	at One Driver Calc.run(One Driver Calc:105)
	at com.kms.katalon.core.main.ScriptEngine.run(ScriptEngine.java:194)
	at com.kms.katalon.core.main.ScriptEngine.runScriptAsRawText(ScriptEngine.java:119)
	at com.kms.katalon.core.main.TestCaseExecutor.runScript(TestCaseExecutor.java:331)
	at com.kms.katalon.core.main.TestCaseExecutor.doExecute(TestCaseExecutor.java:322)
	at com.kms.katalon.core.main.TestCaseExecutor.processExecutionPhase(TestCaseExecutor.java:301)
	at com.kms.katalon.core.main.TestCaseExecutor.accessMainPhase(TestCaseExecutor.java:293)
	at com.kms.katalon.core.main.TestCaseExecutor.execute(TestCaseExecutor.java:227)
	at com.kms.katalon.core.main.TestSuiteExecutor.accessTestCaseMainPhase(TestSuiteExecutor.java:129)
	at com.kms.katalon.core.main.TestSuiteExecutor.accessTestSuiteMainPhase(TestSuiteExecutor.java:112)
	at com.kms.katalon.core.main.TestSuiteExecutor.execute(TestSuiteExecutor.java:81)
	at com.kms.katalon.core.main.TestCaseMain.startTestSuite(TestCaseMain.java:157)
	at com.kms.katalon.core.main.TestCaseMain$startTestSuite$0.call(Unknown Source)
	at TempTestSuite1556621721104.run(TempTestSuite1556621721104.groovy:35)]]></system-err>
      </testcase>
      <testcase name="Test Cases/Pre-Salary/One Driver Calc" classname="Test Cases/Pre-Salary/One Driver Calc" status="FAILED">
         <failure type="FAILED" message="Test Cases/Pre-Salary/One Driver Calc FAILED.
Reason:
com.kms.katalon.core.exception.StepFailedException: Unable to click on object 'Object Repository/Pre-Salary/Filters/Drivers Dropdown/driversListDropdownOpen'
	at com.kms.katalon.core.keyword.internal.KeywordMain.stepFailed(KeywordMain.groovy:48)
	at com.kms.katalon.core.webui.keyword.internal.WebUIKeywordMain.stepFailed(WebUIKeywordMain.groovy:65)
	at com.kms.katalon.core.webui.keyword.internal.WebUIKeywordMain.runKeyword(WebUIKeywordMain.groovy:27)
	at com.kms.katalon.core.webui.keyword.builtin.ClickKeyword.click(ClickKeyword.groovy:86)
	at com.kms.katalon.core.webui.keyword.builtin.ClickKeyword.execute(ClickKeyword.groovy:67)
	at com.kms.katalon.core.keyword.internal.KeywordExecutor.executeKeywordForPlatform(KeywordExecutor.groovy:56)
	at com.kms.katalon.core.webui.keyword.WebUiBuiltInKeywords.click(WebUiBuiltInKeywords.groovy:616)
	at com.kms.katalon.core.webui.keyword.WebUiBuiltInKeywords$click$3.call(Unknown Source)
	at One Driver Calc.run(One Driver Calc:105)
	at com.kms.katalon.core.main.ScriptEngine.run(ScriptEngine.java:194)
	at com.kms.katalon.core.main.ScriptEngine.runScriptAsRawText(ScriptEngine.java:119)
	at com.kms.katalon.core.main.TestCaseExecutor.runScript(TestCaseExecutor.java:331)
	at com.kms.katalon.core.main.TestCaseExecutor.doExecute(TestCaseExecutor.java:322)
	at com.kms.katalon.core.main.TestCaseExecutor.processExecutionPhase(TestCaseExecutor.java:301)
	at com.kms.katalon.core.main.TestCaseExecutor.accessMainPhase(TestCaseExecutor.java:293)
	at com.kms.katalon.core.main.TestCaseExecutor.execute(TestCaseExecutor.java:227)
	at com.kms.katalon.core.main.TestSuiteExecutor.accessTestCaseMainPhase(TestSuiteExecutor.java:129)
	at com.kms.katalon.core.main.TestSuiteExecutor.accessTestSuiteMainPhase(TestSuiteExecutor.java:112)
	at com.kms.katalon.core.main.TestSuiteExecutor.execute(TestSuiteExecutor.java:81)
	at com.kms.katalon.core.main.TestCaseMain.startTestSuite(TestCaseMain.java:157)
	at com.kms.katalon.core.main.TestCaseMain$startTestSuite$0.call(Unknown Source)
	at TempTestSuite1556621721104.run(TempTestSuite1556621721104.groovy:35)
"/>
         <system-out><![CDATA[2019-04-30 14:04:50 - [TEST_CASE][FAILED] - Test Cases/Pre-Salary/One Driver Calc: Test Cases/Pre-Salary/One Driver Calc FAILED.
Reason:
com.kms.katalon.core.exception.StepFailedException: Unable to click on object 'Object Repository/Pre-Salary/Filters/Drivers Dropdown/driversListDropdownOpen'
	at com.kms.katalon.core.keyword.internal.KeywordMain.stepFailed(KeywordMain.groovy:48)
	at com.kms.katalon.core.webui.keyword.internal.WebUIKeywordMain.stepFailed(WebUIKeywordMain.groovy:65)
	at com.kms.katalon.core.webui.keyword.internal.WebUIKeywordMain.runKeyword(WebUIKeywordMain.groovy:27)
	at com.kms.katalon.core.webui.keyword.builtin.ClickKeyword.click(ClickKeyword.groovy:86)
	at com.kms.katalon.core.webui.keyword.builtin.ClickKeyword.execute(ClickKeyword.groovy:67)
	at com.kms.katalon.core.keyword.internal.KeywordExecutor.executeKeywordForPlatform(KeywordExecutor.groovy:56)
	at com.kms.katalon.core.webui.keyword.WebUiBuiltInKeywords.click(WebUiBuiltInKeywords.groovy:616)
	at com.kms.katalon.core.webui.keyword.WebUiBuiltInKeywords$click$3.call(Unknown Source)
	at One Driver Calc.run(One Driver Calc:105)
	at com.kms.katalon.core.main.ScriptEngine.run(ScriptEngine.java:194)
	at com.kms.katalon.core.main.ScriptEngine.runScriptAsRawText(ScriptEngine.java:119)
	at com.kms.katalon.core.main.TestCaseExecutor.runScript(TestCaseExecutor.java:331)
	at com.kms.katalon.core.main.TestCaseExecutor.doExecute(TestCaseExecutor.java:322)
	at com.kms.katalon.core.main.TestCaseExecutor.processExecutionPhase(TestCaseExecutor.java:301)
	at com.kms.katalon.core.main.TestCaseExecutor.accessMainPhase(TestCaseExecutor.java:293)
	at com.kms.katalon.core.main.TestCaseExecutor.execute(TestCaseExecutor.java:227)
	at com.kms.katalon.core.main.TestSuiteExecutor.accessTestCaseMainPhase(TestSuiteExecutor.java:129)
	at com.kms.katalon.core.main.TestSuiteExecutor.accessTestSuiteMainPhase(TestSuiteExecutor.java:112)
	at com.kms.katalon.core.main.TestSuiteExecutor.execute(TestSuiteExecutor.java:81)
	at com.kms.katalon.core.main.TestCaseMain.startTestSuite(TestCaseMain.java:157)
	at com.kms.katalon.core.main.TestCaseMain$startTestSuite$0.call(Unknown Source)
	at TempTestSuite1556621721104.run(TempTestSuite1556621721104.groovy:35)


2019-04-30 14:04:50 - [TEST_STEP][PASSED] - login.c_login.logIn(site, userName, userPass): login.c_login.logIn is PASSED

2019-04-30 14:04:50 - [MESSAGE][WARNING] - A browser is already opened. Closing browser and opening a new one

2019-04-30 14:04:51 - [MESSAGE][INFO] - Starting 'Chrome' driver

2019-04-30 14:05:02 - [MESSAGE][PASSED] - Browser is opened with url: 'shasha.ebstage.y-it.co.il'

2019-04-30 14:05:03 - [MESSAGE][PASSED] - Current window maximized

2019-04-30 14:05:03 - [MESSAGE][PASSED] - Text 'admin' is set on object 'Object Repository/Y-IT Log In/input_ _userName'

2019-04-30 14:05:03 - [MESSAGE][PASSED] - Text ****** has been set on object 'Object Repository/Y-IT Log In/input_ _password'

2019-04-30 14:05:03 - [MESSAGE][PASSED] - Object: 'Object Repository/Y-IT Log In/input_  _submit' is clicked on

2019-04-30 14:05:03 - [MESSAGE][PASSED] - login.c_login.logIn is PASSED

2019-04-30 14:05:03 - [TEST_STEP][PASSED] - date = new java.util.Date(): null

2019-04-30 14:05:03 - [TEST_STEP][PASSED] - cal = Calendar.getInstance(): null

2019-04-30 14:05:03 - [TEST_STEP][PASSED] - cal.setTime(date): null

2019-04-30 14:05:03 - [TEST_STEP][PASSED] - month = cal.get(MONTH) + 1: null

2019-04-30 14:05:03 - [TEST_STEP][PASSED] - year = cal.get(YEAR): null

2019-04-30 14:05:03 - [TEST_STEP][PASSED] - dayStr = "01": null

2019-04-30 14:05:03 - [TEST_STEP][PASSED] - monthStr = "": null

2019-04-30 14:05:03 - [TEST_STEP][PASSED] - yearStr = year.toString(): null

2019-04-30 14:05:03 - [TEST_STEP][PASSED] - if (month < 10): null

2019-04-30 14:05:03 - [TEST_STEP][PASSED] - monthStr = "0" + month.toString(): null

2019-04-30 14:05:03 - [TEST_STEP][PASSED] - fullDate = dayStr + monthStr + yearStr: null

2019-04-30 14:05:03 - [TEST_STEP][PASSED] - delay(1): Delayed 1 second(s)

2019-04-30 14:05:04 - [MESSAGE][PASSED] - Delayed 1 second(s)

2019-04-30 14:05:04 - [TEST_STEP][PASSED] - waitForElementPresent(findTestObject("General/mainEmptyBackground"), 15): Object 'Object Repository/General/mainEmptyBackground' is present

2019-04-30 14:05:07 - [MESSAGE][PASSED] - Object 'Object Repository/General/mainEmptyBackground' is present

2019-04-30 14:05:07 - [TEST_STEP][PASSED] - isPreSalaryTabOpen = waitForElementPresent(findTestObject("Pre-Salary/preSalaryTab"), 5): Object 'Object Repository/Pre-Salary/preSalaryTab' is present

2019-04-30 14:05:07 - [MESSAGE][PASSED] - Object 'Object Repository/Pre-Salary/preSalaryTab' is present

2019-04-30 14:05:07 - [TEST_STEP][PASSED] - if (!(isPreSalaryTabOpen)): null

2019-04-30 14:05:07 - [TEST_STEP][PASSED] - waitForElementPresent(findTestObject("Pre-Salary/Filters/Date Picker Start/datePickerInputField"), 15): Object 'Object Repository/Pre-Salary/Filters/Date Picker Start/datePickerInputField' is present

2019-04-30 14:05:09 - [MESSAGE][PASSED] - Object 'Object Repository/Pre-Salary/Filters/Date Picker Start/datePickerInputField' is present

2019-04-30 14:05:09 - [TEST_STEP][PASSED] - click(findTestObject("Pre-Salary/Filters/Date Picker Start/datePickerInputField")): Object: 'Object Repository/Pre-Salary/Filters/Date Picker Start/datePickerInputField' is clicked on

2019-04-30 14:05:09 - [MESSAGE][PASSED] - Object: 'Object Repository/Pre-Salary/Filters/Date Picker Start/datePickerInputField' is clicked on

2019-04-30 14:05:09 - [TEST_STEP][PASSED] - delay(1): Delayed 1 second(s)

2019-04-30 14:05:10 - [MESSAGE][PASSED] - Delayed 1 second(s)

2019-04-30 14:05:10 - [TEST_STEP][PASSED] - setText(findTestObject("Pre-Salary/Filters/Date Picker Start/datePickerInputField"), ""): Text '' is set on object 'Object Repository/Pre-Salary/Filters/Date Picker Start/datePickerInputField'

2019-04-30 14:05:10 - [MESSAGE][PASSED] - Text '' is set on object 'Object Repository/Pre-Salary/Filters/Date Picker Start/datePickerInputField'

2019-04-30 14:05:10 - [TEST_STEP][PASSED] - delay(1): Delayed 1 second(s)

2019-04-30 14:05:11 - [MESSAGE][PASSED] - Delayed 1 second(s)

2019-04-30 14:05:11 - [TEST_STEP][PASSED] - setText(findTestObject("Pre-Salary/Filters/Date Picker Start/datePickerInputField"), fullDate): Text '01042019' is set on object 'Object Repository/Pre-Salary/Filters/Date Picker Start/datePickerInputField'

2019-04-30 14:05:11 - [MESSAGE][PASSED] - Text '01042019' is set on object 'Object Repository/Pre-Salary/Filters/Date Picker Start/datePickerInputField'

2019-04-30 14:05:11 - [TEST_STEP][PASSED] - waitForElementPresent(findTestObject("Pre-Salary/Filters/Date Picker Start/datePickerInputField"), 15): Object 'Object Repository/Pre-Salary/Filters/Date Picker Start/datePickerInputField' is present

2019-04-30 14:05:11 - [MESSAGE][PASSED] - Object 'Object Repository/Pre-Salary/Filters/Date Picker Start/datePickerInputField' is present

2019-04-30 14:05:11 - [TEST_STEP][PASSED] - waitForElementNotPresent(findTestObject("Pre-Salary/Filters/Drivers Dropdown/isLoadingDropdown"), 15): Web element with id: 'Object Repository/Pre-Salary/Filters/Drivers Dropdown/isLoadingDropdown' located by 'By.cssSelector: div[id="preSalaryview"] > div:nth-of-type(2) > div:nth-of-type(1) > div:nth-of-type(2) > div:nth-of-type(1) > div:nth-of-type(5) > div:nth-of-type(1) > div:nth-of-type(1) > span:nth-of-type(1) > span:nth-of-type(1) > span:nth-of-type(2) > span:nth-of-type(1)[class="k-icon k-i-arrow-60-down k-i-loading"]' is not present after '15' second(s)

2019-04-30 14:05:11 - [MESSAGE][PASSED] - Web element with id: 'Object Repository/Pre-Salary/Filters/Drivers Dropdown/isLoadingDropdown' located by 'By.cssSelector: div[id="preSalaryview"] > div:nth-of-type(2) > div:nth-of-type(1) > div:nth-of-type(2) > div:nth-of-type(1) > div:nth-of-type(5) > div:nth-of-type(1) > div:nth-of-type(1) > span:nth-of-type(1) > span:nth-of-type(1) > span:nth-of-type(2) > span:nth-of-type(1)[class="k-icon k-i-arrow-60-down k-i-loading"]' is not present after '15' second(s)

2019-04-30 14:05:11 - [TEST_STEP][PASSED] - delay(1): Delayed 1 second(s)

2019-04-30 14:05:12 - [MESSAGE][PASSED] - Delayed 1 second(s)

2019-04-30 14:05:12 - [TEST_STEP][FAILED] - try: Unable to click on object 'Object Repository/Pre-Salary/Filters/Drivers Dropdown/driversListDropdownOpen'

2019-04-30 14:05:12 - [TEST_STEP][FAILED] - click(findTestObject("Pre-Salary/Filters/Drivers Dropdown/driversListDropdownOpen")): Unable to click on object 'Object Repository/Pre-Salary/Filters/Drivers Dropdown/driversListDropdownOpen'

2019-04-30 14:05:13 - [MESSAGE][FAILED] - Unable to click on object 'Object Repository/Pre-Salary/Filters/Drivers Dropdown/driversListDropdownOpen'
[[ATTACHMENT|C:\\Users\\leon.b\\git\\Y-IT_TransIT\\Reports\\Stage\\Pre Salary\\20190430_135512\\1556622312836.png]]

2019-04-30 14:05:13 - [TEST_STEP][FAILED] - catch (Exception err): catch (Exception err) FAILED.
Reason:
com.kms.katalon.core.exception.StepFailedException: Unable to click on object 'Object Repository/Pre-Salary/Filters/Drivers Dropdown/driversListDropdownOpen'
	at com.kms.katalon.core.keyword.internal.KeywordMain.stepFailed(KeywordMain.groovy:48)
	at com.kms.katalon.core.webui.keyword.internal.WebUIKeywordMain.stepFailed(WebUIKeywordMain.groovy:65)
	at com.kms.katalon.core.webui.keyword.internal.WebUIKeywordMain.runKeyword(WebUIKeywordMain.groovy:27)
	at com.kms.katalon.core.webui.keyword.builtin.ClickKeyword.click(ClickKeyword.groovy:86)
	at com.kms.katalon.core.webui.keyword.builtin.ClickKeyword.execute(ClickKeyword.groovy:67)
	at com.kms.katalon.core.keyword.internal.KeywordExecutor.executeKeywordForPlatform(KeywordExecutor.groovy:56)
	at com.kms.katalon.core.webui.keyword.WebUiBuiltInKeywords.click(WebUiBuiltInKeywords.groovy:616)
	at com.kms.katalon.core.webui.keyword.WebUiBuiltInKeywords$click$3.call(Unknown Source)
	at One Driver Calc.run(One Driver Calc:105)
	at com.kms.katalon.core.main.ScriptEngine.run(ScriptEngine.java:194)
	at com.kms.katalon.core.main.ScriptEngine.runScriptAsRawText(ScriptEngine.java:119)
	at com.kms.katalon.core.main.TestCaseExecutor.runScript(TestCaseExecutor.java:331)
	at com.kms.katalon.core.main.TestCaseExecutor.doExecute(TestCaseExecutor.java:322)
	at com.kms.katalon.core.main.TestCaseExecutor.processExecutionPhase(TestCaseExecutor.java:301)
	at com.kms.katalon.core.main.TestCaseExecutor.accessMainPhase(TestCaseExecutor.java:293)
	at com.kms.katalon.core.main.TestCaseExecutor.execute(TestCaseExecutor.java:227)
	at com.kms.katalon.core.main.TestSuiteExecutor.accessTestCaseMainPhase(TestSuiteExecutor.java:129)
	at com.kms.katalon.core.main.TestSuiteExecutor.accessTestSuiteMainPhase(TestSuiteExecutor.java:112)
	at com.kms.katalon.core.main.TestSuiteExecutor.execute(TestSuiteExecutor.java:81)
	at com.kms.katalon.core.main.TestCaseMain.startTestSuite(TestCaseMain.java:157)
	at com.kms.katalon.core.main.TestCaseMain$startTestSuite$0.call(Unknown Source)
	at TempTestSuite1556621721104.run(TempTestSuite1556621721104.groovy:35)


2019-04-30 14:05:13 - [TEST_STEP][PASSED] - delay(1): Delayed 1 second(s)

2019-04-30 14:05:14 - [MESSAGE][PASSED] - Delayed 1 second(s)

2019-04-30 14:05:14 - [TEST_STEP][PASSED] - waitForElementPresent(findTestObject("Pre-Salary/Filters/Drivers Dropdown/driversListDropdownOpen"), 10): Object 'Object Repository/Pre-Salary/Filters/Drivers Dropdown/driversListDropdownOpen' is present

2019-04-30 14:05:14 - [MESSAGE][PASSED] - Object 'Object Repository/Pre-Salary/Filters/Drivers Dropdown/driversListDropdownOpen' is present

2019-04-30 14:05:14 - [TEST_STEP][FAILED] - click(findTestObject("Pre-Salary/Filters/Drivers Dropdown/driversListDropdownOpen")): catch (Exception err) FAILED.
Reason:
com.kms.katalon.core.exception.StepFailedException: Unable to click on object 'Object Repository/Pre-Salary/Filters/Drivers Dropdown/driversListDropdownOpen'
	at com.kms.katalon.core.keyword.internal.KeywordMain.stepFailed(KeywordMain.groovy:48)
	at com.kms.katalon.core.webui.keyword.internal.WebUIKeywordMain.stepFailed(WebUIKeywordMain.groovy:65)
	at com.kms.katalon.core.webui.keyword.internal.WebUIKeywordMain.runKeyword(WebUIKeywordMain.groovy:27)
	at com.kms.katalon.core.webui.keyword.builtin.ClickKeyword.click(ClickKeyword.groovy:86)
	at com.kms.katalon.core.webui.keyword.builtin.ClickKeyword.execute(ClickKeyword.groovy:67)
	at com.kms.katalon.core.keyword.internal.KeywordExecutor.executeKeywordForPlatform(KeywordExecutor.groovy:56)
	at com.kms.katalon.core.webui.keyword.WebUiBuiltInKeywords.click(WebUiBuiltInKeywords.groovy:616)
	at com.kms.katalon.core.webui.keyword.WebUiBuiltInKeywords$click$3.call(Unknown Source)
	at One Driver Calc.run(One Driver Calc:105)
	at com.kms.katalon.core.main.ScriptEngine.run(ScriptEngine.java:194)
	at com.kms.katalon.core.main.ScriptEngine.runScriptAsRawText(ScriptEngine.java:119)
	at com.kms.katalon.core.main.TestCaseExecutor.runScript(TestCaseExecutor.java:331)
	at com.kms.katalon.core.main.TestCaseExecutor.doExecute(TestCaseExecutor.java:322)
	at com.kms.katalon.core.main.TestCaseExecutor.processExecutionPhase(TestCaseExecutor.java:301)
	at com.kms.katalon.core.main.TestCaseExecutor.accessMainPhase(TestCaseExecutor.java:293)
	at com.kms.katalon.core.main.TestCaseExecutor.execute(TestCaseExecutor.java:227)
	at com.kms.katalon.core.main.TestSuiteExecutor.accessTestCaseMainPhase(TestSuiteExecutor.java:129)
	at com.kms.katalon.core.main.TestSuiteExecutor.accessTestSuiteMainPhase(TestSuiteExecutor.java:112)
	at com.kms.katalon.core.main.TestSuiteExecutor.execute(TestSuiteExecutor.java:81)
	at com.kms.katalon.core.main.TestCaseMain.startTestSuite(TestCaseMain.java:157)
	at com.kms.katalon.core.main.TestCaseMain$startTestSuite$0.call(Unknown Source)
	at TempTestSuite1556621721104.run(TempTestSuite1556621721104.groovy:35)


2019-04-30 14:05:14 - [MESSAGE][FAILED] - Unable to click on object 'Object Repository/Pre-Salary/Filters/Drivers Dropdown/driversListDropdownOpen'
[[ATTACHMENT|C:\\Users\\leon.b\\git\\Y-IT_TransIT\\Reports\\Stage\\Pre Salary\\20190430_135512\\1556622314461.png]]

2019-04-30 14:05:14 - [MESSAGE][FAILED] - catch (Exception err) FAILED.
Reason:
com.kms.katalon.core.exception.StepFailedException: Unable to click on object 'Object Repository/Pre-Salary/Filters/Drivers Dropdown/driversListDropdownOpen'
	at com.kms.katalon.core.keyword.internal.KeywordMain.stepFailed(KeywordMain.groovy:48)
	at com.kms.katalon.core.webui.keyword.internal.WebUIKeywordMain.stepFailed(WebUIKeywordMain.groovy:65)
	at com.kms.katalon.core.webui.keyword.internal.WebUIKeywordMain.runKeyword(WebUIKeywordMain.groovy:27)
	at com.kms.katalon.core.webui.keyword.builtin.ClickKeyword.click(ClickKeyword.groovy:86)
	at com.kms.katalon.core.webui.keyword.builtin.ClickKeyword.execute(ClickKeyword.groovy:67)
	at com.kms.katalon.core.keyword.internal.KeywordExecutor.executeKeywordForPlatform(KeywordExecutor.groovy:56)
	at com.kms.katalon.core.webui.keyword.WebUiBuiltInKeywords.click(WebUiBuiltInKeywords.groovy:616)
	at com.kms.katalon.core.webui.keyword.WebUiBuiltInKeywords$click$3.call(Unknown Source)
	at One Driver Calc.run(One Driver Calc:105)
	at com.kms.katalon.core.main.ScriptEngine.run(ScriptEngine.java:194)
	at com.kms.katalon.core.main.ScriptEngine.runScriptAsRawText(ScriptEngine.java:119)
	at com.kms.katalon.core.main.TestCaseExecutor.runScript(TestCaseExecutor.java:331)
	at com.kms.katalon.core.main.TestCaseExecutor.doExecute(TestCaseExecutor.java:322)
	at com.kms.katalon.core.main.TestCaseExecutor.processExecutionPhase(TestCaseExecutor.java:301)
	at com.kms.katalon.core.main.TestCaseExecutor.accessMainPhase(TestCaseExecutor.java:293)
	at com.kms.katalon.core.main.TestCaseExecutor.execute(TestCaseExecutor.java:227)
	at com.kms.katalon.core.main.TestSuiteExecutor.accessTestCaseMainPhase(TestSuiteExecutor.java:129)
	at com.kms.katalon.core.main.TestSuiteExecutor.accessTestSuiteMainPhase(TestSuiteExecutor.java:112)
	at com.kms.katalon.core.main.TestSuiteExecutor.execute(TestSuiteExecutor.java:81)
	at com.kms.katalon.core.main.TestCaseMain.startTestSuite(TestCaseMain.java:157)
	at com.kms.katalon.core.main.TestCaseMain$startTestSuite$0.call(Unknown Source)
	at TempTestSuite1556621721104.run(TempTestSuite1556621721104.groovy:35)]]></system-out>
         <system-err><![CDATA[2019-04-30 14:04:50 - [TEST_CASE][FAILED] - Test Cases/Pre-Salary/One Driver Calc: Test Cases/Pre-Salary/One Driver Calc FAILED.
Reason:
com.kms.katalon.core.exception.StepFailedException: Unable to click on object 'Object Repository/Pre-Salary/Filters/Drivers Dropdown/driversListDropdownOpen'
	at com.kms.katalon.core.keyword.internal.KeywordMain.stepFailed(KeywordMain.groovy:48)
	at com.kms.katalon.core.webui.keyword.internal.WebUIKeywordMain.stepFailed(WebUIKeywordMain.groovy:65)
	at com.kms.katalon.core.webui.keyword.internal.WebUIKeywordMain.runKeyword(WebUIKeywordMain.groovy:27)
	at com.kms.katalon.core.webui.keyword.builtin.ClickKeyword.click(ClickKeyword.groovy:86)
	at com.kms.katalon.core.webui.keyword.builtin.ClickKeyword.execute(ClickKeyword.groovy:67)
	at com.kms.katalon.core.keyword.internal.KeywordExecutor.executeKeywordForPlatform(KeywordExecutor.groovy:56)
	at com.kms.katalon.core.webui.keyword.WebUiBuiltInKeywords.click(WebUiBuiltInKeywords.groovy:616)
	at com.kms.katalon.core.webui.keyword.WebUiBuiltInKeywords$click$3.call(Unknown Source)
	at One Driver Calc.run(One Driver Calc:105)
	at com.kms.katalon.core.main.ScriptEngine.run(ScriptEngine.java:194)
	at com.kms.katalon.core.main.ScriptEngine.runScriptAsRawText(ScriptEngine.java:119)
	at com.kms.katalon.core.main.TestCaseExecutor.runScript(TestCaseExecutor.java:331)
	at com.kms.katalon.core.main.TestCaseExecutor.doExecute(TestCaseExecutor.java:322)
	at com.kms.katalon.core.main.TestCaseExecutor.processExecutionPhase(TestCaseExecutor.java:301)
	at com.kms.katalon.core.main.TestCaseExecutor.accessMainPhase(TestCaseExecutor.java:293)
	at com.kms.katalon.core.main.TestCaseExecutor.execute(TestCaseExecutor.java:227)
	at com.kms.katalon.core.main.TestSuiteExecutor.accessTestCaseMainPhase(TestSuiteExecutor.java:129)
	at com.kms.katalon.core.main.TestSuiteExecutor.accessTestSuiteMainPhase(TestSuiteExecutor.java:112)
	at com.kms.katalon.core.main.TestSuiteExecutor.execute(TestSuiteExecutor.java:81)
	at com.kms.katalon.core.main.TestCaseMain.startTestSuite(TestCaseMain.java:157)
	at com.kms.katalon.core.main.TestCaseMain$startTestSuite$0.call(Unknown Source)
	at TempTestSuite1556621721104.run(TempTestSuite1556621721104.groovy:35)]]></system-err>
      </testcase>
      <testcase name="Test Cases/Pre-Salary/One Driver Calc" classname="Test Cases/Pre-Salary/One Driver Calc" status="PASSED">
         <system-out><![CDATA[2019-04-30 14:05:14 - [TEST_CASE][PASSED] - Test Cases/Pre-Salary/One Driver Calc: Test Cases/Pre-Salary/One Driver Calc

2019-04-30 14:05:14 - [TEST_STEP][PASSED] - login.c_login.logIn(site, userName, userPass): login.c_login.logIn is PASSED

2019-04-30 14:05:14 - [MESSAGE][WARNING] - A browser is already opened. Closing browser and opening a new one

2019-04-30 14:05:15 - [MESSAGE][INFO] - Starting 'Chrome' driver

2019-04-30 14:05:25 - [MESSAGE][PASSED] - Browser is opened with url: 'reem.ebstage.y-it.co.il'

2019-04-30 14:05:26 - [MESSAGE][PASSED] - Current window maximized

2019-04-30 14:05:26 - [MESSAGE][PASSED] - Text 'admin' is set on object 'Object Repository/Y-IT Log In/input_ _userName'

2019-04-30 14:05:26 - [MESSAGE][PASSED] - Text ****** has been set on object 'Object Repository/Y-IT Log In/input_ _password'

2019-04-30 14:05:26 - [MESSAGE][PASSED] - Object: 'Object Repository/Y-IT Log In/input_  _submit' is clicked on

2019-04-30 14:05:26 - [MESSAGE][PASSED] - login.c_login.logIn is PASSED

2019-04-30 14:05:26 - [TEST_STEP][PASSED] - date = new java.util.Date(): null

2019-04-30 14:05:26 - [TEST_STEP][PASSED] - cal = Calendar.getInstance(): null

2019-04-30 14:05:26 - [TEST_STEP][PASSED] - cal.setTime(date): null

2019-04-30 14:05:26 - [TEST_STEP][PASSED] - month = cal.get(MONTH) + 1: null

2019-04-30 14:05:26 - [TEST_STEP][PASSED] - year = cal.get(YEAR): null

2019-04-30 14:05:26 - [TEST_STEP][PASSED] - dayStr = "01": null

2019-04-30 14:05:26 - [TEST_STEP][PASSED] - monthStr = "": null

2019-04-30 14:05:26 - [TEST_STEP][PASSED] - yearStr = year.toString(): null

2019-04-30 14:05:26 - [TEST_STEP][PASSED] - if (month < 10): null

2019-04-30 14:05:26 - [TEST_STEP][PASSED] - monthStr = "0" + month.toString(): null

2019-04-30 14:05:26 - [TEST_STEP][PASSED] - fullDate = dayStr + monthStr + yearStr: null

2019-04-30 14:05:26 - [TEST_STEP][PASSED] - delay(1): Delayed 1 second(s)

2019-04-30 14:05:27 - [MESSAGE][PASSED] - Delayed 1 second(s)

2019-04-30 14:05:27 - [TEST_STEP][PASSED] - waitForElementPresent(findTestObject("General/mainEmptyBackground"), 15): Object 'Object Repository/General/mainEmptyBackground' is present

2019-04-30 14:05:29 - [MESSAGE][PASSED] - Object 'Object Repository/General/mainEmptyBackground' is present

2019-04-30 14:05:29 - [TEST_STEP][PASSED] - isPreSalaryTabOpen = waitForElementPresent(findTestObject("Pre-Salary/preSalaryTab"), 5): Object 'Object Repository/Pre-Salary/preSalaryTab' is present

2019-04-30 14:05:30 - [MESSAGE][PASSED] - Object 'Object Repository/Pre-Salary/preSalaryTab' is present

2019-04-30 14:05:30 - [TEST_STEP][PASSED] - if (!(isPreSalaryTabOpen)): null

2019-04-30 14:05:30 - [TEST_STEP][PASSED] - waitForElementPresent(findTestObject("Pre-Salary/Filters/Date Picker Start/datePickerInputField"), 15): Object 'Object Repository/Pre-Salary/Filters/Date Picker Start/datePickerInputField' is present

2019-04-30 14:05:31 - [MESSAGE][PASSED] - Object 'Object Repository/Pre-Salary/Filters/Date Picker Start/datePickerInputField' is present

2019-04-30 14:05:31 - [TEST_STEP][PASSED] - click(findTestObject("Pre-Salary/Filters/Date Picker Start/datePickerInputField")): Object: 'Object Repository/Pre-Salary/Filters/Date Picker Start/datePickerInputField' is clicked on

2019-04-30 14:05:31 - [MESSAGE][PASSED] - Object: 'Object Repository/Pre-Salary/Filters/Date Picker Start/datePickerInputField' is clicked on

2019-04-30 14:05:31 - [TEST_STEP][PASSED] - delay(1): Delayed 1 second(s)

2019-04-30 14:05:32 - [MESSAGE][PASSED] - Delayed 1 second(s)

2019-04-30 14:05:32 - [TEST_STEP][PASSED] - setText(findTestObject("Pre-Salary/Filters/Date Picker Start/datePickerInputField"), ""): Text '' is set on object 'Object Repository/Pre-Salary/Filters/Date Picker Start/datePickerInputField'

2019-04-30 14:05:32 - [MESSAGE][PASSED] - Text '' is set on object 'Object Repository/Pre-Salary/Filters/Date Picker Start/datePickerInputField'

2019-04-30 14:05:32 - [TEST_STEP][PASSED] - delay(1): Delayed 1 second(s)

2019-04-30 14:05:33 - [MESSAGE][PASSED] - Delayed 1 second(s)

2019-04-30 14:05:33 - [TEST_STEP][PASSED] - setText(findTestObject("Pre-Salary/Filters/Date Picker Start/datePickerInputField"), fullDate): Text '01042019' is set on object 'Object Repository/Pre-Salary/Filters/Date Picker Start/datePickerInputField'

2019-04-30 14:05:33 - [MESSAGE][PASSED] - Text '01042019' is set on object 'Object Repository/Pre-Salary/Filters/Date Picker Start/datePickerInputField'

2019-04-30 14:05:33 - [TEST_STEP][PASSED] - waitForElementPresent(findTestObject("Pre-Salary/Filters/Date Picker Start/datePickerInputField"), 15): Object 'Object Repository/Pre-Salary/Filters/Date Picker Start/datePickerInputField' is present

2019-04-30 14:05:33 - [MESSAGE][PASSED] - Object 'Object Repository/Pre-Salary/Filters/Date Picker Start/datePickerInputField' is present

2019-04-30 14:05:33 - [TEST_STEP][PASSED] - waitForElementNotPresent(findTestObject("Pre-Salary/Filters/Drivers Dropdown/isLoadingDropdown"), 15): Web element with id: 'Object Repository/Pre-Salary/Filters/Drivers Dropdown/isLoadingDropdown' located by 'By.cssSelector: div[id="preSalaryview"] > div:nth-of-type(2) > div:nth-of-type(1) > div:nth-of-type(2) > div:nth-of-type(1) > div:nth-of-type(5) > div:nth-of-type(1) > div:nth-of-type(1) > span:nth-of-type(1) > span:nth-of-type(1) > span:nth-of-type(2) > span:nth-of-type(1)[class="k-icon k-i-arrow-60-down k-i-loading"]' is not present after '15' second(s)

2019-04-30 14:05:33 - [MESSAGE][PASSED] - Web element with id: 'Object Repository/Pre-Salary/Filters/Drivers Dropdown/isLoadingDropdown' located by 'By.cssSelector: div[id="preSalaryview"] > div:nth-of-type(2) > div:nth-of-type(1) > div:nth-of-type(2) > div:nth-of-type(1) > div:nth-of-type(5) > div:nth-of-type(1) > div:nth-of-type(1) > span:nth-of-type(1) > span:nth-of-type(1) > span:nth-of-type(2) > span:nth-of-type(1)[class="k-icon k-i-arrow-60-down k-i-loading"]' is not present after '15' second(s)

2019-04-30 14:05:33 - [TEST_STEP][PASSED] - delay(1): Delayed 1 second(s)

2019-04-30 14:05:34 - [MESSAGE][PASSED] - Delayed 1 second(s)

2019-04-30 14:05:34 - [TEST_STEP][PASSED] - try: Object: 'Object Repository/Pre-Salary/Filters/Drivers Dropdown/driversListDropdownOpen' is clicked on

2019-04-30 14:05:34 - [TEST_STEP][PASSED] - click(findTestObject("Pre-Salary/Filters/Drivers Dropdown/driversListDropdownOpen")): Object: 'Object Repository/Pre-Salary/Filters/Drivers Dropdown/driversListDropdownOpen' is clicked on

2019-04-30 14:05:34 - [MESSAGE][PASSED] - Object: 'Object Repository/Pre-Salary/Filters/Drivers Dropdown/driversListDropdownOpen' is clicked on

2019-04-30 14:05:34 - [TEST_STEP][PASSED] - delay(1): Delayed 1 second(s)

2019-04-30 14:05:35 - [MESSAGE][PASSED] - Delayed 1 second(s)

2019-04-30 14:05:35 - [TEST_STEP][PASSED] - try: Text '846' is set on object 'Object Repository/Pre-Salary/Filters/Drivers Dropdown/driversListDropdownSearchBox'

2019-04-30 14:05:35 - [TEST_STEP][PASSED] - setText(findTestObject("Pre-Salary/Filters/Drivers Dropdown/driversListDropdownSearchBox"), driver_Id): Text '846' is set on object 'Object Repository/Pre-Salary/Filters/Drivers Dropdown/driversListDropdownSearchBox'

2019-04-30 14:05:36 - [MESSAGE][PASSED] - Text '846' is set on object 'Object Repository/Pre-Salary/Filters/Drivers Dropdown/driversListDropdownSearchBox'

2019-04-30 14:05:36 - [TEST_STEP][PASSED] - delay(1): Delayed 1 second(s)

2019-04-30 14:05:37 - [MESSAGE][PASSED] - Delayed 1 second(s)

2019-04-30 14:05:37 - [TEST_STEP][PASSED] - click(findTestObject("Pre-Salary/Filters/Drivers Dropdown/driversListDropdownSelectFirstDriver")): Object: 'Object Repository/Pre-Salary/Filters/Drivers Dropdown/driversListDropdownSelectFirstDriver' is clicked on

2019-04-30 14:05:37 - [MESSAGE][PASSED] - Object: 'Object Repository/Pre-Salary/Filters/Drivers Dropdown/driversListDropdownSelectFirstDriver' is clicked on

2019-04-30 14:05:37 - [TEST_STEP][PASSED] - delay(1): Delayed 1 second(s)

2019-04-30 14:05:38 - [MESSAGE][PASSED] - Delayed 1 second(s)

2019-04-30 14:05:38 - [TEST_STEP][PASSED] - click(findTestObject("Pre-Salary/Data Status/importButton")): Object: 'Object Repository/Pre-Salary/Data Status/importButton' is clicked on

2019-04-30 14:05:38 - [MESSAGE][PASSED] - Object: 'Object Repository/Pre-Salary/Data Status/importButton' is clicked on

2019-04-30 14:05:38 - [TEST_STEP][PASSED] - delay(1): Delayed 1 second(s)

2019-04-30 14:05:39 - [MESSAGE][PASSED] - Delayed 1 second(s)

2019-04-30 14:05:39 - [TEST_STEP][PASSED] - try: Object: 'Object Repository/Pre-Salary/Calculation Summary/firstDriverInCalculationSummeryTable' is double clicked on

2019-04-30 14:05:39 - [TEST_STEP][PASSED] - waitForElementPresent(findTestObject("Pre-Salary/Calculation Summary/firstDriverInCalculationSummeryTable"), 20): Object 'Object Repository/Pre-Salary/Calculation Summary/firstDriverInCalculationSummeryTable' is present

2019-04-30 14:05:52 - [MESSAGE][PASSED] - Object 'Object Repository/Pre-Salary/Calculation Summary/firstDriverInCalculationSummeryTable' is present

2019-04-30 14:05:52 - [TEST_STEP][PASSED] - doubleClick(findTestObject("Pre-Salary/Calculation Summary/firstDriverInCalculationSummeryTable")): Object: 'Object Repository/Pre-Salary/Calculation Summary/firstDriverInCalculationSummeryTable' is double clicked on

2019-04-30 14:05:52 - [MESSAGE][PASSED] - Object: 'Object Repository/Pre-Salary/Calculation Summary/firstDriverInCalculationSummeryTable' is double clicked on

2019-04-30 14:05:52 - [TEST_STEP][PASSED] - waitForElementPresent(findTestObject("Pre-Salary/Employee Details/driversReportTable"), 20): Object 'Object Repository/Pre-Salary/Employee Details/driversReportTable' is present

2019-04-30 14:05:54 - [MESSAGE][PASSED] - Object 'Object Repository/Pre-Salary/Employee Details/driversReportTable' is present

2019-04-30 14:05:54 - [TEST_STEP][PASSED] - waitForElementPresent(findTestObject("Pre-Salary/Employee Details/driversReportTable"), 20): Object 'Object Repository/Pre-Salary/Employee Details/driversReportTable' is present

2019-04-30 14:05:54 - [MESSAGE][PASSED] - Object 'Object Repository/Pre-Salary/Employee Details/driversReportTable' is present

2019-04-30 14:05:54 - [TEST_STEP][PASSED] - verifyElementPresent(findTestObject("Pre-Salary/Employee Details/driversReportTable"), 2): Object 'Object Repository/Pre-Salary/Employee Details/driversReportTable' is present

2019-04-30 14:05:54 - [MESSAGE][PASSED] - Object 'Object Repository/Pre-Salary/Employee Details/driversReportTable' is present

2019-04-30 14:05:54 - [TEST_STEP][PASSED] - verifyElementPresent(findTestObject("Pre-Salary/Employee Details/driversCodeId_InDriversReportTableHeader"), 2): Object 'Object Repository/Pre-Salary/Employee Details/driversCodeId_InDriversReportTableHeader' is present

2019-04-30 14:05:54 - [MESSAGE][PASSED] - Object 'Object Repository/Pre-Salary/Employee Details/driversCodeId_InDriversReportTableHeader' is present

2019-04-30 14:05:54 - [TEST_STEP][PASSED] - driverCodeFromReport = getText(findTestObject("Pre-Salary/Employee Details/driversCodeId_InDriversReportTableHeader")): Text of object 'Object Repository/Pre-Salary/Employee Details/driversCodeId_InDriversReportTableHeader' is: '846'

2019-04-30 14:05:54 - [MESSAGE][PASSED] - Text of object 'Object Repository/Pre-Salary/Employee Details/driversCodeId_InDriversReportTableHeader' is: '846'

2019-04-30 14:05:54 - [TEST_STEP][PASSED] - if (driverCodeFromReport != driver_Id && !(driverCodeFromReport.contains(driver_Id))): null

2019-04-30 14:05:54 - [TEST_STEP][PASSED] - waitForElementPresent(findTestObject("Pre-Salary/Employee Details/rightSideTable"), 10): Object 'Object Repository/Pre-Salary/Employee Details/rightSideTable' is present

2019-04-30 14:05:54 - [MESSAGE][PASSED] - Object 'Object Repository/Pre-Salary/Employee Details/rightSideTable' is present

2019-04-30 14:05:54 - [TEST_STEP][PASSED] - verifyElementPresent(findTestObject("Pre-Salary/Employee Details/rightSideTable"), 2): Object 'Object Repository/Pre-Salary/Employee Details/rightSideTable' is present

2019-04-30 14:05:55 - [MESSAGE][PASSED] - Object 'Object Repository/Pre-Salary/Employee Details/rightSideTable' is present

2019-04-30 14:05:55 - [TEST_STEP][PASSED] - waitForElementPresent(findTestObject("Pre-Salary/Employee Details/rightSideTableDriversId"), 10): Object 'Object Repository/Pre-Salary/Employee Details/rightSideTableDriversId' is present

2019-04-30 14:05:55 - [MESSAGE][PASSED] - Object 'Object Repository/Pre-Salary/Employee Details/rightSideTableDriversId' is present

2019-04-30 14:05:55 - [TEST_STEP][PASSED] - verifyElementPresent(findTestObject("Pre-Salary/Employee Details/rightSideTableDriversId"), 2): Object 'Object Repository/Pre-Salary/Employee Details/rightSideTableDriversId' is present

2019-04-30 14:05:55 - [MESSAGE][PASSED] - Object 'Object Repository/Pre-Salary/Employee Details/rightSideTableDriversId' is present

2019-04-30 14:05:55 - [TEST_STEP][PASSED] - driversCodeFromRightSideTable = getText(findTestObject("Pre-Salary/Employee Details/rightSideTableDriversId")): Text of object 'Object Repository/Pre-Salary/Employee Details/rightSideTableDriversId' is: '846'

2019-04-30 14:05:55 - [MESSAGE][PASSED] - Text of object 'Object Repository/Pre-Salary/Employee Details/rightSideTableDriversId' is: '846'

2019-04-30 14:05:55 - [TEST_STEP][PASSED] - if (!(driversCodeFromRightSideTable.contains(driver_Id))): null

2019-04-30 14:05:55 - [TEST_STEP][PASSED] - closeBrowser(): Browser is closed

2019-04-30 14:05:56 - [MESSAGE][PASSED] - Browser is closed]]></system-out>
         <system-err><![CDATA[]]></system-err>
      </testcase>
      <testcase name="Test Cases/Pre-Salary/One Driver Calc" classname="Test Cases/Pre-Salary/One Driver Calc" status="PASSED">
         <system-out><![CDATA[2019-04-30 14:05:56 - [TEST_CASE][PASSED] - Test Cases/Pre-Salary/One Driver Calc: Test Cases/Pre-Salary/One Driver Calc

2019-04-30 14:05:56 - [TEST_STEP][PASSED] - login.c_login.logIn(site, userName, userPass): login.c_login.logIn is PASSED

2019-04-30 14:05:56 - [MESSAGE][INFO] - Starting 'Chrome' driver

2019-04-30 14:06:05 - [MESSAGE][PASSED] - Browser is opened with url: 'afikim.ebstage.y-it.co.il'

2019-04-30 14:06:06 - [MESSAGE][PASSED] - Current window maximized

2019-04-30 14:06:06 - [MESSAGE][PASSED] - Text 'admin' is set on object 'Object Repository/Y-IT Log In/input_ _userName'

2019-04-30 14:06:06 - [MESSAGE][PASSED] - Text ****** has been set on object 'Object Repository/Y-IT Log In/input_ _password'

2019-04-30 14:06:07 - [MESSAGE][PASSED] - Object: 'Object Repository/Y-IT Log In/input_  _submit' is clicked on

2019-04-30 14:06:07 - [MESSAGE][PASSED] - login.c_login.logIn is PASSED

2019-04-30 14:06:07 - [TEST_STEP][PASSED] - date = new java.util.Date(): null

2019-04-30 14:06:07 - [TEST_STEP][PASSED] - cal = Calendar.getInstance(): null

2019-04-30 14:06:07 - [TEST_STEP][PASSED] - cal.setTime(date): null

2019-04-30 14:06:07 - [TEST_STEP][PASSED] - month = cal.get(MONTH) + 1: null

2019-04-30 14:06:07 - [TEST_STEP][PASSED] - year = cal.get(YEAR): null

2019-04-30 14:06:07 - [TEST_STEP][PASSED] - dayStr = "01": null

2019-04-30 14:06:07 - [TEST_STEP][PASSED] - monthStr = "": null

2019-04-30 14:06:07 - [TEST_STEP][PASSED] - yearStr = year.toString(): null

2019-04-30 14:06:07 - [TEST_STEP][PASSED] - if (month < 10): null

2019-04-30 14:06:07 - [TEST_STEP][PASSED] - monthStr = "0" + month.toString(): null

2019-04-30 14:06:07 - [TEST_STEP][PASSED] - fullDate = dayStr + monthStr + yearStr: null

2019-04-30 14:06:07 - [TEST_STEP][PASSED] - delay(1): Delayed 1 second(s)

2019-04-30 14:06:08 - [MESSAGE][PASSED] - Delayed 1 second(s)

2019-04-30 14:06:08 - [TEST_STEP][PASSED] - waitForElementPresent(findTestObject("General/mainEmptyBackground"), 15): Object 'Object Repository/General/mainEmptyBackground' is present

2019-04-30 14:06:10 - [MESSAGE][PASSED] - Object 'Object Repository/General/mainEmptyBackground' is present

2019-04-30 14:06:10 - [TEST_STEP][PASSED] - isPreSalaryTabOpen = waitForElementPresent(findTestObject("Pre-Salary/preSalaryTab"), 5): Object 'Object Repository/Pre-Salary/preSalaryTab' is not present after 5 second(s)

2019-04-30 14:06:15 - [MESSAGE][INFO] - Unable to find the element located by 'By.cssSelector: #preSalaryview'. Please recheck the objects properties to make sure the desired element is located. 

2019-04-30 14:06:15 - [MESSAGE][WARNING] - Object 'Object Repository/Pre-Salary/preSalaryTab' is not present after 5 second(s)

2019-04-30 14:06:15 - [TEST_STEP][PASSED] - if (!(isPreSalaryTabOpen)): Object: 'Object Repository/Nav Bar/Nav Bar Funds/preSalary' is clicked on

2019-04-30 14:06:15 - [TEST_STEP][PASSED] - waitForElementPresent(findTestObject("Nav Bar/funds"), 15): Object 'Object Repository/Nav Bar/funds' is present

2019-04-30 14:06:15 - [MESSAGE][PASSED] - Object 'Object Repository/Nav Bar/funds' is present

2019-04-30 14:06:15 - [TEST_STEP][PASSED] - click(findTestObject("Nav Bar/funds")): Object: 'Object Repository/Nav Bar/funds' is clicked on

2019-04-30 14:06:15 - [MESSAGE][PASSED] - Object: 'Object Repository/Nav Bar/funds' is clicked on

2019-04-30 14:06:15 - [TEST_STEP][PASSED] - delay(1): Delayed 1 second(s)

2019-04-30 14:06:16 - [MESSAGE][PASSED] - Delayed 1 second(s)

2019-04-30 14:06:16 - [TEST_STEP][PASSED] - try: Object: 'Object Repository/Nav Bar/Nav Bar Funds/preSalary' is clicked on

2019-04-30 14:06:16 - [TEST_STEP][PASSED] - waitForElementPresent(findTestObject("Nav Bar/Nav Bar Funds/preSalary"), 2): Object 'Object Repository/Nav Bar/Nav Bar Funds/preSalary' is present

2019-04-30 14:06:16 - [MESSAGE][PASSED] - Object 'Object Repository/Nav Bar/Nav Bar Funds/preSalary' is present

2019-04-30 14:06:16 - [TEST_STEP][PASSED] - click(findTestObject("Nav Bar/Nav Bar Funds/preSalary")): Object: 'Object Repository/Nav Bar/Nav Bar Funds/preSalary' is clicked on

2019-04-30 14:06:16 - [MESSAGE][PASSED] - Object: 'Object Repository/Nav Bar/Nav Bar Funds/preSalary' is clicked on

2019-04-30 14:06:16 - [TEST_STEP][PASSED] - waitForElementPresent(findTestObject("Pre-Salary/Filters/Date Picker Start/datePickerInputField"), 15): Object 'Object Repository/Pre-Salary/Filters/Date Picker Start/datePickerInputField' is present

2019-04-30 14:06:17 - [MESSAGE][PASSED] - Object 'Object Repository/Pre-Salary/Filters/Date Picker Start/datePickerInputField' is present

2019-04-30 14:06:17 - [TEST_STEP][PASSED] - click(findTestObject("Pre-Salary/Filters/Date Picker Start/datePickerInputField")): Object: 'Object Repository/Pre-Salary/Filters/Date Picker Start/datePickerInputField' is clicked on

2019-04-30 14:06:17 - [MESSAGE][PASSED] - Object: 'Object Repository/Pre-Salary/Filters/Date Picker Start/datePickerInputField' is clicked on

2019-04-30 14:06:17 - [TEST_STEP][PASSED] - delay(1): Delayed 1 second(s)

2019-04-30 14:06:18 - [MESSAGE][PASSED] - Delayed 1 second(s)

2019-04-30 14:06:18 - [TEST_STEP][PASSED] - setText(findTestObject("Pre-Salary/Filters/Date Picker Start/datePickerInputField"), ""): Text '' is set on object 'Object Repository/Pre-Salary/Filters/Date Picker Start/datePickerInputField'

2019-04-30 14:06:18 - [MESSAGE][PASSED] - Text '' is set on object 'Object Repository/Pre-Salary/Filters/Date Picker Start/datePickerInputField'

2019-04-30 14:06:18 - [TEST_STEP][PASSED] - delay(1): Delayed 1 second(s)

2019-04-30 14:06:19 - [MESSAGE][PASSED] - Delayed 1 second(s)

2019-04-30 14:06:19 - [TEST_STEP][PASSED] - setText(findTestObject("Pre-Salary/Filters/Date Picker Start/datePickerInputField"), fullDate): Text '01042019' is set on object 'Object Repository/Pre-Salary/Filters/Date Picker Start/datePickerInputField'

2019-04-30 14:06:19 - [MESSAGE][PASSED] - Text '01042019' is set on object 'Object Repository/Pre-Salary/Filters/Date Picker Start/datePickerInputField'

2019-04-30 14:06:19 - [TEST_STEP][PASSED] - waitForElementPresent(findTestObject("Pre-Salary/Filters/Date Picker Start/datePickerInputField"), 15): Object 'Object Repository/Pre-Salary/Filters/Date Picker Start/datePickerInputField' is present

2019-04-30 14:06:19 - [MESSAGE][PASSED] - Object 'Object Repository/Pre-Salary/Filters/Date Picker Start/datePickerInputField' is present

2019-04-30 14:06:19 - [TEST_STEP][PASSED] - waitForElementNotPresent(findTestObject("Pre-Salary/Filters/Drivers Dropdown/isLoadingDropdown"), 15): Web element with id: 'Object Repository/Pre-Salary/Filters/Drivers Dropdown/isLoadingDropdown' located by 'By.cssSelector: div[id="preSalaryview"] > div:nth-of-type(2) > div:nth-of-type(1) > div:nth-of-type(2) > div:nth-of-type(1) > div:nth-of-type(5) > div:nth-of-type(1) > div:nth-of-type(1) > span:nth-of-type(1) > span:nth-of-type(1) > span:nth-of-type(2) > span:nth-of-type(1)[class="k-icon k-i-arrow-60-down k-i-loading"]' is not present after '15' second(s)

2019-04-30 14:06:23 - [MESSAGE][PASSED] - Web element with id: 'Object Repository/Pre-Salary/Filters/Drivers Dropdown/isLoadingDropdown' located by 'By.cssSelector: div[id="preSalaryview"] > div:nth-of-type(2) > div:nth-of-type(1) > div:nth-of-type(2) > div:nth-of-type(1) > div:nth-of-type(5) > div:nth-of-type(1) > div:nth-of-type(1) > span:nth-of-type(1) > span:nth-of-type(1) > span:nth-of-type(2) > span:nth-of-type(1)[class="k-icon k-i-arrow-60-down k-i-loading"]' is not present after '15' second(s)

2019-04-30 14:06:23 - [TEST_STEP][PASSED] - delay(1): Delayed 1 second(s)

2019-04-30 14:06:24 - [MESSAGE][PASSED] - Delayed 1 second(s)

2019-04-30 14:06:24 - [TEST_STEP][PASSED] - try: Object: 'Object Repository/Pre-Salary/Filters/Drivers Dropdown/driversListDropdownOpen' is clicked on

2019-04-30 14:06:24 - [TEST_STEP][PASSED] - click(findTestObject("Pre-Salary/Filters/Drivers Dropdown/driversListDropdownOpen")): Object: 'Object Repository/Pre-Salary/Filters/Drivers Dropdown/driversListDropdownOpen' is clicked on

2019-04-30 14:06:24 - [MESSAGE][PASSED] - Object: 'Object Repository/Pre-Salary/Filters/Drivers Dropdown/driversListDropdownOpen' is clicked on

2019-04-30 14:06:24 - [TEST_STEP][PASSED] - delay(1): Delayed 1 second(s)

2019-04-30 14:06:25 - [MESSAGE][PASSED] - Delayed 1 second(s)

2019-04-30 14:06:25 - [TEST_STEP][PASSED] - try: Text '7062' is set on object 'Object Repository/Pre-Salary/Filters/Drivers Dropdown/driversListDropdownSearchBox'

2019-04-30 14:06:25 - [TEST_STEP][PASSED] - setText(findTestObject("Pre-Salary/Filters/Drivers Dropdown/driversListDropdownSearchBox"), driver_Id): Text '7062' is set on object 'Object Repository/Pre-Salary/Filters/Drivers Dropdown/driversListDropdownSearchBox'

2019-04-30 14:06:25 - [MESSAGE][PASSED] - Text '7062' is set on object 'Object Repository/Pre-Salary/Filters/Drivers Dropdown/driversListDropdownSearchBox'

2019-04-30 14:06:25 - [TEST_STEP][PASSED] - delay(1): Delayed 1 second(s)

2019-04-30 14:06:26 - [MESSAGE][PASSED] - Delayed 1 second(s)

2019-04-30 14:06:26 - [TEST_STEP][PASSED] - click(findTestObject("Pre-Salary/Filters/Drivers Dropdown/driversListDropdownSelectFirstDriver")): Object: 'Object Repository/Pre-Salary/Filters/Drivers Dropdown/driversListDropdownSelectFirstDriver' is clicked on

2019-04-30 14:06:27 - [MESSAGE][PASSED] - Object: 'Object Repository/Pre-Salary/Filters/Drivers Dropdown/driversListDropdownSelectFirstDriver' is clicked on

2019-04-30 14:06:27 - [TEST_STEP][PASSED] - delay(1): Delayed 1 second(s)

2019-04-30 14:06:28 - [MESSAGE][PASSED] - Delayed 1 second(s)

2019-04-30 14:06:28 - [TEST_STEP][PASSED] - click(findTestObject("Pre-Salary/Data Status/importButton")): Object: 'Object Repository/Pre-Salary/Data Status/importButton' is clicked on

2019-04-30 14:06:28 - [MESSAGE][PASSED] - Object: 'Object Repository/Pre-Salary/Data Status/importButton' is clicked on

2019-04-30 14:06:28 - [TEST_STEP][PASSED] - delay(1): Delayed 1 second(s)

2019-04-30 14:06:29 - [MESSAGE][PASSED] - Delayed 1 second(s)

2019-04-30 14:06:29 - [TEST_STEP][FAILED] - try: Unable to double click on object 'Object Repository/Pre-Salary/Calculation Summary/firstDriverInCalculationSummeryTable'

2019-04-30 14:06:29 - [TEST_STEP][PASSED] - waitForElementPresent(findTestObject("Pre-Salary/Calculation Summary/firstDriverInCalculationSummeryTable"), 20): Object 'Object Repository/Pre-Salary/Calculation Summary/firstDriverInCalculationSummeryTable' is not present after 20 second(s)

2019-04-30 14:06:50 - [MESSAGE][INFO] - Unable to find the element located by 'By.cssSelector: div[id="preSalaryview"] > div:nth-of-type(2) > div:nth-of-type(2) > div:nth-of-type(3) > div:nth-of-type(1) > div:nth-of-type(2)  > div:nth-of-type(1)  > div:nth-of-type(2) > table > tbody > tr:nth-of-type(1)'. Please recheck the objects properties to make sure the desired element is located. 

2019-04-30 14:06:50 - [MESSAGE][WARNING] - Object 'Object Repository/Pre-Salary/Calculation Summary/firstDriverInCalculationSummeryTable' is not present after 20 second(s)

2019-04-30 14:06:50 - [TEST_STEP][FAILED] - doubleClick(findTestObject("Pre-Salary/Calculation Summary/firstDriverInCalculationSummeryTable")): Unable to double click on object 'Object Repository/Pre-Salary/Calculation Summary/firstDriverInCalculationSummeryTable'

2019-04-30 14:07:05 - [MESSAGE][INFO] - Unable to find the element located by 'By.cssSelector: div[id="preSalaryview"] > div:nth-of-type(2) > div:nth-of-type(2) > div:nth-of-type(3) > div:nth-of-type(1) > div:nth-of-type(2)  > div:nth-of-type(1)  > div:nth-of-type(2) > table > tbody > tr:nth-of-type(1)'. Please recheck the objects properties to make sure the desired element is located. 

2019-04-30 14:07:05 - [MESSAGE][FAILED] - Unable to double click on object 'Object Repository/Pre-Salary/Calculation Summary/firstDriverInCalculationSummeryTable'
[[ATTACHMENT|C:\\Users\\leon.b\\git\\Y-IT_TransIT\\Reports\\Stage\\Pre Salary\\20190430_135512\\1556622425477.png]]

2019-04-30 14:07:05 - [TEST_STEP][PASSED] - catch (Exception err): Object: 'Object Repository/Pre-Salary/Calculation Summary/firstDriverInCalculationSummeryTable' is double clicked on

2019-04-30 14:07:05 - [TEST_STEP][PASSED] - waitForElementPresent(findTestObject("Pre-Salary/Calculation Summary/firstDriverInCalculationSummeryTable"), 20): Object 'Object Repository/Pre-Salary/Calculation Summary/firstDriverInCalculationSummeryTable' is present

2019-04-30 14:07:21 - [MESSAGE][PASSED] - Object 'Object Repository/Pre-Salary/Calculation Summary/firstDriverInCalculationSummeryTable' is present

2019-04-30 14:07:21 - [TEST_STEP][PASSED] - waitForElementPresent(findTestObject("Pre-Salary/Calculation Summary/firstDriverInCalculationSummeryTable"), 20): Object 'Object Repository/Pre-Salary/Calculation Summary/firstDriverInCalculationSummeryTable' is present

2019-04-30 14:07:21 - [MESSAGE][PASSED] - Object 'Object Repository/Pre-Salary/Calculation Summary/firstDriverInCalculationSummeryTable' is present

2019-04-30 14:07:21 - [TEST_STEP][PASSED] - verifyElementPresent(findTestObject("Pre-Salary/Calculation Summary/calculationSummeyTable"), 2): Object 'Object Repository/Pre-Salary/Calculation Summary/calculationSummeyTable' is present

2019-04-30 14:07:21 - [MESSAGE][PASSED] - Object 'Object Repository/Pre-Salary/Calculation Summary/calculationSummeyTable' is present

2019-04-30 14:07:21 - [TEST_STEP][PASSED] - verifyElementPresent(findTestObject("Pre-Salary/Calculation Summary/firstDriverInCalculationSummeryTable"), 2): Object 'Object Repository/Pre-Salary/Calculation Summary/firstDriverInCalculationSummeryTable' is present

2019-04-30 14:07:21 - [MESSAGE][PASSED] - Object 'Object Repository/Pre-Salary/Calculation Summary/firstDriverInCalculationSummeryTable' is present

2019-04-30 14:07:21 - [TEST_STEP][PASSED] - doubleClick(findTestObject("Pre-Salary/Calculation Summary/firstDriverInCalculationSummeryTable")): Object: 'Object Repository/Pre-Salary/Calculation Summary/firstDriverInCalculationSummeryTable' is double clicked on

2019-04-30 14:07:22 - [MESSAGE][PASSED] - Object: 'Object Repository/Pre-Salary/Calculation Summary/firstDriverInCalculationSummeryTable' is double clicked on

2019-04-30 14:07:22 - [TEST_STEP][PASSED] - waitForElementPresent(findTestObject("Pre-Salary/Employee Details/driversReportTable"), 20): Object 'Object Repository/Pre-Salary/Employee Details/driversReportTable' is present

2019-04-30 14:07:24 - [MESSAGE][PASSED] - Object 'Object Repository/Pre-Salary/Employee Details/driversReportTable' is present

2019-04-30 14:07:24 - [TEST_STEP][PASSED] - waitForElementPresent(findTestObject("Pre-Salary/Employee Details/driversReportTable"), 20): Object 'Object Repository/Pre-Salary/Employee Details/driversReportTable' is present

2019-04-30 14:07:24 - [MESSAGE][PASSED] - Object 'Object Repository/Pre-Salary/Employee Details/driversReportTable' is present

2019-04-30 14:07:24 - [TEST_STEP][PASSED] - verifyElementPresent(findTestObject("Pre-Salary/Employee Details/driversReportTable"), 2): Object 'Object Repository/Pre-Salary/Employee Details/driversReportTable' is present

2019-04-30 14:07:24 - [MESSAGE][PASSED] - Object 'Object Repository/Pre-Salary/Employee Details/driversReportTable' is present

2019-04-30 14:07:24 - [TEST_STEP][PASSED] - verifyElementPresent(findTestObject("Pre-Salary/Employee Details/driversCodeId_InDriversReportTableHeader"), 2): Object 'Object Repository/Pre-Salary/Employee Details/driversCodeId_InDriversReportTableHeader' is present

2019-04-30 14:07:24 - [MESSAGE][PASSED] - Object 'Object Repository/Pre-Salary/Employee Details/driversCodeId_InDriversReportTableHeader' is present

2019-04-30 14:07:24 - [TEST_STEP][PASSED] - driverCodeFromReport = getText(findTestObject("Pre-Salary/Employee Details/driversCodeId_InDriversReportTableHeader")): Text of object 'Object Repository/Pre-Salary/Employee Details/driversCodeId_InDriversReportTableHeader' is: '7062'

2019-04-30 14:07:24 - [MESSAGE][PASSED] - Text of object 'Object Repository/Pre-Salary/Employee Details/driversCodeId_InDriversReportTableHeader' is: '7062'

2019-04-30 14:07:24 - [TEST_STEP][PASSED] - if (driverCodeFromReport != driver_Id && !(driverCodeFromReport.contains(driver_Id))): null

2019-04-30 14:07:24 - [TEST_STEP][PASSED] - waitForElementPresent(findTestObject("Pre-Salary/Employee Details/rightSideTable"), 10): Object 'Object Repository/Pre-Salary/Employee Details/rightSideTable' is present

2019-04-30 14:07:24 - [MESSAGE][PASSED] - Object 'Object Repository/Pre-Salary/Employee Details/rightSideTable' is present

2019-04-30 14:07:24 - [TEST_STEP][PASSED] - verifyElementPresent(findTestObject("Pre-Salary/Employee Details/rightSideTable"), 2): Object 'Object Repository/Pre-Salary/Employee Details/rightSideTable' is present

2019-04-30 14:07:24 - [MESSAGE][PASSED] - Object 'Object Repository/Pre-Salary/Employee Details/rightSideTable' is present

2019-04-30 14:07:24 - [TEST_STEP][PASSED] - waitForElementPresent(findTestObject("Pre-Salary/Employee Details/rightSideTableDriversId"), 10): Object 'Object Repository/Pre-Salary/Employee Details/rightSideTableDriversId' is present

2019-04-30 14:07:24 - [MESSAGE][PASSED] - Object 'Object Repository/Pre-Salary/Employee Details/rightSideTableDriversId' is present

2019-04-30 14:07:24 - [TEST_STEP][PASSED] - verifyElementPresent(findTestObject("Pre-Salary/Employee Details/rightSideTableDriversId"), 2): Object 'Object Repository/Pre-Salary/Employee Details/rightSideTableDriversId' is present

2019-04-30 14:07:24 - [MESSAGE][PASSED] - Object 'Object Repository/Pre-Salary/Employee Details/rightSideTableDriversId' is present

2019-04-30 14:07:24 - [TEST_STEP][PASSED] - driversCodeFromRightSideTable = getText(findTestObject("Pre-Salary/Employee Details/rightSideTableDriversId")): Text of object 'Object Repository/Pre-Salary/Employee Details/rightSideTableDriversId' is: '7062'

2019-04-30 14:07:24 - [MESSAGE][PASSED] - Text of object 'Object Repository/Pre-Salary/Employee Details/rightSideTableDriversId' is: '7062'

2019-04-30 14:07:24 - [TEST_STEP][PASSED] - if (!(driversCodeFromRightSideTable.contains(driver_Id))): null

2019-04-30 14:07:24 - [TEST_STEP][PASSED] - closeBrowser(): Browser is closed

2019-04-30 14:07:25 - [MESSAGE][PASSED] - Browser is closed]]></system-out>
         <system-err><![CDATA[]]></system-err>
      </testcase>
      <system-out><![CDATA[2019-04-30 13:55:51 - [TEST_SUITE][FAILED] - Pre Salary: Test Cases/Pre-Salary/One Driver Calc FAILED.
Reason:
com.kms.katalon.core.exception.StepFailedException: Unable to click on object 'Object Repository/Pre-Salary/Filters/Drivers Dropdown/driversListDropdownOpen'
	at com.kms.katalon.core.keyword.internal.KeywordMain.stepFailed(KeywordMain.groovy:48)
	at com.kms.katalon.core.webui.keyword.internal.WebUIKeywordMain.stepFailed(WebUIKeywordMain.groovy:65)
	at com.kms.katalon.core.webui.keyword.internal.WebUIKeywordMain.runKeyword(WebUIKeywordMain.groovy:27)
	at com.kms.katalon.core.webui.keyword.builtin.ClickKeyword.click(ClickKeyword.groovy:86)
	at com.kms.katalon.core.webui.keyword.builtin.ClickKeyword.execute(ClickKeyword.groovy:67)
	at com.kms.katalon.core.keyword.internal.KeywordExecutor.executeKeywordForPlatform(KeywordExecutor.groovy:56)
	at com.kms.katalon.core.webui.keyword.WebUiBuiltInKeywords.click(WebUiBuiltInKeywords.groovy:616)
	at com.kms.katalon.core.webui.keyword.WebUiBuiltInKeywords$click$3.call(Unknown Source)
	at One Driver Calc.run(One Driver Calc:105)
	at com.kms.katalon.core.main.ScriptEngine.run(ScriptEngine.java:194)
	at com.kms.katalon.core.main.ScriptEngine.runScriptAsRawText(ScriptEngine.java:119)
	at com.kms.katalon.core.main.TestCaseExecutor.runScript(TestCaseExecutor.java:331)
	at com.kms.katalon.core.main.TestCaseExecutor.doExecute(TestCaseExecutor.java:322)
	at com.kms.katalon.core.main.TestCaseExecutor.processExecutionPhase(TestCaseExecutor.java:301)
	at com.kms.katalon.core.main.TestCaseExecutor.accessMainPhase(TestCaseExecutor.java:293)
	at com.kms.katalon.core.main.TestCaseExecutor.execute(TestCaseExecutor.java:227)
	at com.kms.katalon.core.main.TestSuiteExecutor.accessTestCaseMainPhase(TestSuiteExecutor.java:129)
	at com.kms.katalon.core.main.TestSuiteExecutor.accessTestSuiteMainPhase(TestSuiteExecutor.java:112)
	at com.kms.katalon.core.main.TestSuiteExecutor.execute(TestSuiteExecutor.java:81)
	at com.kms.katalon.core.main.TestCaseMain.startTestSuite(TestCaseMain.java:157)
	at com.kms.katalon.core.main.TestCaseMain$startTestSuite$0.call(Unknown Source)
	at TempTestSuite1556621721104.run(TempTestSuite1556621721104.groovy:35)]]></system-out>
      <system-err><![CDATA[2019-04-30 13:55:51 - [TEST_SUITE][FAILED] - Pre Salary: Test Cases/Pre-Salary/One Driver Calc FAILED.
Reason:
com.kms.katalon.core.exception.StepFailedException: Unable to click on object 'Object Repository/Pre-Salary/Filters/Drivers Dropdown/driversListDropdownOpen'
	at com.kms.katalon.core.keyword.internal.KeywordMain.stepFailed(KeywordMain.groovy:48)
	at com.kms.katalon.core.webui.keyword.internal.WebUIKeywordMain.stepFailed(WebUIKeywordMain.groovy:65)
	at com.kms.katalon.core.webui.keyword.internal.WebUIKeywordMain.runKeyword(WebUIKeywordMain.groovy:27)
	at com.kms.katalon.core.webui.keyword.builtin.ClickKeyword.click(ClickKeyword.groovy:86)
	at com.kms.katalon.core.webui.keyword.builtin.ClickKeyword.execute(ClickKeyword.groovy:67)
	at com.kms.katalon.core.keyword.internal.KeywordExecutor.executeKeywordForPlatform(KeywordExecutor.groovy:56)
	at com.kms.katalon.core.webui.keyword.WebUiBuiltInKeywords.click(WebUiBuiltInKeywords.groovy:616)
	at com.kms.katalon.core.webui.keyword.WebUiBuiltInKeywords$click$3.call(Unknown Source)
	at One Driver Calc.run(One Driver Calc:105)
	at com.kms.katalon.core.main.ScriptEngine.run(ScriptEngine.java:194)
	at com.kms.katalon.core.main.ScriptEngine.runScriptAsRawText(ScriptEngine.java:119)
	at com.kms.katalon.core.main.TestCaseExecutor.runScript(TestCaseExecutor.java:331)
	at com.kms.katalon.core.main.TestCaseExecutor.doExecute(TestCaseExecutor.java:322)
	at com.kms.katalon.core.main.TestCaseExecutor.processExecutionPhase(TestCaseExecutor.java:301)
	at com.kms.katalon.core.main.TestCaseExecutor.accessMainPhase(TestCaseExecutor.java:293)
	at com.kms.katalon.core.main.TestCaseExecutor.execute(TestCaseExecutor.java:227)
	at com.kms.katalon.core.main.TestSuiteExecutor.accessTestCaseMainPhase(TestSuiteExecutor.java:129)
	at com.kms.katalon.core.main.TestSuiteExecutor.accessTestSuiteMainPhase(TestSuiteExecutor.java:112)
	at com.kms.katalon.core.main.TestSuiteExecutor.execute(TestSuiteExecutor.java:81)
	at com.kms.katalon.core.main.TestCaseMain.startTestSuite(TestCaseMain.java:157)
	at com.kms.katalon.core.main.TestCaseMain$startTestSuite$0.call(Unknown Source)
	at TempTestSuite1556621721104.run(TempTestSuite1556621721104.groovy:35)]]></system-err>
   </testsuite>
</testsuites>
