<?xml version="1.0" encoding="UTF-8"?>
<testsuites name="Personnel" time="46" tests="1" failures="0" errors="0">
   <testsuite name="Personnel" tests="1" failures="0" errors="0" time="46" timestamp="2019-01-13 10:28:44" hostname="leon.b - QA-PC.Y-it.Local" id="Test Suites/Entities Creation/Personnel">
      <properties>
         <property name="deviceName" value=""/>
         <property name="devicePlatform" value=""/>
         <property name="logFolder" value="C:\\Users\\leon.b\\Katalon Studio\\Y-IT_TransIT\\Reports\\Entities Creation\\Personnel\\20190113_102745"/>
         <property name="logFiles" value="C:\\Users\\leon.b\\Katalon Studio\\Y-IT_TransIT\\Reports\\Entities Creation\\Personnel\\20190113_102745\\execution0.log"/>
         <property name="attachments" value="C:\\Users\\leon.b\\Katalon Studio\\Y-IT_TransIT\\Reports\\Entities Creation\\Personnel\\20190113_102745\\1547368140306.png"/>
         <property name="hostName" value="leon.b - QA-PC.Y-it.Local"/>
         <property name="os" value="Windows 10 64bit"/>
         <property name="katalonVersion" value="5.10.1.1"/>
         <property name="browser" value="Chrome 71.0.3578.98"/>
         <property name="hostAddress" value="192.168.1.145"/>
         <property name="sessionId" value="1df4cb2678e4dfd268b8ec5868c84d86"/>
         <property name="seleniumVersion" value="3.7.1"/>
         <property name="proxyInformation" value="ProxyInformation{proxyOption=NO_PROXY, proxyServerType=HTTP, password=, proxyServerAddress=, proxyServerPort=0}"/>
         <property name="platform" value="Windows 10"/>
      </properties>
      <testcase name="Test Cases/Entities Creator/Create Personnel" classname="Test Cases/Entities Creator/Create Personnel" status="PASSED">
         <system-out><![CDATA[2019-01-13 10:28:45 - [TEST_CASE][PASSED] - Test Cases/Entities Creator/Create Personnel: Test Cases/Entities Creator/Create Personnel

2019-01-13 10:28:45 - [TEST_STEP][PASSED] - nowStr = newDate.c_nowStr.getNowStr(): newDate.c_nowStr.getNowStr is PASSED

2019-01-13 10:28:45 - [MESSAGE][PASSED] - newDate.c_nowStr.getNowStr is PASSED

2019-01-13 10:28:45 - [TEST_STEP][PASSED] - city = address.c_address.getCity(): address.c_address.getCity is PASSED

2019-01-13 10:28:45 - [MESSAGE][PASSED] - address.c_address.getCity is PASSED

2019-01-13 10:28:45 - [TEST_STEP][PASSED] - street = address.c_address.getStreet(): address.c_address.getStreet is PASSED

2019-01-13 10:28:45 - [MESSAGE][PASSED] - address.c_address.getStreet is PASSED

2019-01-13 10:28:45 - [TEST_STEP][PASSED] - houseNum = address.c_address.getHouseNum(): address.c_address.getHouseNum is PASSED

2019-01-13 10:28:45 - [MESSAGE][PASSED] - address.c_address.getHouseNum is PASSED

2019-01-13 10:28:45 - [TEST_STEP][PASSED] - apartmentNum = address.c_address.getApartmentNum(): address.c_address.getApartmentNum is PASSED

2019-01-13 10:28:45 - [MESSAGE][PASSED] - address.c_address.getApartmentNum is PASSED

2019-01-13 10:28:45 - [TEST_STEP][PASSED] - entrance = address.c_address.getEntrance(): address.c_address.getEntrance is PASSED

2019-01-13 10:28:45 - [MESSAGE][PASSED] - address.c_address.getEntrance is PASSED

2019-01-13 10:28:45 - [TEST_STEP][PASSED] - mailbox = address.c_address.getMailbox(): address.c_address.getMailbox is PASSED

2019-01-13 10:28:45 - [MESSAGE][PASSED] - address.c_address.getMailbox is PASSED

2019-01-13 10:28:45 - [TEST_STEP][PASSED] - zipCode = address.c_address.getZipCode(): address.c_address.getZipCode is PASSED

2019-01-13 10:28:45 - [MESSAGE][PASSED] - address.c_address.getZipCode is PASSED

2019-01-13 10:28:45 - [TEST_STEP][PASSED] - email = communication.c_communication.getEmail(): communication.c_communication.getEmail is PASSED

2019-01-13 10:28:45 - [MESSAGE][PASSED] - communication.c_communication.getEmail is PASSED

2019-01-13 10:28:45 - [TEST_STEP][PASSED] - mobilePhone = communication.c_communication.getMobilePhone(): communication.c_communication.getMobilePhone is PASSED

2019-01-13 10:28:45 - [MESSAGE][PASSED] - communication.c_communication.getMobilePhone is PASSED

2019-01-13 10:28:45 - [TEST_STEP][PASSED] - homePhone = communication.c_communication.getHomePhone(): communication.c_communication.getHomePhone is PASSED

2019-01-13 10:28:45 - [MESSAGE][PASSED] - communication.c_communication.getHomePhone is PASSED

2019-01-13 10:28:45 - [TEST_STEP][PASSED] - officePhone = communication.c_communication.getOfficePhone(): communication.c_communication.getOfficePhone is PASSED

2019-01-13 10:28:45 - [MESSAGE][PASSED] - communication.c_communication.getOfficePhone is PASSED

2019-01-13 10:28:45 - [TEST_STEP][PASSED] - phoneExten = communication.c_communication.getPhoneExten(): communication.c_communication.getPhoneExten is PASSED

2019-01-13 10:28:45 - [MESSAGE][PASSED] - communication.c_communication.getPhoneExten is PASSED

2019-01-13 10:28:45 - [TEST_STEP][PASSED] - faxNum = communication.c_communication.getFaxNum(): communication.c_communication.getFaxNum is PASSED

2019-01-13 10:28:45 - [MESSAGE][PASSED] - communication.c_communication.getFaxNum is PASSED

2019-01-13 10:28:45 - [TEST_STEP][PASSED] - login.c_login.logIn(site, userName, userPass): login.c_login.logIn is PASSED

2019-01-13 10:28:46 - [MESSAGE][INFO] - Starting 'Chrome' driver

2019-01-13 10:28:46 - [MESSAGE][INFO] - Action delay is set to 0 seconds

2019-01-13 10:28:54 - [MESSAGE][PASSED] - Browser is opened with url: 'https://aws_test.y-it.co.il/#/login'

2019-01-13 10:28:55 - [MESSAGE][PASSED] - Current window maximized

2019-01-13 10:28:55 - [MESSAGE][PASSED] - Text 'admin' is set on object 'Object Repository/Y-IT Log In/input_ _userName'

2019-01-13 10:28:56 - [MESSAGE][PASSED] - Text ****** has been set on object 'Object Repository/Y-IT Log In/input_ _password'

2019-01-13 10:28:56 - [MESSAGE][PASSED] - Object: 'Object Repository/Y-IT Log In/input_  _submit' is clicked on

2019-01-13 10:28:56 - [MESSAGE][PASSED] - login.c_login.logIn is PASSED

2019-01-13 10:28:56 - [TEST_STEP][PASSED] - waitForElementPresent(findTestObject("Nav Bar/catalogues"), 15, CONTINUE_ON_FAILURE): Object 'Object Repository/Nav Bar/catalogues' is present

2019-01-13 10:28:57 - [MESSAGE][PASSED] - Object 'Object Repository/Nav Bar/catalogues' is present

2019-01-13 10:28:57 - [TEST_STEP][PASSED] - delay(1): Delayed 1 second(s)

2019-01-13 10:28:58 - [MESSAGE][PASSED] - Delayed 1 second(s)

2019-01-13 10:28:58 - [TEST_STEP][PASSED] - click(findTestObject("Nav Bar/catalogues")): Object: 'Object Repository/Nav Bar/catalogues' is clicked on

2019-01-13 10:28:59 - [MESSAGE][PASSED] - Object: 'Object Repository/Nav Bar/catalogues' is clicked on

2019-01-13 10:28:59 - [TEST_STEP][PASSED] - delay(1): Delayed 1 second(s)

2019-01-13 10:29:00 - [MESSAGE][PASSED] - Delayed 1 second(s)

2019-01-13 10:29:00 - [TEST_STEP][FAILED] - try: Unable to click on object 'Object Repository/Nav Bar Catalogues/personnel' (Root cause: org.openqa.selenium.ElementNotVisibleException: element not interactable
  (Session info: chrome=71.0.3578.98)
  (Driver info: chromedriver=2.43.600210 (68dcf5eebde37173d4027fa8635e332711d2874a),platform=Windows NT 10.0.17134 x86_64) (WARNING: The server did not provide any stacktrace information)
Command duration or timeout: 0 milliseconds
Build info: version: '3.7.1', revision: '8a0099a', time: '2017-11-06T21:07:36.161Z'
System info: host: 'QA-PC', ip: '192.168.1.145', os.name: 'Windows 10', os.arch: 'amd64', os.version: '10.0', java.version: '1.8.0_181'
Driver info: com.kms.katalon.selenium.driver.CChromeDriver
Capabilities {acceptInsecureCerts: false, acceptSslCerts: false, applicationCacheEnabled: false, browserConnectionEnabled: false, browserName: chrome, chrome: {chromedriverVersion: 2.43.600210 (68dcf5eebde371..., userDataDir: C:\Users\leon.b\AppData\Loc...}, cssSelectorsEnabled: true, databaseEnabled: false, goog:chromeOptions: {debuggerAddress: localhost:59388}, handlesAlerts: true, hasTouchScreen: false, javascriptEnabled: true, locationContextEnabled: true, mobileEmulationEnabled: false, nativeEvents: true, networkConnectionEnabled: false, pageLoadStrategy: normal, platform: XP, platformName: XP, rotatable: false, setWindowRect: true, takesHeapSnapshot: true, takesScreenshot: true, unexpectedAlertBehaviour: , unhandledPromptBehavior: , version: 71.0.3578.98, webStorageEnabled: true}
Session ID: 1df4cb2678e4dfd268b8ec5868c84d86)

2019-01-13 10:29:00 - [TEST_STEP][FAILED] - click(findTestObject("Object Repository/Nav Bar Catalogues/personnel")): Unable to click on object 'Object Repository/Nav Bar Catalogues/personnel' (Root cause: org.openqa.selenium.ElementNotVisibleException: element not interactable
  (Session info: chrome=71.0.3578.98)
  (Driver info: chromedriver=2.43.600210 (68dcf5eebde37173d4027fa8635e332711d2874a),platform=Windows NT 10.0.17134 x86_64) (WARNING: The server did not provide any stacktrace information)
Command duration or timeout: 0 milliseconds
Build info: version: '3.7.1', revision: '8a0099a', time: '2017-11-06T21:07:36.161Z'
System info: host: 'QA-PC', ip: '192.168.1.145', os.name: 'Windows 10', os.arch: 'amd64', os.version: '10.0', java.version: '1.8.0_181'
Driver info: com.kms.katalon.selenium.driver.CChromeDriver
Capabilities {acceptInsecureCerts: false, acceptSslCerts: false, applicationCacheEnabled: false, browserConnectionEnabled: false, browserName: chrome, chrome: {chromedriverVersion: 2.43.600210 (68dcf5eebde371..., userDataDir: C:\Users\leon.b\AppData\Loc...}, cssSelectorsEnabled: true, databaseEnabled: false, goog:chromeOptions: {debuggerAddress: localhost:59388}, handlesAlerts: true, hasTouchScreen: false, javascriptEnabled: true, locationContextEnabled: true, mobileEmulationEnabled: false, nativeEvents: true, networkConnectionEnabled: false, pageLoadStrategy: normal, platform: XP, platformName: XP, rotatable: false, setWindowRect: true, takesHeapSnapshot: true, takesScreenshot: true, unexpectedAlertBehaviour: , unhandledPromptBehavior: , version: 71.0.3578.98, webStorageEnabled: true}
Session ID: 1df4cb2678e4dfd268b8ec5868c84d86)

2019-01-13 10:29:00 - [MESSAGE][FAILED] - Unable to click on object 'Object Repository/Nav Bar Catalogues/personnel' (Root cause: org.openqa.selenium.ElementNotVisibleException: element not interactable
  (Session info: chrome=71.0.3578.98)
  (Driver info: chromedriver=2.43.600210 (68dcf5eebde37173d4027fa8635e332711d2874a),platform=Windows NT 10.0.17134 x86_64) (WARNING: The server did not provide any stacktrace information)
Command duration or timeout: 0 milliseconds
Build info: version: '3.7.1', revision: '8a0099a', time: '2017-11-06T21:07:36.161Z'
System info: host: 'QA-PC', ip: '192.168.1.145', os.name: 'Windows 10', os.arch: 'amd64', os.version: '10.0', java.version: '1.8.0_181'
Driver info: com.kms.katalon.selenium.driver.CChromeDriver
Capabilities {acceptInsecureCerts: false, acceptSslCerts: false, applicationCacheEnabled: false, browserConnectionEnabled: false, browserName: chrome, chrome: {chromedriverVersion: 2.43.600210 (68dcf5eebde371..., userDataDir: C:\Users\leon.b\AppData\Loc...}, cssSelectorsEnabled: true, databaseEnabled: false, goog:chromeOptions: {debuggerAddress: localhost:59388}, handlesAlerts: true, hasTouchScreen: false, javascriptEnabled: true, locationContextEnabled: true, mobileEmulationEnabled: false, nativeEvents: true, networkConnectionEnabled: false, pageLoadStrategy: normal, platform: XP, platformName: XP, rotatable: false, setWindowRect: true, takesHeapSnapshot: true, takesScreenshot: true, unexpectedAlertBehaviour: , unhandledPromptBehavior: , version: 71.0.3578.98, webStorageEnabled: true}
Session ID: 1df4cb2678e4dfd268b8ec5868c84d86)
[[ATTACHMENT|C:\\Users\\leon.b\\Katalon Studio\\Y-IT_TransIT\\Reports\\Entities Creation\\Personnel\\20190113_102745\\1547368140306.png]]

2019-01-13 10:29:00 - [TEST_STEP][PASSED] - catch (Exception e): Object: 'Object Repository/Nav Bar Catalogues/personnel' is clicked on

2019-01-13 10:29:00 - [TEST_STEP][PASSED] - click(findTestObject("Nav Bar/catalogues")): Object: 'Object Repository/Nav Bar/catalogues' is clicked on

2019-01-13 10:29:00 - [MESSAGE][PASSED] - Object: 'Object Repository/Nav Bar/catalogues' is clicked on

2019-01-13 10:29:00 - [TEST_STEP][PASSED] - delay(1): Delayed 1 second(s)

2019-01-13 10:29:01 - [MESSAGE][PASSED] - Delayed 1 second(s)

2019-01-13 10:29:01 - [TEST_STEP][PASSED] - click(findTestObject("Object Repository/Nav Bar Catalogues/personnel")): Object: 'Object Repository/Nav Bar Catalogues/personnel' is clicked on

2019-01-13 10:29:01 - [MESSAGE][PASSED] - Object: 'Object Repository/Nav Bar Catalogues/personnel' is clicked on

2019-01-13 10:29:01 - [TEST_STEP][PASSED] - try: Object: 'Object Repository/Indexes/Personnel Index/add Personnel' is clicked on

2019-01-13 10:29:01 - [TEST_STEP][PASSED] - delay(1): Delayed 1 second(s)

2019-01-13 10:29:02 - [MESSAGE][PASSED] - Delayed 1 second(s)

2019-01-13 10:29:02 - [TEST_STEP][PASSED] - waitForElementPresent(findTestObject("Indexes/Personnel Index/add Personnel"), 5, CONTINUE_ON_FAILURE): Object 'Object Repository/Indexes/Personnel Index/add Personnel' is present

2019-01-13 10:29:03 - [MESSAGE][PASSED] - Object 'Object Repository/Indexes/Personnel Index/add Personnel' is present

2019-01-13 10:29:03 - [TEST_STEP][PASSED] - delay(1): Delayed 1 second(s)

2019-01-13 10:29:04 - [MESSAGE][PASSED] - Delayed 1 second(s)

2019-01-13 10:29:04 - [TEST_STEP][PASSED] - click(findTestObject("Indexes/Personnel Index/add Personnel")): Object: 'Object Repository/Indexes/Personnel Index/add Personnel' is clicked on

2019-01-13 10:29:04 - [MESSAGE][PASSED] - Object: 'Object Repository/Indexes/Personnel Index/add Personnel' is clicked on

2019-01-13 10:29:04 - [TEST_STEP][PASSED] - delay(1): Delayed 1 second(s)

2019-01-13 10:29:05 - [MESSAGE][PASSED] - Delayed 1 second(s)

2019-01-13 10:29:05 - [TEST_STEP][PASSED] - setText(findTestObject("Tickets/Personnel Ticket/Details/General/first Name"), nowStr): Text '20190113102845' is set on object 'Object Repository/Tickets/Personnel Ticket/Details/General/first Name'

2019-01-13 10:29:05 - [MESSAGE][PASSED] - Text '20190113102845' is set on object 'Object Repository/Tickets/Personnel Ticket/Details/General/first Name'

2019-01-13 10:29:05 - [TEST_STEP][PASSED] - setText(findTestObject("Tickets/Personnel Ticket/Details/General/last Name"), "קטלון"): Text 'קטלון' is set on object 'Object Repository/Tickets/Personnel Ticket/Details/General/last Name'

2019-01-13 10:29:05 - [MESSAGE][PASSED] - Text 'קטלון' is set on object 'Object Repository/Tickets/Personnel Ticket/Details/General/last Name'

2019-01-13 10:29:05 - [TEST_STEP][PASSED] - setText(findTestObject("Tickets/Personnel Ticket/Details/General/city"), city): Text 'רחובות' is set on object 'Object Repository/Tickets/Personnel Ticket/Details/General/city'

2019-01-13 10:29:06 - [MESSAGE][PASSED] - Text 'רחובות' is set on object 'Object Repository/Tickets/Personnel Ticket/Details/General/city'

2019-01-13 10:29:06 - [TEST_STEP][PASSED] - setText(findTestObject("Tickets/Personnel Ticket/Details/General/street"), street): Text 'יעקב הלל' is set on object 'Object Repository/Tickets/Personnel Ticket/Details/General/street'

2019-01-13 10:29:06 - [MESSAGE][PASSED] - Text 'יעקב הלל' is set on object 'Object Repository/Tickets/Personnel Ticket/Details/General/street'

2019-01-13 10:29:06 - [TEST_STEP][PASSED] - setText(findTestObject("Tickets/Personnel Ticket/Details/General/house Number"), houseNum): Text '6' is set on object 'Object Repository/Tickets/Personnel Ticket/Details/General/house Number'

2019-01-13 10:29:06 - [MESSAGE][PASSED] - Text '6' is set on object 'Object Repository/Tickets/Personnel Ticket/Details/General/house Number'

2019-01-13 10:29:06 - [TEST_STEP][PASSED] - setText(findTestObject("Tickets/Personnel Ticket/Details/General/entrance"), entrance): Text '1' is set on object 'Object Repository/Tickets/Personnel Ticket/Details/General/entrance'

2019-01-13 10:29:06 - [MESSAGE][PASSED] - Text '1' is set on object 'Object Repository/Tickets/Personnel Ticket/Details/General/entrance'

2019-01-13 10:29:06 - [TEST_STEP][PASSED] - setText(findTestObject("Tickets/Personnel Ticket/Details/General/apartment Number"), apartmentNum): Text '5' is set on object 'Object Repository/Tickets/Personnel Ticket/Details/General/apartment Number'

2019-01-13 10:29:06 - [MESSAGE][PASSED] - Text '5' is set on object 'Object Repository/Tickets/Personnel Ticket/Details/General/apartment Number'

2019-01-13 10:29:06 - [TEST_STEP][PASSED] - setText(findTestObject("Tickets/Personnel Ticket/Details/General/mailbox"), mailbox): Text '66776' is set on object 'Object Repository/Tickets/Personnel Ticket/Details/General/mailbox'

2019-01-13 10:29:07 - [MESSAGE][PASSED] - Text '66776' is set on object 'Object Repository/Tickets/Personnel Ticket/Details/General/mailbox'

2019-01-13 10:29:07 - [TEST_STEP][PASSED] - setText(findTestObject("Tickets/Personnel Ticket/Details/General/zip Code"), zipCode): Text '123' is set on object 'Object Repository/Tickets/Personnel Ticket/Details/General/zip Code'

2019-01-13 10:29:07 - [MESSAGE][PASSED] - Text '123' is set on object 'Object Repository/Tickets/Personnel Ticket/Details/General/zip Code'

2019-01-13 10:29:07 - [TEST_STEP][PASSED] - setText(findTestObject("Tickets/Personnel Ticket/Details/General/remarks"), "בדיקה"): Text 'בדיקה' is set on object 'Object Repository/Tickets/Personnel Ticket/Details/General/remarks'

2019-01-13 10:29:07 - [MESSAGE][PASSED] - Text 'בדיקה' is set on object 'Object Repository/Tickets/Personnel Ticket/Details/General/remarks'

2019-01-13 10:29:07 - [TEST_STEP][PASSED] - setText(findTestObject("Tickets/Personnel Ticket/Details/General/email"), email): Text 'y-it@y-it.co.il' is set on object 'Object Repository/Tickets/Personnel Ticket/Details/General/email'

2019-01-13 10:29:08 - [MESSAGE][PASSED] - Text 'y-it@y-it.co.il' is set on object 'Object Repository/Tickets/Personnel Ticket/Details/General/email'

2019-01-13 10:29:08 - [TEST_STEP][PASSED] - setText(findTestObject("Tickets/Personnel Ticket/Details/General/mobile Phone"), mobilePhone): Text '057-7894567' is set on object 'Object Repository/Tickets/Personnel Ticket/Details/General/mobile Phone'

2019-01-13 10:29:08 - [MESSAGE][PASSED] - Text '057-7894567' is set on object 'Object Repository/Tickets/Personnel Ticket/Details/General/mobile Phone'

2019-01-13 10:29:08 - [TEST_STEP][PASSED] - click(findTestObject("Tickets/Personnel Ticket/Details/General/interface Button")): Object: 'Object Repository/Tickets/Personnel Ticket/Details/General/interface Button' is clicked on

2019-01-13 10:29:08 - [MESSAGE][PASSED] - Object: 'Object Repository/Tickets/Personnel Ticket/Details/General/interface Button' is clicked on

2019-01-13 10:29:08 - [TEST_STEP][PASSED] - setText(findTestObject("Tickets/Personnel Ticket/Details/General/home Phone"), homePhone): Text '07-7894567' is set on object 'Object Repository/Tickets/Personnel Ticket/Details/General/home Phone'

2019-01-13 10:29:08 - [MESSAGE][PASSED] - Text '07-7894567' is set on object 'Object Repository/Tickets/Personnel Ticket/Details/General/home Phone'

2019-01-13 10:29:08 - [TEST_STEP][PASSED] - setText(findTestObject("Tickets/Personnel Ticket/Details/General/office Phone"), officePhone): Text '04-7894566' is set on object 'Object Repository/Tickets/Personnel Ticket/Details/General/office Phone'

2019-01-13 10:29:09 - [MESSAGE][PASSED] - Text '04-7894566' is set on object 'Object Repository/Tickets/Personnel Ticket/Details/General/office Phone'

2019-01-13 10:29:09 - [TEST_STEP][PASSED] - setText(findTestObject("Tickets/Personnel Ticket/Details/General/phone Extention"), phoneExten): Text '555' is set on object 'Object Repository/Tickets/Personnel Ticket/Details/General/phone Extention'

2019-01-13 10:29:09 - [MESSAGE][PASSED] - Text '555' is set on object 'Object Repository/Tickets/Personnel Ticket/Details/General/phone Extention'

2019-01-13 10:29:09 - [TEST_STEP][PASSED] - setText(findTestObject("Tickets/Personnel Ticket/Details/General/fax Number"), faxNum): Text '02-7894562' is set on object 'Object Repository/Tickets/Personnel Ticket/Details/General/fax Number'

2019-01-13 10:29:09 - [MESSAGE][PASSED] - Text '02-7894562' is set on object 'Object Repository/Tickets/Personnel Ticket/Details/General/fax Number'

2019-01-13 10:29:09 - [TEST_STEP][PASSED] - delay(1): Delayed 1 second(s)

2019-01-13 10:29:10 - [MESSAGE][PASSED] - Delayed 1 second(s)

2019-01-13 10:29:10 - [TEST_STEP][PASSED] - click(findTestObject("Tickets/Personnel Ticket/personnel Save")): Object: 'Object Repository/Tickets/Personnel Ticket/personnel Save' is clicked on

2019-01-13 10:29:10 - [MESSAGE][PASSED] - Object: 'Object Repository/Tickets/Personnel Ticket/personnel Save' is clicked on

2019-01-13 10:29:10 - [TEST_STEP][PASSED] - delay(5): Delayed 5 second(s)

2019-01-13 10:29:15 - [MESSAGE][PASSED] - Delayed 5 second(s)

2019-01-13 10:29:15 - [TEST_STEP][PASSED] - click(findTestObject("Tickets/Personnel Ticket/personnel Close")): Object: 'Object Repository/Tickets/Personnel Ticket/personnel Close' is clicked on

2019-01-13 10:29:15 - [MESSAGE][PASSED] - Object: 'Object Repository/Tickets/Personnel Ticket/personnel Close' is clicked on

2019-01-13 10:29:15 - [TEST_STEP][PASSED] - click(findTestObject("Nav Bar/catalogues")): Object: 'Object Repository/Nav Bar/catalogues' is clicked on

2019-01-13 10:29:16 - [MESSAGE][PASSED] - Object: 'Object Repository/Nav Bar/catalogues' is clicked on

2019-01-13 10:29:16 - [TEST_STEP][PASSED] - try: Object: 'Object Repository/Nav Bar Catalogues/personnel' is clicked on

2019-01-13 10:29:16 - [TEST_STEP][PASSED] - click(findTestObject("Object Repository/Nav Bar Catalogues/personnel")): Object: 'Object Repository/Nav Bar Catalogues/personnel' is clicked on

2019-01-13 10:29:16 - [MESSAGE][PASSED] - Object: 'Object Repository/Nav Bar Catalogues/personnel' is clicked on

2019-01-13 10:29:16 - [TEST_STEP][PASSED] - delay(1): Delayed 1 second(s)

2019-01-13 10:29:17 - [MESSAGE][PASSED] - Delayed 1 second(s)

2019-01-13 10:29:17 - [TEST_STEP][PASSED] - click(findTestObject("Indexes/Personnel Index/refresh")): Object: 'Object Repository/Indexes/Personnel Index/refresh' is clicked on

2019-01-13 10:29:17 - [MESSAGE][PASSED] - Object: 'Object Repository/Indexes/Personnel Index/refresh' is clicked on

2019-01-13 10:29:17 - [TEST_STEP][PASSED] - delay(3): Delayed 3 second(s)

2019-01-13 10:29:20 - [MESSAGE][PASSED] - Delayed 3 second(s)

2019-01-13 10:29:20 - [TEST_STEP][PASSED] - setText(findTestObject("Indexes/Personnel Index/fast Search"), nowStr): Text '20190113102845' is set on object 'Object Repository/Indexes/Personnel Index/fast Search'

2019-01-13 10:29:23 - [MESSAGE][PASSED] - Text '20190113102845' is set on object 'Object Repository/Indexes/Personnel Index/fast Search'

2019-01-13 10:29:23 - [TEST_STEP][PASSED] - delay(1): Delayed 1 second(s)

2019-01-13 10:29:24 - [MESSAGE][PASSED] - Delayed 1 second(s)

2019-01-13 10:29:24 - [TEST_STEP][PASSED] - doubleClick(findTestObject("Indexes/Personnel Index/new Driver td")): Object: 'Object Repository/Indexes/Personnel Index/new Driver td' is double clicked on

2019-01-13 10:29:24 - [MESSAGE][PASSED] - Object: 'Object Repository/Indexes/Personnel Index/new Driver td' is double clicked on

2019-01-13 10:29:24 - [TEST_STEP][PASSED] - delay(1): Delayed 1 second(s)

2019-01-13 10:29:25 - [MESSAGE][PASSED] - Delayed 1 second(s)

2019-01-13 10:29:25 - [TEST_STEP][PASSED] - executeJavaScript("alert(`Personnel created with: ` + arguments[0])", [nowStr]): Execute JavaScript 'alert(`Personnel created with: ` + arguments[0])' successfully

2019-01-13 10:29:25 - [MESSAGE][PASSED] - Execute JavaScript 'alert(`Personnel created with: ` + arguments[0])' successfully

2019-01-13 10:29:25 - [TEST_STEP][PASSED] - delay(5): Delayed 5 second(s)

2019-01-13 10:29:30 - [MESSAGE][PASSED] - Delayed 5 second(s)

2019-01-13 10:29:30 - [TEST_STEP][PASSED] - acceptAlert(): Alert accepted

2019-01-13 10:29:30 - [MESSAGE][PASSED] - Alert accepted

2019-01-13 10:29:30 - [TEST_STEP][PASSED] - closeBrowser(): Browser is closed

2019-01-13 10:29:31 - [MESSAGE][PASSED] - Browser is closed]]></system-out>
         <system-err><![CDATA[]]></system-err>
      </testcase>
      <system-out><![CDATA[2019-01-13 10:28:44 - [TEST_SUITE][PASSED] - Personnel: Test Cases/Entities Creator/Create Personnel]]></system-out>
      <system-err><![CDATA[]]></system-err>
   </testsuite>
</testsuites>
