<?xml version="1.0" encoding="UTF-8"?>
<testsuites name="with real Users" time="596" tests="11" failures="0" errors="0">
   <testsuite name="with real Users" tests="11" failures="0" errors="0" time="596" timestamp="2019-01-13 10:30:13" hostname="leon.b - QA-PC.Y-it.Local" id="Test Suites/Pre-Salary/with real Users">
      <properties>
         <property name="deviceName" value=""/>
         <property name="devicePlatform" value=""/>
         <property name="logFolder" value="C:\\Users\\leon.b\\Katalon Studio\\Y-IT_TransIT\\Reports\\Pre-Salary\\with real Users\\20190113_103010"/>
         <property name="logFiles" value="C:\\Users\\leon.b\\Katalon Studio\\Y-IT_TransIT\\Reports\\Pre-Salary\\with real Users\\20190113_103010\\execution0.log"/>
         <property name="attachments" value="C:\\Users\\leon.b\\Katalon Studio\\Y-IT_TransIT\\Reports\\Pre-Salary\\with real Users\\20190113_103010\\1547368281407.png, C:\\Users\\leon.b\\Katalon Studio\\Y-IT_TransIT\\Reports\\Pre-Salary\\with real Users\\20190113_103010\\1547368425163.png"/>
         <property name="hostName" value="leon.b - QA-PC.Y-it.Local"/>
         <property name="os" value="Windows 10 64bit"/>
         <property name="katalonVersion" value="5.10.1.1"/>
         <property name="browser" value="Chrome 71.0.3578.98"/>
         <property name="hostAddress" value="192.168.1.145"/>
         <property name="sessionId" value="6d284ae3d36e92c788677c5f8bae1547"/>
         <property name="seleniumVersion" value="3.7.1"/>
         <property name="proxyInformation" value="ProxyInformation{proxyOption=NO_PROXY, proxyServerType=HTTP, password=, proxyServerAddress=, proxyServerPort=0}"/>
         <property name="platform" value="Windows 10"/>
      </properties>
      <testcase name="Test Cases/Pre-Salary/One Driver Calc" classname="Test Cases/Pre-Salary/One Driver Calc" status="PASSED">
         <system-out><![CDATA[2019-01-13 10:30:13 - [TEST_CASE][PASSED] - Test Cases/Pre-Salary/One Driver Calc: Test Cases/Pre-Salary/One Driver Calc

2019-01-13 10:30:14 - [TEST_STEP][PASSED] - login.c_login.logIn(site, userName, userPass): login.c_login.logIn is PASSED

2019-01-13 10:30:14 - [MESSAGE][INFO] - Starting 'Chrome' driver

2019-01-13 10:30:14 - [MESSAGE][INFO] - Action delay is set to 0 seconds

2019-01-13 10:30:26 - [MESSAGE][PASSED] - Browser is opened with url: 'thegged.y-it.co.il'

2019-01-13 10:30:27 - [MESSAGE][PASSED] - Current window maximized

2019-01-13 10:30:27 - [MESSAGE][PASSED] - Text 'admin' is set on object 'Object Repository/Y-IT Log In/input_ _userName'

2019-01-13 10:30:27 - [MESSAGE][PASSED] - Text ****** has been set on object 'Object Repository/Y-IT Log In/input_ _password'

2019-01-13 10:30:27 - [MESSAGE][PASSED] - Object: 'Object Repository/Y-IT Log In/input_  _submit' is clicked on

2019-01-13 10:30:27 - [MESSAGE][PASSED] - login.c_login.logIn is PASSED

2019-01-13 10:30:27 - [TEST_STEP][PASSED] - date = new java.util.Date(): null

2019-01-13 10:30:27 - [TEST_STEP][PASSED] - cal = Calendar.getInstance(): null

2019-01-13 10:30:27 - [TEST_STEP][PASSED] - cal.setTime(date): null

2019-01-13 10:30:27 - [TEST_STEP][PASSED] - month = cal.get(MONTH) + 1: null

2019-01-13 10:30:27 - [TEST_STEP][PASSED] - year = cal.get(YEAR): null

2019-01-13 10:30:27 - [TEST_STEP][PASSED] - dayStr = "01": null

2019-01-13 10:30:27 - [TEST_STEP][PASSED] - monthStr = "": null

2019-01-13 10:30:27 - [TEST_STEP][PASSED] - yearStr = year.toString(): null

2019-01-13 10:30:27 - [TEST_STEP][PASSED] - if (month < 10): null

2019-01-13 10:30:27 - [TEST_STEP][PASSED] - monthStr = "0" + month.toString(): null

2019-01-13 10:30:27 - [TEST_STEP][PASSED] - fullDate = dayStr + monthStr + yearStr: null

2019-01-13 10:30:27 - [TEST_STEP][PASSED] - delay(1): Delayed 1 second(s)

2019-01-13 10:30:28 - [MESSAGE][PASSED] - Delayed 1 second(s)

2019-01-13 10:30:28 - [TEST_STEP][PASSED] - waitForElementPresent(findTestObject("General/mainEmptyBackground"), 15): Object 'Object Repository/General/mainEmptyBackground' is present

2019-01-13 10:30:29 - [MESSAGE][PASSED] - Object 'Object Repository/General/mainEmptyBackground' is present

2019-01-13 10:30:29 - [TEST_STEP][PASSED] - isPreSalaryTabOpen = waitForElementPresent(findTestObject("Pre-Salary/preSalaryTab"), 5): Object 'Object Repository/Pre-Salary/preSalaryTab' is not present after 5 second(s)

2019-01-13 10:30:35 - [MESSAGE][INFO] - Unable to find the element located by 'By.cssSelector: #preSalaryview'. Please recheck the objects properties to make sure the desired element is located. 

2019-01-13 10:30:35 - [MESSAGE][WARNING] - Object 'Object Repository/Pre-Salary/preSalaryTab' is not present after 5 second(s)

2019-01-13 10:30:35 - [TEST_STEP][PASSED] - if (!(isPreSalaryTabOpen)): Object: 'Object Repository/Nav Bar/Nav Bar Funds/preSalary' is clicked on

2019-01-13 10:30:35 - [TEST_STEP][PASSED] - waitForElementPresent(findTestObject("Nav Bar/funds"), 15): Object 'Object Repository/Nav Bar/funds' is present

2019-01-13 10:30:35 - [MESSAGE][PASSED] - Object 'Object Repository/Nav Bar/funds' is present

2019-01-13 10:30:35 - [TEST_STEP][PASSED] - click(findTestObject("Nav Bar/funds")): Object: 'Object Repository/Nav Bar/funds' is clicked on

2019-01-13 10:30:35 - [MESSAGE][PASSED] - Object: 'Object Repository/Nav Bar/funds' is clicked on

2019-01-13 10:30:35 - [TEST_STEP][PASSED] - delay(1): Delayed 1 second(s)

2019-01-13 10:30:36 - [MESSAGE][PASSED] - Delayed 1 second(s)

2019-01-13 10:30:36 - [TEST_STEP][PASSED] - try: Object: 'Object Repository/Nav Bar/Nav Bar Funds/preSalary' is clicked on

2019-01-13 10:30:36 - [TEST_STEP][PASSED] - waitForElementPresent(findTestObject("Nav Bar/Nav Bar Funds/preSalary"), 2): Object 'Object Repository/Nav Bar/Nav Bar Funds/preSalary' is present

2019-01-13 10:30:36 - [MESSAGE][PASSED] - Object 'Object Repository/Nav Bar/Nav Bar Funds/preSalary' is present

2019-01-13 10:30:36 - [TEST_STEP][PASSED] - click(findTestObject("Nav Bar/Nav Bar Funds/preSalary")): Object: 'Object Repository/Nav Bar/Nav Bar Funds/preSalary' is clicked on

2019-01-13 10:30:36 - [MESSAGE][PASSED] - Object: 'Object Repository/Nav Bar/Nav Bar Funds/preSalary' is clicked on

2019-01-13 10:30:36 - [TEST_STEP][PASSED] - waitForElementPresent(findTestObject("Pre-Salary/Filters/Date Picker Start/datePickerInputField"), 15): Object 'Object Repository/Pre-Salary/Filters/Date Picker Start/datePickerInputField' is present

2019-01-13 10:30:36 - [MESSAGE][PASSED] - Object 'Object Repository/Pre-Salary/Filters/Date Picker Start/datePickerInputField' is present

2019-01-13 10:30:36 - [TEST_STEP][PASSED] - click(findTestObject("Pre-Salary/Filters/Date Picker Start/datePickerInputField")): Object: 'Object Repository/Pre-Salary/Filters/Date Picker Start/datePickerInputField' is clicked on

2019-01-13 10:30:37 - [MESSAGE][PASSED] - Object: 'Object Repository/Pre-Salary/Filters/Date Picker Start/datePickerInputField' is clicked on

2019-01-13 10:30:37 - [TEST_STEP][PASSED] - delay(1): Delayed 1 second(s)

2019-01-13 10:30:38 - [MESSAGE][PASSED] - Delayed 1 second(s)

2019-01-13 10:30:38 - [TEST_STEP][PASSED] - setText(findTestObject("Pre-Salary/Filters/Date Picker Start/datePickerInputField"), ""): Text '' is set on object 'Object Repository/Pre-Salary/Filters/Date Picker Start/datePickerInputField'

2019-01-13 10:30:38 - [MESSAGE][PASSED] - Text '' is set on object 'Object Repository/Pre-Salary/Filters/Date Picker Start/datePickerInputField'

2019-01-13 10:30:38 - [TEST_STEP][PASSED] - delay(1): Delayed 1 second(s)

2019-01-13 10:30:39 - [MESSAGE][PASSED] - Delayed 1 second(s)

2019-01-13 10:30:39 - [TEST_STEP][PASSED] - setText(findTestObject("Pre-Salary/Filters/Date Picker Start/datePickerInputField"), fullDate): Text '01012019' is set on object 'Object Repository/Pre-Salary/Filters/Date Picker Start/datePickerInputField'

2019-01-13 10:30:39 - [MESSAGE][PASSED] - Text '01012019' is set on object 'Object Repository/Pre-Salary/Filters/Date Picker Start/datePickerInputField'

2019-01-13 10:30:39 - [TEST_STEP][PASSED] - waitForElementPresent(findTestObject("Pre-Salary/Filters/Date Picker Start/datePickerInputField"), 15): Object 'Object Repository/Pre-Salary/Filters/Date Picker Start/datePickerInputField' is present

2019-01-13 10:30:39 - [MESSAGE][PASSED] - Object 'Object Repository/Pre-Salary/Filters/Date Picker Start/datePickerInputField' is present

2019-01-13 10:30:39 - [TEST_STEP][PASSED] - waitForElementNotPresent(findTestObject("Pre-Salary/Filters/Drivers Dropdown/isLoadingDropdown"), 15): Web element with id: 'Object Repository/Pre-Salary/Filters/Drivers Dropdown/isLoadingDropdown' located by 'By.cssSelector: div[id="preSalaryview"] > div:nth-of-type(2) > div:nth-of-type(1) > div:nth-of-type(2) > div:nth-of-type(1) > div:nth-of-type(5) > div:nth-of-type(1) > div:nth-of-type(1) > span:nth-of-type(1) > span:nth-of-type(1) > span:nth-of-type(2) > span:nth-of-type(1)[class="k-icon k-i-arrow-60-down k-i-loading"]' is not present after '15' second(s)

2019-01-13 10:30:39 - [MESSAGE][PASSED] - Web element with id: 'Object Repository/Pre-Salary/Filters/Drivers Dropdown/isLoadingDropdown' located by 'By.cssSelector: div[id="preSalaryview"] > div:nth-of-type(2) > div:nth-of-type(1) > div:nth-of-type(2) > div:nth-of-type(1) > div:nth-of-type(5) > div:nth-of-type(1) > div:nth-of-type(1) > span:nth-of-type(1) > span:nth-of-type(1) > span:nth-of-type(2) > span:nth-of-type(1)[class="k-icon k-i-arrow-60-down k-i-loading"]' is not present after '15' second(s)

2019-01-13 10:30:39 - [TEST_STEP][PASSED] - delay(1): Delayed 1 second(s)

2019-01-13 10:30:40 - [MESSAGE][PASSED] - Delayed 1 second(s)

2019-01-13 10:30:40 - [TEST_STEP][PASSED] - try: Object: 'Object Repository/Pre-Salary/Filters/Drivers Dropdown/driversListDropdownOpen' is clicked on

2019-01-13 10:30:40 - [TEST_STEP][PASSED] - click(findTestObject("Pre-Salary/Filters/Drivers Dropdown/driversListDropdownOpen")): Object: 'Object Repository/Pre-Salary/Filters/Drivers Dropdown/driversListDropdownOpen' is clicked on

2019-01-13 10:30:40 - [MESSAGE][PASSED] - Object: 'Object Repository/Pre-Salary/Filters/Drivers Dropdown/driversListDropdownOpen' is clicked on

2019-01-13 10:30:40 - [TEST_STEP][PASSED] - delay(1): Delayed 1 second(s)

2019-01-13 10:30:41 - [MESSAGE][PASSED] - Delayed 1 second(s)

2019-01-13 10:30:41 - [TEST_STEP][PASSED] - try: Text '295' is set on object 'Object Repository/Pre-Salary/Filters/Drivers Dropdown/driversListDropdownSearchBox'

2019-01-13 10:30:41 - [TEST_STEP][PASSED] - setText(findTestObject("Pre-Salary/Filters/Drivers Dropdown/driversListDropdownSearchBox"), driver_Id): Text '295' is set on object 'Object Repository/Pre-Salary/Filters/Drivers Dropdown/driversListDropdownSearchBox'

2019-01-13 10:30:42 - [MESSAGE][PASSED] - Text '295' is set on object 'Object Repository/Pre-Salary/Filters/Drivers Dropdown/driversListDropdownSearchBox'

2019-01-13 10:30:42 - [TEST_STEP][PASSED] - delay(1): Delayed 1 second(s)

2019-01-13 10:30:43 - [MESSAGE][PASSED] - Delayed 1 second(s)

2019-01-13 10:30:43 - [TEST_STEP][PASSED] - click(findTestObject("Pre-Salary/Filters/Drivers Dropdown/driversListDropdownSelectFirstDriver")): Object: 'Object Repository/Pre-Salary/Filters/Drivers Dropdown/driversListDropdownSelectFirstDriver' is clicked on

2019-01-13 10:30:43 - [MESSAGE][PASSED] - Object: 'Object Repository/Pre-Salary/Filters/Drivers Dropdown/driversListDropdownSelectFirstDriver' is clicked on

2019-01-13 10:30:43 - [TEST_STEP][PASSED] - delay(1): Delayed 1 second(s)

2019-01-13 10:30:44 - [MESSAGE][PASSED] - Delayed 1 second(s)

2019-01-13 10:30:44 - [TEST_STEP][PASSED] - click(findTestObject("Pre-Salary/Data Status/importButton")): Object: 'Object Repository/Pre-Salary/Data Status/importButton' is clicked on

2019-01-13 10:30:44 - [MESSAGE][PASSED] - Object: 'Object Repository/Pre-Salary/Data Status/importButton' is clicked on

2019-01-13 10:30:44 - [TEST_STEP][PASSED] - delay(1): Delayed 1 second(s)

2019-01-13 10:30:45 - [MESSAGE][PASSED] - Delayed 1 second(s)

2019-01-13 10:30:45 - [TEST_STEP][FAILED] - try: Unable to double click on object 'Object Repository/Pre-Salary/Calculation Summary/firstDriverInCalculationSummeryTable' (Root cause: com.kms.katalon.core.webui.exception.WebElementNotFoundException: Web element with id: 'Object Repository/Pre-Salary/Calculation Summary/firstDriverInCalculationSummeryTable' located by 'By.cssSelector: div[id="preSalaryview"] > div:nth-of-type(2) > div:nth-of-type(2) > div:nth-of-type(3) > div:nth-of-type(1) > div:nth-of-type(2)  > div:nth-of-type(1)  > div:nth-of-type(2) > table > tbody > tr:nth-of-type(1)' not found)

2019-01-13 10:30:45 - [TEST_STEP][PASSED] - waitForElementPresent(findTestObject("Pre-Salary/Calculation Summary/firstDriverInCalculationSummeryTable"), 20): Object 'Object Repository/Pre-Salary/Calculation Summary/firstDriverInCalculationSummeryTable' is not present after 20 second(s)

2019-01-13 10:31:06 - [MESSAGE][INFO] - Unable to find the element located by 'By.cssSelector: div[id="preSalaryview"] > div:nth-of-type(2) > div:nth-of-type(2) > div:nth-of-type(3) > div:nth-of-type(1) > div:nth-of-type(2)  > div:nth-of-type(1)  > div:nth-of-type(2) > table > tbody > tr:nth-of-type(1)'. Please recheck the objects properties to make sure the desired element is located. 

2019-01-13 10:31:06 - [MESSAGE][WARNING] - Object 'Object Repository/Pre-Salary/Calculation Summary/firstDriverInCalculationSummeryTable' is not present after 20 second(s)

2019-01-13 10:31:06 - [TEST_STEP][FAILED] - doubleClick(findTestObject("Pre-Salary/Calculation Summary/firstDriverInCalculationSummeryTable")): Unable to double click on object 'Object Repository/Pre-Salary/Calculation Summary/firstDriverInCalculationSummeryTable' (Root cause: com.kms.katalon.core.webui.exception.WebElementNotFoundException: Web element with id: 'Object Repository/Pre-Salary/Calculation Summary/firstDriverInCalculationSummeryTable' located by 'By.cssSelector: div[id="preSalaryview"] > div:nth-of-type(2) > div:nth-of-type(2) > div:nth-of-type(3) > div:nth-of-type(1) > div:nth-of-type(2)  > div:nth-of-type(1)  > div:nth-of-type(2) > table > tbody > tr:nth-of-type(1)' not found)

2019-01-13 10:31:21 - [MESSAGE][INFO] - Unable to find the element located by 'By.cssSelector: div[id="preSalaryview"] > div:nth-of-type(2) > div:nth-of-type(2) > div:nth-of-type(3) > div:nth-of-type(1) > div:nth-of-type(2)  > div:nth-of-type(1)  > div:nth-of-type(2) > table > tbody > tr:nth-of-type(1)'. Please recheck the objects properties to make sure the desired element is located. 

2019-01-13 10:31:21 - [MESSAGE][FAILED] - Unable to double click on object 'Object Repository/Pre-Salary/Calculation Summary/firstDriverInCalculationSummeryTable' (Root cause: com.kms.katalon.core.webui.exception.WebElementNotFoundException: Web element with id: 'Object Repository/Pre-Salary/Calculation Summary/firstDriverInCalculationSummeryTable' located by 'By.cssSelector: div[id="preSalaryview"] > div:nth-of-type(2) > div:nth-of-type(2) > div:nth-of-type(3) > div:nth-of-type(1) > div:nth-of-type(2)  > div:nth-of-type(1)  > div:nth-of-type(2) > table > tbody > tr:nth-of-type(1)' not found)
[[ATTACHMENT|C:\\Users\\leon.b\\Katalon Studio\\Y-IT_TransIT\\Reports\\Pre-Salary\\with real Users\\20190113_103010\\1547368281407.png]]

2019-01-13 10:31:21 - [TEST_STEP][PASSED] - catch (Exception err): Object: 'Object Repository/Pre-Salary/Calculation Summary/firstDriverInCalculationSummeryTable' is double clicked on

2019-01-13 10:31:21 - [TEST_STEP][PASSED] - waitForElementPresent(findTestObject("Pre-Salary/Calculation Summary/firstDriverInCalculationSummeryTable"), 20): Object 'Object Repository/Pre-Salary/Calculation Summary/firstDriverInCalculationSummeryTable' is present

2019-01-13 10:31:36 - [MESSAGE][PASSED] - Object 'Object Repository/Pre-Salary/Calculation Summary/firstDriverInCalculationSummeryTable' is present

2019-01-13 10:31:36 - [TEST_STEP][PASSED] - waitForElementPresent(findTestObject("Pre-Salary/Calculation Summary/firstDriverInCalculationSummeryTable"), 20): Object 'Object Repository/Pre-Salary/Calculation Summary/firstDriverInCalculationSummeryTable' is present

2019-01-13 10:31:36 - [MESSAGE][PASSED] - Object 'Object Repository/Pre-Salary/Calculation Summary/firstDriverInCalculationSummeryTable' is present

2019-01-13 10:31:36 - [TEST_STEP][PASSED] - verifyElementPresent(findTestObject("Pre-Salary/Calculation Summary/calculationSummeyTable"), 2): Object 'Object Repository/Pre-Salary/Calculation Summary/calculationSummeyTable' is present

2019-01-13 10:31:36 - [MESSAGE][PASSED] - Object 'Object Repository/Pre-Salary/Calculation Summary/calculationSummeyTable' is present

2019-01-13 10:31:36 - [TEST_STEP][PASSED] - verifyElementPresent(findTestObject("Pre-Salary/Calculation Summary/firstDriverInCalculationSummeryTable"), 2): Object 'Object Repository/Pre-Salary/Calculation Summary/firstDriverInCalculationSummeryTable' is present

2019-01-13 10:31:36 - [MESSAGE][PASSED] - Object 'Object Repository/Pre-Salary/Calculation Summary/firstDriverInCalculationSummeryTable' is present

2019-01-13 10:31:36 - [TEST_STEP][PASSED] - doubleClick(findTestObject("Pre-Salary/Calculation Summary/firstDriverInCalculationSummeryTable")): Object: 'Object Repository/Pre-Salary/Calculation Summary/firstDriverInCalculationSummeryTable' is double clicked on

2019-01-13 10:31:36 - [MESSAGE][PASSED] - Object: 'Object Repository/Pre-Salary/Calculation Summary/firstDriverInCalculationSummeryTable' is double clicked on

2019-01-13 10:31:36 - [TEST_STEP][PASSED] - waitForElementPresent(findTestObject("Pre-Salary/Employee Details/driversReportTable"), 20): Object 'Object Repository/Pre-Salary/Employee Details/driversReportTable' is present

2019-01-13 10:31:38 - [MESSAGE][PASSED] - Object 'Object Repository/Pre-Salary/Employee Details/driversReportTable' is present

2019-01-13 10:31:38 - [TEST_STEP][PASSED] - waitForElementPresent(findTestObject("Pre-Salary/Employee Details/driversReportTable"), 20): Object 'Object Repository/Pre-Salary/Employee Details/driversReportTable' is present

2019-01-13 10:31:38 - [MESSAGE][PASSED] - Object 'Object Repository/Pre-Salary/Employee Details/driversReportTable' is present

2019-01-13 10:31:38 - [TEST_STEP][PASSED] - verifyElementPresent(findTestObject("Pre-Salary/Employee Details/driversReportTable"), 2): Object 'Object Repository/Pre-Salary/Employee Details/driversReportTable' is present

2019-01-13 10:31:38 - [MESSAGE][PASSED] - Object 'Object Repository/Pre-Salary/Employee Details/driversReportTable' is present

2019-01-13 10:31:38 - [TEST_STEP][PASSED] - verifyElementPresent(findTestObject("Pre-Salary/Employee Details/driversCodeId_InDriversReportTableHeader"), 2): Object 'Object Repository/Pre-Salary/Employee Details/driversCodeId_InDriversReportTableHeader' is present

2019-01-13 10:31:38 - [MESSAGE][PASSED] - Object 'Object Repository/Pre-Salary/Employee Details/driversCodeId_InDriversReportTableHeader' is present

2019-01-13 10:31:38 - [TEST_STEP][PASSED] - driverCodeFromReport = getText(findTestObject("Pre-Salary/Employee Details/driversCodeId_InDriversReportTableHeader")): Text of object 'Object Repository/Pre-Salary/Employee Details/driversCodeId_InDriversReportTableHeader' is: '295'

2019-01-13 10:31:38 - [MESSAGE][PASSED] - Text of object 'Object Repository/Pre-Salary/Employee Details/driversCodeId_InDriversReportTableHeader' is: '295'

2019-01-13 10:31:38 - [TEST_STEP][PASSED] - if (driverCodeFromReport != driver_Id): null

2019-01-13 10:31:38 - [TEST_STEP][PASSED] - waitForElementPresent(findTestObject("Pre-Salary/Employee Details/rightSideTable"), 10): Object 'Object Repository/Pre-Salary/Employee Details/rightSideTable' is present

2019-01-13 10:31:38 - [MESSAGE][PASSED] - Object 'Object Repository/Pre-Salary/Employee Details/rightSideTable' is present

2019-01-13 10:31:38 - [TEST_STEP][PASSED] - verifyElementPresent(findTestObject("Pre-Salary/Employee Details/rightSideTable"), 2): Object 'Object Repository/Pre-Salary/Employee Details/rightSideTable' is present

2019-01-13 10:31:38 - [MESSAGE][PASSED] - Object 'Object Repository/Pre-Salary/Employee Details/rightSideTable' is present

2019-01-13 10:31:38 - [TEST_STEP][PASSED] - waitForElementPresent(findTestObject("Pre-Salary/Employee Details/rightSideTableDriversId"), 10): Object 'Object Repository/Pre-Salary/Employee Details/rightSideTableDriversId' is present

2019-01-13 10:31:41 - [MESSAGE][PASSED] - Object 'Object Repository/Pre-Salary/Employee Details/rightSideTableDriversId' is present

2019-01-13 10:31:41 - [TEST_STEP][PASSED] - verifyElementPresent(findTestObject("Pre-Salary/Employee Details/rightSideTableDriversId"), 2): Object 'Object Repository/Pre-Salary/Employee Details/rightSideTableDriversId' is present

2019-01-13 10:31:41 - [MESSAGE][PASSED] - Object 'Object Repository/Pre-Salary/Employee Details/rightSideTableDriversId' is present

2019-01-13 10:31:41 - [TEST_STEP][PASSED] - driversCodeFromRightSideTable = getText(findTestObject("Pre-Salary/Employee Details/rightSideTableDriversId")): Text of object 'Object Repository/Pre-Salary/Employee Details/rightSideTableDriversId' is: '295'

2019-01-13 10:31:41 - [MESSAGE][PASSED] - Text of object 'Object Repository/Pre-Salary/Employee Details/rightSideTableDriversId' is: '295'

2019-01-13 10:31:41 - [TEST_STEP][PASSED] - if (driversCodeFromRightSideTable != driver_Id): null

2019-01-13 10:31:41 - [TEST_STEP][PASSED] - closeBrowser(): Browser is closed

2019-01-13 10:31:42 - [MESSAGE][PASSED] - Browser is closed]]></system-out>
         <system-err><![CDATA[]]></system-err>
      </testcase>
      <testcase name="Test Cases/Pre-Salary/One Driver Calc" classname="Test Cases/Pre-Salary/One Driver Calc" status="PASSED">
         <system-out><![CDATA[2019-01-13 10:31:42 - [TEST_CASE][PASSED] - Test Cases/Pre-Salary/One Driver Calc: Test Cases/Pre-Salary/One Driver Calc

2019-01-13 10:31:42 - [TEST_STEP][PASSED] - login.c_login.logIn(site, userName, userPass): login.c_login.logIn is PASSED

2019-01-13 10:31:42 - [MESSAGE][INFO] - Starting 'Chrome' driver

2019-01-13 10:31:51 - [MESSAGE][PASSED] - Browser is opened with url: 'mayatour.y-it.co.il'

2019-01-13 10:31:52 - [MESSAGE][PASSED] - Current window maximized

2019-01-13 10:31:52 - [MESSAGE][PASSED] - Text 'admin' is set on object 'Object Repository/Y-IT Log In/input_ _userName'

2019-01-13 10:31:52 - [MESSAGE][PASSED] - Text ****** has been set on object 'Object Repository/Y-IT Log In/input_ _password'

2019-01-13 10:31:52 - [MESSAGE][PASSED] - Object: 'Object Repository/Y-IT Log In/input_  _submit' is clicked on

2019-01-13 10:31:52 - [MESSAGE][PASSED] - login.c_login.logIn is PASSED

2019-01-13 10:31:52 - [TEST_STEP][PASSED] - date = new java.util.Date(): null

2019-01-13 10:31:52 - [TEST_STEP][PASSED] - cal = Calendar.getInstance(): null

2019-01-13 10:31:52 - [TEST_STEP][PASSED] - cal.setTime(date): null

2019-01-13 10:31:52 - [TEST_STEP][PASSED] - month = cal.get(MONTH) + 1: null

2019-01-13 10:31:52 - [TEST_STEP][PASSED] - year = cal.get(YEAR): null

2019-01-13 10:31:52 - [TEST_STEP][PASSED] - dayStr = "01": null

2019-01-13 10:31:52 - [TEST_STEP][PASSED] - monthStr = "": null

2019-01-13 10:31:52 - [TEST_STEP][PASSED] - yearStr = year.toString(): null

2019-01-13 10:31:52 - [TEST_STEP][PASSED] - if (month < 10): null

2019-01-13 10:31:52 - [TEST_STEP][PASSED] - monthStr = "0" + month.toString(): null

2019-01-13 10:31:52 - [TEST_STEP][PASSED] - fullDate = dayStr + monthStr + yearStr: null

2019-01-13 10:31:52 - [TEST_STEP][PASSED] - delay(1): Delayed 1 second(s)

2019-01-13 10:31:53 - [MESSAGE][PASSED] - Delayed 1 second(s)

2019-01-13 10:31:53 - [TEST_STEP][PASSED] - waitForElementPresent(findTestObject("General/mainEmptyBackground"), 15): Object 'Object Repository/General/mainEmptyBackground' is present

2019-01-13 10:31:54 - [MESSAGE][PASSED] - Object 'Object Repository/General/mainEmptyBackground' is present

2019-01-13 10:31:54 - [TEST_STEP][PASSED] - isPreSalaryTabOpen = waitForElementPresent(findTestObject("Pre-Salary/preSalaryTab"), 5): Object 'Object Repository/Pre-Salary/preSalaryTab' is not present after 5 second(s)

2019-01-13 10:32:00 - [MESSAGE][INFO] - Unable to find the element located by 'By.cssSelector: #preSalaryview'. Please recheck the objects properties to make sure the desired element is located. 

2019-01-13 10:32:00 - [MESSAGE][WARNING] - Object 'Object Repository/Pre-Salary/preSalaryTab' is not present after 5 second(s)

2019-01-13 10:32:00 - [TEST_STEP][PASSED] - if (!(isPreSalaryTabOpen)): Object: 'Object Repository/Nav Bar/Nav Bar Funds/preSalary' is clicked on

2019-01-13 10:32:00 - [TEST_STEP][PASSED] - waitForElementPresent(findTestObject("Nav Bar/funds"), 15): Object 'Object Repository/Nav Bar/funds' is present

2019-01-13 10:32:00 - [MESSAGE][PASSED] - Object 'Object Repository/Nav Bar/funds' is present

2019-01-13 10:32:00 - [TEST_STEP][PASSED] - click(findTestObject("Nav Bar/funds")): Object: 'Object Repository/Nav Bar/funds' is clicked on

2019-01-13 10:32:00 - [MESSAGE][PASSED] - Object: 'Object Repository/Nav Bar/funds' is clicked on

2019-01-13 10:32:00 - [TEST_STEP][PASSED] - delay(1): Delayed 1 second(s)

2019-01-13 10:32:01 - [MESSAGE][PASSED] - Delayed 1 second(s)

2019-01-13 10:32:01 - [TEST_STEP][PASSED] - try: Object: 'Object Repository/Nav Bar/Nav Bar Funds/preSalary' is clicked on

2019-01-13 10:32:01 - [TEST_STEP][PASSED] - waitForElementPresent(findTestObject("Nav Bar/Nav Bar Funds/preSalary"), 2): Object 'Object Repository/Nav Bar/Nav Bar Funds/preSalary' is present

2019-01-13 10:32:01 - [MESSAGE][PASSED] - Object 'Object Repository/Nav Bar/Nav Bar Funds/preSalary' is present

2019-01-13 10:32:01 - [TEST_STEP][PASSED] - click(findTestObject("Nav Bar/Nav Bar Funds/preSalary")): Object: 'Object Repository/Nav Bar/Nav Bar Funds/preSalary' is clicked on

2019-01-13 10:32:01 - [MESSAGE][PASSED] - Object: 'Object Repository/Nav Bar/Nav Bar Funds/preSalary' is clicked on

2019-01-13 10:32:01 - [TEST_STEP][PASSED] - waitForElementPresent(findTestObject("Pre-Salary/Filters/Date Picker Start/datePickerInputField"), 15): Object 'Object Repository/Pre-Salary/Filters/Date Picker Start/datePickerInputField' is present

2019-01-13 10:32:02 - [MESSAGE][PASSED] - Object 'Object Repository/Pre-Salary/Filters/Date Picker Start/datePickerInputField' is present

2019-01-13 10:32:02 - [TEST_STEP][PASSED] - click(findTestObject("Pre-Salary/Filters/Date Picker Start/datePickerInputField")): Object: 'Object Repository/Pre-Salary/Filters/Date Picker Start/datePickerInputField' is clicked on

2019-01-13 10:32:02 - [MESSAGE][PASSED] - Object: 'Object Repository/Pre-Salary/Filters/Date Picker Start/datePickerInputField' is clicked on

2019-01-13 10:32:02 - [TEST_STEP][PASSED] - delay(1): Delayed 1 second(s)

2019-01-13 10:32:03 - [MESSAGE][PASSED] - Delayed 1 second(s)

2019-01-13 10:32:03 - [TEST_STEP][PASSED] - setText(findTestObject("Pre-Salary/Filters/Date Picker Start/datePickerInputField"), ""): Text '' is set on object 'Object Repository/Pre-Salary/Filters/Date Picker Start/datePickerInputField'

2019-01-13 10:32:03 - [MESSAGE][PASSED] - Text '' is set on object 'Object Repository/Pre-Salary/Filters/Date Picker Start/datePickerInputField'

2019-01-13 10:32:03 - [TEST_STEP][PASSED] - delay(1): Delayed 1 second(s)

2019-01-13 10:32:04 - [MESSAGE][PASSED] - Delayed 1 second(s)

2019-01-13 10:32:04 - [TEST_STEP][PASSED] - setText(findTestObject("Pre-Salary/Filters/Date Picker Start/datePickerInputField"), fullDate): Text '01012019' is set on object 'Object Repository/Pre-Salary/Filters/Date Picker Start/datePickerInputField'

2019-01-13 10:32:04 - [MESSAGE][PASSED] - Text '01012019' is set on object 'Object Repository/Pre-Salary/Filters/Date Picker Start/datePickerInputField'

2019-01-13 10:32:04 - [TEST_STEP][PASSED] - waitForElementPresent(findTestObject("Pre-Salary/Filters/Date Picker Start/datePickerInputField"), 15): Object 'Object Repository/Pre-Salary/Filters/Date Picker Start/datePickerInputField' is present

2019-01-13 10:32:04 - [MESSAGE][PASSED] - Object 'Object Repository/Pre-Salary/Filters/Date Picker Start/datePickerInputField' is present

2019-01-13 10:32:04 - [TEST_STEP][PASSED] - waitForElementNotPresent(findTestObject("Pre-Salary/Filters/Drivers Dropdown/isLoadingDropdown"), 15): Web element with id: 'Object Repository/Pre-Salary/Filters/Drivers Dropdown/isLoadingDropdown' located by 'By.cssSelector: div[id="preSalaryview"] > div:nth-of-type(2) > div:nth-of-type(1) > div:nth-of-type(2) > div:nth-of-type(1) > div:nth-of-type(5) > div:nth-of-type(1) > div:nth-of-type(1) > span:nth-of-type(1) > span:nth-of-type(1) > span:nth-of-type(2) > span:nth-of-type(1)[class="k-icon k-i-arrow-60-down k-i-loading"]' is not present after '15' second(s)

2019-01-13 10:32:04 - [MESSAGE][PASSED] - Web element with id: 'Object Repository/Pre-Salary/Filters/Drivers Dropdown/isLoadingDropdown' located by 'By.cssSelector: div[id="preSalaryview"] > div:nth-of-type(2) > div:nth-of-type(1) > div:nth-of-type(2) > div:nth-of-type(1) > div:nth-of-type(5) > div:nth-of-type(1) > div:nth-of-type(1) > span:nth-of-type(1) > span:nth-of-type(1) > span:nth-of-type(2) > span:nth-of-type(1)[class="k-icon k-i-arrow-60-down k-i-loading"]' is not present after '15' second(s)

2019-01-13 10:32:04 - [TEST_STEP][PASSED] - delay(1): Delayed 1 second(s)

2019-01-13 10:32:05 - [MESSAGE][PASSED] - Delayed 1 second(s)

2019-01-13 10:32:05 - [TEST_STEP][PASSED] - try: Object: 'Object Repository/Pre-Salary/Filters/Drivers Dropdown/driversListDropdownOpen' is clicked on

2019-01-13 10:32:05 - [TEST_STEP][PASSED] - click(findTestObject("Pre-Salary/Filters/Drivers Dropdown/driversListDropdownOpen")): Object: 'Object Repository/Pre-Salary/Filters/Drivers Dropdown/driversListDropdownOpen' is clicked on

2019-01-13 10:32:05 - [MESSAGE][PASSED] - Object: 'Object Repository/Pre-Salary/Filters/Drivers Dropdown/driversListDropdownOpen' is clicked on

2019-01-13 10:32:05 - [TEST_STEP][PASSED] - delay(1): Delayed 1 second(s)

2019-01-13 10:32:06 - [MESSAGE][PASSED] - Delayed 1 second(s)

2019-01-13 10:32:06 - [TEST_STEP][PASSED] - try: Text '3391' is set on object 'Object Repository/Pre-Salary/Filters/Drivers Dropdown/driversListDropdownSearchBox'

2019-01-13 10:32:06 - [TEST_STEP][PASSED] - setText(findTestObject("Pre-Salary/Filters/Drivers Dropdown/driversListDropdownSearchBox"), driver_Id): Text '3391' is set on object 'Object Repository/Pre-Salary/Filters/Drivers Dropdown/driversListDropdownSearchBox'

2019-01-13 10:32:07 - [MESSAGE][PASSED] - Text '3391' is set on object 'Object Repository/Pre-Salary/Filters/Drivers Dropdown/driversListDropdownSearchBox'

2019-01-13 10:32:07 - [TEST_STEP][PASSED] - delay(1): Delayed 1 second(s)

2019-01-13 10:32:08 - [MESSAGE][PASSED] - Delayed 1 second(s)

2019-01-13 10:32:08 - [TEST_STEP][PASSED] - click(findTestObject("Pre-Salary/Filters/Drivers Dropdown/driversListDropdownSelectFirstDriver")): Object: 'Object Repository/Pre-Salary/Filters/Drivers Dropdown/driversListDropdownSelectFirstDriver' is clicked on

2019-01-13 10:32:08 - [MESSAGE][PASSED] - Object: 'Object Repository/Pre-Salary/Filters/Drivers Dropdown/driversListDropdownSelectFirstDriver' is clicked on

2019-01-13 10:32:08 - [TEST_STEP][PASSED] - delay(1): Delayed 1 second(s)

2019-01-13 10:32:09 - [MESSAGE][PASSED] - Delayed 1 second(s)

2019-01-13 10:32:09 - [TEST_STEP][PASSED] - click(findTestObject("Pre-Salary/Data Status/importButton")): Object: 'Object Repository/Pre-Salary/Data Status/importButton' is clicked on

2019-01-13 10:32:09 - [MESSAGE][PASSED] - Object: 'Object Repository/Pre-Salary/Data Status/importButton' is clicked on

2019-01-13 10:32:09 - [TEST_STEP][PASSED] - delay(1): Delayed 1 second(s)

2019-01-13 10:32:10 - [MESSAGE][PASSED] - Delayed 1 second(s)

2019-01-13 10:32:10 - [TEST_STEP][PASSED] - try: Object: 'Object Repository/Pre-Salary/Calculation Summary/firstDriverInCalculationSummeryTable' is double clicked on

2019-01-13 10:32:10 - [TEST_STEP][PASSED] - waitForElementPresent(findTestObject("Pre-Salary/Calculation Summary/firstDriverInCalculationSummeryTable"), 20): Object 'Object Repository/Pre-Salary/Calculation Summary/firstDriverInCalculationSummeryTable' is not present after 20 second(s)

2019-01-13 10:32:31 - [MESSAGE][INFO] - Unable to find the element located by 'By.cssSelector: div[id="preSalaryview"] > div:nth-of-type(2) > div:nth-of-type(2) > div:nth-of-type(3) > div:nth-of-type(1) > div:nth-of-type(2)  > div:nth-of-type(1)  > div:nth-of-type(2) > table > tbody > tr:nth-of-type(1)'. Please recheck the objects properties to make sure the desired element is located. 

2019-01-13 10:32:31 - [MESSAGE][WARNING] - Object 'Object Repository/Pre-Salary/Calculation Summary/firstDriverInCalculationSummeryTable' is not present after 20 second(s)

2019-01-13 10:32:31 - [TEST_STEP][PASSED] - doubleClick(findTestObject("Pre-Salary/Calculation Summary/firstDriverInCalculationSummeryTable")): Object: 'Object Repository/Pre-Salary/Calculation Summary/firstDriverInCalculationSummeryTable' is double clicked on

2019-01-13 10:32:38 - [MESSAGE][PASSED] - Object: 'Object Repository/Pre-Salary/Calculation Summary/firstDriverInCalculationSummeryTable' is double clicked on

2019-01-13 10:32:38 - [TEST_STEP][PASSED] - waitForElementPresent(findTestObject("Pre-Salary/Employee Details/driversReportTable"), 20): Object 'Object Repository/Pre-Salary/Employee Details/driversReportTable' is present

2019-01-13 10:32:40 - [MESSAGE][PASSED] - Object 'Object Repository/Pre-Salary/Employee Details/driversReportTable' is present

2019-01-13 10:32:40 - [TEST_STEP][PASSED] - waitForElementPresent(findTestObject("Pre-Salary/Employee Details/driversReportTable"), 20): Object 'Object Repository/Pre-Salary/Employee Details/driversReportTable' is present

2019-01-13 10:32:40 - [MESSAGE][PASSED] - Object 'Object Repository/Pre-Salary/Employee Details/driversReportTable' is present

2019-01-13 10:32:40 - [TEST_STEP][PASSED] - verifyElementPresent(findTestObject("Pre-Salary/Employee Details/driversReportTable"), 2): Object 'Object Repository/Pre-Salary/Employee Details/driversReportTable' is present

2019-01-13 10:32:40 - [MESSAGE][PASSED] - Object 'Object Repository/Pre-Salary/Employee Details/driversReportTable' is present

2019-01-13 10:32:40 - [TEST_STEP][PASSED] - verifyElementPresent(findTestObject("Pre-Salary/Employee Details/driversCodeId_InDriversReportTableHeader"), 2): Object 'Object Repository/Pre-Salary/Employee Details/driversCodeId_InDriversReportTableHeader' is present

2019-01-13 10:32:40 - [MESSAGE][PASSED] - Object 'Object Repository/Pre-Salary/Employee Details/driversCodeId_InDriversReportTableHeader' is present

2019-01-13 10:32:40 - [TEST_STEP][PASSED] - driverCodeFromReport = getText(findTestObject("Pre-Salary/Employee Details/driversCodeId_InDriversReportTableHeader")): Text of object 'Object Repository/Pre-Salary/Employee Details/driversCodeId_InDriversReportTableHeader' is: '3391'

2019-01-13 10:32:40 - [MESSAGE][PASSED] - Text of object 'Object Repository/Pre-Salary/Employee Details/driversCodeId_InDriversReportTableHeader' is: '3391'

2019-01-13 10:32:40 - [TEST_STEP][PASSED] - if (driverCodeFromReport != driver_Id): null

2019-01-13 10:32:40 - [TEST_STEP][PASSED] - waitForElementPresent(findTestObject("Pre-Salary/Employee Details/rightSideTable"), 10): Object 'Object Repository/Pre-Salary/Employee Details/rightSideTable' is present

2019-01-13 10:32:40 - [MESSAGE][PASSED] - Object 'Object Repository/Pre-Salary/Employee Details/rightSideTable' is present

2019-01-13 10:32:40 - [TEST_STEP][PASSED] - verifyElementPresent(findTestObject("Pre-Salary/Employee Details/rightSideTable"), 2): Object 'Object Repository/Pre-Salary/Employee Details/rightSideTable' is present

2019-01-13 10:32:40 - [MESSAGE][PASSED] - Object 'Object Repository/Pre-Salary/Employee Details/rightSideTable' is present

2019-01-13 10:32:40 - [TEST_STEP][PASSED] - waitForElementPresent(findTestObject("Pre-Salary/Employee Details/rightSideTableDriversId"), 10): Object 'Object Repository/Pre-Salary/Employee Details/rightSideTableDriversId' is present

2019-01-13 10:32:48 - [MESSAGE][PASSED] - Object 'Object Repository/Pre-Salary/Employee Details/rightSideTableDriversId' is present

2019-01-13 10:32:48 - [TEST_STEP][PASSED] - verifyElementPresent(findTestObject("Pre-Salary/Employee Details/rightSideTableDriversId"), 2): Object 'Object Repository/Pre-Salary/Employee Details/rightSideTableDriversId' is present

2019-01-13 10:32:48 - [MESSAGE][PASSED] - Object 'Object Repository/Pre-Salary/Employee Details/rightSideTableDriversId' is present

2019-01-13 10:32:48 - [TEST_STEP][PASSED] - driversCodeFromRightSideTable = getText(findTestObject("Pre-Salary/Employee Details/rightSideTableDriversId")): Text of object 'Object Repository/Pre-Salary/Employee Details/rightSideTableDriversId' is: '3391'

2019-01-13 10:32:48 - [MESSAGE][PASSED] - Text of object 'Object Repository/Pre-Salary/Employee Details/rightSideTableDriversId' is: '3391'

2019-01-13 10:32:48 - [TEST_STEP][PASSED] - if (driversCodeFromRightSideTable != driver_Id): null

2019-01-13 10:32:48 - [TEST_STEP][PASSED] - closeBrowser(): Browser is closed

2019-01-13 10:32:49 - [MESSAGE][PASSED] - Browser is closed]]></system-out>
         <system-err><![CDATA[]]></system-err>
      </testcase>
      <testcase name="Test Cases/Pre-Salary/One Driver Calc" classname="Test Cases/Pre-Salary/One Driver Calc" status="PASSED">
         <system-out><![CDATA[2019-01-13 10:32:49 - [TEST_CASE][PASSED] - Test Cases/Pre-Salary/One Driver Calc: Test Cases/Pre-Salary/One Driver Calc

2019-01-13 10:32:49 - [TEST_STEP][PASSED] - login.c_login.logIn(site, userName, userPass): login.c_login.logIn is PASSED

2019-01-13 10:32:49 - [MESSAGE][INFO] - Starting 'Chrome' driver

2019-01-13 10:32:57 - [MESSAGE][PASSED] - Browser is opened with url: 'eggedtaavura.y-it.co.il'

2019-01-13 10:32:58 - [MESSAGE][PASSED] - Current window maximized

2019-01-13 10:32:58 - [MESSAGE][PASSED] - Text 'admin' is set on object 'Object Repository/Y-IT Log In/input_ _userName'

2019-01-13 10:32:58 - [MESSAGE][PASSED] - Text ****** has been set on object 'Object Repository/Y-IT Log In/input_ _password'

2019-01-13 10:32:58 - [MESSAGE][PASSED] - Object: 'Object Repository/Y-IT Log In/input_  _submit' is clicked on

2019-01-13 10:32:58 - [MESSAGE][PASSED] - login.c_login.logIn is PASSED

2019-01-13 10:32:58 - [TEST_STEP][PASSED] - date = new java.util.Date(): null

2019-01-13 10:32:58 - [TEST_STEP][PASSED] - cal = Calendar.getInstance(): null

2019-01-13 10:32:58 - [TEST_STEP][PASSED] - cal.setTime(date): null

2019-01-13 10:32:58 - [TEST_STEP][PASSED] - month = cal.get(MONTH) + 1: null

2019-01-13 10:32:58 - [TEST_STEP][PASSED] - year = cal.get(YEAR): null

2019-01-13 10:32:58 - [TEST_STEP][PASSED] - dayStr = "01": null

2019-01-13 10:32:58 - [TEST_STEP][PASSED] - monthStr = "": null

2019-01-13 10:32:58 - [TEST_STEP][PASSED] - yearStr = year.toString(): null

2019-01-13 10:32:58 - [TEST_STEP][PASSED] - if (month < 10): null

2019-01-13 10:32:58 - [TEST_STEP][PASSED] - monthStr = "0" + month.toString(): null

2019-01-13 10:32:58 - [TEST_STEP][PASSED] - fullDate = dayStr + monthStr + yearStr: null

2019-01-13 10:32:58 - [TEST_STEP][PASSED] - delay(1): Delayed 1 second(s)

2019-01-13 10:32:59 - [MESSAGE][PASSED] - Delayed 1 second(s)

2019-01-13 10:32:59 - [TEST_STEP][PASSED] - waitForElementPresent(findTestObject("General/mainEmptyBackground"), 15): Object 'Object Repository/General/mainEmptyBackground' is present

2019-01-13 10:32:59 - [MESSAGE][PASSED] - Object 'Object Repository/General/mainEmptyBackground' is present

2019-01-13 10:32:59 - [TEST_STEP][PASSED] - isPreSalaryTabOpen = waitForElementPresent(findTestObject("Pre-Salary/preSalaryTab"), 5): Object 'Object Repository/Pre-Salary/preSalaryTab' is present

2019-01-13 10:33:00 - [MESSAGE][PASSED] - Object 'Object Repository/Pre-Salary/preSalaryTab' is present

2019-01-13 10:33:00 - [TEST_STEP][PASSED] - if (!(isPreSalaryTabOpen)): null

2019-01-13 10:33:00 - [TEST_STEP][PASSED] - waitForElementPresent(findTestObject("Pre-Salary/Filters/Date Picker Start/datePickerInputField"), 15): Object 'Object Repository/Pre-Salary/Filters/Date Picker Start/datePickerInputField' is present

2019-01-13 10:33:00 - [MESSAGE][PASSED] - Object 'Object Repository/Pre-Salary/Filters/Date Picker Start/datePickerInputField' is present

2019-01-13 10:33:00 - [TEST_STEP][PASSED] - click(findTestObject("Pre-Salary/Filters/Date Picker Start/datePickerInputField")): Object: 'Object Repository/Pre-Salary/Filters/Date Picker Start/datePickerInputField' is clicked on

2019-01-13 10:33:00 - [MESSAGE][PASSED] - Object: 'Object Repository/Pre-Salary/Filters/Date Picker Start/datePickerInputField' is clicked on

2019-01-13 10:33:00 - [TEST_STEP][PASSED] - delay(1): Delayed 1 second(s)

2019-01-13 10:33:01 - [MESSAGE][PASSED] - Delayed 1 second(s)

2019-01-13 10:33:01 - [TEST_STEP][PASSED] - setText(findTestObject("Pre-Salary/Filters/Date Picker Start/datePickerInputField"), ""): Text '' is set on object 'Object Repository/Pre-Salary/Filters/Date Picker Start/datePickerInputField'

2019-01-13 10:33:01 - [MESSAGE][PASSED] - Text '' is set on object 'Object Repository/Pre-Salary/Filters/Date Picker Start/datePickerInputField'

2019-01-13 10:33:01 - [TEST_STEP][PASSED] - delay(1): Delayed 1 second(s)

2019-01-13 10:33:02 - [MESSAGE][PASSED] - Delayed 1 second(s)

2019-01-13 10:33:02 - [TEST_STEP][PASSED] - setText(findTestObject("Pre-Salary/Filters/Date Picker Start/datePickerInputField"), fullDate): Text '01012019' is set on object 'Object Repository/Pre-Salary/Filters/Date Picker Start/datePickerInputField'

2019-01-13 10:33:03 - [MESSAGE][PASSED] - Text '01012019' is set on object 'Object Repository/Pre-Salary/Filters/Date Picker Start/datePickerInputField'

2019-01-13 10:33:03 - [TEST_STEP][PASSED] - waitForElementPresent(findTestObject("Pre-Salary/Filters/Date Picker Start/datePickerInputField"), 15): Object 'Object Repository/Pre-Salary/Filters/Date Picker Start/datePickerInputField' is present

2019-01-13 10:33:03 - [MESSAGE][PASSED] - Object 'Object Repository/Pre-Salary/Filters/Date Picker Start/datePickerInputField' is present

2019-01-13 10:33:03 - [TEST_STEP][PASSED] - waitForElementNotPresent(findTestObject("Pre-Salary/Filters/Drivers Dropdown/isLoadingDropdown"), 15): Web element with id: 'Object Repository/Pre-Salary/Filters/Drivers Dropdown/isLoadingDropdown' located by 'By.cssSelector: div[id="preSalaryview"] > div:nth-of-type(2) > div:nth-of-type(1) > div:nth-of-type(2) > div:nth-of-type(1) > div:nth-of-type(5) > div:nth-of-type(1) > div:nth-of-type(1) > span:nth-of-type(1) > span:nth-of-type(1) > span:nth-of-type(2) > span:nth-of-type(1)[class="k-icon k-i-arrow-60-down k-i-loading"]' is not present after '15' second(s)

2019-01-13 10:33:03 - [MESSAGE][PASSED] - Web element with id: 'Object Repository/Pre-Salary/Filters/Drivers Dropdown/isLoadingDropdown' located by 'By.cssSelector: div[id="preSalaryview"] > div:nth-of-type(2) > div:nth-of-type(1) > div:nth-of-type(2) > div:nth-of-type(1) > div:nth-of-type(5) > div:nth-of-type(1) > div:nth-of-type(1) > span:nth-of-type(1) > span:nth-of-type(1) > span:nth-of-type(2) > span:nth-of-type(1)[class="k-icon k-i-arrow-60-down k-i-loading"]' is not present after '15' second(s)

2019-01-13 10:33:03 - [TEST_STEP][PASSED] - delay(1): Delayed 1 second(s)

2019-01-13 10:33:04 - [MESSAGE][PASSED] - Delayed 1 second(s)

2019-01-13 10:33:04 - [TEST_STEP][PASSED] - try: Object: 'Object Repository/Pre-Salary/Filters/Drivers Dropdown/driversListDropdownOpen' is clicked on

2019-01-13 10:33:04 - [TEST_STEP][PASSED] - click(findTestObject("Pre-Salary/Filters/Drivers Dropdown/driversListDropdownOpen")): Object: 'Object Repository/Pre-Salary/Filters/Drivers Dropdown/driversListDropdownOpen' is clicked on

2019-01-13 10:33:04 - [MESSAGE][PASSED] - Object: 'Object Repository/Pre-Salary/Filters/Drivers Dropdown/driversListDropdownOpen' is clicked on

2019-01-13 10:33:04 - [TEST_STEP][PASSED] - delay(1): Delayed 1 second(s)

2019-01-13 10:33:05 - [MESSAGE][PASSED] - Delayed 1 second(s)

2019-01-13 10:33:05 - [TEST_STEP][PASSED] - try: Text '438' is set on object 'Object Repository/Pre-Salary/Filters/Drivers Dropdown/driversListDropdownSearchBox'

2019-01-13 10:33:05 - [TEST_STEP][PASSED] - setText(findTestObject("Pre-Salary/Filters/Drivers Dropdown/driversListDropdownSearchBox"), driver_Id): Text '438' is set on object 'Object Repository/Pre-Salary/Filters/Drivers Dropdown/driversListDropdownSearchBox'

2019-01-13 10:33:05 - [MESSAGE][PASSED] - Text '438' is set on object 'Object Repository/Pre-Salary/Filters/Drivers Dropdown/driversListDropdownSearchBox'

2019-01-13 10:33:05 - [TEST_STEP][PASSED] - delay(1): Delayed 1 second(s)

2019-01-13 10:33:06 - [MESSAGE][PASSED] - Delayed 1 second(s)

2019-01-13 10:33:06 - [TEST_STEP][PASSED] - click(findTestObject("Pre-Salary/Filters/Drivers Dropdown/driversListDropdownSelectFirstDriver")): Object: 'Object Repository/Pre-Salary/Filters/Drivers Dropdown/driversListDropdownSelectFirstDriver' is clicked on

2019-01-13 10:33:06 - [MESSAGE][PASSED] - Object: 'Object Repository/Pre-Salary/Filters/Drivers Dropdown/driversListDropdownSelectFirstDriver' is clicked on

2019-01-13 10:33:06 - [TEST_STEP][PASSED] - delay(1): Delayed 1 second(s)

2019-01-13 10:33:07 - [MESSAGE][PASSED] - Delayed 1 second(s)

2019-01-13 10:33:07 - [TEST_STEP][PASSED] - click(findTestObject("Pre-Salary/Data Status/importButton")): Object: 'Object Repository/Pre-Salary/Data Status/importButton' is clicked on

2019-01-13 10:33:07 - [MESSAGE][PASSED] - Object: 'Object Repository/Pre-Salary/Data Status/importButton' is clicked on

2019-01-13 10:33:07 - [TEST_STEP][PASSED] - delay(1): Delayed 1 second(s)

2019-01-13 10:33:08 - [MESSAGE][PASSED] - Delayed 1 second(s)

2019-01-13 10:33:08 - [TEST_STEP][FAILED] - try: Unable to double click on object 'Object Repository/Pre-Salary/Calculation Summary/firstDriverInCalculationSummeryTable' (Root cause: com.kms.katalon.core.webui.exception.WebElementNotFoundException: Web element with id: 'Object Repository/Pre-Salary/Calculation Summary/firstDriverInCalculationSummeryTable' located by 'By.cssSelector: div[id="preSalaryview"] > div:nth-of-type(2) > div:nth-of-type(2) > div:nth-of-type(3) > div:nth-of-type(1) > div:nth-of-type(2)  > div:nth-of-type(1)  > div:nth-of-type(2) > table > tbody > tr:nth-of-type(1)' not found)

2019-01-13 10:33:08 - [TEST_STEP][PASSED] - waitForElementPresent(findTestObject("Pre-Salary/Calculation Summary/firstDriverInCalculationSummeryTable"), 20): Object 'Object Repository/Pre-Salary/Calculation Summary/firstDriverInCalculationSummeryTable' is not present after 20 second(s)

2019-01-13 10:33:29 - [MESSAGE][INFO] - Unable to find the element located by 'By.cssSelector: div[id="preSalaryview"] > div:nth-of-type(2) > div:nth-of-type(2) > div:nth-of-type(3) > div:nth-of-type(1) > div:nth-of-type(2)  > div:nth-of-type(1)  > div:nth-of-type(2) > table > tbody > tr:nth-of-type(1)'. Please recheck the objects properties to make sure the desired element is located. 

2019-01-13 10:33:29 - [MESSAGE][WARNING] - Object 'Object Repository/Pre-Salary/Calculation Summary/firstDriverInCalculationSummeryTable' is not present after 20 second(s)

2019-01-13 10:33:29 - [TEST_STEP][FAILED] - doubleClick(findTestObject("Pre-Salary/Calculation Summary/firstDriverInCalculationSummeryTable")): Unable to double click on object 'Object Repository/Pre-Salary/Calculation Summary/firstDriverInCalculationSummeryTable' (Root cause: com.kms.katalon.core.webui.exception.WebElementNotFoundException: Web element with id: 'Object Repository/Pre-Salary/Calculation Summary/firstDriverInCalculationSummeryTable' located by 'By.cssSelector: div[id="preSalaryview"] > div:nth-of-type(2) > div:nth-of-type(2) > div:nth-of-type(3) > div:nth-of-type(1) > div:nth-of-type(2)  > div:nth-of-type(1)  > div:nth-of-type(2) > table > tbody > tr:nth-of-type(1)' not found)

2019-01-13 10:33:45 - [MESSAGE][INFO] - Unable to find the element located by 'By.cssSelector: div[id="preSalaryview"] > div:nth-of-type(2) > div:nth-of-type(2) > div:nth-of-type(3) > div:nth-of-type(1) > div:nth-of-type(2)  > div:nth-of-type(1)  > div:nth-of-type(2) > table > tbody > tr:nth-of-type(1)'. Please recheck the objects properties to make sure the desired element is located. 

2019-01-13 10:33:45 - [MESSAGE][FAILED] - Unable to double click on object 'Object Repository/Pre-Salary/Calculation Summary/firstDriverInCalculationSummeryTable' (Root cause: com.kms.katalon.core.webui.exception.WebElementNotFoundException: Web element with id: 'Object Repository/Pre-Salary/Calculation Summary/firstDriverInCalculationSummeryTable' located by 'By.cssSelector: div[id="preSalaryview"] > div:nth-of-type(2) > div:nth-of-type(2) > div:nth-of-type(3) > div:nth-of-type(1) > div:nth-of-type(2)  > div:nth-of-type(1)  > div:nth-of-type(2) > table > tbody > tr:nth-of-type(1)' not found)
[[ATTACHMENT|C:\\Users\\leon.b\\Katalon Studio\\Y-IT_TransIT\\Reports\\Pre-Salary\\with real Users\\20190113_103010\\1547368425163.png]]

2019-01-13 10:33:45 - [TEST_STEP][PASSED] - catch (Exception err): Object: 'Object Repository/Pre-Salary/Calculation Summary/firstDriverInCalculationSummeryTable' is double clicked on

2019-01-13 10:33:45 - [TEST_STEP][PASSED] - waitForElementPresent(findTestObject("Pre-Salary/Calculation Summary/firstDriverInCalculationSummeryTable"), 20): Object 'Object Repository/Pre-Salary/Calculation Summary/firstDriverInCalculationSummeryTable' is present

2019-01-13 10:33:54 - [MESSAGE][PASSED] - Object 'Object Repository/Pre-Salary/Calculation Summary/firstDriverInCalculationSummeryTable' is present

2019-01-13 10:33:54 - [TEST_STEP][PASSED] - waitForElementPresent(findTestObject("Pre-Salary/Calculation Summary/firstDriverInCalculationSummeryTable"), 20): Object 'Object Repository/Pre-Salary/Calculation Summary/firstDriverInCalculationSummeryTable' is present

2019-01-13 10:33:54 - [MESSAGE][PASSED] - Object 'Object Repository/Pre-Salary/Calculation Summary/firstDriverInCalculationSummeryTable' is present

2019-01-13 10:33:54 - [TEST_STEP][PASSED] - verifyElementPresent(findTestObject("Pre-Salary/Calculation Summary/calculationSummeyTable"), 2): Object 'Object Repository/Pre-Salary/Calculation Summary/calculationSummeyTable' is present

2019-01-13 10:33:54 - [MESSAGE][PASSED] - Object 'Object Repository/Pre-Salary/Calculation Summary/calculationSummeyTable' is present

2019-01-13 10:33:54 - [TEST_STEP][PASSED] - verifyElementPresent(findTestObject("Pre-Salary/Calculation Summary/firstDriverInCalculationSummeryTable"), 2): Object 'Object Repository/Pre-Salary/Calculation Summary/firstDriverInCalculationSummeryTable' is present

2019-01-13 10:33:54 - [MESSAGE][PASSED] - Object 'Object Repository/Pre-Salary/Calculation Summary/firstDriverInCalculationSummeryTable' is present

2019-01-13 10:33:54 - [TEST_STEP][PASSED] - doubleClick(findTestObject("Pre-Salary/Calculation Summary/firstDriverInCalculationSummeryTable")): Object: 'Object Repository/Pre-Salary/Calculation Summary/firstDriverInCalculationSummeryTable' is double clicked on

2019-01-13 10:33:54 - [MESSAGE][PASSED] - Object: 'Object Repository/Pre-Salary/Calculation Summary/firstDriverInCalculationSummeryTable' is double clicked on

2019-01-13 10:33:54 - [TEST_STEP][PASSED] - waitForElementPresent(findTestObject("Pre-Salary/Employee Details/driversReportTable"), 20): Object 'Object Repository/Pre-Salary/Employee Details/driversReportTable' is present

2019-01-13 10:34:00 - [MESSAGE][PASSED] - Object 'Object Repository/Pre-Salary/Employee Details/driversReportTable' is present

2019-01-13 10:34:00 - [TEST_STEP][PASSED] - waitForElementPresent(findTestObject("Pre-Salary/Employee Details/driversReportTable"), 20): Object 'Object Repository/Pre-Salary/Employee Details/driversReportTable' is present

2019-01-13 10:34:00 - [MESSAGE][PASSED] - Object 'Object Repository/Pre-Salary/Employee Details/driversReportTable' is present

2019-01-13 10:34:00 - [TEST_STEP][PASSED] - verifyElementPresent(findTestObject("Pre-Salary/Employee Details/driversReportTable"), 2): Object 'Object Repository/Pre-Salary/Employee Details/driversReportTable' is present

2019-01-13 10:34:00 - [MESSAGE][PASSED] - Object 'Object Repository/Pre-Salary/Employee Details/driversReportTable' is present

2019-01-13 10:34:00 - [TEST_STEP][PASSED] - verifyElementPresent(findTestObject("Pre-Salary/Employee Details/driversCodeId_InDriversReportTableHeader"), 2): Object 'Object Repository/Pre-Salary/Employee Details/driversCodeId_InDriversReportTableHeader' is present

2019-01-13 10:34:00 - [MESSAGE][PASSED] - Object 'Object Repository/Pre-Salary/Employee Details/driversCodeId_InDriversReportTableHeader' is present

2019-01-13 10:34:00 - [TEST_STEP][PASSED] - driverCodeFromReport = getText(findTestObject("Pre-Salary/Employee Details/driversCodeId_InDriversReportTableHeader")): Text of object 'Object Repository/Pre-Salary/Employee Details/driversCodeId_InDriversReportTableHeader' is: '438'

2019-01-13 10:34:00 - [MESSAGE][PASSED] - Text of object 'Object Repository/Pre-Salary/Employee Details/driversCodeId_InDriversReportTableHeader' is: '438'

2019-01-13 10:34:00 - [TEST_STEP][PASSED] - if (driverCodeFromReport != driver_Id): null

2019-01-13 10:34:00 - [TEST_STEP][PASSED] - waitForElementPresent(findTestObject("Pre-Salary/Employee Details/rightSideTable"), 10): Object 'Object Repository/Pre-Salary/Employee Details/rightSideTable' is present

2019-01-13 10:34:00 - [MESSAGE][PASSED] - Object 'Object Repository/Pre-Salary/Employee Details/rightSideTable' is present

2019-01-13 10:34:00 - [TEST_STEP][PASSED] - verifyElementPresent(findTestObject("Pre-Salary/Employee Details/rightSideTable"), 2): Object 'Object Repository/Pre-Salary/Employee Details/rightSideTable' is present

2019-01-13 10:34:00 - [MESSAGE][PASSED] - Object 'Object Repository/Pre-Salary/Employee Details/rightSideTable' is present

2019-01-13 10:34:00 - [TEST_STEP][PASSED] - waitForElementPresent(findTestObject("Pre-Salary/Employee Details/rightSideTableDriversId"), 10): Object 'Object Repository/Pre-Salary/Employee Details/rightSideTableDriversId' is present

2019-01-13 10:34:00 - [MESSAGE][PASSED] - Object 'Object Repository/Pre-Salary/Employee Details/rightSideTableDriversId' is present

2019-01-13 10:34:00 - [TEST_STEP][PASSED] - verifyElementPresent(findTestObject("Pre-Salary/Employee Details/rightSideTableDriversId"), 2): Object 'Object Repository/Pre-Salary/Employee Details/rightSideTableDriversId' is present

2019-01-13 10:34:00 - [MESSAGE][PASSED] - Object 'Object Repository/Pre-Salary/Employee Details/rightSideTableDriversId' is present

2019-01-13 10:34:00 - [TEST_STEP][PASSED] - driversCodeFromRightSideTable = getText(findTestObject("Pre-Salary/Employee Details/rightSideTableDriversId")): Text of object 'Object Repository/Pre-Salary/Employee Details/rightSideTableDriversId' is: '438'

2019-01-13 10:34:00 - [MESSAGE][PASSED] - Text of object 'Object Repository/Pre-Salary/Employee Details/rightSideTableDriversId' is: '438'

2019-01-13 10:34:00 - [TEST_STEP][PASSED] - if (driversCodeFromRightSideTable != driver_Id): null

2019-01-13 10:34:00 - [TEST_STEP][PASSED] - closeBrowser(): Browser is closed

2019-01-13 10:34:01 - [MESSAGE][PASSED] - Browser is closed]]></system-out>
         <system-err><![CDATA[]]></system-err>
      </testcase>
      <testcase name="Test Cases/Pre-Salary/One Driver Calc" classname="Test Cases/Pre-Salary/One Driver Calc" status="PASSED">
         <system-out><![CDATA[2019-01-13 10:34:01 - [TEST_CASE][PASSED] - Test Cases/Pre-Salary/One Driver Calc: Test Cases/Pre-Salary/One Driver Calc

2019-01-13 10:34:01 - [TEST_STEP][PASSED] - login.c_login.logIn(site, userName, userPass): login.c_login.logIn is PASSED

2019-01-13 10:34:01 - [MESSAGE][INFO] - Starting 'Chrome' driver

2019-01-13 10:34:08 - [MESSAGE][PASSED] - Browser is opened with url: 'danbr7.y-it.co.il'

2019-01-13 10:34:09 - [MESSAGE][PASSED] - Current window maximized

2019-01-13 10:34:09 - [MESSAGE][PASSED] - Text 'shelly' is set on object 'Object Repository/Y-IT Log In/input_ _userName'

2019-01-13 10:34:10 - [MESSAGE][PASSED] - Text ****** has been set on object 'Object Repository/Y-IT Log In/input_ _password'

2019-01-13 10:34:10 - [MESSAGE][PASSED] - Object: 'Object Repository/Y-IT Log In/input_  _submit' is clicked on

2019-01-13 10:34:10 - [MESSAGE][PASSED] - login.c_login.logIn is PASSED

2019-01-13 10:34:10 - [TEST_STEP][PASSED] - date = new java.util.Date(): null

2019-01-13 10:34:10 - [TEST_STEP][PASSED] - cal = Calendar.getInstance(): null

2019-01-13 10:34:10 - [TEST_STEP][PASSED] - cal.setTime(date): null

2019-01-13 10:34:10 - [TEST_STEP][PASSED] - month = cal.get(MONTH) + 1: null

2019-01-13 10:34:10 - [TEST_STEP][PASSED] - year = cal.get(YEAR): null

2019-01-13 10:34:10 - [TEST_STEP][PASSED] - dayStr = "01": null

2019-01-13 10:34:10 - [TEST_STEP][PASSED] - monthStr = "": null

2019-01-13 10:34:10 - [TEST_STEP][PASSED] - yearStr = year.toString(): null

2019-01-13 10:34:10 - [TEST_STEP][PASSED] - if (month < 10): null

2019-01-13 10:34:10 - [TEST_STEP][PASSED] - monthStr = "0" + month.toString(): null

2019-01-13 10:34:10 - [TEST_STEP][PASSED] - fullDate = dayStr + monthStr + yearStr: null

2019-01-13 10:34:10 - [TEST_STEP][PASSED] - delay(1): Delayed 1 second(s)

2019-01-13 10:34:11 - [MESSAGE][PASSED] - Delayed 1 second(s)

2019-01-13 10:34:11 - [TEST_STEP][PASSED] - waitForElementPresent(findTestObject("General/mainEmptyBackground"), 15): Object 'Object Repository/General/mainEmptyBackground' is present

2019-01-13 10:34:11 - [MESSAGE][PASSED] - Object 'Object Repository/General/mainEmptyBackground' is present

2019-01-13 10:34:11 - [TEST_STEP][PASSED] - isPreSalaryTabOpen = waitForElementPresent(findTestObject("Pre-Salary/preSalaryTab"), 5): Object 'Object Repository/Pre-Salary/preSalaryTab' is present

2019-01-13 10:34:11 - [MESSAGE][PASSED] - Object 'Object Repository/Pre-Salary/preSalaryTab' is present

2019-01-13 10:34:11 - [TEST_STEP][PASSED] - if (!(isPreSalaryTabOpen)): null

2019-01-13 10:34:11 - [TEST_STEP][PASSED] - waitForElementPresent(findTestObject("Pre-Salary/Filters/Date Picker Start/datePickerInputField"), 15): Object 'Object Repository/Pre-Salary/Filters/Date Picker Start/datePickerInputField' is present

2019-01-13 10:34:12 - [MESSAGE][PASSED] - Object 'Object Repository/Pre-Salary/Filters/Date Picker Start/datePickerInputField' is present

2019-01-13 10:34:12 - [TEST_STEP][PASSED] - click(findTestObject("Pre-Salary/Filters/Date Picker Start/datePickerInputField")): Object: 'Object Repository/Pre-Salary/Filters/Date Picker Start/datePickerInputField' is clicked on

2019-01-13 10:34:12 - [MESSAGE][PASSED] - Object: 'Object Repository/Pre-Salary/Filters/Date Picker Start/datePickerInputField' is clicked on

2019-01-13 10:34:12 - [TEST_STEP][PASSED] - delay(1): Delayed 1 second(s)

2019-01-13 10:34:13 - [MESSAGE][PASSED] - Delayed 1 second(s)

2019-01-13 10:34:13 - [TEST_STEP][PASSED] - setText(findTestObject("Pre-Salary/Filters/Date Picker Start/datePickerInputField"), ""): Text '' is set on object 'Object Repository/Pre-Salary/Filters/Date Picker Start/datePickerInputField'

2019-01-13 10:34:14 - [MESSAGE][PASSED] - Text '' is set on object 'Object Repository/Pre-Salary/Filters/Date Picker Start/datePickerInputField'

2019-01-13 10:34:14 - [TEST_STEP][PASSED] - delay(1): Delayed 1 second(s)

2019-01-13 10:34:15 - [MESSAGE][PASSED] - Delayed 1 second(s)

2019-01-13 10:34:15 - [TEST_STEP][PASSED] - setText(findTestObject("Pre-Salary/Filters/Date Picker Start/datePickerInputField"), fullDate): Text '01012019' is set on object 'Object Repository/Pre-Salary/Filters/Date Picker Start/datePickerInputField'

2019-01-13 10:34:15 - [MESSAGE][PASSED] - Text '01012019' is set on object 'Object Repository/Pre-Salary/Filters/Date Picker Start/datePickerInputField'

2019-01-13 10:34:15 - [TEST_STEP][PASSED] - waitForElementPresent(findTestObject("Pre-Salary/Filters/Date Picker Start/datePickerInputField"), 15): Object 'Object Repository/Pre-Salary/Filters/Date Picker Start/datePickerInputField' is present

2019-01-13 10:34:15 - [MESSAGE][PASSED] - Object 'Object Repository/Pre-Salary/Filters/Date Picker Start/datePickerInputField' is present

2019-01-13 10:34:15 - [TEST_STEP][PASSED] - waitForElementNotPresent(findTestObject("Pre-Salary/Filters/Drivers Dropdown/isLoadingDropdown"), 15): Web element with id: 'Object Repository/Pre-Salary/Filters/Drivers Dropdown/isLoadingDropdown' located by 'By.cssSelector: div[id="preSalaryview"] > div:nth-of-type(2) > div:nth-of-type(1) > div:nth-of-type(2) > div:nth-of-type(1) > div:nth-of-type(5) > div:nth-of-type(1) > div:nth-of-type(1) > span:nth-of-type(1) > span:nth-of-type(1) > span:nth-of-type(2) > span:nth-of-type(1)[class="k-icon k-i-arrow-60-down k-i-loading"]' is not present after '15' second(s)

2019-01-13 10:34:15 - [MESSAGE][PASSED] - Web element with id: 'Object Repository/Pre-Salary/Filters/Drivers Dropdown/isLoadingDropdown' located by 'By.cssSelector: div[id="preSalaryview"] > div:nth-of-type(2) > div:nth-of-type(1) > div:nth-of-type(2) > div:nth-of-type(1) > div:nth-of-type(5) > div:nth-of-type(1) > div:nth-of-type(1) > span:nth-of-type(1) > span:nth-of-type(1) > span:nth-of-type(2) > span:nth-of-type(1)[class="k-icon k-i-arrow-60-down k-i-loading"]' is not present after '15' second(s)

2019-01-13 10:34:15 - [TEST_STEP][PASSED] - delay(1): Delayed 1 second(s)

2019-01-13 10:34:16 - [MESSAGE][PASSED] - Delayed 1 second(s)

2019-01-13 10:34:16 - [TEST_STEP][PASSED] - try: Object: 'Object Repository/Pre-Salary/Filters/Drivers Dropdown/driversListDropdownOpen' is clicked on

2019-01-13 10:34:16 - [TEST_STEP][PASSED] - click(findTestObject("Pre-Salary/Filters/Drivers Dropdown/driversListDropdownOpen")): Object: 'Object Repository/Pre-Salary/Filters/Drivers Dropdown/driversListDropdownOpen' is clicked on

2019-01-13 10:34:16 - [MESSAGE][PASSED] - Object: 'Object Repository/Pre-Salary/Filters/Drivers Dropdown/driversListDropdownOpen' is clicked on

2019-01-13 10:34:16 - [TEST_STEP][PASSED] - delay(1): Delayed 1 second(s)

2019-01-13 10:34:17 - [MESSAGE][PASSED] - Delayed 1 second(s)

2019-01-13 10:34:17 - [TEST_STEP][PASSED] - try: Text '4006' is set on object 'Object Repository/Pre-Salary/Filters/Drivers Dropdown/driversListDropdownSearchBox'

2019-01-13 10:34:17 - [TEST_STEP][PASSED] - setText(findTestObject("Pre-Salary/Filters/Drivers Dropdown/driversListDropdownSearchBox"), driver_Id): Text '4006' is set on object 'Object Repository/Pre-Salary/Filters/Drivers Dropdown/driversListDropdownSearchBox'

2019-01-13 10:34:17 - [MESSAGE][PASSED] - Text '4006' is set on object 'Object Repository/Pre-Salary/Filters/Drivers Dropdown/driversListDropdownSearchBox'

2019-01-13 10:34:17 - [TEST_STEP][PASSED] - delay(1): Delayed 1 second(s)

2019-01-13 10:34:18 - [MESSAGE][PASSED] - Delayed 1 second(s)

2019-01-13 10:34:18 - [TEST_STEP][PASSED] - click(findTestObject("Pre-Salary/Filters/Drivers Dropdown/driversListDropdownSelectFirstDriver")): Object: 'Object Repository/Pre-Salary/Filters/Drivers Dropdown/driversListDropdownSelectFirstDriver' is clicked on

2019-01-13 10:34:18 - [MESSAGE][PASSED] - Object: 'Object Repository/Pre-Salary/Filters/Drivers Dropdown/driversListDropdownSelectFirstDriver' is clicked on

2019-01-13 10:34:18 - [TEST_STEP][PASSED] - delay(1): Delayed 1 second(s)

2019-01-13 10:34:19 - [MESSAGE][PASSED] - Delayed 1 second(s)

2019-01-13 10:34:19 - [TEST_STEP][PASSED] - click(findTestObject("Pre-Salary/Data Status/importButton")): Object: 'Object Repository/Pre-Salary/Data Status/importButton' is clicked on

2019-01-13 10:34:19 - [MESSAGE][PASSED] - Object: 'Object Repository/Pre-Salary/Data Status/importButton' is clicked on

2019-01-13 10:34:19 - [TEST_STEP][PASSED] - delay(1): Delayed 1 second(s)

2019-01-13 10:34:20 - [MESSAGE][PASSED] - Delayed 1 second(s)

2019-01-13 10:34:20 - [TEST_STEP][PASSED] - try: Object: 'Object Repository/Pre-Salary/Calculation Summary/firstDriverInCalculationSummeryTable' is double clicked on

2019-01-13 10:34:20 - [TEST_STEP][PASSED] - waitForElementPresent(findTestObject("Pre-Salary/Calculation Summary/firstDriverInCalculationSummeryTable"), 20): Object 'Object Repository/Pre-Salary/Calculation Summary/firstDriverInCalculationSummeryTable' is present

2019-01-13 10:34:35 - [MESSAGE][PASSED] - Object 'Object Repository/Pre-Salary/Calculation Summary/firstDriverInCalculationSummeryTable' is present

2019-01-13 10:34:35 - [TEST_STEP][PASSED] - doubleClick(findTestObject("Pre-Salary/Calculation Summary/firstDriverInCalculationSummeryTable")): Object: 'Object Repository/Pre-Salary/Calculation Summary/firstDriverInCalculationSummeryTable' is double clicked on

2019-01-13 10:34:35 - [MESSAGE][PASSED] - Object: 'Object Repository/Pre-Salary/Calculation Summary/firstDriverInCalculationSummeryTable' is double clicked on

2019-01-13 10:34:35 - [TEST_STEP][PASSED] - waitForElementPresent(findTestObject("Pre-Salary/Employee Details/driversReportTable"), 20): Object 'Object Repository/Pre-Salary/Employee Details/driversReportTable' is present

2019-01-13 10:34:43 - [MESSAGE][PASSED] - Object 'Object Repository/Pre-Salary/Employee Details/driversReportTable' is present

2019-01-13 10:34:43 - [TEST_STEP][PASSED] - waitForElementPresent(findTestObject("Pre-Salary/Employee Details/driversReportTable"), 20): Object 'Object Repository/Pre-Salary/Employee Details/driversReportTable' is present

2019-01-13 10:34:43 - [MESSAGE][PASSED] - Object 'Object Repository/Pre-Salary/Employee Details/driversReportTable' is present

2019-01-13 10:34:43 - [TEST_STEP][PASSED] - verifyElementPresent(findTestObject("Pre-Salary/Employee Details/driversReportTable"), 2): Object 'Object Repository/Pre-Salary/Employee Details/driversReportTable' is present

2019-01-13 10:34:43 - [MESSAGE][PASSED] - Object 'Object Repository/Pre-Salary/Employee Details/driversReportTable' is present

2019-01-13 10:34:43 - [TEST_STEP][PASSED] - verifyElementPresent(findTestObject("Pre-Salary/Employee Details/driversCodeId_InDriversReportTableHeader"), 2): Object 'Object Repository/Pre-Salary/Employee Details/driversCodeId_InDriversReportTableHeader' is present

2019-01-13 10:34:43 - [MESSAGE][PASSED] - Object 'Object Repository/Pre-Salary/Employee Details/driversCodeId_InDriversReportTableHeader' is present

2019-01-13 10:34:43 - [TEST_STEP][PASSED] - driverCodeFromReport = getText(findTestObject("Pre-Salary/Employee Details/driversCodeId_InDriversReportTableHeader")): Text of object 'Object Repository/Pre-Salary/Employee Details/driversCodeId_InDriversReportTableHeader' is: '4006'

2019-01-13 10:34:43 - [MESSAGE][PASSED] - Text of object 'Object Repository/Pre-Salary/Employee Details/driversCodeId_InDriversReportTableHeader' is: '4006'

2019-01-13 10:34:43 - [TEST_STEP][PASSED] - if (driverCodeFromReport != driver_Id): null

2019-01-13 10:34:43 - [TEST_STEP][PASSED] - waitForElementPresent(findTestObject("Pre-Salary/Employee Details/rightSideTable"), 10): Object 'Object Repository/Pre-Salary/Employee Details/rightSideTable' is present

2019-01-13 10:34:43 - [MESSAGE][PASSED] - Object 'Object Repository/Pre-Salary/Employee Details/rightSideTable' is present

2019-01-13 10:34:43 - [TEST_STEP][PASSED] - verifyElementPresent(findTestObject("Pre-Salary/Employee Details/rightSideTable"), 2): Object 'Object Repository/Pre-Salary/Employee Details/rightSideTable' is present

2019-01-13 10:34:43 - [MESSAGE][PASSED] - Object 'Object Repository/Pre-Salary/Employee Details/rightSideTable' is present

2019-01-13 10:34:43 - [TEST_STEP][PASSED] - waitForElementPresent(findTestObject("Pre-Salary/Employee Details/rightSideTableDriversId"), 10): Object 'Object Repository/Pre-Salary/Employee Details/rightSideTableDriversId' is present

2019-01-13 10:34:44 - [MESSAGE][PASSED] - Object 'Object Repository/Pre-Salary/Employee Details/rightSideTableDriversId' is present

2019-01-13 10:34:44 - [TEST_STEP][PASSED] - verifyElementPresent(findTestObject("Pre-Salary/Employee Details/rightSideTableDriversId"), 2): Object 'Object Repository/Pre-Salary/Employee Details/rightSideTableDriversId' is present

2019-01-13 10:34:44 - [MESSAGE][PASSED] - Object 'Object Repository/Pre-Salary/Employee Details/rightSideTableDriversId' is present

2019-01-13 10:34:44 - [TEST_STEP][PASSED] - driversCodeFromRightSideTable = getText(findTestObject("Pre-Salary/Employee Details/rightSideTableDriversId")): Text of object 'Object Repository/Pre-Salary/Employee Details/rightSideTableDriversId' is: '4006'

2019-01-13 10:34:44 - [MESSAGE][PASSED] - Text of object 'Object Repository/Pre-Salary/Employee Details/rightSideTableDriversId' is: '4006'

2019-01-13 10:34:44 - [TEST_STEP][PASSED] - if (driversCodeFromRightSideTable != driver_Id): null

2019-01-13 10:34:44 - [TEST_STEP][PASSED] - closeBrowser(): Browser is closed

2019-01-13 10:34:45 - [MESSAGE][PASSED] - Browser is closed]]></system-out>
         <system-err><![CDATA[]]></system-err>
      </testcase>
      <testcase name="Test Cases/Pre-Salary/One Driver Calc" classname="Test Cases/Pre-Salary/One Driver Calc" status="PASSED">
         <system-out><![CDATA[2019-01-13 10:34:45 - [TEST_CASE][PASSED] - Test Cases/Pre-Salary/One Driver Calc: Test Cases/Pre-Salary/One Driver Calc

2019-01-13 10:34:45 - [TEST_STEP][PASSED] - login.c_login.logIn(site, userName, userPass): login.c_login.logIn is PASSED

2019-01-13 10:34:45 - [MESSAGE][INFO] - Starting 'Chrome' driver

2019-01-13 10:34:55 - [MESSAGE][PASSED] - Browser is opened with url: 'superbus.y-it.co.il'

2019-01-13 10:34:57 - [MESSAGE][PASSED] - Current window maximized

2019-01-13 10:34:57 - [MESSAGE][PASSED] - Text 'admin' is set on object 'Object Repository/Y-IT Log In/input_ _userName'

2019-01-13 10:34:57 - [MESSAGE][PASSED] - Text ****** has been set on object 'Object Repository/Y-IT Log In/input_ _password'

2019-01-13 10:34:57 - [MESSAGE][PASSED] - Object: 'Object Repository/Y-IT Log In/input_  _submit' is clicked on

2019-01-13 10:34:57 - [MESSAGE][PASSED] - login.c_login.logIn is PASSED

2019-01-13 10:34:57 - [TEST_STEP][PASSED] - date = new java.util.Date(): null

2019-01-13 10:34:57 - [TEST_STEP][PASSED] - cal = Calendar.getInstance(): null

2019-01-13 10:34:57 - [TEST_STEP][PASSED] - cal.setTime(date): null

2019-01-13 10:34:57 - [TEST_STEP][PASSED] - month = cal.get(MONTH) + 1: null

2019-01-13 10:34:57 - [TEST_STEP][PASSED] - year = cal.get(YEAR): null

2019-01-13 10:34:57 - [TEST_STEP][PASSED] - dayStr = "01": null

2019-01-13 10:34:57 - [TEST_STEP][PASSED] - monthStr = "": null

2019-01-13 10:34:57 - [TEST_STEP][PASSED] - yearStr = year.toString(): null

2019-01-13 10:34:57 - [TEST_STEP][PASSED] - if (month < 10): null

2019-01-13 10:34:57 - [TEST_STEP][PASSED] - monthStr = "0" + month.toString(): null

2019-01-13 10:34:57 - [TEST_STEP][PASSED] - fullDate = dayStr + monthStr + yearStr: null

2019-01-13 10:34:57 - [TEST_STEP][PASSED] - delay(1): Delayed 1 second(s)

2019-01-13 10:34:58 - [MESSAGE][PASSED] - Delayed 1 second(s)

2019-01-13 10:34:58 - [TEST_STEP][PASSED] - waitForElementPresent(findTestObject("General/mainEmptyBackground"), 15): Object 'Object Repository/General/mainEmptyBackground' is present

2019-01-13 10:34:58 - [MESSAGE][PASSED] - Object 'Object Repository/General/mainEmptyBackground' is present

2019-01-13 10:34:58 - [TEST_STEP][PASSED] - isPreSalaryTabOpen = waitForElementPresent(findTestObject("Pre-Salary/preSalaryTab"), 5): Object 'Object Repository/Pre-Salary/preSalaryTab' is present

2019-01-13 10:34:59 - [MESSAGE][PASSED] - Object 'Object Repository/Pre-Salary/preSalaryTab' is present

2019-01-13 10:34:59 - [TEST_STEP][PASSED] - if (!(isPreSalaryTabOpen)): null

2019-01-13 10:34:59 - [TEST_STEP][PASSED] - waitForElementPresent(findTestObject("Pre-Salary/Filters/Date Picker Start/datePickerInputField"), 15): Object 'Object Repository/Pre-Salary/Filters/Date Picker Start/datePickerInputField' is present

2019-01-13 10:35:00 - [MESSAGE][PASSED] - Object 'Object Repository/Pre-Salary/Filters/Date Picker Start/datePickerInputField' is present

2019-01-13 10:35:00 - [TEST_STEP][PASSED] - click(findTestObject("Pre-Salary/Filters/Date Picker Start/datePickerInputField")): Object: 'Object Repository/Pre-Salary/Filters/Date Picker Start/datePickerInputField' is clicked on

2019-01-13 10:35:00 - [MESSAGE][PASSED] - Object: 'Object Repository/Pre-Salary/Filters/Date Picker Start/datePickerInputField' is clicked on

2019-01-13 10:35:00 - [TEST_STEP][PASSED] - delay(1): Delayed 1 second(s)

2019-01-13 10:35:01 - [MESSAGE][PASSED] - Delayed 1 second(s)

2019-01-13 10:35:01 - [TEST_STEP][PASSED] - setText(findTestObject("Pre-Salary/Filters/Date Picker Start/datePickerInputField"), ""): Text '' is set on object 'Object Repository/Pre-Salary/Filters/Date Picker Start/datePickerInputField'

2019-01-13 10:35:01 - [MESSAGE][PASSED] - Text '' is set on object 'Object Repository/Pre-Salary/Filters/Date Picker Start/datePickerInputField'

2019-01-13 10:35:01 - [TEST_STEP][PASSED] - delay(1): Delayed 1 second(s)

2019-01-13 10:35:02 - [MESSAGE][PASSED] - Delayed 1 second(s)

2019-01-13 10:35:02 - [TEST_STEP][PASSED] - setText(findTestObject("Pre-Salary/Filters/Date Picker Start/datePickerInputField"), fullDate): Text '01012019' is set on object 'Object Repository/Pre-Salary/Filters/Date Picker Start/datePickerInputField'

2019-01-13 10:35:03 - [MESSAGE][PASSED] - Text '01012019' is set on object 'Object Repository/Pre-Salary/Filters/Date Picker Start/datePickerInputField'

2019-01-13 10:35:03 - [TEST_STEP][PASSED] - waitForElementPresent(findTestObject("Pre-Salary/Filters/Date Picker Start/datePickerInputField"), 15): Object 'Object Repository/Pre-Salary/Filters/Date Picker Start/datePickerInputField' is present

2019-01-13 10:35:03 - [MESSAGE][PASSED] - Object 'Object Repository/Pre-Salary/Filters/Date Picker Start/datePickerInputField' is present

2019-01-13 10:35:03 - [TEST_STEP][PASSED] - waitForElementNotPresent(findTestObject("Pre-Salary/Filters/Drivers Dropdown/isLoadingDropdown"), 15): Web element with id: 'Object Repository/Pre-Salary/Filters/Drivers Dropdown/isLoadingDropdown' located by 'By.cssSelector: div[id="preSalaryview"] > div:nth-of-type(2) > div:nth-of-type(1) > div:nth-of-type(2) > div:nth-of-type(1) > div:nth-of-type(5) > div:nth-of-type(1) > div:nth-of-type(1) > span:nth-of-type(1) > span:nth-of-type(1) > span:nth-of-type(2) > span:nth-of-type(1)[class="k-icon k-i-arrow-60-down k-i-loading"]' is not present after '15' second(s)

2019-01-13 10:35:03 - [MESSAGE][PASSED] - Web element with id: 'Object Repository/Pre-Salary/Filters/Drivers Dropdown/isLoadingDropdown' located by 'By.cssSelector: div[id="preSalaryview"] > div:nth-of-type(2) > div:nth-of-type(1) > div:nth-of-type(2) > div:nth-of-type(1) > div:nth-of-type(5) > div:nth-of-type(1) > div:nth-of-type(1) > span:nth-of-type(1) > span:nth-of-type(1) > span:nth-of-type(2) > span:nth-of-type(1)[class="k-icon k-i-arrow-60-down k-i-loading"]' is not present after '15' second(s)

2019-01-13 10:35:03 - [TEST_STEP][PASSED] - delay(1): Delayed 1 second(s)

2019-01-13 10:35:04 - [MESSAGE][PASSED] - Delayed 1 second(s)

2019-01-13 10:35:04 - [TEST_STEP][PASSED] - try: Object: 'Object Repository/Pre-Salary/Filters/Drivers Dropdown/driversListDropdownOpen' is clicked on

2019-01-13 10:35:04 - [TEST_STEP][PASSED] - click(findTestObject("Pre-Salary/Filters/Drivers Dropdown/driversListDropdownOpen")): Object: 'Object Repository/Pre-Salary/Filters/Drivers Dropdown/driversListDropdownOpen' is clicked on

2019-01-13 10:35:04 - [MESSAGE][PASSED] - Object: 'Object Repository/Pre-Salary/Filters/Drivers Dropdown/driversListDropdownOpen' is clicked on

2019-01-13 10:35:04 - [TEST_STEP][PASSED] - delay(1): Delayed 1 second(s)

2019-01-13 10:35:05 - [MESSAGE][PASSED] - Delayed 1 second(s)

2019-01-13 10:35:05 - [TEST_STEP][PASSED] - try: Text '464' is set on object 'Object Repository/Pre-Salary/Filters/Drivers Dropdown/driversListDropdownSearchBox'

2019-01-13 10:35:05 - [TEST_STEP][PASSED] - setText(findTestObject("Pre-Salary/Filters/Drivers Dropdown/driversListDropdownSearchBox"), driver_Id): Text '464' is set on object 'Object Repository/Pre-Salary/Filters/Drivers Dropdown/driversListDropdownSearchBox'

2019-01-13 10:35:05 - [MESSAGE][PASSED] - Text '464' is set on object 'Object Repository/Pre-Salary/Filters/Drivers Dropdown/driversListDropdownSearchBox'

2019-01-13 10:35:05 - [TEST_STEP][PASSED] - delay(1): Delayed 1 second(s)

2019-01-13 10:35:06 - [MESSAGE][PASSED] - Delayed 1 second(s)

2019-01-13 10:35:06 - [TEST_STEP][PASSED] - click(findTestObject("Pre-Salary/Filters/Drivers Dropdown/driversListDropdownSelectFirstDriver")): Object: 'Object Repository/Pre-Salary/Filters/Drivers Dropdown/driversListDropdownSelectFirstDriver' is clicked on

2019-01-13 10:35:06 - [MESSAGE][PASSED] - Object: 'Object Repository/Pre-Salary/Filters/Drivers Dropdown/driversListDropdownSelectFirstDriver' is clicked on

2019-01-13 10:35:06 - [TEST_STEP][PASSED] - delay(1): Delayed 1 second(s)

2019-01-13 10:35:07 - [MESSAGE][PASSED] - Delayed 1 second(s)

2019-01-13 10:35:07 - [TEST_STEP][PASSED] - click(findTestObject("Pre-Salary/Data Status/importButton")): Object: 'Object Repository/Pre-Salary/Data Status/importButton' is clicked on

2019-01-13 10:35:07 - [MESSAGE][PASSED] - Object: 'Object Repository/Pre-Salary/Data Status/importButton' is clicked on

2019-01-13 10:35:07 - [TEST_STEP][PASSED] - delay(1): Delayed 1 second(s)

2019-01-13 10:35:08 - [MESSAGE][PASSED] - Delayed 1 second(s)

2019-01-13 10:35:08 - [TEST_STEP][PASSED] - try: Object: 'Object Repository/Pre-Salary/Calculation Summary/firstDriverInCalculationSummeryTable' is double clicked on

2019-01-13 10:35:08 - [TEST_STEP][PASSED] - waitForElementPresent(findTestObject("Pre-Salary/Calculation Summary/firstDriverInCalculationSummeryTable"), 20): Object 'Object Repository/Pre-Salary/Calculation Summary/firstDriverInCalculationSummeryTable' is not present after 20 second(s)

2019-01-13 10:35:29 - [MESSAGE][INFO] - Unable to find the element located by 'By.cssSelector: div[id="preSalaryview"] > div:nth-of-type(2) > div:nth-of-type(2) > div:nth-of-type(3) > div:nth-of-type(1) > div:nth-of-type(2)  > div:nth-of-type(1)  > div:nth-of-type(2) > table > tbody > tr:nth-of-type(1)'. Please recheck the objects properties to make sure the desired element is located. 

2019-01-13 10:35:29 - [MESSAGE][WARNING] - Object 'Object Repository/Pre-Salary/Calculation Summary/firstDriverInCalculationSummeryTable' is not present after 20 second(s)

2019-01-13 10:35:29 - [TEST_STEP][PASSED] - doubleClick(findTestObject("Pre-Salary/Calculation Summary/firstDriverInCalculationSummeryTable")): Object: 'Object Repository/Pre-Salary/Calculation Summary/firstDriverInCalculationSummeryTable' is double clicked on

2019-01-13 10:35:39 - [MESSAGE][PASSED] - Object: 'Object Repository/Pre-Salary/Calculation Summary/firstDriverInCalculationSummeryTable' is double clicked on

2019-01-13 10:35:39 - [TEST_STEP][PASSED] - waitForElementPresent(findTestObject("Pre-Salary/Employee Details/driversReportTable"), 20): Object 'Object Repository/Pre-Salary/Employee Details/driversReportTable' is present

2019-01-13 10:35:41 - [MESSAGE][PASSED] - Object 'Object Repository/Pre-Salary/Employee Details/driversReportTable' is present

2019-01-13 10:35:41 - [TEST_STEP][PASSED] - waitForElementPresent(findTestObject("Pre-Salary/Employee Details/driversReportTable"), 20): Object 'Object Repository/Pre-Salary/Employee Details/driversReportTable' is present

2019-01-13 10:35:41 - [MESSAGE][PASSED] - Object 'Object Repository/Pre-Salary/Employee Details/driversReportTable' is present

2019-01-13 10:35:41 - [TEST_STEP][PASSED] - verifyElementPresent(findTestObject("Pre-Salary/Employee Details/driversReportTable"), 2): Object 'Object Repository/Pre-Salary/Employee Details/driversReportTable' is present

2019-01-13 10:35:41 - [MESSAGE][PASSED] - Object 'Object Repository/Pre-Salary/Employee Details/driversReportTable' is present

2019-01-13 10:35:41 - [TEST_STEP][PASSED] - verifyElementPresent(findTestObject("Pre-Salary/Employee Details/driversCodeId_InDriversReportTableHeader"), 2): Object 'Object Repository/Pre-Salary/Employee Details/driversCodeId_InDriversReportTableHeader' is present

2019-01-13 10:35:41 - [MESSAGE][PASSED] - Object 'Object Repository/Pre-Salary/Employee Details/driversCodeId_InDriversReportTableHeader' is present

2019-01-13 10:35:41 - [TEST_STEP][PASSED] - driverCodeFromReport = getText(findTestObject("Pre-Salary/Employee Details/driversCodeId_InDriversReportTableHeader")): Text of object 'Object Repository/Pre-Salary/Employee Details/driversCodeId_InDriversReportTableHeader' is: '464'

2019-01-13 10:35:41 - [MESSAGE][PASSED] - Text of object 'Object Repository/Pre-Salary/Employee Details/driversCodeId_InDriversReportTableHeader' is: '464'

2019-01-13 10:35:41 - [TEST_STEP][PASSED] - if (driverCodeFromReport != driver_Id): null

2019-01-13 10:35:41 - [TEST_STEP][PASSED] - waitForElementPresent(findTestObject("Pre-Salary/Employee Details/rightSideTable"), 10): Object 'Object Repository/Pre-Salary/Employee Details/rightSideTable' is present

2019-01-13 10:35:41 - [MESSAGE][PASSED] - Object 'Object Repository/Pre-Salary/Employee Details/rightSideTable' is present

2019-01-13 10:35:41 - [TEST_STEP][PASSED] - verifyElementPresent(findTestObject("Pre-Salary/Employee Details/rightSideTable"), 2): Object 'Object Repository/Pre-Salary/Employee Details/rightSideTable' is present

2019-01-13 10:35:41 - [MESSAGE][PASSED] - Object 'Object Repository/Pre-Salary/Employee Details/rightSideTable' is present

2019-01-13 10:35:41 - [TEST_STEP][PASSED] - waitForElementPresent(findTestObject("Pre-Salary/Employee Details/rightSideTableDriversId"), 10): Object 'Object Repository/Pre-Salary/Employee Details/rightSideTableDriversId' is present

2019-01-13 10:35:43 - [MESSAGE][PASSED] - Object 'Object Repository/Pre-Salary/Employee Details/rightSideTableDriversId' is present

2019-01-13 10:35:43 - [TEST_STEP][PASSED] - verifyElementPresent(findTestObject("Pre-Salary/Employee Details/rightSideTableDriversId"), 2): Object 'Object Repository/Pre-Salary/Employee Details/rightSideTableDriversId' is present

2019-01-13 10:35:43 - [MESSAGE][PASSED] - Object 'Object Repository/Pre-Salary/Employee Details/rightSideTableDriversId' is present

2019-01-13 10:35:43 - [TEST_STEP][PASSED] - driversCodeFromRightSideTable = getText(findTestObject("Pre-Salary/Employee Details/rightSideTableDriversId")): Text of object 'Object Repository/Pre-Salary/Employee Details/rightSideTableDriversId' is: '464'

2019-01-13 10:35:43 - [MESSAGE][PASSED] - Text of object 'Object Repository/Pre-Salary/Employee Details/rightSideTableDriversId' is: '464'

2019-01-13 10:35:43 - [TEST_STEP][PASSED] - if (driversCodeFromRightSideTable != driver_Id): null

2019-01-13 10:35:43 - [TEST_STEP][PASSED] - closeBrowser(): Browser is closed

2019-01-13 10:35:43 - [MESSAGE][PASSED] - Browser is closed]]></system-out>
         <system-err><![CDATA[]]></system-err>
      </testcase>
      <testcase name="Test Cases/Pre-Salary/One Driver Calc" classname="Test Cases/Pre-Salary/One Driver Calc" status="PASSED">
         <system-out><![CDATA[2019-01-13 10:35:43 - [TEST_CASE][PASSED] - Test Cases/Pre-Salary/One Driver Calc: Test Cases/Pre-Salary/One Driver Calc

2019-01-13 10:35:43 - [TEST_STEP][PASSED] - login.c_login.logIn(site, userName, userPass): login.c_login.logIn is PASSED

2019-01-13 10:35:43 - [MESSAGE][INFO] - Starting 'Chrome' driver

2019-01-13 10:35:52 - [MESSAGE][PASSED] - Browser is opened with url: 'rongal.y-it.co.il'

2019-01-13 10:35:53 - [MESSAGE][PASSED] - Current window maximized

2019-01-13 10:35:53 - [MESSAGE][PASSED] - Text 'ronen' is set on object 'Object Repository/Y-IT Log In/input_ _userName'

2019-01-13 10:35:53 - [MESSAGE][PASSED] - Text ****** has been set on object 'Object Repository/Y-IT Log In/input_ _password'

2019-01-13 10:35:53 - [MESSAGE][PASSED] - Object: 'Object Repository/Y-IT Log In/input_  _submit' is clicked on

2019-01-13 10:35:53 - [MESSAGE][PASSED] - login.c_login.logIn is PASSED

2019-01-13 10:35:53 - [TEST_STEP][PASSED] - date = new java.util.Date(): null

2019-01-13 10:35:53 - [TEST_STEP][PASSED] - cal = Calendar.getInstance(): null

2019-01-13 10:35:53 - [TEST_STEP][PASSED] - cal.setTime(date): null

2019-01-13 10:35:53 - [TEST_STEP][PASSED] - month = cal.get(MONTH) + 1: null

2019-01-13 10:35:53 - [TEST_STEP][PASSED] - year = cal.get(YEAR): null

2019-01-13 10:35:53 - [TEST_STEP][PASSED] - dayStr = "01": null

2019-01-13 10:35:53 - [TEST_STEP][PASSED] - monthStr = "": null

2019-01-13 10:35:53 - [TEST_STEP][PASSED] - yearStr = year.toString(): null

2019-01-13 10:35:53 - [TEST_STEP][PASSED] - if (month < 10): null

2019-01-13 10:35:53 - [TEST_STEP][PASSED] - monthStr = "0" + month.toString(): null

2019-01-13 10:35:53 - [TEST_STEP][PASSED] - fullDate = dayStr + monthStr + yearStr: null

2019-01-13 10:35:53 - [TEST_STEP][PASSED] - delay(1): Delayed 1 second(s)

2019-01-13 10:35:54 - [MESSAGE][PASSED] - Delayed 1 second(s)

2019-01-13 10:35:54 - [TEST_STEP][PASSED] - waitForElementPresent(findTestObject("General/mainEmptyBackground"), 15): Object 'Object Repository/General/mainEmptyBackground' is present

2019-01-13 10:35:55 - [MESSAGE][PASSED] - Object 'Object Repository/General/mainEmptyBackground' is present

2019-01-13 10:35:55 - [TEST_STEP][PASSED] - isPreSalaryTabOpen = waitForElementPresent(findTestObject("Pre-Salary/preSalaryTab"), 5): Object 'Object Repository/Pre-Salary/preSalaryTab' is not present after 5 second(s)

2019-01-13 10:36:00 - [MESSAGE][INFO] - Unable to find the element located by 'By.cssSelector: #preSalaryview'. Please recheck the objects properties to make sure the desired element is located. 

2019-01-13 10:36:00 - [MESSAGE][WARNING] - Object 'Object Repository/Pre-Salary/preSalaryTab' is not present after 5 second(s)

2019-01-13 10:36:00 - [TEST_STEP][PASSED] - if (!(isPreSalaryTabOpen)): Object: 'Object Repository/Nav Bar/Nav Bar Funds/preSalary' is clicked on

2019-01-13 10:36:00 - [TEST_STEP][PASSED] - waitForElementPresent(findTestObject("Nav Bar/funds"), 15): Object 'Object Repository/Nav Bar/funds' is present

2019-01-13 10:36:00 - [MESSAGE][PASSED] - Object 'Object Repository/Nav Bar/funds' is present

2019-01-13 10:36:00 - [TEST_STEP][PASSED] - click(findTestObject("Nav Bar/funds")): Object: 'Object Repository/Nav Bar/funds' is clicked on

2019-01-13 10:36:00 - [MESSAGE][PASSED] - Object: 'Object Repository/Nav Bar/funds' is clicked on

2019-01-13 10:36:00 - [TEST_STEP][PASSED] - delay(1): Delayed 1 second(s)

2019-01-13 10:36:01 - [MESSAGE][PASSED] - Delayed 1 second(s)

2019-01-13 10:36:01 - [TEST_STEP][PASSED] - try: Object: 'Object Repository/Nav Bar/Nav Bar Funds/preSalary' is clicked on

2019-01-13 10:36:01 - [TEST_STEP][PASSED] - waitForElementPresent(findTestObject("Nav Bar/Nav Bar Funds/preSalary"), 2): Object 'Object Repository/Nav Bar/Nav Bar Funds/preSalary' is present

2019-01-13 10:36:01 - [MESSAGE][PASSED] - Object 'Object Repository/Nav Bar/Nav Bar Funds/preSalary' is present

2019-01-13 10:36:01 - [TEST_STEP][PASSED] - click(findTestObject("Nav Bar/Nav Bar Funds/preSalary")): Object: 'Object Repository/Nav Bar/Nav Bar Funds/preSalary' is clicked on

2019-01-13 10:36:01 - [MESSAGE][PASSED] - Object: 'Object Repository/Nav Bar/Nav Bar Funds/preSalary' is clicked on

2019-01-13 10:36:01 - [TEST_STEP][PASSED] - waitForElementPresent(findTestObject("Pre-Salary/Filters/Date Picker Start/datePickerInputField"), 15): Object 'Object Repository/Pre-Salary/Filters/Date Picker Start/datePickerInputField' is present

2019-01-13 10:36:02 - [MESSAGE][PASSED] - Object 'Object Repository/Pre-Salary/Filters/Date Picker Start/datePickerInputField' is present

2019-01-13 10:36:02 - [TEST_STEP][PASSED] - click(findTestObject("Pre-Salary/Filters/Date Picker Start/datePickerInputField")): Object: 'Object Repository/Pre-Salary/Filters/Date Picker Start/datePickerInputField' is clicked on

2019-01-13 10:36:02 - [MESSAGE][PASSED] - Object: 'Object Repository/Pre-Salary/Filters/Date Picker Start/datePickerInputField' is clicked on

2019-01-13 10:36:02 - [TEST_STEP][PASSED] - delay(1): Delayed 1 second(s)

2019-01-13 10:36:03 - [MESSAGE][PASSED] - Delayed 1 second(s)

2019-01-13 10:36:03 - [TEST_STEP][PASSED] - setText(findTestObject("Pre-Salary/Filters/Date Picker Start/datePickerInputField"), ""): Text '' is set on object 'Object Repository/Pre-Salary/Filters/Date Picker Start/datePickerInputField'

2019-01-13 10:36:03 - [MESSAGE][PASSED] - Text '' is set on object 'Object Repository/Pre-Salary/Filters/Date Picker Start/datePickerInputField'

2019-01-13 10:36:03 - [TEST_STEP][PASSED] - delay(1): Delayed 1 second(s)

2019-01-13 10:36:04 - [MESSAGE][PASSED] - Delayed 1 second(s)

2019-01-13 10:36:04 - [TEST_STEP][PASSED] - setText(findTestObject("Pre-Salary/Filters/Date Picker Start/datePickerInputField"), fullDate): Text '01012019' is set on object 'Object Repository/Pre-Salary/Filters/Date Picker Start/datePickerInputField'

2019-01-13 10:36:04 - [MESSAGE][PASSED] - Text '01012019' is set on object 'Object Repository/Pre-Salary/Filters/Date Picker Start/datePickerInputField'

2019-01-13 10:36:04 - [TEST_STEP][PASSED] - waitForElementPresent(findTestObject("Pre-Salary/Filters/Date Picker Start/datePickerInputField"), 15): Object 'Object Repository/Pre-Salary/Filters/Date Picker Start/datePickerInputField' is present

2019-01-13 10:36:04 - [MESSAGE][PASSED] - Object 'Object Repository/Pre-Salary/Filters/Date Picker Start/datePickerInputField' is present

2019-01-13 10:36:04 - [TEST_STEP][PASSED] - waitForElementNotPresent(findTestObject("Pre-Salary/Filters/Drivers Dropdown/isLoadingDropdown"), 15): Web element with id: 'Object Repository/Pre-Salary/Filters/Drivers Dropdown/isLoadingDropdown' located by 'By.cssSelector: div[id="preSalaryview"] > div:nth-of-type(2) > div:nth-of-type(1) > div:nth-of-type(2) > div:nth-of-type(1) > div:nth-of-type(5) > div:nth-of-type(1) > div:nth-of-type(1) > span:nth-of-type(1) > span:nth-of-type(1) > span:nth-of-type(2) > span:nth-of-type(1)[class="k-icon k-i-arrow-60-down k-i-loading"]' is not present after '15' second(s)

2019-01-13 10:36:04 - [MESSAGE][PASSED] - Web element with id: 'Object Repository/Pre-Salary/Filters/Drivers Dropdown/isLoadingDropdown' located by 'By.cssSelector: div[id="preSalaryview"] > div:nth-of-type(2) > div:nth-of-type(1) > div:nth-of-type(2) > div:nth-of-type(1) > div:nth-of-type(5) > div:nth-of-type(1) > div:nth-of-type(1) > span:nth-of-type(1) > span:nth-of-type(1) > span:nth-of-type(2) > span:nth-of-type(1)[class="k-icon k-i-arrow-60-down k-i-loading"]' is not present after '15' second(s)

2019-01-13 10:36:04 - [TEST_STEP][PASSED] - delay(1): Delayed 1 second(s)

2019-01-13 10:36:05 - [MESSAGE][PASSED] - Delayed 1 second(s)

2019-01-13 10:36:05 - [TEST_STEP][PASSED] - try: Object: 'Object Repository/Pre-Salary/Filters/Drivers Dropdown/driversListDropdownOpen' is clicked on

2019-01-13 10:36:05 - [TEST_STEP][PASSED] - click(findTestObject("Pre-Salary/Filters/Drivers Dropdown/driversListDropdownOpen")): Object: 'Object Repository/Pre-Salary/Filters/Drivers Dropdown/driversListDropdownOpen' is clicked on

2019-01-13 10:36:05 - [MESSAGE][PASSED] - Object: 'Object Repository/Pre-Salary/Filters/Drivers Dropdown/driversListDropdownOpen' is clicked on

2019-01-13 10:36:05 - [TEST_STEP][PASSED] - delay(1): Delayed 1 second(s)

2019-01-13 10:36:06 - [MESSAGE][PASSED] - Delayed 1 second(s)

2019-01-13 10:36:06 - [TEST_STEP][PASSED] - try: Text '1542' is set on object 'Object Repository/Pre-Salary/Filters/Drivers Dropdown/driversListDropdownSearchBox'

2019-01-13 10:36:06 - [TEST_STEP][PASSED] - setText(findTestObject("Pre-Salary/Filters/Drivers Dropdown/driversListDropdownSearchBox"), driver_Id): Text '1542' is set on object 'Object Repository/Pre-Salary/Filters/Drivers Dropdown/driversListDropdownSearchBox'

2019-01-13 10:36:07 - [MESSAGE][PASSED] - Text '1542' is set on object 'Object Repository/Pre-Salary/Filters/Drivers Dropdown/driversListDropdownSearchBox'

2019-01-13 10:36:07 - [TEST_STEP][PASSED] - delay(1): Delayed 1 second(s)

2019-01-13 10:36:08 - [MESSAGE][PASSED] - Delayed 1 second(s)

2019-01-13 10:36:08 - [TEST_STEP][PASSED] - click(findTestObject("Pre-Salary/Filters/Drivers Dropdown/driversListDropdownSelectFirstDriver")): Object: 'Object Repository/Pre-Salary/Filters/Drivers Dropdown/driversListDropdownSelectFirstDriver' is clicked on

2019-01-13 10:36:08 - [MESSAGE][PASSED] - Object: 'Object Repository/Pre-Salary/Filters/Drivers Dropdown/driversListDropdownSelectFirstDriver' is clicked on

2019-01-13 10:36:08 - [TEST_STEP][PASSED] - delay(1): Delayed 1 second(s)

2019-01-13 10:36:09 - [MESSAGE][PASSED] - Delayed 1 second(s)

2019-01-13 10:36:09 - [TEST_STEP][PASSED] - click(findTestObject("Pre-Salary/Data Status/importButton")): Object: 'Object Repository/Pre-Salary/Data Status/importButton' is clicked on

2019-01-13 10:36:09 - [MESSAGE][PASSED] - Object: 'Object Repository/Pre-Salary/Data Status/importButton' is clicked on

2019-01-13 10:36:09 - [TEST_STEP][PASSED] - delay(1): Delayed 1 second(s)

2019-01-13 10:36:10 - [MESSAGE][PASSED] - Delayed 1 second(s)

2019-01-13 10:36:10 - [TEST_STEP][PASSED] - try: Object: 'Object Repository/Pre-Salary/Calculation Summary/firstDriverInCalculationSummeryTable' is double clicked on

2019-01-13 10:36:10 - [TEST_STEP][PASSED] - waitForElementPresent(findTestObject("Pre-Salary/Calculation Summary/firstDriverInCalculationSummeryTable"), 20): Object 'Object Repository/Pre-Salary/Calculation Summary/firstDriverInCalculationSummeryTable' is present

2019-01-13 10:36:26 - [MESSAGE][PASSED] - Object 'Object Repository/Pre-Salary/Calculation Summary/firstDriverInCalculationSummeryTable' is present

2019-01-13 10:36:26 - [TEST_STEP][PASSED] - doubleClick(findTestObject("Pre-Salary/Calculation Summary/firstDriverInCalculationSummeryTable")): Object: 'Object Repository/Pre-Salary/Calculation Summary/firstDriverInCalculationSummeryTable' is double clicked on

2019-01-13 10:36:26 - [MESSAGE][PASSED] - Object: 'Object Repository/Pre-Salary/Calculation Summary/firstDriverInCalculationSummeryTable' is double clicked on

2019-01-13 10:36:26 - [TEST_STEP][PASSED] - waitForElementPresent(findTestObject("Pre-Salary/Employee Details/driversReportTable"), 20): Object 'Object Repository/Pre-Salary/Employee Details/driversReportTable' is present

2019-01-13 10:36:32 - [MESSAGE][PASSED] - Object 'Object Repository/Pre-Salary/Employee Details/driversReportTable' is present

2019-01-13 10:36:32 - [TEST_STEP][PASSED] - waitForElementPresent(findTestObject("Pre-Salary/Employee Details/driversReportTable"), 20): Object 'Object Repository/Pre-Salary/Employee Details/driversReportTable' is present

2019-01-13 10:36:32 - [MESSAGE][PASSED] - Object 'Object Repository/Pre-Salary/Employee Details/driversReportTable' is present

2019-01-13 10:36:32 - [TEST_STEP][PASSED] - verifyElementPresent(findTestObject("Pre-Salary/Employee Details/driversReportTable"), 2): Object 'Object Repository/Pre-Salary/Employee Details/driversReportTable' is present

2019-01-13 10:36:32 - [MESSAGE][PASSED] - Object 'Object Repository/Pre-Salary/Employee Details/driversReportTable' is present

2019-01-13 10:36:32 - [TEST_STEP][PASSED] - verifyElementPresent(findTestObject("Pre-Salary/Employee Details/driversCodeId_InDriversReportTableHeader"), 2): Object 'Object Repository/Pre-Salary/Employee Details/driversCodeId_InDriversReportTableHeader' is present

2019-01-13 10:36:32 - [MESSAGE][PASSED] - Object 'Object Repository/Pre-Salary/Employee Details/driversCodeId_InDriversReportTableHeader' is present

2019-01-13 10:36:32 - [TEST_STEP][PASSED] - driverCodeFromReport = getText(findTestObject("Pre-Salary/Employee Details/driversCodeId_InDriversReportTableHeader")): Text of object 'Object Repository/Pre-Salary/Employee Details/driversCodeId_InDriversReportTableHeader' is: '1542'

2019-01-13 10:36:32 - [MESSAGE][PASSED] - Text of object 'Object Repository/Pre-Salary/Employee Details/driversCodeId_InDriversReportTableHeader' is: '1542'

2019-01-13 10:36:32 - [TEST_STEP][PASSED] - if (driverCodeFromReport != driver_Id): null

2019-01-13 10:36:32 - [TEST_STEP][PASSED] - waitForElementPresent(findTestObject("Pre-Salary/Employee Details/rightSideTable"), 10): Object 'Object Repository/Pre-Salary/Employee Details/rightSideTable' is present

2019-01-13 10:36:32 - [MESSAGE][PASSED] - Object 'Object Repository/Pre-Salary/Employee Details/rightSideTable' is present

2019-01-13 10:36:32 - [TEST_STEP][PASSED] - verifyElementPresent(findTestObject("Pre-Salary/Employee Details/rightSideTable"), 2): Object 'Object Repository/Pre-Salary/Employee Details/rightSideTable' is present

2019-01-13 10:36:32 - [MESSAGE][PASSED] - Object 'Object Repository/Pre-Salary/Employee Details/rightSideTable' is present

2019-01-13 10:36:32 - [TEST_STEP][PASSED] - waitForElementPresent(findTestObject("Pre-Salary/Employee Details/rightSideTableDriversId"), 10): Object 'Object Repository/Pre-Salary/Employee Details/rightSideTableDriversId' is present

2019-01-13 10:36:33 - [MESSAGE][PASSED] - Object 'Object Repository/Pre-Salary/Employee Details/rightSideTableDriversId' is present

2019-01-13 10:36:33 - [TEST_STEP][PASSED] - verifyElementPresent(findTestObject("Pre-Salary/Employee Details/rightSideTableDriversId"), 2): Object 'Object Repository/Pre-Salary/Employee Details/rightSideTableDriversId' is present

2019-01-13 10:36:33 - [MESSAGE][PASSED] - Object 'Object Repository/Pre-Salary/Employee Details/rightSideTableDriversId' is present

2019-01-13 10:36:33 - [TEST_STEP][PASSED] - driversCodeFromRightSideTable = getText(findTestObject("Pre-Salary/Employee Details/rightSideTableDriversId")): Text of object 'Object Repository/Pre-Salary/Employee Details/rightSideTableDriversId' is: '1542'

2019-01-13 10:36:33 - [MESSAGE][PASSED] - Text of object 'Object Repository/Pre-Salary/Employee Details/rightSideTableDriversId' is: '1542'

2019-01-13 10:36:33 - [TEST_STEP][PASSED] - if (driversCodeFromRightSideTable != driver_Id): null

2019-01-13 10:36:33 - [TEST_STEP][PASSED] - closeBrowser(): Browser is closed

2019-01-13 10:36:34 - [MESSAGE][PASSED] - Browser is closed]]></system-out>
         <system-err><![CDATA[]]></system-err>
      </testcase>
      <testcase name="Test Cases/Pre-Salary/One Driver Calc" classname="Test Cases/Pre-Salary/One Driver Calc" status="PASSED">
         <system-out><![CDATA[2019-01-13 10:36:34 - [TEST_CASE][PASSED] - Test Cases/Pre-Salary/One Driver Calc: Test Cases/Pre-Salary/One Driver Calc

2019-01-13 10:36:34 - [TEST_STEP][PASSED] - login.c_login.logIn(site, userName, userPass): login.c_login.logIn is PASSED

2019-01-13 10:36:34 - [MESSAGE][INFO] - Starting 'Chrome' driver

2019-01-13 10:36:42 - [MESSAGE][PASSED] - Browser is opened with url: 'eggedh.y-it.co.il'

2019-01-13 10:36:43 - [MESSAGE][PASSED] - Current window maximized

2019-01-13 10:36:43 - [MESSAGE][PASSED] - Text 'admin' is set on object 'Object Repository/Y-IT Log In/input_ _userName'

2019-01-13 10:36:43 - [MESSAGE][PASSED] - Text ****** has been set on object 'Object Repository/Y-IT Log In/input_ _password'

2019-01-13 10:36:43 - [MESSAGE][PASSED] - Object: 'Object Repository/Y-IT Log In/input_  _submit' is clicked on

2019-01-13 10:36:43 - [MESSAGE][PASSED] - login.c_login.logIn is PASSED

2019-01-13 10:36:43 - [TEST_STEP][PASSED] - date = new java.util.Date(): null

2019-01-13 10:36:43 - [TEST_STEP][PASSED] - cal = Calendar.getInstance(): null

2019-01-13 10:36:43 - [TEST_STEP][PASSED] - cal.setTime(date): null

2019-01-13 10:36:43 - [TEST_STEP][PASSED] - month = cal.get(MONTH) + 1: null

2019-01-13 10:36:43 - [TEST_STEP][PASSED] - year = cal.get(YEAR): null

2019-01-13 10:36:43 - [TEST_STEP][PASSED] - dayStr = "01": null

2019-01-13 10:36:43 - [TEST_STEP][PASSED] - monthStr = "": null

2019-01-13 10:36:43 - [TEST_STEP][PASSED] - yearStr = year.toString(): null

2019-01-13 10:36:43 - [TEST_STEP][PASSED] - if (month < 10): null

2019-01-13 10:36:43 - [TEST_STEP][PASSED] - monthStr = "0" + month.toString(): null

2019-01-13 10:36:43 - [TEST_STEP][PASSED] - fullDate = dayStr + monthStr + yearStr: null

2019-01-13 10:36:43 - [TEST_STEP][PASSED] - delay(1): Delayed 1 second(s)

2019-01-13 10:36:44 - [MESSAGE][PASSED] - Delayed 1 second(s)

2019-01-13 10:36:44 - [TEST_STEP][PASSED] - waitForElementPresent(findTestObject("General/mainEmptyBackground"), 15): Object 'Object Repository/General/mainEmptyBackground' is present

2019-01-13 10:36:45 - [MESSAGE][PASSED] - Object 'Object Repository/General/mainEmptyBackground' is present

2019-01-13 10:36:45 - [TEST_STEP][PASSED] - isPreSalaryTabOpen = waitForElementPresent(findTestObject("Pre-Salary/preSalaryTab"), 5): Object 'Object Repository/Pre-Salary/preSalaryTab' is present

2019-01-13 10:36:45 - [MESSAGE][PASSED] - Object 'Object Repository/Pre-Salary/preSalaryTab' is present

2019-01-13 10:36:45 - [TEST_STEP][PASSED] - if (!(isPreSalaryTabOpen)): null

2019-01-13 10:36:45 - [TEST_STEP][PASSED] - waitForElementPresent(findTestObject("Pre-Salary/Filters/Date Picker Start/datePickerInputField"), 15): Object 'Object Repository/Pre-Salary/Filters/Date Picker Start/datePickerInputField' is present

2019-01-13 10:36:46 - [MESSAGE][PASSED] - Object 'Object Repository/Pre-Salary/Filters/Date Picker Start/datePickerInputField' is present

2019-01-13 10:36:46 - [TEST_STEP][PASSED] - click(findTestObject("Pre-Salary/Filters/Date Picker Start/datePickerInputField")): Object: 'Object Repository/Pre-Salary/Filters/Date Picker Start/datePickerInputField' is clicked on

2019-01-13 10:36:46 - [MESSAGE][PASSED] - Object: 'Object Repository/Pre-Salary/Filters/Date Picker Start/datePickerInputField' is clicked on

2019-01-13 10:36:46 - [TEST_STEP][PASSED] - delay(1): Delayed 1 second(s)

2019-01-13 10:36:47 - [MESSAGE][PASSED] - Delayed 1 second(s)

2019-01-13 10:36:47 - [TEST_STEP][PASSED] - setText(findTestObject("Pre-Salary/Filters/Date Picker Start/datePickerInputField"), ""): Text '' is set on object 'Object Repository/Pre-Salary/Filters/Date Picker Start/datePickerInputField'

2019-01-13 10:36:47 - [MESSAGE][PASSED] - Text '' is set on object 'Object Repository/Pre-Salary/Filters/Date Picker Start/datePickerInputField'

2019-01-13 10:36:47 - [TEST_STEP][PASSED] - delay(1): Delayed 1 second(s)

2019-01-13 10:36:48 - [MESSAGE][PASSED] - Delayed 1 second(s)

2019-01-13 10:36:48 - [TEST_STEP][PASSED] - setText(findTestObject("Pre-Salary/Filters/Date Picker Start/datePickerInputField"), fullDate): Text '01012019' is set on object 'Object Repository/Pre-Salary/Filters/Date Picker Start/datePickerInputField'

2019-01-13 10:36:48 - [MESSAGE][PASSED] - Text '01012019' is set on object 'Object Repository/Pre-Salary/Filters/Date Picker Start/datePickerInputField'

2019-01-13 10:36:48 - [TEST_STEP][PASSED] - waitForElementPresent(findTestObject("Pre-Salary/Filters/Date Picker Start/datePickerInputField"), 15): Object 'Object Repository/Pre-Salary/Filters/Date Picker Start/datePickerInputField' is present

2019-01-13 10:36:48 - [MESSAGE][PASSED] - Object 'Object Repository/Pre-Salary/Filters/Date Picker Start/datePickerInputField' is present

2019-01-13 10:36:48 - [TEST_STEP][PASSED] - waitForElementNotPresent(findTestObject("Pre-Salary/Filters/Drivers Dropdown/isLoadingDropdown"), 15): Web element with id: 'Object Repository/Pre-Salary/Filters/Drivers Dropdown/isLoadingDropdown' located by 'By.cssSelector: div[id="preSalaryview"] > div:nth-of-type(2) > div:nth-of-type(1) > div:nth-of-type(2) > div:nth-of-type(1) > div:nth-of-type(5) > div:nth-of-type(1) > div:nth-of-type(1) > span:nth-of-type(1) > span:nth-of-type(1) > span:nth-of-type(2) > span:nth-of-type(1)[class="k-icon k-i-arrow-60-down k-i-loading"]' is not present after '15' second(s)

2019-01-13 10:36:48 - [MESSAGE][PASSED] - Web element with id: 'Object Repository/Pre-Salary/Filters/Drivers Dropdown/isLoadingDropdown' located by 'By.cssSelector: div[id="preSalaryview"] > div:nth-of-type(2) > div:nth-of-type(1) > div:nth-of-type(2) > div:nth-of-type(1) > div:nth-of-type(5) > div:nth-of-type(1) > div:nth-of-type(1) > span:nth-of-type(1) > span:nth-of-type(1) > span:nth-of-type(2) > span:nth-of-type(1)[class="k-icon k-i-arrow-60-down k-i-loading"]' is not present after '15' second(s)

2019-01-13 10:36:48 - [TEST_STEP][PASSED] - delay(1): Delayed 1 second(s)

2019-01-13 10:36:49 - [MESSAGE][PASSED] - Delayed 1 second(s)

2019-01-13 10:36:49 - [TEST_STEP][PASSED] - try: Object: 'Object Repository/Pre-Salary/Filters/Drivers Dropdown/driversListDropdownOpen' is clicked on

2019-01-13 10:36:49 - [TEST_STEP][PASSED] - click(findTestObject("Pre-Salary/Filters/Drivers Dropdown/driversListDropdownOpen")): Object: 'Object Repository/Pre-Salary/Filters/Drivers Dropdown/driversListDropdownOpen' is clicked on

2019-01-13 10:36:49 - [MESSAGE][PASSED] - Object: 'Object Repository/Pre-Salary/Filters/Drivers Dropdown/driversListDropdownOpen' is clicked on

2019-01-13 10:36:49 - [TEST_STEP][PASSED] - delay(1): Delayed 1 second(s)

2019-01-13 10:36:50 - [MESSAGE][PASSED] - Delayed 1 second(s)

2019-01-13 10:36:50 - [TEST_STEP][PASSED] - try: Text '10193' is set on object 'Object Repository/Pre-Salary/Filters/Drivers Dropdown/driversListDropdownSearchBox'

2019-01-13 10:36:50 - [TEST_STEP][PASSED] - setText(findTestObject("Pre-Salary/Filters/Drivers Dropdown/driversListDropdownSearchBox"), driver_Id): Text '10193' is set on object 'Object Repository/Pre-Salary/Filters/Drivers Dropdown/driversListDropdownSearchBox'

2019-01-13 10:36:50 - [MESSAGE][PASSED] - Text '10193' is set on object 'Object Repository/Pre-Salary/Filters/Drivers Dropdown/driversListDropdownSearchBox'

2019-01-13 10:36:50 - [TEST_STEP][PASSED] - delay(1): Delayed 1 second(s)

2019-01-13 10:36:51 - [MESSAGE][PASSED] - Delayed 1 second(s)

2019-01-13 10:36:51 - [TEST_STEP][PASSED] - click(findTestObject("Pre-Salary/Filters/Drivers Dropdown/driversListDropdownSelectFirstDriver")): Object: 'Object Repository/Pre-Salary/Filters/Drivers Dropdown/driversListDropdownSelectFirstDriver' is clicked on

2019-01-13 10:36:52 - [MESSAGE][PASSED] - Object: 'Object Repository/Pre-Salary/Filters/Drivers Dropdown/driversListDropdownSelectFirstDriver' is clicked on

2019-01-13 10:36:52 - [TEST_STEP][PASSED] - delay(1): Delayed 1 second(s)

2019-01-13 10:36:53 - [MESSAGE][PASSED] - Delayed 1 second(s)

2019-01-13 10:36:53 - [TEST_STEP][PASSED] - click(findTestObject("Pre-Salary/Data Status/importButton")): Object: 'Object Repository/Pre-Salary/Data Status/importButton' is clicked on

2019-01-13 10:36:53 - [MESSAGE][PASSED] - Object: 'Object Repository/Pre-Salary/Data Status/importButton' is clicked on

2019-01-13 10:36:53 - [TEST_STEP][PASSED] - delay(1): Delayed 1 second(s)

2019-01-13 10:36:54 - [MESSAGE][PASSED] - Delayed 1 second(s)

2019-01-13 10:36:54 - [TEST_STEP][PASSED] - try: Object: 'Object Repository/Pre-Salary/Calculation Summary/firstDriverInCalculationSummeryTable' is double clicked on

2019-01-13 10:36:54 - [TEST_STEP][PASSED] - waitForElementPresent(findTestObject("Pre-Salary/Calculation Summary/firstDriverInCalculationSummeryTable"), 20): Object 'Object Repository/Pre-Salary/Calculation Summary/firstDriverInCalculationSummeryTable' is not present after 20 second(s)

2019-01-13 10:37:14 - [MESSAGE][INFO] - Unable to find the element located by 'By.cssSelector: div[id="preSalaryview"] > div:nth-of-type(2) > div:nth-of-type(2) > div:nth-of-type(3) > div:nth-of-type(1) > div:nth-of-type(2)  > div:nth-of-type(1)  > div:nth-of-type(2) > table > tbody > tr:nth-of-type(1)'. Please recheck the objects properties to make sure the desired element is located. 

2019-01-13 10:37:14 - [MESSAGE][WARNING] - Object 'Object Repository/Pre-Salary/Calculation Summary/firstDriverInCalculationSummeryTable' is not present after 20 second(s)

2019-01-13 10:37:14 - [TEST_STEP][PASSED] - doubleClick(findTestObject("Pre-Salary/Calculation Summary/firstDriverInCalculationSummeryTable")): Object: 'Object Repository/Pre-Salary/Calculation Summary/firstDriverInCalculationSummeryTable' is double clicked on

2019-01-13 10:37:20 - [MESSAGE][PASSED] - Object: 'Object Repository/Pre-Salary/Calculation Summary/firstDriverInCalculationSummeryTable' is double clicked on

2019-01-13 10:37:20 - [TEST_STEP][PASSED] - waitForElementPresent(findTestObject("Pre-Salary/Employee Details/driversReportTable"), 20): Object 'Object Repository/Pre-Salary/Employee Details/driversReportTable' is present

2019-01-13 10:37:28 - [MESSAGE][PASSED] - Object 'Object Repository/Pre-Salary/Employee Details/driversReportTable' is present

2019-01-13 10:37:28 - [TEST_STEP][PASSED] - waitForElementPresent(findTestObject("Pre-Salary/Employee Details/driversReportTable"), 20): Object 'Object Repository/Pre-Salary/Employee Details/driversReportTable' is present

2019-01-13 10:37:28 - [MESSAGE][PASSED] - Object 'Object Repository/Pre-Salary/Employee Details/driversReportTable' is present

2019-01-13 10:37:28 - [TEST_STEP][PASSED] - verifyElementPresent(findTestObject("Pre-Salary/Employee Details/driversReportTable"), 2): Object 'Object Repository/Pre-Salary/Employee Details/driversReportTable' is present

2019-01-13 10:37:28 - [MESSAGE][PASSED] - Object 'Object Repository/Pre-Salary/Employee Details/driversReportTable' is present

2019-01-13 10:37:28 - [TEST_STEP][PASSED] - verifyElementPresent(findTestObject("Pre-Salary/Employee Details/driversCodeId_InDriversReportTableHeader"), 2): Object 'Object Repository/Pre-Salary/Employee Details/driversCodeId_InDriversReportTableHeader' is present

2019-01-13 10:37:28 - [MESSAGE][PASSED] - Object 'Object Repository/Pre-Salary/Employee Details/driversCodeId_InDriversReportTableHeader' is present

2019-01-13 10:37:28 - [TEST_STEP][PASSED] - driverCodeFromReport = getText(findTestObject("Pre-Salary/Employee Details/driversCodeId_InDriversReportTableHeader")): Text of object 'Object Repository/Pre-Salary/Employee Details/driversCodeId_InDriversReportTableHeader' is: '10193'

2019-01-13 10:37:28 - [MESSAGE][PASSED] - Text of object 'Object Repository/Pre-Salary/Employee Details/driversCodeId_InDriversReportTableHeader' is: '10193'

2019-01-13 10:37:28 - [TEST_STEP][PASSED] - if (driverCodeFromReport != driver_Id): null

2019-01-13 10:37:28 - [TEST_STEP][PASSED] - waitForElementPresent(findTestObject("Pre-Salary/Employee Details/rightSideTable"), 10): Object 'Object Repository/Pre-Salary/Employee Details/rightSideTable' is present

2019-01-13 10:37:28 - [MESSAGE][PASSED] - Object 'Object Repository/Pre-Salary/Employee Details/rightSideTable' is present

2019-01-13 10:37:28 - [TEST_STEP][PASSED] - verifyElementPresent(findTestObject("Pre-Salary/Employee Details/rightSideTable"), 2): Object 'Object Repository/Pre-Salary/Employee Details/rightSideTable' is present

2019-01-13 10:37:28 - [MESSAGE][PASSED] - Object 'Object Repository/Pre-Salary/Employee Details/rightSideTable' is present

2019-01-13 10:37:28 - [TEST_STEP][PASSED] - waitForElementPresent(findTestObject("Pre-Salary/Employee Details/rightSideTableDriversId"), 10): Object 'Object Repository/Pre-Salary/Employee Details/rightSideTableDriversId' is present

2019-01-13 10:37:29 - [MESSAGE][PASSED] - Object 'Object Repository/Pre-Salary/Employee Details/rightSideTableDriversId' is present

2019-01-13 10:37:29 - [TEST_STEP][PASSED] - verifyElementPresent(findTestObject("Pre-Salary/Employee Details/rightSideTableDriversId"), 2): Object 'Object Repository/Pre-Salary/Employee Details/rightSideTableDriversId' is present

2019-01-13 10:37:29 - [MESSAGE][PASSED] - Object 'Object Repository/Pre-Salary/Employee Details/rightSideTableDriversId' is present

2019-01-13 10:37:29 - [TEST_STEP][PASSED] - driversCodeFromRightSideTable = getText(findTestObject("Pre-Salary/Employee Details/rightSideTableDriversId")): Text of object 'Object Repository/Pre-Salary/Employee Details/rightSideTableDriversId' is: '10193'

2019-01-13 10:37:29 - [MESSAGE][PASSED] - Text of object 'Object Repository/Pre-Salary/Employee Details/rightSideTableDriversId' is: '10193'

2019-01-13 10:37:29 - [TEST_STEP][PASSED] - if (driversCodeFromRightSideTable != driver_Id): null

2019-01-13 10:37:29 - [TEST_STEP][PASSED] - closeBrowser(): Browser is closed

2019-01-13 10:37:30 - [MESSAGE][PASSED] - Browser is closed]]></system-out>
         <system-err><![CDATA[]]></system-err>
      </testcase>
      <testcase name="Test Cases/Pre-Salary/One Driver Calc" classname="Test Cases/Pre-Salary/One Driver Calc" status="PASSED">
         <system-out><![CDATA[2019-01-13 10:37:30 - [TEST_CASE][PASSED] - Test Cases/Pre-Salary/One Driver Calc: Test Cases/Pre-Salary/One Driver Calc

2019-01-13 10:37:30 - [TEST_STEP][PASSED] - login.c_login.logIn(site, userName, userPass): login.c_login.logIn is PASSED

2019-01-13 10:37:30 - [MESSAGE][INFO] - Starting 'Chrome' driver

2019-01-13 10:37:37 - [MESSAGE][PASSED] - Browser is opened with url: 'yulzari.y-it.co.il'

2019-01-13 10:37:39 - [MESSAGE][PASSED] - Current window maximized

2019-01-13 10:37:39 - [MESSAGE][PASSED] - Text 'admin' is set on object 'Object Repository/Y-IT Log In/input_ _userName'

2019-01-13 10:37:39 - [MESSAGE][PASSED] - Text ****** has been set on object 'Object Repository/Y-IT Log In/input_ _password'

2019-01-13 10:37:39 - [MESSAGE][PASSED] - Object: 'Object Repository/Y-IT Log In/input_  _submit' is clicked on

2019-01-13 10:37:39 - [MESSAGE][PASSED] - login.c_login.logIn is PASSED

2019-01-13 10:37:39 - [TEST_STEP][PASSED] - date = new java.util.Date(): null

2019-01-13 10:37:39 - [TEST_STEP][PASSED] - cal = Calendar.getInstance(): null

2019-01-13 10:37:39 - [TEST_STEP][PASSED] - cal.setTime(date): null

2019-01-13 10:37:39 - [TEST_STEP][PASSED] - month = cal.get(MONTH) + 1: null

2019-01-13 10:37:39 - [TEST_STEP][PASSED] - year = cal.get(YEAR): null

2019-01-13 10:37:39 - [TEST_STEP][PASSED] - dayStr = "01": null

2019-01-13 10:37:39 - [TEST_STEP][PASSED] - monthStr = "": null

2019-01-13 10:37:39 - [TEST_STEP][PASSED] - yearStr = year.toString(): null

2019-01-13 10:37:39 - [TEST_STEP][PASSED] - if (month < 10): null

2019-01-13 10:37:39 - [TEST_STEP][PASSED] - monthStr = "0" + month.toString(): null

2019-01-13 10:37:39 - [TEST_STEP][PASSED] - fullDate = dayStr + monthStr + yearStr: null

2019-01-13 10:37:39 - [TEST_STEP][PASSED] - delay(1): Delayed 1 second(s)

2019-01-13 10:37:40 - [MESSAGE][PASSED] - Delayed 1 second(s)

2019-01-13 10:37:40 - [TEST_STEP][PASSED] - waitForElementPresent(findTestObject("General/mainEmptyBackground"), 15): Object 'Object Repository/General/mainEmptyBackground' is present

2019-01-13 10:37:41 - [MESSAGE][PASSED] - Object 'Object Repository/General/mainEmptyBackground' is present

2019-01-13 10:37:41 - [TEST_STEP][PASSED] - isPreSalaryTabOpen = waitForElementPresent(findTestObject("Pre-Salary/preSalaryTab"), 5): Object 'Object Repository/Pre-Salary/preSalaryTab' is present

2019-01-13 10:37:41 - [MESSAGE][PASSED] - Object 'Object Repository/Pre-Salary/preSalaryTab' is present

2019-01-13 10:37:41 - [TEST_STEP][PASSED] - if (!(isPreSalaryTabOpen)): null

2019-01-13 10:37:41 - [TEST_STEP][PASSED] - waitForElementPresent(findTestObject("Pre-Salary/Filters/Date Picker Start/datePickerInputField"), 15): Object 'Object Repository/Pre-Salary/Filters/Date Picker Start/datePickerInputField' is present

2019-01-13 10:37:42 - [MESSAGE][PASSED] - Object 'Object Repository/Pre-Salary/Filters/Date Picker Start/datePickerInputField' is present

2019-01-13 10:37:42 - [TEST_STEP][PASSED] - click(findTestObject("Pre-Salary/Filters/Date Picker Start/datePickerInputField")): Object: 'Object Repository/Pre-Salary/Filters/Date Picker Start/datePickerInputField' is clicked on

2019-01-13 10:37:42 - [MESSAGE][PASSED] - Object: 'Object Repository/Pre-Salary/Filters/Date Picker Start/datePickerInputField' is clicked on

2019-01-13 10:37:42 - [TEST_STEP][PASSED] - delay(1): Delayed 1 second(s)

2019-01-13 10:37:43 - [MESSAGE][PASSED] - Delayed 1 second(s)

2019-01-13 10:37:43 - [TEST_STEP][PASSED] - setText(findTestObject("Pre-Salary/Filters/Date Picker Start/datePickerInputField"), ""): Text '' is set on object 'Object Repository/Pre-Salary/Filters/Date Picker Start/datePickerInputField'

2019-01-13 10:37:43 - [MESSAGE][PASSED] - Text '' is set on object 'Object Repository/Pre-Salary/Filters/Date Picker Start/datePickerInputField'

2019-01-13 10:37:43 - [TEST_STEP][PASSED] - delay(1): Delayed 1 second(s)

2019-01-13 10:37:44 - [MESSAGE][PASSED] - Delayed 1 second(s)

2019-01-13 10:37:44 - [TEST_STEP][PASSED] - setText(findTestObject("Pre-Salary/Filters/Date Picker Start/datePickerInputField"), fullDate): Text '01012019' is set on object 'Object Repository/Pre-Salary/Filters/Date Picker Start/datePickerInputField'

2019-01-13 10:37:44 - [MESSAGE][PASSED] - Text '01012019' is set on object 'Object Repository/Pre-Salary/Filters/Date Picker Start/datePickerInputField'

2019-01-13 10:37:44 - [TEST_STEP][PASSED] - waitForElementPresent(findTestObject("Pre-Salary/Filters/Date Picker Start/datePickerInputField"), 15): Object 'Object Repository/Pre-Salary/Filters/Date Picker Start/datePickerInputField' is present

2019-01-13 10:37:44 - [MESSAGE][PASSED] - Object 'Object Repository/Pre-Salary/Filters/Date Picker Start/datePickerInputField' is present

2019-01-13 10:37:44 - [TEST_STEP][PASSED] - waitForElementNotPresent(findTestObject("Pre-Salary/Filters/Drivers Dropdown/isLoadingDropdown"), 15): Web element with id: 'Object Repository/Pre-Salary/Filters/Drivers Dropdown/isLoadingDropdown' located by 'By.cssSelector: div[id="preSalaryview"] > div:nth-of-type(2) > div:nth-of-type(1) > div:nth-of-type(2) > div:nth-of-type(1) > div:nth-of-type(5) > div:nth-of-type(1) > div:nth-of-type(1) > span:nth-of-type(1) > span:nth-of-type(1) > span:nth-of-type(2) > span:nth-of-type(1)[class="k-icon k-i-arrow-60-down k-i-loading"]' is not present after '15' second(s)

2019-01-13 10:37:44 - [MESSAGE][PASSED] - Web element with id: 'Object Repository/Pre-Salary/Filters/Drivers Dropdown/isLoadingDropdown' located by 'By.cssSelector: div[id="preSalaryview"] > div:nth-of-type(2) > div:nth-of-type(1) > div:nth-of-type(2) > div:nth-of-type(1) > div:nth-of-type(5) > div:nth-of-type(1) > div:nth-of-type(1) > span:nth-of-type(1) > span:nth-of-type(1) > span:nth-of-type(2) > span:nth-of-type(1)[class="k-icon k-i-arrow-60-down k-i-loading"]' is not present after '15' second(s)

2019-01-13 10:37:44 - [TEST_STEP][PASSED] - delay(1): Delayed 1 second(s)

2019-01-13 10:37:45 - [MESSAGE][PASSED] - Delayed 1 second(s)

2019-01-13 10:37:45 - [TEST_STEP][PASSED] - try: Object: 'Object Repository/Pre-Salary/Filters/Drivers Dropdown/driversListDropdownOpen' is clicked on

2019-01-13 10:37:45 - [TEST_STEP][PASSED] - click(findTestObject("Pre-Salary/Filters/Drivers Dropdown/driversListDropdownOpen")): Object: 'Object Repository/Pre-Salary/Filters/Drivers Dropdown/driversListDropdownOpen' is clicked on

2019-01-13 10:37:45 - [MESSAGE][PASSED] - Object: 'Object Repository/Pre-Salary/Filters/Drivers Dropdown/driversListDropdownOpen' is clicked on

2019-01-13 10:37:45 - [TEST_STEP][PASSED] - delay(1): Delayed 1 second(s)

2019-01-13 10:37:46 - [MESSAGE][PASSED] - Delayed 1 second(s)

2019-01-13 10:37:46 - [TEST_STEP][PASSED] - try: Text '344' is set on object 'Object Repository/Pre-Salary/Filters/Drivers Dropdown/driversListDropdownSearchBox'

2019-01-13 10:37:46 - [TEST_STEP][PASSED] - setText(findTestObject("Pre-Salary/Filters/Drivers Dropdown/driversListDropdownSearchBox"), driver_Id): Text '344' is set on object 'Object Repository/Pre-Salary/Filters/Drivers Dropdown/driversListDropdownSearchBox'

2019-01-13 10:37:47 - [MESSAGE][PASSED] - Text '344' is set on object 'Object Repository/Pre-Salary/Filters/Drivers Dropdown/driversListDropdownSearchBox'

2019-01-13 10:37:47 - [TEST_STEP][PASSED] - delay(1): Delayed 1 second(s)

2019-01-13 10:37:48 - [MESSAGE][PASSED] - Delayed 1 second(s)

2019-01-13 10:37:48 - [TEST_STEP][PASSED] - click(findTestObject("Pre-Salary/Filters/Drivers Dropdown/driversListDropdownSelectFirstDriver")): Object: 'Object Repository/Pre-Salary/Filters/Drivers Dropdown/driversListDropdownSelectFirstDriver' is clicked on

2019-01-13 10:37:48 - [MESSAGE][PASSED] - Object: 'Object Repository/Pre-Salary/Filters/Drivers Dropdown/driversListDropdownSelectFirstDriver' is clicked on

2019-01-13 10:37:48 - [TEST_STEP][PASSED] - delay(1): Delayed 1 second(s)

2019-01-13 10:37:49 - [MESSAGE][PASSED] - Delayed 1 second(s)

2019-01-13 10:37:49 - [TEST_STEP][PASSED] - click(findTestObject("Pre-Salary/Data Status/importButton")): Object: 'Object Repository/Pre-Salary/Data Status/importButton' is clicked on

2019-01-13 10:37:49 - [MESSAGE][PASSED] - Object: 'Object Repository/Pre-Salary/Data Status/importButton' is clicked on

2019-01-13 10:37:49 - [TEST_STEP][PASSED] - delay(1): Delayed 1 second(s)

2019-01-13 10:37:50 - [MESSAGE][PASSED] - Delayed 1 second(s)

2019-01-13 10:37:50 - [TEST_STEP][PASSED] - try: Object: 'Object Repository/Pre-Salary/Calculation Summary/firstDriverInCalculationSummeryTable' is double clicked on

2019-01-13 10:37:50 - [TEST_STEP][PASSED] - waitForElementPresent(findTestObject("Pre-Salary/Calculation Summary/firstDriverInCalculationSummeryTable"), 20): Object 'Object Repository/Pre-Salary/Calculation Summary/firstDriverInCalculationSummeryTable' is present

2019-01-13 10:38:06 - [MESSAGE][PASSED] - Object 'Object Repository/Pre-Salary/Calculation Summary/firstDriverInCalculationSummeryTable' is present

2019-01-13 10:38:06 - [TEST_STEP][PASSED] - doubleClick(findTestObject("Pre-Salary/Calculation Summary/firstDriverInCalculationSummeryTable")): Object: 'Object Repository/Pre-Salary/Calculation Summary/firstDriverInCalculationSummeryTable' is double clicked on

2019-01-13 10:38:06 - [MESSAGE][PASSED] - Object: 'Object Repository/Pre-Salary/Calculation Summary/firstDriverInCalculationSummeryTable' is double clicked on

2019-01-13 10:38:06 - [TEST_STEP][PASSED] - waitForElementPresent(findTestObject("Pre-Salary/Employee Details/driversReportTable"), 20): Object 'Object Repository/Pre-Salary/Employee Details/driversReportTable' is present

2019-01-13 10:38:08 - [MESSAGE][PASSED] - Object 'Object Repository/Pre-Salary/Employee Details/driversReportTable' is present

2019-01-13 10:38:08 - [TEST_STEP][PASSED] - waitForElementPresent(findTestObject("Pre-Salary/Employee Details/driversReportTable"), 20): Object 'Object Repository/Pre-Salary/Employee Details/driversReportTable' is present

2019-01-13 10:38:08 - [MESSAGE][PASSED] - Object 'Object Repository/Pre-Salary/Employee Details/driversReportTable' is present

2019-01-13 10:38:08 - [TEST_STEP][PASSED] - verifyElementPresent(findTestObject("Pre-Salary/Employee Details/driversReportTable"), 2): Object 'Object Repository/Pre-Salary/Employee Details/driversReportTable' is present

2019-01-13 10:38:08 - [MESSAGE][PASSED] - Object 'Object Repository/Pre-Salary/Employee Details/driversReportTable' is present

2019-01-13 10:38:08 - [TEST_STEP][PASSED] - verifyElementPresent(findTestObject("Pre-Salary/Employee Details/driversCodeId_InDriversReportTableHeader"), 2): Object 'Object Repository/Pre-Salary/Employee Details/driversCodeId_InDriversReportTableHeader' is present

2019-01-13 10:38:08 - [MESSAGE][PASSED] - Object 'Object Repository/Pre-Salary/Employee Details/driversCodeId_InDriversReportTableHeader' is present

2019-01-13 10:38:08 - [TEST_STEP][PASSED] - driverCodeFromReport = getText(findTestObject("Pre-Salary/Employee Details/driversCodeId_InDriversReportTableHeader")): Text of object 'Object Repository/Pre-Salary/Employee Details/driversCodeId_InDriversReportTableHeader' is: '344'

2019-01-13 10:38:08 - [MESSAGE][PASSED] - Text of object 'Object Repository/Pre-Salary/Employee Details/driversCodeId_InDriversReportTableHeader' is: '344'

2019-01-13 10:38:08 - [TEST_STEP][PASSED] - if (driverCodeFromReport != driver_Id): null

2019-01-13 10:38:08 - [TEST_STEP][PASSED] - waitForElementPresent(findTestObject("Pre-Salary/Employee Details/rightSideTable"), 10): Object 'Object Repository/Pre-Salary/Employee Details/rightSideTable' is present

2019-01-13 10:38:08 - [MESSAGE][PASSED] - Object 'Object Repository/Pre-Salary/Employee Details/rightSideTable' is present

2019-01-13 10:38:08 - [TEST_STEP][PASSED] - verifyElementPresent(findTestObject("Pre-Salary/Employee Details/rightSideTable"), 2): Object 'Object Repository/Pre-Salary/Employee Details/rightSideTable' is present

2019-01-13 10:38:08 - [MESSAGE][PASSED] - Object 'Object Repository/Pre-Salary/Employee Details/rightSideTable' is present

2019-01-13 10:38:08 - [TEST_STEP][PASSED] - waitForElementPresent(findTestObject("Pre-Salary/Employee Details/rightSideTableDriversId"), 10): Object 'Object Repository/Pre-Salary/Employee Details/rightSideTableDriversId' is present

2019-01-13 10:38:09 - [MESSAGE][PASSED] - Object 'Object Repository/Pre-Salary/Employee Details/rightSideTableDriversId' is present

2019-01-13 10:38:09 - [TEST_STEP][PASSED] - verifyElementPresent(findTestObject("Pre-Salary/Employee Details/rightSideTableDriversId"), 2): Object 'Object Repository/Pre-Salary/Employee Details/rightSideTableDriversId' is present

2019-01-13 10:38:09 - [MESSAGE][PASSED] - Object 'Object Repository/Pre-Salary/Employee Details/rightSideTableDriversId' is present

2019-01-13 10:38:09 - [TEST_STEP][PASSED] - driversCodeFromRightSideTable = getText(findTestObject("Pre-Salary/Employee Details/rightSideTableDriversId")): Text of object 'Object Repository/Pre-Salary/Employee Details/rightSideTableDriversId' is: '344'

2019-01-13 10:38:09 - [MESSAGE][PASSED] - Text of object 'Object Repository/Pre-Salary/Employee Details/rightSideTableDriversId' is: '344'

2019-01-13 10:38:09 - [TEST_STEP][PASSED] - if (driversCodeFromRightSideTable != driver_Id): null

2019-01-13 10:38:09 - [TEST_STEP][PASSED] - closeBrowser(): Browser is closed

2019-01-13 10:38:10 - [MESSAGE][PASSED] - Browser is closed]]></system-out>
         <system-err><![CDATA[]]></system-err>
      </testcase>
      <testcase name="Test Cases/Pre-Salary/One Driver Calc" classname="Test Cases/Pre-Salary/One Driver Calc" status="PASSED">
         <system-out><![CDATA[2019-01-13 10:38:10 - [TEST_CASE][PASSED] - Test Cases/Pre-Salary/One Driver Calc: Test Cases/Pre-Salary/One Driver Calc

2019-01-13 10:38:10 - [TEST_STEP][PASSED] - login.c_login.logIn(site, userName, userPass): login.c_login.logIn is PASSED

2019-01-13 10:38:10 - [MESSAGE][INFO] - Starting 'Chrome' driver

2019-01-13 10:38:16 - [MESSAGE][PASSED] - Browser is opened with url: 'monisitton.y-it.co.il'

2019-01-13 10:38:18 - [MESSAGE][PASSED] - Current window maximized

2019-01-13 10:38:18 - [MESSAGE][PASSED] - Text 'admin' is set on object 'Object Repository/Y-IT Log In/input_ _userName'

2019-01-13 10:38:18 - [MESSAGE][PASSED] - Text ****** has been set on object 'Object Repository/Y-IT Log In/input_ _password'

2019-01-13 10:38:18 - [MESSAGE][PASSED] - Object: 'Object Repository/Y-IT Log In/input_  _submit' is clicked on

2019-01-13 10:38:18 - [MESSAGE][PASSED] - login.c_login.logIn is PASSED

2019-01-13 10:38:18 - [TEST_STEP][PASSED] - date = new java.util.Date(): null

2019-01-13 10:38:18 - [TEST_STEP][PASSED] - cal = Calendar.getInstance(): null

2019-01-13 10:38:18 - [TEST_STEP][PASSED] - cal.setTime(date): null

2019-01-13 10:38:18 - [TEST_STEP][PASSED] - month = cal.get(MONTH) + 1: null

2019-01-13 10:38:18 - [TEST_STEP][PASSED] - year = cal.get(YEAR): null

2019-01-13 10:38:18 - [TEST_STEP][PASSED] - dayStr = "01": null

2019-01-13 10:38:18 - [TEST_STEP][PASSED] - monthStr = "": null

2019-01-13 10:38:18 - [TEST_STEP][PASSED] - yearStr = year.toString(): null

2019-01-13 10:38:18 - [TEST_STEP][PASSED] - if (month < 10): null

2019-01-13 10:38:18 - [TEST_STEP][PASSED] - monthStr = "0" + month.toString(): null

2019-01-13 10:38:18 - [TEST_STEP][PASSED] - fullDate = dayStr + monthStr + yearStr: null

2019-01-13 10:38:18 - [TEST_STEP][PASSED] - delay(1): Delayed 1 second(s)

2019-01-13 10:38:19 - [MESSAGE][PASSED] - Delayed 1 second(s)

2019-01-13 10:38:19 - [TEST_STEP][PASSED] - waitForElementPresent(findTestObject("General/mainEmptyBackground"), 15): Object 'Object Repository/General/mainEmptyBackground' is present

2019-01-13 10:38:19 - [MESSAGE][PASSED] - Object 'Object Repository/General/mainEmptyBackground' is present

2019-01-13 10:38:19 - [TEST_STEP][PASSED] - isPreSalaryTabOpen = waitForElementPresent(findTestObject("Pre-Salary/preSalaryTab"), 5): Object 'Object Repository/Pre-Salary/preSalaryTab' is present

2019-01-13 10:38:19 - [MESSAGE][PASSED] - Object 'Object Repository/Pre-Salary/preSalaryTab' is present

2019-01-13 10:38:19 - [TEST_STEP][PASSED] - if (!(isPreSalaryTabOpen)): null

2019-01-13 10:38:19 - [TEST_STEP][PASSED] - waitForElementPresent(findTestObject("Pre-Salary/Filters/Date Picker Start/datePickerInputField"), 15): Object 'Object Repository/Pre-Salary/Filters/Date Picker Start/datePickerInputField' is present

2019-01-13 10:38:20 - [MESSAGE][PASSED] - Object 'Object Repository/Pre-Salary/Filters/Date Picker Start/datePickerInputField' is present

2019-01-13 10:38:20 - [TEST_STEP][PASSED] - click(findTestObject("Pre-Salary/Filters/Date Picker Start/datePickerInputField")): Object: 'Object Repository/Pre-Salary/Filters/Date Picker Start/datePickerInputField' is clicked on

2019-01-13 10:38:20 - [MESSAGE][PASSED] - Object: 'Object Repository/Pre-Salary/Filters/Date Picker Start/datePickerInputField' is clicked on

2019-01-13 10:38:20 - [TEST_STEP][PASSED] - delay(1): Delayed 1 second(s)

2019-01-13 10:38:21 - [MESSAGE][PASSED] - Delayed 1 second(s)

2019-01-13 10:38:21 - [TEST_STEP][PASSED] - setText(findTestObject("Pre-Salary/Filters/Date Picker Start/datePickerInputField"), ""): Text '' is set on object 'Object Repository/Pre-Salary/Filters/Date Picker Start/datePickerInputField'

2019-01-13 10:38:21 - [MESSAGE][PASSED] - Text '' is set on object 'Object Repository/Pre-Salary/Filters/Date Picker Start/datePickerInputField'

2019-01-13 10:38:21 - [TEST_STEP][PASSED] - delay(1): Delayed 1 second(s)

2019-01-13 10:38:22 - [MESSAGE][PASSED] - Delayed 1 second(s)

2019-01-13 10:38:22 - [TEST_STEP][PASSED] - setText(findTestObject("Pre-Salary/Filters/Date Picker Start/datePickerInputField"), fullDate): Text '01012019' is set on object 'Object Repository/Pre-Salary/Filters/Date Picker Start/datePickerInputField'

2019-01-13 10:38:22 - [MESSAGE][PASSED] - Text '01012019' is set on object 'Object Repository/Pre-Salary/Filters/Date Picker Start/datePickerInputField'

2019-01-13 10:38:22 - [TEST_STEP][PASSED] - waitForElementPresent(findTestObject("Pre-Salary/Filters/Date Picker Start/datePickerInputField"), 15): Object 'Object Repository/Pre-Salary/Filters/Date Picker Start/datePickerInputField' is present

2019-01-13 10:38:22 - [MESSAGE][PASSED] - Object 'Object Repository/Pre-Salary/Filters/Date Picker Start/datePickerInputField' is present

2019-01-13 10:38:22 - [TEST_STEP][PASSED] - waitForElementNotPresent(findTestObject("Pre-Salary/Filters/Drivers Dropdown/isLoadingDropdown"), 15): Web element with id: 'Object Repository/Pre-Salary/Filters/Drivers Dropdown/isLoadingDropdown' located by 'By.cssSelector: div[id="preSalaryview"] > div:nth-of-type(2) > div:nth-of-type(1) > div:nth-of-type(2) > div:nth-of-type(1) > div:nth-of-type(5) > div:nth-of-type(1) > div:nth-of-type(1) > span:nth-of-type(1) > span:nth-of-type(1) > span:nth-of-type(2) > span:nth-of-type(1)[class="k-icon k-i-arrow-60-down k-i-loading"]' is not present after '15' second(s)

2019-01-13 10:38:22 - [MESSAGE][PASSED] - Web element with id: 'Object Repository/Pre-Salary/Filters/Drivers Dropdown/isLoadingDropdown' located by 'By.cssSelector: div[id="preSalaryview"] > div:nth-of-type(2) > div:nth-of-type(1) > div:nth-of-type(2) > div:nth-of-type(1) > div:nth-of-type(5) > div:nth-of-type(1) > div:nth-of-type(1) > span:nth-of-type(1) > span:nth-of-type(1) > span:nth-of-type(2) > span:nth-of-type(1)[class="k-icon k-i-arrow-60-down k-i-loading"]' is not present after '15' second(s)

2019-01-13 10:38:22 - [TEST_STEP][PASSED] - delay(1): Delayed 1 second(s)

2019-01-13 10:38:23 - [MESSAGE][PASSED] - Delayed 1 second(s)

2019-01-13 10:38:23 - [TEST_STEP][PASSED] - try: Object: 'Object Repository/Pre-Salary/Filters/Drivers Dropdown/driversListDropdownOpen' is clicked on

2019-01-13 10:38:23 - [TEST_STEP][PASSED] - click(findTestObject("Pre-Salary/Filters/Drivers Dropdown/driversListDropdownOpen")): Object: 'Object Repository/Pre-Salary/Filters/Drivers Dropdown/driversListDropdownOpen' is clicked on

2019-01-13 10:38:24 - [MESSAGE][PASSED] - Object: 'Object Repository/Pre-Salary/Filters/Drivers Dropdown/driversListDropdownOpen' is clicked on

2019-01-13 10:38:24 - [TEST_STEP][PASSED] - delay(1): Delayed 1 second(s)

2019-01-13 10:38:25 - [MESSAGE][PASSED] - Delayed 1 second(s)

2019-01-13 10:38:25 - [TEST_STEP][PASSED] - try: Text '619' is set on object 'Object Repository/Pre-Salary/Filters/Drivers Dropdown/driversListDropdownSearchBox'

2019-01-13 10:38:25 - [TEST_STEP][PASSED] - setText(findTestObject("Pre-Salary/Filters/Drivers Dropdown/driversListDropdownSearchBox"), driver_Id): Text '619' is set on object 'Object Repository/Pre-Salary/Filters/Drivers Dropdown/driversListDropdownSearchBox'

2019-01-13 10:38:25 - [MESSAGE][PASSED] - Text '619' is set on object 'Object Repository/Pre-Salary/Filters/Drivers Dropdown/driversListDropdownSearchBox'

2019-01-13 10:38:25 - [TEST_STEP][PASSED] - delay(1): Delayed 1 second(s)

2019-01-13 10:38:26 - [MESSAGE][PASSED] - Delayed 1 second(s)

2019-01-13 10:38:26 - [TEST_STEP][PASSED] - click(findTestObject("Pre-Salary/Filters/Drivers Dropdown/driversListDropdownSelectFirstDriver")): Object: 'Object Repository/Pre-Salary/Filters/Drivers Dropdown/driversListDropdownSelectFirstDriver' is clicked on

2019-01-13 10:38:26 - [MESSAGE][PASSED] - Object: 'Object Repository/Pre-Salary/Filters/Drivers Dropdown/driversListDropdownSelectFirstDriver' is clicked on

2019-01-13 10:38:26 - [TEST_STEP][PASSED] - delay(1): Delayed 1 second(s)

2019-01-13 10:38:27 - [MESSAGE][PASSED] - Delayed 1 second(s)

2019-01-13 10:38:27 - [TEST_STEP][PASSED] - click(findTestObject("Pre-Salary/Data Status/importButton")): Object: 'Object Repository/Pre-Salary/Data Status/importButton' is clicked on

2019-01-13 10:38:27 - [MESSAGE][PASSED] - Object: 'Object Repository/Pre-Salary/Data Status/importButton' is clicked on

2019-01-13 10:38:27 - [TEST_STEP][PASSED] - delay(1): Delayed 1 second(s)

2019-01-13 10:38:28 - [MESSAGE][PASSED] - Delayed 1 second(s)

2019-01-13 10:38:28 - [TEST_STEP][PASSED] - try: Object: 'Object Repository/Pre-Salary/Calculation Summary/firstDriverInCalculationSummeryTable' is double clicked on

2019-01-13 10:38:28 - [TEST_STEP][PASSED] - waitForElementPresent(findTestObject("Pre-Salary/Calculation Summary/firstDriverInCalculationSummeryTable"), 20): Object 'Object Repository/Pre-Salary/Calculation Summary/firstDriverInCalculationSummeryTable' is present

2019-01-13 10:38:46 - [MESSAGE][PASSED] - Object 'Object Repository/Pre-Salary/Calculation Summary/firstDriverInCalculationSummeryTable' is present

2019-01-13 10:38:46 - [TEST_STEP][PASSED] - doubleClick(findTestObject("Pre-Salary/Calculation Summary/firstDriverInCalculationSummeryTable")): Object: 'Object Repository/Pre-Salary/Calculation Summary/firstDriverInCalculationSummeryTable' is double clicked on

2019-01-13 10:38:46 - [MESSAGE][PASSED] - Object: 'Object Repository/Pre-Salary/Calculation Summary/firstDriverInCalculationSummeryTable' is double clicked on

2019-01-13 10:38:46 - [TEST_STEP][PASSED] - waitForElementPresent(findTestObject("Pre-Salary/Employee Details/driversReportTable"), 20): Object 'Object Repository/Pre-Salary/Employee Details/driversReportTable' is present

2019-01-13 10:38:47 - [MESSAGE][PASSED] - Object 'Object Repository/Pre-Salary/Employee Details/driversReportTable' is present

2019-01-13 10:38:47 - [TEST_STEP][PASSED] - waitForElementPresent(findTestObject("Pre-Salary/Employee Details/driversReportTable"), 20): Object 'Object Repository/Pre-Salary/Employee Details/driversReportTable' is present

2019-01-13 10:38:47 - [MESSAGE][PASSED] - Object 'Object Repository/Pre-Salary/Employee Details/driversReportTable' is present

2019-01-13 10:38:47 - [TEST_STEP][PASSED] - verifyElementPresent(findTestObject("Pre-Salary/Employee Details/driversReportTable"), 2): Object 'Object Repository/Pre-Salary/Employee Details/driversReportTable' is present

2019-01-13 10:38:47 - [MESSAGE][PASSED] - Object 'Object Repository/Pre-Salary/Employee Details/driversReportTable' is present

2019-01-13 10:38:47 - [TEST_STEP][PASSED] - verifyElementPresent(findTestObject("Pre-Salary/Employee Details/driversCodeId_InDriversReportTableHeader"), 2): Object 'Object Repository/Pre-Salary/Employee Details/driversCodeId_InDriversReportTableHeader' is present

2019-01-13 10:38:47 - [MESSAGE][PASSED] - Object 'Object Repository/Pre-Salary/Employee Details/driversCodeId_InDriversReportTableHeader' is present

2019-01-13 10:38:47 - [TEST_STEP][PASSED] - driverCodeFromReport = getText(findTestObject("Pre-Salary/Employee Details/driversCodeId_InDriversReportTableHeader")): Text of object 'Object Repository/Pre-Salary/Employee Details/driversCodeId_InDriversReportTableHeader' is: '619'

2019-01-13 10:38:48 - [MESSAGE][PASSED] - Text of object 'Object Repository/Pre-Salary/Employee Details/driversCodeId_InDriversReportTableHeader' is: '619'

2019-01-13 10:38:48 - [TEST_STEP][PASSED] - if (driverCodeFromReport != driver_Id): null

2019-01-13 10:38:48 - [TEST_STEP][PASSED] - waitForElementPresent(findTestObject("Pre-Salary/Employee Details/rightSideTable"), 10): Object 'Object Repository/Pre-Salary/Employee Details/rightSideTable' is present

2019-01-13 10:38:48 - [MESSAGE][PASSED] - Object 'Object Repository/Pre-Salary/Employee Details/rightSideTable' is present

2019-01-13 10:38:48 - [TEST_STEP][PASSED] - verifyElementPresent(findTestObject("Pre-Salary/Employee Details/rightSideTable"), 2): Object 'Object Repository/Pre-Salary/Employee Details/rightSideTable' is present

2019-01-13 10:38:48 - [MESSAGE][PASSED] - Object 'Object Repository/Pre-Salary/Employee Details/rightSideTable' is present

2019-01-13 10:38:48 - [TEST_STEP][PASSED] - waitForElementPresent(findTestObject("Pre-Salary/Employee Details/rightSideTableDriversId"), 10): Object 'Object Repository/Pre-Salary/Employee Details/rightSideTableDriversId' is present

2019-01-13 10:38:49 - [MESSAGE][PASSED] - Object 'Object Repository/Pre-Salary/Employee Details/rightSideTableDriversId' is present

2019-01-13 10:38:49 - [TEST_STEP][PASSED] - verifyElementPresent(findTestObject("Pre-Salary/Employee Details/rightSideTableDriversId"), 2): Object 'Object Repository/Pre-Salary/Employee Details/rightSideTableDriversId' is present

2019-01-13 10:38:49 - [MESSAGE][PASSED] - Object 'Object Repository/Pre-Salary/Employee Details/rightSideTableDriversId' is present

2019-01-13 10:38:49 - [TEST_STEP][PASSED] - driversCodeFromRightSideTable = getText(findTestObject("Pre-Salary/Employee Details/rightSideTableDriversId")): Text of object 'Object Repository/Pre-Salary/Employee Details/rightSideTableDriversId' is: '619'

2019-01-13 10:38:49 - [MESSAGE][PASSED] - Text of object 'Object Repository/Pre-Salary/Employee Details/rightSideTableDriversId' is: '619'

2019-01-13 10:38:49 - [TEST_STEP][PASSED] - if (driversCodeFromRightSideTable != driver_Id): null

2019-01-13 10:38:49 - [TEST_STEP][PASSED] - closeBrowser(): Browser is closed

2019-01-13 10:38:50 - [MESSAGE][PASSED] - Browser is closed]]></system-out>
         <system-err><![CDATA[]]></system-err>
      </testcase>
      <testcase name="Test Cases/Pre-Salary/One Driver Calc" classname="Test Cases/Pre-Salary/One Driver Calc" status="PASSED">
         <system-out><![CDATA[2019-01-13 10:38:50 - [TEST_CASE][PASSED] - Test Cases/Pre-Salary/One Driver Calc: Test Cases/Pre-Salary/One Driver Calc

2019-01-13 10:38:50 - [TEST_STEP][PASSED] - login.c_login.logIn(site, userName, userPass): login.c_login.logIn is PASSED

2019-01-13 10:38:50 - [MESSAGE][INFO] - Starting 'Chrome' driver

2019-01-13 10:38:58 - [MESSAGE][PASSED] - Browser is opened with url: 'shasha.y-it.co.il'

2019-01-13 10:38:59 - [MESSAGE][PASSED] - Current window maximized

2019-01-13 10:38:59 - [MESSAGE][PASSED] - Text 'admin' is set on object 'Object Repository/Y-IT Log In/input_ _userName'

2019-01-13 10:38:59 - [MESSAGE][PASSED] - Text ****** has been set on object 'Object Repository/Y-IT Log In/input_ _password'

2019-01-13 10:39:00 - [MESSAGE][PASSED] - Object: 'Object Repository/Y-IT Log In/input_  _submit' is clicked on

2019-01-13 10:39:00 - [MESSAGE][PASSED] - login.c_login.logIn is PASSED

2019-01-13 10:39:00 - [TEST_STEP][PASSED] - date = new java.util.Date(): null

2019-01-13 10:39:00 - [TEST_STEP][PASSED] - cal = Calendar.getInstance(): null

2019-01-13 10:39:00 - [TEST_STEP][PASSED] - cal.setTime(date): null

2019-01-13 10:39:00 - [TEST_STEP][PASSED] - month = cal.get(MONTH) + 1: null

2019-01-13 10:39:00 - [TEST_STEP][PASSED] - year = cal.get(YEAR): null

2019-01-13 10:39:00 - [TEST_STEP][PASSED] - dayStr = "01": null

2019-01-13 10:39:00 - [TEST_STEP][PASSED] - monthStr = "": null

2019-01-13 10:39:00 - [TEST_STEP][PASSED] - yearStr = year.toString(): null

2019-01-13 10:39:00 - [TEST_STEP][PASSED] - if (month < 10): null

2019-01-13 10:39:00 - [TEST_STEP][PASSED] - monthStr = "0" + month.toString(): null

2019-01-13 10:39:00 - [TEST_STEP][PASSED] - fullDate = dayStr + monthStr + yearStr: null

2019-01-13 10:39:00 - [TEST_STEP][PASSED] - delay(1): Delayed 1 second(s)

2019-01-13 10:39:01 - [MESSAGE][PASSED] - Delayed 1 second(s)

2019-01-13 10:39:01 - [TEST_STEP][PASSED] - waitForElementPresent(findTestObject("General/mainEmptyBackground"), 15): Object 'Object Repository/General/mainEmptyBackground' is present

2019-01-13 10:39:02 - [MESSAGE][PASSED] - Object 'Object Repository/General/mainEmptyBackground' is present

2019-01-13 10:39:02 - [TEST_STEP][PASSED] - isPreSalaryTabOpen = waitForElementPresent(findTestObject("Pre-Salary/preSalaryTab"), 5): Object 'Object Repository/Pre-Salary/preSalaryTab' is present

2019-01-13 10:39:02 - [MESSAGE][PASSED] - Object 'Object Repository/Pre-Salary/preSalaryTab' is present

2019-01-13 10:39:02 - [TEST_STEP][PASSED] - if (!(isPreSalaryTabOpen)): null

2019-01-13 10:39:02 - [TEST_STEP][PASSED] - waitForElementPresent(findTestObject("Pre-Salary/Filters/Date Picker Start/datePickerInputField"), 15): Object 'Object Repository/Pre-Salary/Filters/Date Picker Start/datePickerInputField' is present

2019-01-13 10:39:03 - [MESSAGE][PASSED] - Object 'Object Repository/Pre-Salary/Filters/Date Picker Start/datePickerInputField' is present

2019-01-13 10:39:03 - [TEST_STEP][PASSED] - click(findTestObject("Pre-Salary/Filters/Date Picker Start/datePickerInputField")): Object: 'Object Repository/Pre-Salary/Filters/Date Picker Start/datePickerInputField' is clicked on

2019-01-13 10:39:03 - [MESSAGE][PASSED] - Object: 'Object Repository/Pre-Salary/Filters/Date Picker Start/datePickerInputField' is clicked on

2019-01-13 10:39:03 - [TEST_STEP][PASSED] - delay(1): Delayed 1 second(s)

2019-01-13 10:39:04 - [MESSAGE][PASSED] - Delayed 1 second(s)

2019-01-13 10:39:04 - [TEST_STEP][PASSED] - setText(findTestObject("Pre-Salary/Filters/Date Picker Start/datePickerInputField"), ""): Text '' is set on object 'Object Repository/Pre-Salary/Filters/Date Picker Start/datePickerInputField'

2019-01-13 10:39:04 - [MESSAGE][PASSED] - Text '' is set on object 'Object Repository/Pre-Salary/Filters/Date Picker Start/datePickerInputField'

2019-01-13 10:39:04 - [TEST_STEP][PASSED] - delay(1): Delayed 1 second(s)

2019-01-13 10:39:05 - [MESSAGE][PASSED] - Delayed 1 second(s)

2019-01-13 10:39:05 - [TEST_STEP][PASSED] - setText(findTestObject("Pre-Salary/Filters/Date Picker Start/datePickerInputField"), fullDate): Text '01012019' is set on object 'Object Repository/Pre-Salary/Filters/Date Picker Start/datePickerInputField'

2019-01-13 10:39:05 - [MESSAGE][PASSED] - Text '01012019' is set on object 'Object Repository/Pre-Salary/Filters/Date Picker Start/datePickerInputField'

2019-01-13 10:39:05 - [TEST_STEP][PASSED] - waitForElementPresent(findTestObject("Pre-Salary/Filters/Date Picker Start/datePickerInputField"), 15): Object 'Object Repository/Pre-Salary/Filters/Date Picker Start/datePickerInputField' is present

2019-01-13 10:39:05 - [MESSAGE][PASSED] - Object 'Object Repository/Pre-Salary/Filters/Date Picker Start/datePickerInputField' is present

2019-01-13 10:39:05 - [TEST_STEP][PASSED] - waitForElementNotPresent(findTestObject("Pre-Salary/Filters/Drivers Dropdown/isLoadingDropdown"), 15): Web element with id: 'Object Repository/Pre-Salary/Filters/Drivers Dropdown/isLoadingDropdown' located by 'By.cssSelector: div[id="preSalaryview"] > div:nth-of-type(2) > div:nth-of-type(1) > div:nth-of-type(2) > div:nth-of-type(1) > div:nth-of-type(5) > div:nth-of-type(1) > div:nth-of-type(1) > span:nth-of-type(1) > span:nth-of-type(1) > span:nth-of-type(2) > span:nth-of-type(1)[class="k-icon k-i-arrow-60-down k-i-loading"]' is not present after '15' second(s)

2019-01-13 10:39:05 - [MESSAGE][PASSED] - Web element with id: 'Object Repository/Pre-Salary/Filters/Drivers Dropdown/isLoadingDropdown' located by 'By.cssSelector: div[id="preSalaryview"] > div:nth-of-type(2) > div:nth-of-type(1) > div:nth-of-type(2) > div:nth-of-type(1) > div:nth-of-type(5) > div:nth-of-type(1) > div:nth-of-type(1) > span:nth-of-type(1) > span:nth-of-type(1) > span:nth-of-type(2) > span:nth-of-type(1)[class="k-icon k-i-arrow-60-down k-i-loading"]' is not present after '15' second(s)

2019-01-13 10:39:05 - [TEST_STEP][PASSED] - delay(1): Delayed 1 second(s)

2019-01-13 10:39:06 - [MESSAGE][PASSED] - Delayed 1 second(s)

2019-01-13 10:39:06 - [TEST_STEP][PASSED] - try: Object: 'Object Repository/Pre-Salary/Filters/Drivers Dropdown/driversListDropdownOpen' is clicked on

2019-01-13 10:39:06 - [TEST_STEP][PASSED] - click(findTestObject("Pre-Salary/Filters/Drivers Dropdown/driversListDropdownOpen")): Object: 'Object Repository/Pre-Salary/Filters/Drivers Dropdown/driversListDropdownOpen' is clicked on

2019-01-13 10:39:06 - [MESSAGE][PASSED] - Object: 'Object Repository/Pre-Salary/Filters/Drivers Dropdown/driversListDropdownOpen' is clicked on

2019-01-13 10:39:06 - [TEST_STEP][PASSED] - delay(1): Delayed 1 second(s)

2019-01-13 10:39:07 - [MESSAGE][PASSED] - Delayed 1 second(s)

2019-01-13 10:39:07 - [TEST_STEP][PASSED] - try: Text '1031' is set on object 'Object Repository/Pre-Salary/Filters/Drivers Dropdown/driversListDropdownSearchBox'

2019-01-13 10:39:07 - [TEST_STEP][PASSED] - setText(findTestObject("Pre-Salary/Filters/Drivers Dropdown/driversListDropdownSearchBox"), driver_Id): Text '1031' is set on object 'Object Repository/Pre-Salary/Filters/Drivers Dropdown/driversListDropdownSearchBox'

2019-01-13 10:39:07 - [MESSAGE][PASSED] - Text '1031' is set on object 'Object Repository/Pre-Salary/Filters/Drivers Dropdown/driversListDropdownSearchBox'

2019-01-13 10:39:07 - [TEST_STEP][PASSED] - delay(1): Delayed 1 second(s)

2019-01-13 10:39:08 - [MESSAGE][PASSED] - Delayed 1 second(s)

2019-01-13 10:39:08 - [TEST_STEP][PASSED] - click(findTestObject("Pre-Salary/Filters/Drivers Dropdown/driversListDropdownSelectFirstDriver")): Object: 'Object Repository/Pre-Salary/Filters/Drivers Dropdown/driversListDropdownSelectFirstDriver' is clicked on

2019-01-13 10:39:08 - [MESSAGE][PASSED] - Object: 'Object Repository/Pre-Salary/Filters/Drivers Dropdown/driversListDropdownSelectFirstDriver' is clicked on

2019-01-13 10:39:08 - [TEST_STEP][PASSED] - delay(1): Delayed 1 second(s)

2019-01-13 10:39:09 - [MESSAGE][PASSED] - Delayed 1 second(s)

2019-01-13 10:39:09 - [TEST_STEP][PASSED] - click(findTestObject("Pre-Salary/Data Status/importButton")): Object: 'Object Repository/Pre-Salary/Data Status/importButton' is clicked on

2019-01-13 10:39:10 - [MESSAGE][PASSED] - Object: 'Object Repository/Pre-Salary/Data Status/importButton' is clicked on

2019-01-13 10:39:10 - [TEST_STEP][PASSED] - delay(1): Delayed 1 second(s)

2019-01-13 10:39:11 - [MESSAGE][PASSED] - Delayed 1 second(s)

2019-01-13 10:39:11 - [TEST_STEP][PASSED] - try: Object: 'Object Repository/Pre-Salary/Calculation Summary/firstDriverInCalculationSummeryTable' is double clicked on

2019-01-13 10:39:11 - [TEST_STEP][PASSED] - waitForElementPresent(findTestObject("Pre-Salary/Calculation Summary/firstDriverInCalculationSummeryTable"), 20): Object 'Object Repository/Pre-Salary/Calculation Summary/firstDriverInCalculationSummeryTable' is present

2019-01-13 10:39:24 - [MESSAGE][PASSED] - Object 'Object Repository/Pre-Salary/Calculation Summary/firstDriverInCalculationSummeryTable' is present

2019-01-13 10:39:24 - [TEST_STEP][PASSED] - doubleClick(findTestObject("Pre-Salary/Calculation Summary/firstDriverInCalculationSummeryTable")): Object: 'Object Repository/Pre-Salary/Calculation Summary/firstDriverInCalculationSummeryTable' is double clicked on

2019-01-13 10:39:24 - [MESSAGE][PASSED] - Object: 'Object Repository/Pre-Salary/Calculation Summary/firstDriverInCalculationSummeryTable' is double clicked on

2019-01-13 10:39:24 - [TEST_STEP][PASSED] - waitForElementPresent(findTestObject("Pre-Salary/Employee Details/driversReportTable"), 20): Object 'Object Repository/Pre-Salary/Employee Details/driversReportTable' is present

2019-01-13 10:39:25 - [MESSAGE][PASSED] - Object 'Object Repository/Pre-Salary/Employee Details/driversReportTable' is present

2019-01-13 10:39:25 - [TEST_STEP][PASSED] - waitForElementPresent(findTestObject("Pre-Salary/Employee Details/driversReportTable"), 20): Object 'Object Repository/Pre-Salary/Employee Details/driversReportTable' is present

2019-01-13 10:39:26 - [MESSAGE][PASSED] - Object 'Object Repository/Pre-Salary/Employee Details/driversReportTable' is present

2019-01-13 10:39:26 - [TEST_STEP][PASSED] - verifyElementPresent(findTestObject("Pre-Salary/Employee Details/driversReportTable"), 2): Object 'Object Repository/Pre-Salary/Employee Details/driversReportTable' is present

2019-01-13 10:39:26 - [MESSAGE][PASSED] - Object 'Object Repository/Pre-Salary/Employee Details/driversReportTable' is present

2019-01-13 10:39:26 - [TEST_STEP][PASSED] - verifyElementPresent(findTestObject("Pre-Salary/Employee Details/driversCodeId_InDriversReportTableHeader"), 2): Object 'Object Repository/Pre-Salary/Employee Details/driversCodeId_InDriversReportTableHeader' is present

2019-01-13 10:39:26 - [MESSAGE][PASSED] - Object 'Object Repository/Pre-Salary/Employee Details/driversCodeId_InDriversReportTableHeader' is present

2019-01-13 10:39:26 - [TEST_STEP][PASSED] - driverCodeFromReport = getText(findTestObject("Pre-Salary/Employee Details/driversCodeId_InDriversReportTableHeader")): Text of object 'Object Repository/Pre-Salary/Employee Details/driversCodeId_InDriversReportTableHeader' is: '1031'

2019-01-13 10:39:26 - [MESSAGE][PASSED] - Text of object 'Object Repository/Pre-Salary/Employee Details/driversCodeId_InDriversReportTableHeader' is: '1031'

2019-01-13 10:39:26 - [TEST_STEP][PASSED] - if (driverCodeFromReport != driver_Id): null

2019-01-13 10:39:26 - [TEST_STEP][PASSED] - waitForElementPresent(findTestObject("Pre-Salary/Employee Details/rightSideTable"), 10): Object 'Object Repository/Pre-Salary/Employee Details/rightSideTable' is present

2019-01-13 10:39:26 - [MESSAGE][PASSED] - Object 'Object Repository/Pre-Salary/Employee Details/rightSideTable' is present

2019-01-13 10:39:26 - [TEST_STEP][PASSED] - verifyElementPresent(findTestObject("Pre-Salary/Employee Details/rightSideTable"), 2): Object 'Object Repository/Pre-Salary/Employee Details/rightSideTable' is present

2019-01-13 10:39:26 - [MESSAGE][PASSED] - Object 'Object Repository/Pre-Salary/Employee Details/rightSideTable' is present

2019-01-13 10:39:26 - [TEST_STEP][PASSED] - waitForElementPresent(findTestObject("Pre-Salary/Employee Details/rightSideTableDriversId"), 10): Object 'Object Repository/Pre-Salary/Employee Details/rightSideTableDriversId' is present

2019-01-13 10:39:26 - [MESSAGE][PASSED] - Object 'Object Repository/Pre-Salary/Employee Details/rightSideTableDriversId' is present

2019-01-13 10:39:26 - [TEST_STEP][PASSED] - verifyElementPresent(findTestObject("Pre-Salary/Employee Details/rightSideTableDriversId"), 2): Object 'Object Repository/Pre-Salary/Employee Details/rightSideTableDriversId' is present

2019-01-13 10:39:26 - [MESSAGE][PASSED] - Object 'Object Repository/Pre-Salary/Employee Details/rightSideTableDriversId' is present

2019-01-13 10:39:26 - [TEST_STEP][PASSED] - driversCodeFromRightSideTable = getText(findTestObject("Pre-Salary/Employee Details/rightSideTableDriversId")): Text of object 'Object Repository/Pre-Salary/Employee Details/rightSideTableDriversId' is: '1031'

2019-01-13 10:39:26 - [MESSAGE][PASSED] - Text of object 'Object Repository/Pre-Salary/Employee Details/rightSideTableDriversId' is: '1031'

2019-01-13 10:39:26 - [TEST_STEP][PASSED] - if (driversCodeFromRightSideTable != driver_Id): null

2019-01-13 10:39:26 - [TEST_STEP][PASSED] - closeBrowser(): Browser is closed

2019-01-13 10:39:27 - [MESSAGE][PASSED] - Browser is closed]]></system-out>
         <system-err><![CDATA[]]></system-err>
      </testcase>
      <testcase name="Test Cases/Pre-Salary/One Driver Calc" classname="Test Cases/Pre-Salary/One Driver Calc" status="PASSED">
         <system-out><![CDATA[2019-01-13 10:39:27 - [TEST_CASE][PASSED] - Test Cases/Pre-Salary/One Driver Calc: Test Cases/Pre-Salary/One Driver Calc

2019-01-13 10:39:27 - [TEST_STEP][PASSED] - login.c_login.logIn(site, userName, userPass): login.c_login.logIn is PASSED

2019-01-13 10:39:27 - [MESSAGE][INFO] - Starting 'Chrome' driver

2019-01-13 10:39:34 - [MESSAGE][PASSED] - Browser is opened with url: 'reem.y-it.co.il'

2019-01-13 10:39:35 - [MESSAGE][PASSED] - Current window maximized

2019-01-13 10:39:35 - [MESSAGE][PASSED] - Text 'admin' is set on object 'Object Repository/Y-IT Log In/input_ _userName'

2019-01-13 10:39:35 - [MESSAGE][PASSED] - Text ****** has been set on object 'Object Repository/Y-IT Log In/input_ _password'

2019-01-13 10:39:35 - [MESSAGE][PASSED] - Object: 'Object Repository/Y-IT Log In/input_  _submit' is clicked on

2019-01-13 10:39:35 - [MESSAGE][PASSED] - login.c_login.logIn is PASSED

2019-01-13 10:39:35 - [TEST_STEP][PASSED] - date = new java.util.Date(): null

2019-01-13 10:39:35 - [TEST_STEP][PASSED] - cal = Calendar.getInstance(): null

2019-01-13 10:39:35 - [TEST_STEP][PASSED] - cal.setTime(date): null

2019-01-13 10:39:35 - [TEST_STEP][PASSED] - month = cal.get(MONTH) + 1: null

2019-01-13 10:39:35 - [TEST_STEP][PASSED] - year = cal.get(YEAR): null

2019-01-13 10:39:35 - [TEST_STEP][PASSED] - dayStr = "01": null

2019-01-13 10:39:35 - [TEST_STEP][PASSED] - monthStr = "": null

2019-01-13 10:39:35 - [TEST_STEP][PASSED] - yearStr = year.toString(): null

2019-01-13 10:39:35 - [TEST_STEP][PASSED] - if (month < 10): null

2019-01-13 10:39:35 - [TEST_STEP][PASSED] - monthStr = "0" + month.toString(): null

2019-01-13 10:39:35 - [TEST_STEP][PASSED] - fullDate = dayStr + monthStr + yearStr: null

2019-01-13 10:39:35 - [TEST_STEP][PASSED] - delay(1): Delayed 1 second(s)

2019-01-13 10:39:36 - [MESSAGE][PASSED] - Delayed 1 second(s)

2019-01-13 10:39:36 - [TEST_STEP][PASSED] - waitForElementPresent(findTestObject("General/mainEmptyBackground"), 15): Object 'Object Repository/General/mainEmptyBackground' is present

2019-01-13 10:39:37 - [MESSAGE][PASSED] - Object 'Object Repository/General/mainEmptyBackground' is present

2019-01-13 10:39:37 - [TEST_STEP][PASSED] - isPreSalaryTabOpen = waitForElementPresent(findTestObject("Pre-Salary/preSalaryTab"), 5): Object 'Object Repository/Pre-Salary/preSalaryTab' is present

2019-01-13 10:39:37 - [MESSAGE][PASSED] - Object 'Object Repository/Pre-Salary/preSalaryTab' is present

2019-01-13 10:39:37 - [TEST_STEP][PASSED] - if (!(isPreSalaryTabOpen)): null

2019-01-13 10:39:37 - [TEST_STEP][PASSED] - waitForElementPresent(findTestObject("Pre-Salary/Filters/Date Picker Start/datePickerInputField"), 15): Object 'Object Repository/Pre-Salary/Filters/Date Picker Start/datePickerInputField' is present

2019-01-13 10:39:38 - [MESSAGE][PASSED] - Object 'Object Repository/Pre-Salary/Filters/Date Picker Start/datePickerInputField' is present

2019-01-13 10:39:38 - [TEST_STEP][PASSED] - click(findTestObject("Pre-Salary/Filters/Date Picker Start/datePickerInputField")): Object: 'Object Repository/Pre-Salary/Filters/Date Picker Start/datePickerInputField' is clicked on

2019-01-13 10:39:38 - [MESSAGE][PASSED] - Object: 'Object Repository/Pre-Salary/Filters/Date Picker Start/datePickerInputField' is clicked on

2019-01-13 10:39:38 - [TEST_STEP][PASSED] - delay(1): Delayed 1 second(s)

2019-01-13 10:39:39 - [MESSAGE][PASSED] - Delayed 1 second(s)

2019-01-13 10:39:39 - [TEST_STEP][PASSED] - setText(findTestObject("Pre-Salary/Filters/Date Picker Start/datePickerInputField"), ""): Text '' is set on object 'Object Repository/Pre-Salary/Filters/Date Picker Start/datePickerInputField'

2019-01-13 10:39:39 - [MESSAGE][PASSED] - Text '' is set on object 'Object Repository/Pre-Salary/Filters/Date Picker Start/datePickerInputField'

2019-01-13 10:39:39 - [TEST_STEP][PASSED] - delay(1): Delayed 1 second(s)

2019-01-13 10:39:40 - [MESSAGE][PASSED] - Delayed 1 second(s)

2019-01-13 10:39:40 - [TEST_STEP][PASSED] - setText(findTestObject("Pre-Salary/Filters/Date Picker Start/datePickerInputField"), fullDate): Text '01012019' is set on object 'Object Repository/Pre-Salary/Filters/Date Picker Start/datePickerInputField'

2019-01-13 10:39:40 - [MESSAGE][PASSED] - Text '01012019' is set on object 'Object Repository/Pre-Salary/Filters/Date Picker Start/datePickerInputField'

2019-01-13 10:39:40 - [TEST_STEP][PASSED] - waitForElementPresent(findTestObject("Pre-Salary/Filters/Date Picker Start/datePickerInputField"), 15): Object 'Object Repository/Pre-Salary/Filters/Date Picker Start/datePickerInputField' is present

2019-01-13 10:39:40 - [MESSAGE][PASSED] - Object 'Object Repository/Pre-Salary/Filters/Date Picker Start/datePickerInputField' is present

2019-01-13 10:39:40 - [TEST_STEP][PASSED] - waitForElementNotPresent(findTestObject("Pre-Salary/Filters/Drivers Dropdown/isLoadingDropdown"), 15): Web element with id: 'Object Repository/Pre-Salary/Filters/Drivers Dropdown/isLoadingDropdown' located by 'By.cssSelector: div[id="preSalaryview"] > div:nth-of-type(2) > div:nth-of-type(1) > div:nth-of-type(2) > div:nth-of-type(1) > div:nth-of-type(5) > div:nth-of-type(1) > div:nth-of-type(1) > span:nth-of-type(1) > span:nth-of-type(1) > span:nth-of-type(2) > span:nth-of-type(1)[class="k-icon k-i-arrow-60-down k-i-loading"]' is not present after '15' second(s)

2019-01-13 10:39:41 - [MESSAGE][PASSED] - Web element with id: 'Object Repository/Pre-Salary/Filters/Drivers Dropdown/isLoadingDropdown' located by 'By.cssSelector: div[id="preSalaryview"] > div:nth-of-type(2) > div:nth-of-type(1) > div:nth-of-type(2) > div:nth-of-type(1) > div:nth-of-type(5) > div:nth-of-type(1) > div:nth-of-type(1) > span:nth-of-type(1) > span:nth-of-type(1) > span:nth-of-type(2) > span:nth-of-type(1)[class="k-icon k-i-arrow-60-down k-i-loading"]' is not present after '15' second(s)

2019-01-13 10:39:41 - [TEST_STEP][PASSED] - delay(1): Delayed 1 second(s)

2019-01-13 10:39:42 - [MESSAGE][PASSED] - Delayed 1 second(s)

2019-01-13 10:39:42 - [TEST_STEP][PASSED] - try: Object: 'Object Repository/Pre-Salary/Filters/Drivers Dropdown/driversListDropdownOpen' is clicked on

2019-01-13 10:39:42 - [TEST_STEP][PASSED] - click(findTestObject("Pre-Salary/Filters/Drivers Dropdown/driversListDropdownOpen")): Object: 'Object Repository/Pre-Salary/Filters/Drivers Dropdown/driversListDropdownOpen' is clicked on

2019-01-13 10:39:42 - [MESSAGE][PASSED] - Object: 'Object Repository/Pre-Salary/Filters/Drivers Dropdown/driversListDropdownOpen' is clicked on

2019-01-13 10:39:42 - [TEST_STEP][PASSED] - delay(1): Delayed 1 second(s)

2019-01-13 10:39:43 - [MESSAGE][PASSED] - Delayed 1 second(s)

2019-01-13 10:39:43 - [TEST_STEP][PASSED] - try: Text '846' is set on object 'Object Repository/Pre-Salary/Filters/Drivers Dropdown/driversListDropdownSearchBox'

2019-01-13 10:39:43 - [TEST_STEP][PASSED] - setText(findTestObject("Pre-Salary/Filters/Drivers Dropdown/driversListDropdownSearchBox"), driver_Id): Text '846' is set on object 'Object Repository/Pre-Salary/Filters/Drivers Dropdown/driversListDropdownSearchBox'

2019-01-13 10:39:43 - [MESSAGE][PASSED] - Text '846' is set on object 'Object Repository/Pre-Salary/Filters/Drivers Dropdown/driversListDropdownSearchBox'

2019-01-13 10:39:43 - [TEST_STEP][PASSED] - delay(1): Delayed 1 second(s)

2019-01-13 10:39:44 - [MESSAGE][PASSED] - Delayed 1 second(s)

2019-01-13 10:39:44 - [TEST_STEP][PASSED] - click(findTestObject("Pre-Salary/Filters/Drivers Dropdown/driversListDropdownSelectFirstDriver")): Object: 'Object Repository/Pre-Salary/Filters/Drivers Dropdown/driversListDropdownSelectFirstDriver' is clicked on

2019-01-13 10:39:44 - [MESSAGE][PASSED] - Object: 'Object Repository/Pre-Salary/Filters/Drivers Dropdown/driversListDropdownSelectFirstDriver' is clicked on

2019-01-13 10:39:44 - [TEST_STEP][PASSED] - delay(1): Delayed 1 second(s)

2019-01-13 10:39:45 - [MESSAGE][PASSED] - Delayed 1 second(s)

2019-01-13 10:39:45 - [TEST_STEP][PASSED] - click(findTestObject("Pre-Salary/Data Status/importButton")): Object: 'Object Repository/Pre-Salary/Data Status/importButton' is clicked on

2019-01-13 10:39:45 - [MESSAGE][PASSED] - Object: 'Object Repository/Pre-Salary/Data Status/importButton' is clicked on

2019-01-13 10:39:45 - [TEST_STEP][PASSED] - delay(1): Delayed 1 second(s)

2019-01-13 10:39:46 - [MESSAGE][PASSED] - Delayed 1 second(s)

2019-01-13 10:39:46 - [TEST_STEP][PASSED] - try: Object: 'Object Repository/Pre-Salary/Calculation Summary/firstDriverInCalculationSummeryTable' is double clicked on

2019-01-13 10:39:46 - [TEST_STEP][PASSED] - waitForElementPresent(findTestObject("Pre-Salary/Calculation Summary/firstDriverInCalculationSummeryTable"), 20): Object 'Object Repository/Pre-Salary/Calculation Summary/firstDriverInCalculationSummeryTable' is present

2019-01-13 10:40:06 - [MESSAGE][PASSED] - Object 'Object Repository/Pre-Salary/Calculation Summary/firstDriverInCalculationSummeryTable' is present

2019-01-13 10:40:06 - [TEST_STEP][PASSED] - doubleClick(findTestObject("Pre-Salary/Calculation Summary/firstDriverInCalculationSummeryTable")): Object: 'Object Repository/Pre-Salary/Calculation Summary/firstDriverInCalculationSummeryTable' is double clicked on

2019-01-13 10:40:06 - [MESSAGE][PASSED] - Object: 'Object Repository/Pre-Salary/Calculation Summary/firstDriverInCalculationSummeryTable' is double clicked on

2019-01-13 10:40:06 - [TEST_STEP][PASSED] - waitForElementPresent(findTestObject("Pre-Salary/Employee Details/driversReportTable"), 20): Object 'Object Repository/Pre-Salary/Employee Details/driversReportTable' is present

2019-01-13 10:40:08 - [MESSAGE][PASSED] - Object 'Object Repository/Pre-Salary/Employee Details/driversReportTable' is present

2019-01-13 10:40:08 - [TEST_STEP][PASSED] - waitForElementPresent(findTestObject("Pre-Salary/Employee Details/driversReportTable"), 20): Object 'Object Repository/Pre-Salary/Employee Details/driversReportTable' is present

2019-01-13 10:40:08 - [MESSAGE][PASSED] - Object 'Object Repository/Pre-Salary/Employee Details/driversReportTable' is present

2019-01-13 10:40:08 - [TEST_STEP][PASSED] - verifyElementPresent(findTestObject("Pre-Salary/Employee Details/driversReportTable"), 2): Object 'Object Repository/Pre-Salary/Employee Details/driversReportTable' is present

2019-01-13 10:40:08 - [MESSAGE][PASSED] - Object 'Object Repository/Pre-Salary/Employee Details/driversReportTable' is present

2019-01-13 10:40:08 - [TEST_STEP][PASSED] - verifyElementPresent(findTestObject("Pre-Salary/Employee Details/driversCodeId_InDriversReportTableHeader"), 2): Object 'Object Repository/Pre-Salary/Employee Details/driversCodeId_InDriversReportTableHeader' is present

2019-01-13 10:40:08 - [MESSAGE][PASSED] - Object 'Object Repository/Pre-Salary/Employee Details/driversCodeId_InDriversReportTableHeader' is present

2019-01-13 10:40:08 - [TEST_STEP][PASSED] - driverCodeFromReport = getText(findTestObject("Pre-Salary/Employee Details/driversCodeId_InDriversReportTableHeader")): Text of object 'Object Repository/Pre-Salary/Employee Details/driversCodeId_InDriversReportTableHeader' is: '846'

2019-01-13 10:40:08 - [MESSAGE][PASSED] - Text of object 'Object Repository/Pre-Salary/Employee Details/driversCodeId_InDriversReportTableHeader' is: '846'

2019-01-13 10:40:08 - [TEST_STEP][PASSED] - if (driverCodeFromReport != driver_Id): null

2019-01-13 10:40:08 - [TEST_STEP][PASSED] - waitForElementPresent(findTestObject("Pre-Salary/Employee Details/rightSideTable"), 10): Object 'Object Repository/Pre-Salary/Employee Details/rightSideTable' is present

2019-01-13 10:40:08 - [MESSAGE][PASSED] - Object 'Object Repository/Pre-Salary/Employee Details/rightSideTable' is present

2019-01-13 10:40:08 - [TEST_STEP][PASSED] - verifyElementPresent(findTestObject("Pre-Salary/Employee Details/rightSideTable"), 2): Object 'Object Repository/Pre-Salary/Employee Details/rightSideTable' is present

2019-01-13 10:40:08 - [MESSAGE][PASSED] - Object 'Object Repository/Pre-Salary/Employee Details/rightSideTable' is present

2019-01-13 10:40:08 - [TEST_STEP][PASSED] - waitForElementPresent(findTestObject("Pre-Salary/Employee Details/rightSideTableDriversId"), 10): Object 'Object Repository/Pre-Salary/Employee Details/rightSideTableDriversId' is present

2019-01-13 10:40:08 - [MESSAGE][PASSED] - Object 'Object Repository/Pre-Salary/Employee Details/rightSideTableDriversId' is present

2019-01-13 10:40:08 - [TEST_STEP][PASSED] - verifyElementPresent(findTestObject("Pre-Salary/Employee Details/rightSideTableDriversId"), 2): Object 'Object Repository/Pre-Salary/Employee Details/rightSideTableDriversId' is present

2019-01-13 10:40:08 - [MESSAGE][PASSED] - Object 'Object Repository/Pre-Salary/Employee Details/rightSideTableDriversId' is present

2019-01-13 10:40:08 - [TEST_STEP][PASSED] - driversCodeFromRightSideTable = getText(findTestObject("Pre-Salary/Employee Details/rightSideTableDriversId")): Text of object 'Object Repository/Pre-Salary/Employee Details/rightSideTableDriversId' is: '846'

2019-01-13 10:40:08 - [MESSAGE][PASSED] - Text of object 'Object Repository/Pre-Salary/Employee Details/rightSideTableDriversId' is: '846'

2019-01-13 10:40:08 - [TEST_STEP][PASSED] - if (driversCodeFromRightSideTable != driver_Id): null

2019-01-13 10:40:08 - [TEST_STEP][PASSED] - closeBrowser(): Browser is closed

2019-01-13 10:40:09 - [MESSAGE][PASSED] - Browser is closed]]></system-out>
         <system-err><![CDATA[]]></system-err>
      </testcase>
      <system-out><![CDATA[2019-01-13 10:30:13 - [TEST_SUITE][PASSED] - with real Users: Test Cases/Pre-Salary/One Driver Calc]]></system-out>
      <system-err><![CDATA[]]></system-err>
   </testsuite>
</testsuites>
