<?xml version="1.0" encoding="UTF-8"?>
<testsuites name="Kiosk Sanity Login Test" time="108" tests="2" failures="0" errors="0">
   <testsuite name="Kiosk Sanity Login Test" tests="2" failures="0" errors="0" time="108" timestamp="2019-01-24 16:18:11" hostname="leon.b - QA-PC.Y-it.Local" id="Test Suites/Production/Kiosk Sanity Login Test">
      <properties>
         <property name="deviceName" value=""/>
         <property name="devicePlatform" value=""/>
         <property name="logFolder" value="C:\\Users\\leon.b\\Katalon Studio\\Y-IT_TransIT\\Reports\\Production\\Kiosk Sanity Login Test\\20190124_161809"/>
         <property name="logFiles" value="C:\\Users\\leon.b\\Katalon Studio\\Y-IT_TransIT\\Reports\\Production\\Kiosk Sanity Login Test\\20190124_161809\\execution0.log"/>
         <property name="attachments" value=""/>
         <property name="hostName" value="leon.b - QA-PC.Y-it.Local"/>
         <property name="os" value="Windows 10 64bit"/>
         <property name="katalonVersion" value="5.10.1.1"/>
         <property name="browser" value="Chrome 71.0.3578.98"/>
         <property name="hostAddress" value="192.168.1.145"/>
         <property name="sessionId" value="6d592470be16aec955e437a9d8b4d04c"/>
         <property name="seleniumVersion" value="3.7.1"/>
         <property name="proxyInformation" value="ProxyInformation{proxyOption=NO_PROXY, proxyServerType=HTTP, password=, proxyServerAddress=, proxyServerPort=0}"/>
         <property name="platform" value="Windows 10"/>
      </properties>
      <testcase name="Test Cases/kiosk/kiosk rfid" classname="Test Cases/kiosk/kiosk rfid" status="PASSED">
         <system-out><![CDATA[2019-01-24 16:18:11 - [TEST_CASE][PASSED] - Test Cases/kiosk/kiosk rfid: Test Cases/kiosk/kiosk rfid

2019-01-24 16:18:12 - [TEST_STEP][PASSED] - delay(10): Delayed 10 second(s)

2019-01-24 16:18:22 - [MESSAGE][PASSED] - Delayed 10 second(s)

2019-01-24 16:18:22 - [TEST_STEP][PASSED] - openBrowser(rfidSite): Browser is opened with url: 'eggedtaavura.kiosk.y-it.co.il/loginByRfid'

2019-01-24 16:18:22 - [MESSAGE][INFO] - Starting 'Chrome' driver

2019-01-24 16:18:22 - [MESSAGE][INFO] - Action delay is set to 0 seconds

2019-01-24 16:18:35 - [MESSAGE][PASSED] - Browser is opened with url: 'eggedtaavura.kiosk.y-it.co.il/loginByRfid'

2019-01-24 16:18:35 - [TEST_STEP][PASSED] - waitForElementVisible(findTestObject("Kiosk/Login/Rfid/cardImage"), 30): Object 'Object Repository/Kiosk/Login/Rfid/cardImage' is visible

2019-01-24 16:18:35 - [MESSAGE][PASSED] - Object 'Object Repository/Kiosk/Login/Rfid/cardImage' is visible

2019-01-24 16:18:35 - [TEST_STEP][PASSED] - focus(findTestObject("Kiosk/Login/Rfid/cardImage")): Object: 'Object Repository/Kiosk/Login/Rfid/cardImage' is focused

2019-01-24 16:18:35 - [MESSAGE][PASSED] - Object: 'Object Repository/Kiosk/Login/Rfid/cardImage' is focused

2019-01-24 16:18:35 - [TEST_STEP][PASSED] - f_logInwithRfid(): null

2019-01-24 16:18:35 - [TEST_STEP][PASSED] - robot = new java.awt.Robot(): null

2019-01-24 16:18:35 - [TEST_STEP][PASSED] - rfidCodeArray = toString().toCharArray(): null

2019-01-24 16:18:35 - [TEST_STEP][PASSED] - delay(5): Delayed 5 second(s)

2019-01-24 16:18:40 - [MESSAGE][PASSED] - Delayed 5 second(s)

2019-01-24 16:18:40 - [TEST_STEP][PASSED] - for ([i = 0, i < length, (i++)]): null

2019-01-24 16:18:40 - [TEST_STEP][PASSED] - delay(1): Delayed 1 second(s)

2019-01-24 16:18:41 - [MESSAGE][PASSED] - Delayed 1 second(s)

2019-01-24 16:18:41 - [TEST_STEP][PASSED] - n = Integer.parseInt(rfidCodeArray[i].toString()): null

2019-01-24 16:18:41 - [TEST_STEP][PASSED] - switch (n): null

2019-01-24 16:18:41 - [TEST_STEP][PASSED] - case 0:: null

2019-01-24 16:18:41 - [TEST_STEP][PASSED] - delay(1): Delayed 1 second(s)

2019-01-24 16:18:42 - [MESSAGE][PASSED] - Delayed 1 second(s)

2019-01-24 16:18:42 - [TEST_STEP][PASSED] - robot.keyPress(VK_0): null

2019-01-24 16:18:42 - [TEST_STEP][PASSED] - break: null

2019-01-24 16:18:42 - [TEST_STEP][PASSED] - delay(1): Delayed 1 second(s)

2019-01-24 16:18:43 - [MESSAGE][PASSED] - Delayed 1 second(s)

2019-01-24 16:18:43 - [TEST_STEP][PASSED] - n = Integer.parseInt(rfidCodeArray[i].toString()): null

2019-01-24 16:18:43 - [TEST_STEP][PASSED] - switch (n): null

2019-01-24 16:18:43 - [TEST_STEP][PASSED] - case 2:: null

2019-01-24 16:18:43 - [TEST_STEP][PASSED] - delay(1): Delayed 1 second(s)

2019-01-24 16:18:44 - [MESSAGE][PASSED] - Delayed 1 second(s)

2019-01-24 16:18:44 - [TEST_STEP][PASSED] - robot.keyPress(VK_2): null

2019-01-24 16:18:44 - [TEST_STEP][PASSED] - break: null

2019-01-24 16:18:44 - [TEST_STEP][PASSED] - delay(1): Delayed 1 second(s)

2019-01-24 16:18:45 - [MESSAGE][PASSED] - Delayed 1 second(s)

2019-01-24 16:18:45 - [TEST_STEP][PASSED] - n = Integer.parseInt(rfidCodeArray[i].toString()): null

2019-01-24 16:18:45 - [TEST_STEP][PASSED] - switch (n): null

2019-01-24 16:18:45 - [TEST_STEP][PASSED] - case 6:: null

2019-01-24 16:18:45 - [TEST_STEP][PASSED] - delay(1): Delayed 1 second(s)

2019-01-24 16:18:46 - [MESSAGE][PASSED] - Delayed 1 second(s)

2019-01-24 16:18:46 - [TEST_STEP][PASSED] - robot.keyPress(VK_6): null

2019-01-24 16:18:46 - [TEST_STEP][PASSED] - break: null

2019-01-24 16:18:46 - [TEST_STEP][PASSED] - delay(1): Delayed 1 second(s)

2019-01-24 16:18:47 - [MESSAGE][PASSED] - Delayed 1 second(s)

2019-01-24 16:18:47 - [TEST_STEP][PASSED] - n = Integer.parseInt(rfidCodeArray[i].toString()): null

2019-01-24 16:18:47 - [TEST_STEP][PASSED] - switch (n): null

2019-01-24 16:18:47 - [TEST_STEP][PASSED] - case 0:: null

2019-01-24 16:18:47 - [TEST_STEP][PASSED] - delay(1): Delayed 1 second(s)

2019-01-24 16:18:48 - [MESSAGE][PASSED] - Delayed 1 second(s)

2019-01-24 16:18:48 - [TEST_STEP][PASSED] - robot.keyPress(VK_0): null

2019-01-24 16:18:48 - [TEST_STEP][PASSED] - break: null

2019-01-24 16:18:48 - [TEST_STEP][PASSED] - delay(1): Delayed 1 second(s)

2019-01-24 16:18:49 - [MESSAGE][PASSED] - Delayed 1 second(s)

2019-01-24 16:18:49 - [TEST_STEP][PASSED] - n = Integer.parseInt(rfidCodeArray[i].toString()): null

2019-01-24 16:18:49 - [TEST_STEP][PASSED] - switch (n): null

2019-01-24 16:18:49 - [TEST_STEP][PASSED] - case 0:: null

2019-01-24 16:18:49 - [TEST_STEP][PASSED] - delay(1): Delayed 1 second(s)

2019-01-24 16:18:50 - [MESSAGE][PASSED] - Delayed 1 second(s)

2019-01-24 16:18:50 - [TEST_STEP][PASSED] - robot.keyPress(VK_0): null

2019-01-24 16:18:50 - [TEST_STEP][PASSED] - break: null

2019-01-24 16:18:50 - [TEST_STEP][PASSED] - delay(1): Delayed 1 second(s)

2019-01-24 16:18:51 - [MESSAGE][PASSED] - Delayed 1 second(s)

2019-01-24 16:18:51 - [TEST_STEP][PASSED] - n = Integer.parseInt(rfidCodeArray[i].toString()): null

2019-01-24 16:18:51 - [TEST_STEP][PASSED] - switch (n): null

2019-01-24 16:18:51 - [TEST_STEP][PASSED] - case 0:: null

2019-01-24 16:18:51 - [TEST_STEP][PASSED] - delay(1): Delayed 1 second(s)

2019-01-24 16:18:52 - [MESSAGE][PASSED] - Delayed 1 second(s)

2019-01-24 16:18:52 - [TEST_STEP][PASSED] - robot.keyPress(VK_0): null

2019-01-24 16:18:52 - [TEST_STEP][PASSED] - break: null

2019-01-24 16:18:52 - [TEST_STEP][PASSED] - delay(1): Delayed 1 second(s)

2019-01-24 16:18:53 - [MESSAGE][PASSED] - Delayed 1 second(s)

2019-01-24 16:18:53 - [TEST_STEP][PASSED] - n = Integer.parseInt(rfidCodeArray[i].toString()): null

2019-01-24 16:18:53 - [TEST_STEP][PASSED] - switch (n): null

2019-01-24 16:18:53 - [TEST_STEP][PASSED] - case 2:: null

2019-01-24 16:18:53 - [TEST_STEP][PASSED] - delay(1): Delayed 1 second(s)

2019-01-24 16:18:54 - [MESSAGE][PASSED] - Delayed 1 second(s)

2019-01-24 16:18:54 - [TEST_STEP][PASSED] - robot.keyPress(VK_2): null

2019-01-24 16:18:54 - [TEST_STEP][PASSED] - break: null

2019-01-24 16:18:54 - [TEST_STEP][PASSED] - delay(1): Delayed 1 second(s)

2019-01-24 16:18:55 - [MESSAGE][PASSED] - Delayed 1 second(s)

2019-01-24 16:18:55 - [TEST_STEP][PASSED] - n = Integer.parseInt(rfidCodeArray[i].toString()): null

2019-01-24 16:18:55 - [TEST_STEP][PASSED] - switch (n): null

2019-01-24 16:18:55 - [TEST_STEP][PASSED] - case 2:: null

2019-01-24 16:18:55 - [TEST_STEP][PASSED] - delay(1): Delayed 1 second(s)

2019-01-24 16:18:56 - [MESSAGE][PASSED] - Delayed 1 second(s)

2019-01-24 16:18:56 - [TEST_STEP][PASSED] - robot.keyPress(VK_2): null

2019-01-24 16:18:56 - [TEST_STEP][PASSED] - break: null

2019-01-24 16:18:56 - [TEST_STEP][PASSED] - delay(1): Delayed 1 second(s)

2019-01-24 16:18:57 - [MESSAGE][PASSED] - Delayed 1 second(s)

2019-01-24 16:18:57 - [TEST_STEP][PASSED] - n = Integer.parseInt(rfidCodeArray[i].toString()): null

2019-01-24 16:18:57 - [TEST_STEP][PASSED] - switch (n): null

2019-01-24 16:18:57 - [TEST_STEP][PASSED] - case 4:: null

2019-01-24 16:18:57 - [TEST_STEP][PASSED] - delay(1): Delayed 1 second(s)

2019-01-24 16:18:58 - [MESSAGE][PASSED] - Delayed 1 second(s)

2019-01-24 16:18:58 - [TEST_STEP][PASSED] - robot.keyPress(VK_4): null

2019-01-24 16:18:58 - [TEST_STEP][PASSED] - break: null

2019-01-24 16:18:58 - [TEST_STEP][PASSED] - delay(1): Delayed 1 second(s)

2019-01-24 16:18:59 - [MESSAGE][PASSED] - Delayed 1 second(s)

2019-01-24 16:18:59 - [TEST_STEP][PASSED] - n = Integer.parseInt(rfidCodeArray[i].toString()): null

2019-01-24 16:18:59 - [TEST_STEP][PASSED] - switch (n): null

2019-01-24 16:18:59 - [TEST_STEP][PASSED] - case 0:: null

2019-01-24 16:18:59 - [TEST_STEP][PASSED] - delay(1): Delayed 1 second(s)

2019-01-24 16:19:00 - [MESSAGE][PASSED] - Delayed 1 second(s)

2019-01-24 16:19:00 - [TEST_STEP][PASSED] - robot.keyPress(VK_0): null

2019-01-24 16:19:00 - [TEST_STEP][PASSED] - break: null

2019-01-24 16:19:00 - [TEST_STEP][PASSED] - delay(1): Delayed 1 second(s)

2019-01-24 16:19:01 - [MESSAGE][PASSED] - Delayed 1 second(s)

2019-01-24 16:19:01 - [TEST_STEP][PASSED] - n = Integer.parseInt(rfidCodeArray[i].toString()): null

2019-01-24 16:19:01 - [TEST_STEP][PASSED] - switch (n): null

2019-01-24 16:19:01 - [TEST_STEP][PASSED] - case 0:: null

2019-01-24 16:19:01 - [TEST_STEP][PASSED] - delay(1): Delayed 1 second(s)

2019-01-24 16:19:02 - [MESSAGE][PASSED] - Delayed 1 second(s)

2019-01-24 16:19:02 - [TEST_STEP][PASSED] - robot.keyPress(VK_0): null

2019-01-24 16:19:02 - [TEST_STEP][PASSED] - break: null

2019-01-24 16:19:02 - [TEST_STEP][PASSED] - delay(1): Delayed 1 second(s)

2019-01-24 16:19:03 - [MESSAGE][PASSED] - Delayed 1 second(s)

2019-01-24 16:19:03 - [TEST_STEP][PASSED] - n = Integer.parseInt(rfidCodeArray[i].toString()): null

2019-01-24 16:19:03 - [TEST_STEP][PASSED] - switch (n): null

2019-01-24 16:19:03 - [TEST_STEP][PASSED] - case 1:: null

2019-01-24 16:19:03 - [TEST_STEP][PASSED] - delay(1): Delayed 1 second(s)

2019-01-24 16:19:04 - [MESSAGE][PASSED] - Delayed 1 second(s)

2019-01-24 16:19:04 - [TEST_STEP][PASSED] - robot.keyPress(VK_1): null

2019-01-24 16:19:04 - [TEST_STEP][PASSED] - break: null

2019-01-24 16:19:04 - [TEST_STEP][PASSED] - delay(1): Delayed 1 second(s)

2019-01-24 16:19:05 - [MESSAGE][PASSED] - Delayed 1 second(s)

2019-01-24 16:19:05 - [TEST_STEP][PASSED] - n = Integer.parseInt(rfidCodeArray[i].toString()): null

2019-01-24 16:19:05 - [TEST_STEP][PASSED] - switch (n): null

2019-01-24 16:19:05 - [TEST_STEP][PASSED] - case 2:: null

2019-01-24 16:19:05 - [TEST_STEP][PASSED] - delay(1): Delayed 1 second(s)

2019-01-24 16:19:06 - [MESSAGE][PASSED] - Delayed 1 second(s)

2019-01-24 16:19:06 - [TEST_STEP][PASSED] - robot.keyPress(VK_2): null

2019-01-24 16:19:06 - [TEST_STEP][PASSED] - break: null

2019-01-24 16:19:06 - [TEST_STEP][PASSED] - delay(1): Delayed 1 second(s)

2019-01-24 16:19:07 - [MESSAGE][PASSED] - Delayed 1 second(s)

2019-01-24 16:19:07 - [TEST_STEP][PASSED] - robot.keyPress(VK_ENTER): null

2019-01-24 16:19:07 - [TEST_STEP][PASSED] - delay(1): Delayed 1 second(s)

2019-01-24 16:19:08 - [MESSAGE][PASSED] - Delayed 1 second(s)

2019-01-24 16:19:08 - [TEST_STEP][PASSED] - robot.keyPress(VK_ENTER): null

2019-01-24 16:19:08 - [TEST_STEP][PASSED] - delay(1): Delayed 1 second(s)

2019-01-24 16:19:09 - [MESSAGE][PASSED] - Delayed 1 second(s)

2019-01-24 16:19:09 - [TEST_STEP][PASSED] - robot.keyPress(VK_ENTER): null

2019-01-24 16:19:09 - [TEST_STEP][PASSED] - delay(1): Delayed 1 second(s)

2019-01-24 16:19:10 - [MESSAGE][PASSED] - Delayed 1 second(s)

2019-01-24 16:19:10 - [TEST_STEP][PASSED] - robot.keyPress(VK_ENTER): null

2019-01-24 16:19:10 - [TEST_STEP][PASSED] - delay(1): Delayed 1 second(s)

2019-01-24 16:19:11 - [MESSAGE][PASSED] - Delayed 1 second(s)

2019-01-24 16:19:11 - [TEST_STEP][PASSED] - robot.keyPress(VK_ENTER): null

2019-01-24 16:19:11 - [TEST_STEP][PASSED] - delay(1): Delayed 1 second(s)

2019-01-24 16:19:12 - [MESSAGE][PASSED] - Delayed 1 second(s)

2019-01-24 16:19:12 - [TEST_STEP][PASSED] - try: Object 'Object Repository/Kiosk/Lobby/header' is present and visible in viewport

2019-01-24 16:19:12 - [TEST_STEP][PASSED] - waitForElementVisible(findTestObject("Kiosk/Lobby/header"), 15): Object 'Object Repository/Kiosk/Lobby/header' is visible

2019-01-24 16:19:12 - [MESSAGE][PASSED] - Object 'Object Repository/Kiosk/Lobby/header' is visible

2019-01-24 16:19:12 - [TEST_STEP][PASSED] - verifyElementVisibleInViewport(findTestObject("Kiosk/Lobby/header"), 5): Object 'Object Repository/Kiosk/Lobby/header' is present and visible in viewport

2019-01-24 16:19:12 - [MESSAGE][PASSED] - Object 'Object Repository/Kiosk/Lobby/header' is present and visible in viewport

2019-01-24 16:19:12 - [TEST_STEP][PASSED] - maximizeWindow(): Current window maximized

2019-01-24 16:19:13 - [MESSAGE][PASSED] - Current window maximized

2019-01-24 16:19:13 - [TEST_STEP][PASSED] - waitForElementVisible(findTestObject("Kiosk/Lobby/workTicketButton"), 15): Object 'Object Repository/Kiosk/Lobby/workTicketButton' is visible

2019-01-24 16:19:13 - [MESSAGE][PASSED] - Object 'Object Repository/Kiosk/Lobby/workTicketButton' is visible

2019-01-24 16:19:13 - [TEST_STEP][PASSED] - verifyElementClickable(findTestObject("Kiosk/Lobby/workTicketButton"), STOP_ON_FAILURE): Object 'Object Repository/Kiosk/Lobby/workTicketButton' is clickable

2019-01-24 16:19:13 - [MESSAGE][PASSED] - Object 'Object Repository/Kiosk/Lobby/workTicketButton' is clickable

2019-01-24 16:19:13 - [TEST_STEP][PASSED] - waitForElementVisible(findTestObject("Kiosk/Lobby/logoutButton"), 15): Object 'Object Repository/Kiosk/Lobby/logoutButton' is visible

2019-01-24 16:19:13 - [MESSAGE][PASSED] - Object 'Object Repository/Kiosk/Lobby/logoutButton' is visible

2019-01-24 16:19:13 - [TEST_STEP][PASSED] - verifyElementClickable(findTestObject("Kiosk/Lobby/logoutButton"), STOP_ON_FAILURE): Object 'Object Repository/Kiosk/Lobby/logoutButton' is clickable

2019-01-24 16:19:13 - [MESSAGE][PASSED] - Object 'Object Repository/Kiosk/Lobby/logoutButton' is clickable

2019-01-24 16:19:13 - [TEST_STEP][PASSED] - click(findTestObject("Kiosk/Lobby/logoutButton")): Object: 'Object Repository/Kiosk/Lobby/logoutButton' is clicked on

2019-01-24 16:19:13 - [MESSAGE][PASSED] - Object: 'Object Repository/Kiosk/Lobby/logoutButton' is clicked on

2019-01-24 16:19:13 - [TEST_STEP][PASSED] - waitForElementVisible(findTestObject("Kiosk/Login/Rfid/cardImage"), 30): Object 'Object Repository/Kiosk/Login/Rfid/cardImage' is visible

2019-01-24 16:19:13 - [MESSAGE][PASSED] - Object 'Object Repository/Kiosk/Login/Rfid/cardImage' is visible

2019-01-24 16:19:13 - [TEST_STEP][PASSED] - closeBrowser(): Browser is closed

2019-01-24 16:19:14 - [MESSAGE][PASSED] - Browser is closed]]></system-out>
         <system-err><![CDATA[]]></system-err>
      </testcase>
      <testcase name="Test Cases/kiosk/kiosk rfid" classname="Test Cases/kiosk/kiosk rfid" status="PASSED">
         <system-out><![CDATA[2019-01-24 16:19:14 - [TEST_CASE][PASSED] - Test Cases/kiosk/kiosk rfid: Test Cases/kiosk/kiosk rfid

2019-01-24 16:19:14 - [TEST_STEP][PASSED] - delay(10): Delayed 10 second(s)

2019-01-24 16:19:24 - [MESSAGE][PASSED] - Delayed 10 second(s)

2019-01-24 16:19:24 - [TEST_STEP][PASSED] - openBrowser(rfidSite): Browser is opened with url: 'danbr7.kiosk.y-it.co.il/loginByRfid'

2019-01-24 16:19:24 - [MESSAGE][INFO] - Starting 'Chrome' driver

2019-01-24 16:19:30 - [MESSAGE][PASSED] - Browser is opened with url: 'danbr7.kiosk.y-it.co.il/loginByRfid'

2019-01-24 16:19:30 - [TEST_STEP][PASSED] - waitForElementVisible(findTestObject("Kiosk/Login/Rfid/cardImage"), 30): Object 'Object Repository/Kiosk/Login/Rfid/cardImage' is visible

2019-01-24 16:19:30 - [MESSAGE][PASSED] - Object 'Object Repository/Kiosk/Login/Rfid/cardImage' is visible

2019-01-24 16:19:30 - [TEST_STEP][PASSED] - focus(findTestObject("Kiosk/Login/Rfid/cardImage")): Object: 'Object Repository/Kiosk/Login/Rfid/cardImage' is focused

2019-01-24 16:19:30 - [MESSAGE][PASSED] - Object: 'Object Repository/Kiosk/Login/Rfid/cardImage' is focused

2019-01-24 16:19:30 - [TEST_STEP][PASSED] - f_logInwithRfid(): null

2019-01-24 16:19:30 - [TEST_STEP][PASSED] - robot = new java.awt.Robot(): null

2019-01-24 16:19:30 - [TEST_STEP][PASSED] - rfidCodeArray = toString().toCharArray(): null

2019-01-24 16:19:30 - [TEST_STEP][PASSED] - delay(5): Delayed 5 second(s)

2019-01-24 16:19:35 - [MESSAGE][PASSED] - Delayed 5 second(s)

2019-01-24 16:19:35 - [TEST_STEP][PASSED] - for ([i = 0, i < length, (i++)]): null

2019-01-24 16:19:35 - [TEST_STEP][PASSED] - delay(1): Delayed 1 second(s)

2019-01-24 16:19:36 - [MESSAGE][PASSED] - Delayed 1 second(s)

2019-01-24 16:19:36 - [TEST_STEP][PASSED] - n = Integer.parseInt(rfidCodeArray[i].toString()): null

2019-01-24 16:19:36 - [TEST_STEP][PASSED] - switch (n): null

2019-01-24 16:19:36 - [TEST_STEP][PASSED] - case 4:: null

2019-01-24 16:19:36 - [TEST_STEP][PASSED] - delay(1): Delayed 1 second(s)

2019-01-24 16:19:37 - [MESSAGE][PASSED] - Delayed 1 second(s)

2019-01-24 16:19:37 - [TEST_STEP][PASSED] - robot.keyPress(VK_4): null

2019-01-24 16:19:37 - [TEST_STEP][PASSED] - break: null

2019-01-24 16:19:37 - [TEST_STEP][PASSED] - delay(1): Delayed 1 second(s)

2019-01-24 16:19:38 - [MESSAGE][PASSED] - Delayed 1 second(s)

2019-01-24 16:19:38 - [TEST_STEP][PASSED] - n = Integer.parseInt(rfidCodeArray[i].toString()): null

2019-01-24 16:19:38 - [TEST_STEP][PASSED] - switch (n): null

2019-01-24 16:19:38 - [TEST_STEP][PASSED] - case 0:: null

2019-01-24 16:19:38 - [TEST_STEP][PASSED] - delay(1): Delayed 1 second(s)

2019-01-24 16:19:39 - [MESSAGE][PASSED] - Delayed 1 second(s)

2019-01-24 16:19:39 - [TEST_STEP][PASSED] - robot.keyPress(VK_0): null

2019-01-24 16:19:39 - [TEST_STEP][PASSED] - break: null

2019-01-24 16:19:39 - [TEST_STEP][PASSED] - delay(1): Delayed 1 second(s)

2019-01-24 16:19:40 - [MESSAGE][PASSED] - Delayed 1 second(s)

2019-01-24 16:19:40 - [TEST_STEP][PASSED] - n = Integer.parseInt(rfidCodeArray[i].toString()): null

2019-01-24 16:19:40 - [TEST_STEP][PASSED] - switch (n): null

2019-01-24 16:19:40 - [TEST_STEP][PASSED] - case 5:: null

2019-01-24 16:19:40 - [TEST_STEP][PASSED] - delay(1): Delayed 1 second(s)

2019-01-24 16:19:41 - [MESSAGE][PASSED] - Delayed 1 second(s)

2019-01-24 16:19:41 - [TEST_STEP][PASSED] - robot.keyPress(VK_5): null

2019-01-24 16:19:41 - [TEST_STEP][PASSED] - break: null

2019-01-24 16:19:41 - [TEST_STEP][PASSED] - delay(1): Delayed 1 second(s)

2019-01-24 16:19:42 - [MESSAGE][PASSED] - Delayed 1 second(s)

2019-01-24 16:19:42 - [TEST_STEP][PASSED] - n = Integer.parseInt(rfidCodeArray[i].toString()): null

2019-01-24 16:19:42 - [TEST_STEP][PASSED] - switch (n): null

2019-01-24 16:19:42 - [TEST_STEP][PASSED] - case 4:: null

2019-01-24 16:19:42 - [TEST_STEP][PASSED] - delay(1): Delayed 1 second(s)

2019-01-24 16:19:43 - [MESSAGE][PASSED] - Delayed 1 second(s)

2019-01-24 16:19:43 - [TEST_STEP][PASSED] - robot.keyPress(VK_4): null

2019-01-24 16:19:43 - [TEST_STEP][PASSED] - break: null

2019-01-24 16:19:43 - [TEST_STEP][PASSED] - delay(1): Delayed 1 second(s)

2019-01-24 16:19:44 - [MESSAGE][PASSED] - Delayed 1 second(s)

2019-01-24 16:19:44 - [TEST_STEP][PASSED] - robot.keyPress(VK_ENTER): null

2019-01-24 16:19:44 - [TEST_STEP][PASSED] - delay(1): Delayed 1 second(s)

2019-01-24 16:19:45 - [MESSAGE][PASSED] - Delayed 1 second(s)

2019-01-24 16:19:45 - [TEST_STEP][PASSED] - robot.keyPress(VK_ENTER): null

2019-01-24 16:19:45 - [TEST_STEP][PASSED] - delay(1): Delayed 1 second(s)

2019-01-24 16:19:46 - [MESSAGE][PASSED] - Delayed 1 second(s)

2019-01-24 16:19:46 - [TEST_STEP][PASSED] - robot.keyPress(VK_ENTER): null

2019-01-24 16:19:46 - [TEST_STEP][PASSED] - delay(1): Delayed 1 second(s)

2019-01-24 16:19:47 - [MESSAGE][PASSED] - Delayed 1 second(s)

2019-01-24 16:19:47 - [TEST_STEP][PASSED] - robot.keyPress(VK_ENTER): null

2019-01-24 16:19:47 - [TEST_STEP][PASSED] - delay(1): Delayed 1 second(s)

2019-01-24 16:19:48 - [MESSAGE][PASSED] - Delayed 1 second(s)

2019-01-24 16:19:48 - [TEST_STEP][PASSED] - robot.keyPress(VK_ENTER): null

2019-01-24 16:19:48 - [TEST_STEP][PASSED] - delay(1): Delayed 1 second(s)

2019-01-24 16:19:49 - [MESSAGE][PASSED] - Delayed 1 second(s)

2019-01-24 16:19:49 - [TEST_STEP][PASSED] - try: Object 'Object Repository/Kiosk/Lobby/header' is present and visible in viewport

2019-01-24 16:19:49 - [TEST_STEP][PASSED] - waitForElementVisible(findTestObject("Kiosk/Lobby/header"), 15): Object 'Object Repository/Kiosk/Lobby/header' is visible

2019-01-24 16:19:57 - [MESSAGE][PASSED] - Object 'Object Repository/Kiosk/Lobby/header' is visible

2019-01-24 16:19:57 - [TEST_STEP][PASSED] - verifyElementVisibleInViewport(findTestObject("Kiosk/Lobby/header"), 5): Object 'Object Repository/Kiosk/Lobby/header' is present and visible in viewport

2019-01-24 16:19:57 - [MESSAGE][PASSED] - Object 'Object Repository/Kiosk/Lobby/header' is present and visible in viewport

2019-01-24 16:19:57 - [TEST_STEP][PASSED] - maximizeWindow(): Current window maximized

2019-01-24 16:19:58 - [MESSAGE][PASSED] - Current window maximized

2019-01-24 16:19:58 - [TEST_STEP][PASSED] - waitForElementVisible(findTestObject("Kiosk/Lobby/workTicketButton"), 15): Object 'Object Repository/Kiosk/Lobby/workTicketButton' is visible

2019-01-24 16:19:58 - [MESSAGE][PASSED] - Object 'Object Repository/Kiosk/Lobby/workTicketButton' is visible

2019-01-24 16:19:58 - [TEST_STEP][PASSED] - verifyElementClickable(findTestObject("Kiosk/Lobby/workTicketButton"), STOP_ON_FAILURE): Object 'Object Repository/Kiosk/Lobby/workTicketButton' is clickable

2019-01-24 16:19:58 - [MESSAGE][PASSED] - Object 'Object Repository/Kiosk/Lobby/workTicketButton' is clickable

2019-01-24 16:19:58 - [TEST_STEP][PASSED] - waitForElementVisible(findTestObject("Kiosk/Lobby/logoutButton"), 15): Object 'Object Repository/Kiosk/Lobby/logoutButton' is visible

2019-01-24 16:19:58 - [MESSAGE][PASSED] - Object 'Object Repository/Kiosk/Lobby/logoutButton' is visible

2019-01-24 16:19:58 - [TEST_STEP][PASSED] - verifyElementClickable(findTestObject("Kiosk/Lobby/logoutButton"), STOP_ON_FAILURE): Object 'Object Repository/Kiosk/Lobby/logoutButton' is clickable

2019-01-24 16:19:58 - [MESSAGE][PASSED] - Object 'Object Repository/Kiosk/Lobby/logoutButton' is clickable

2019-01-24 16:19:58 - [TEST_STEP][PASSED] - click(findTestObject("Kiosk/Lobby/logoutButton")): Object: 'Object Repository/Kiosk/Lobby/logoutButton' is clicked on

2019-01-24 16:19:58 - [MESSAGE][PASSED] - Object: 'Object Repository/Kiosk/Lobby/logoutButton' is clicked on

2019-01-24 16:19:58 - [TEST_STEP][PASSED] - waitForElementVisible(findTestObject("Kiosk/Login/Rfid/cardImage"), 30): Object 'Object Repository/Kiosk/Login/Rfid/cardImage' is visible

2019-01-24 16:19:59 - [MESSAGE][PASSED] - Object 'Object Repository/Kiosk/Login/Rfid/cardImage' is visible

2019-01-24 16:19:59 - [TEST_STEP][PASSED] - closeBrowser(): Browser is closed

2019-01-24 16:19:59 - [MESSAGE][PASSED] - Browser is closed]]></system-out>
         <system-err><![CDATA[]]></system-err>
      </testcase>
      <system-out><![CDATA[2019-01-24 16:18:11 - [TEST_SUITE][PASSED] - Kiosk Sanity Login Test: Test Cases/kiosk/kiosk rfid]]></system-out>
      <system-err><![CDATA[]]></system-err>
   </testsuite>
</testsuites>
