<?xml version="1.0" encoding="UTF-8"?>
<testsuites name="Pre Salary" time="48" tests="1" failures="0" errors="0">
   <testsuite name="Pre Salary" tests="1" failures="0" errors="0" time="48" timestamp="2019-03-05 14:18:13" hostname="leon.b - Leon-PC.Y-it.Local" id="Test Suites/Production/Pre Salary">
      <properties>
         <property name="deviceName" value=""/>
         <property name="devicePlatform" value=""/>
         <property name="logFolder" value="C:\\Users\\leon.b\\git\\Y-IT_TransIT\\Reports\\Production\\Pre Salary\\20190305_141811"/>
         <property name="logFiles" value="C:\\Users\\leon.b\\git\\Y-IT_TransIT\\Reports\\Production\\Pre Salary\\20190305_141811\\execution0.log"/>
         <property name="attachments" value=""/>
         <property name="hostName" value="leon.b - Leon-PC.Y-it.Local"/>
         <property name="os" value="Windows 10 64bit"/>
         <property name="katalonVersion" value="6.0.5.10"/>
         <property name="browser" value="Chrome 72.0.3626.119"/>
         <property name="hostAddress" value="192.168.1.145"/>
         <property name="sessionId" value="bad3c4d392fc0cb833506785e5a6cd6f"/>
         <property name="seleniumVersion" value="3.7.1"/>
         <property name="proxyInformation" value="ProxyInformation{proxyOption=NO_PROXY, proxyServerType=HTTP, password=, proxyServerAddress=, proxyServerPort=0}"/>
         <property name="platform" value="Windows 10"/>
      </properties>
      <testcase name="Test Cases/Pre-Salary/One Driver Calc" classname="Test Cases/Pre-Salary/One Driver Calc" status="PASSED">
         <system-out><![CDATA[2019-03-05 14:18:13 - [TEST_CASE][PASSED] - Test Cases/Pre-Salary/One Driver Calc: Test Cases/Pre-Salary/One Driver Calc

2019-03-05 14:18:14 - [TEST_STEP][PASSED] - login.c_login.logIn(site, userName, userPass): login.c_login.logIn is PASSED

2019-03-05 14:18:15 - [MESSAGE][INFO] - Starting 'Chrome' driver

2019-03-05 14:18:15 - [MESSAGE][INFO] - Action delay is set to 0 seconds

2019-03-05 14:18:24 - [MESSAGE][PASSED] - Browser is opened with url: 'mayatour.y-it.co.il'

2019-03-05 14:18:25 - [MESSAGE][PASSED] - Current window maximized

2019-03-05 14:18:26 - [MESSAGE][PASSED] - Text 'admin' is set on object 'Object Repository/Y-IT Log In/input_ _userName'

2019-03-05 14:18:26 - [MESSAGE][PASSED] - Text ****** has been set on object 'Object Repository/Y-IT Log In/input_ _password'

2019-03-05 14:18:26 - [MESSAGE][PASSED] - Object: 'Object Repository/Y-IT Log In/input_  _submit' is clicked on

2019-03-05 14:18:26 - [MESSAGE][PASSED] - login.c_login.logIn is PASSED

2019-03-05 14:18:26 - [TEST_STEP][PASSED] - date = new java.util.Date(): null

2019-03-05 14:18:26 - [TEST_STEP][PASSED] - cal = Calendar.getInstance(): null

2019-03-05 14:18:26 - [TEST_STEP][PASSED] - cal.setTime(date): null

2019-03-05 14:18:26 - [TEST_STEP][PASSED] - month = cal.get(MONTH) + 1: null

2019-03-05 14:18:26 - [TEST_STEP][PASSED] - year = cal.get(YEAR): null

2019-03-05 14:18:26 - [TEST_STEP][PASSED] - dayStr = "01": null

2019-03-05 14:18:26 - [TEST_STEP][PASSED] - monthStr = "": null

2019-03-05 14:18:26 - [TEST_STEP][PASSED] - yearStr = year.toString(): null

2019-03-05 14:18:26 - [TEST_STEP][PASSED] - if (month < 10): null

2019-03-05 14:18:26 - [TEST_STEP][PASSED] - monthStr = "0" + month.toString(): null

2019-03-05 14:18:26 - [TEST_STEP][PASSED] - fullDate = dayStr + monthStr + yearStr: null

2019-03-05 14:18:26 - [TEST_STEP][PASSED] - delay(1): Delayed 1 second(s)

2019-03-05 14:18:27 - [MESSAGE][PASSED] - Delayed 1 second(s)

2019-03-05 14:18:27 - [TEST_STEP][PASSED] - waitForElementPresent(findTestObject("General/mainEmptyBackground"), 15): Object 'Object Repository/General/mainEmptyBackground' is present

2019-03-05 14:18:28 - [MESSAGE][PASSED] - Object 'Object Repository/General/mainEmptyBackground' is present

2019-03-05 14:18:28 - [TEST_STEP][PASSED] - isPreSalaryTabOpen = waitForElementPresent(findTestObject("Pre-Salary/preSalaryTab"), 5): Object 'Object Repository/Pre-Salary/preSalaryTab' is not present after 5 second(s)

2019-03-05 14:18:34 - [MESSAGE][INFO] - Unable to find the element located by 'By.cssSelector: #preSalaryview'. Please recheck the objects properties to make sure the desired element is located. 

2019-03-05 14:18:34 - [MESSAGE][WARNING] - Object 'Object Repository/Pre-Salary/preSalaryTab' is not present after 5 second(s)

2019-03-05 14:18:34 - [TEST_STEP][PASSED] - if (!(isPreSalaryTabOpen)): Object: 'Object Repository/Nav Bar/Nav Bar Funds/preSalary' is clicked on

2019-03-05 14:18:34 - [TEST_STEP][PASSED] - waitForElementPresent(findTestObject("Nav Bar/funds"), 15): Object 'Object Repository/Nav Bar/funds' is present

2019-03-05 14:18:34 - [MESSAGE][PASSED] - Object 'Object Repository/Nav Bar/funds' is present

2019-03-05 14:18:34 - [TEST_STEP][PASSED] - click(findTestObject("Nav Bar/funds")): Object: 'Object Repository/Nav Bar/funds' is clicked on

2019-03-05 14:18:34 - [MESSAGE][PASSED] - Object: 'Object Repository/Nav Bar/funds' is clicked on

2019-03-05 14:18:34 - [TEST_STEP][PASSED] - delay(1): Delayed 1 second(s)

2019-03-05 14:18:35 - [MESSAGE][PASSED] - Delayed 1 second(s)

2019-03-05 14:18:35 - [TEST_STEP][PASSED] - try: Object: 'Object Repository/Nav Bar/Nav Bar Funds/preSalary' is clicked on

2019-03-05 14:18:35 - [TEST_STEP][PASSED] - waitForElementPresent(findTestObject("Nav Bar/Nav Bar Funds/preSalary"), 2): Object 'Object Repository/Nav Bar/Nav Bar Funds/preSalary' is present

2019-03-05 14:18:35 - [MESSAGE][PASSED] - Object 'Object Repository/Nav Bar/Nav Bar Funds/preSalary' is present

2019-03-05 14:18:35 - [TEST_STEP][PASSED] - click(findTestObject("Nav Bar/Nav Bar Funds/preSalary")): Object: 'Object Repository/Nav Bar/Nav Bar Funds/preSalary' is clicked on

2019-03-05 14:18:35 - [MESSAGE][PASSED] - Object: 'Object Repository/Nav Bar/Nav Bar Funds/preSalary' is clicked on

2019-03-05 14:18:35 - [TEST_STEP][PASSED] - waitForElementPresent(findTestObject("Pre-Salary/Filters/Date Picker Start/datePickerInputField"), 15): Object 'Object Repository/Pre-Salary/Filters/Date Picker Start/datePickerInputField' is present

2019-03-05 14:18:36 - [MESSAGE][PASSED] - Object 'Object Repository/Pre-Salary/Filters/Date Picker Start/datePickerInputField' is present

2019-03-05 14:18:36 - [TEST_STEP][PASSED] - click(findTestObject("Pre-Salary/Filters/Date Picker Start/datePickerInputField")): Object: 'Object Repository/Pre-Salary/Filters/Date Picker Start/datePickerInputField' is clicked on

2019-03-05 14:18:36 - [MESSAGE][PASSED] - Object: 'Object Repository/Pre-Salary/Filters/Date Picker Start/datePickerInputField' is clicked on

2019-03-05 14:18:36 - [TEST_STEP][PASSED] - delay(1): Delayed 1 second(s)

2019-03-05 14:18:37 - [MESSAGE][PASSED] - Delayed 1 second(s)

2019-03-05 14:18:37 - [TEST_STEP][PASSED] - setText(findTestObject("Pre-Salary/Filters/Date Picker Start/datePickerInputField"), ""): Text '' is set on object 'Object Repository/Pre-Salary/Filters/Date Picker Start/datePickerInputField'

2019-03-05 14:18:37 - [MESSAGE][PASSED] - Text '' is set on object 'Object Repository/Pre-Salary/Filters/Date Picker Start/datePickerInputField'

2019-03-05 14:18:37 - [TEST_STEP][PASSED] - delay(1): Delayed 1 second(s)

2019-03-05 14:18:38 - [MESSAGE][PASSED] - Delayed 1 second(s)

2019-03-05 14:18:38 - [TEST_STEP][PASSED] - setText(findTestObject("Pre-Salary/Filters/Date Picker Start/datePickerInputField"), fullDate): Text '01032019' is set on object 'Object Repository/Pre-Salary/Filters/Date Picker Start/datePickerInputField'

2019-03-05 14:18:38 - [MESSAGE][PASSED] - Text '01032019' is set on object 'Object Repository/Pre-Salary/Filters/Date Picker Start/datePickerInputField'

2019-03-05 14:18:38 - [TEST_STEP][PASSED] - waitForElementPresent(findTestObject("Pre-Salary/Filters/Date Picker Start/datePickerInputField"), 15): Object 'Object Repository/Pre-Salary/Filters/Date Picker Start/datePickerInputField' is present

2019-03-05 14:18:38 - [MESSAGE][PASSED] - Object 'Object Repository/Pre-Salary/Filters/Date Picker Start/datePickerInputField' is present

2019-03-05 14:18:38 - [TEST_STEP][PASSED] - waitForElementNotPresent(findTestObject("Pre-Salary/Filters/Drivers Dropdown/isLoadingDropdown"), 15): Web element with id: 'Object Repository/Pre-Salary/Filters/Drivers Dropdown/isLoadingDropdown' located by 'By.cssSelector: div[id="preSalaryview"] > div:nth-of-type(2) > div:nth-of-type(1) > div:nth-of-type(2) > div:nth-of-type(1) > div:nth-of-type(5) > div:nth-of-type(1) > div:nth-of-type(1) > span:nth-of-type(1) > span:nth-of-type(1) > span:nth-of-type(2) > span:nth-of-type(1)[class="k-icon k-i-arrow-60-down k-i-loading"]' is not present after '15' second(s)

2019-03-05 14:18:38 - [MESSAGE][PASSED] - Web element with id: 'Object Repository/Pre-Salary/Filters/Drivers Dropdown/isLoadingDropdown' located by 'By.cssSelector: div[id="preSalaryview"] > div:nth-of-type(2) > div:nth-of-type(1) > div:nth-of-type(2) > div:nth-of-type(1) > div:nth-of-type(5) > div:nth-of-type(1) > div:nth-of-type(1) > span:nth-of-type(1) > span:nth-of-type(1) > span:nth-of-type(2) > span:nth-of-type(1)[class="k-icon k-i-arrow-60-down k-i-loading"]' is not present after '15' second(s)

2019-03-05 14:18:38 - [TEST_STEP][PASSED] - delay(1): Delayed 1 second(s)

2019-03-05 14:18:39 - [MESSAGE][PASSED] - Delayed 1 second(s)

2019-03-05 14:18:39 - [TEST_STEP][PASSED] - try: Object: 'Object Repository/Pre-Salary/Filters/Drivers Dropdown/driversListDropdownOpen' is clicked on

2019-03-05 14:18:39 - [TEST_STEP][PASSED] - click(findTestObject("Pre-Salary/Filters/Drivers Dropdown/driversListDropdownOpen")): Object: 'Object Repository/Pre-Salary/Filters/Drivers Dropdown/driversListDropdownOpen' is clicked on

2019-03-05 14:18:40 - [MESSAGE][PASSED] - Object: 'Object Repository/Pre-Salary/Filters/Drivers Dropdown/driversListDropdownOpen' is clicked on

2019-03-05 14:18:40 - [TEST_STEP][PASSED] - delay(1): Delayed 1 second(s)

2019-03-05 14:18:41 - [MESSAGE][PASSED] - Delayed 1 second(s)

2019-03-05 14:18:41 - [TEST_STEP][PASSED] - try: Text '3391' is set on object 'Object Repository/Pre-Salary/Filters/Drivers Dropdown/driversListDropdownSearchBox'

2019-03-05 14:18:41 - [TEST_STEP][PASSED] - setText(findTestObject("Pre-Salary/Filters/Drivers Dropdown/driversListDropdownSearchBox"), driver_Id): Text '3391' is set on object 'Object Repository/Pre-Salary/Filters/Drivers Dropdown/driversListDropdownSearchBox'

2019-03-05 14:18:41 - [MESSAGE][PASSED] - Text '3391' is set on object 'Object Repository/Pre-Salary/Filters/Drivers Dropdown/driversListDropdownSearchBox'

2019-03-05 14:18:41 - [TEST_STEP][PASSED] - delay(1): Delayed 1 second(s)

2019-03-05 14:18:42 - [MESSAGE][PASSED] - Delayed 1 second(s)

2019-03-05 14:18:42 - [TEST_STEP][PASSED] - click(findTestObject("Pre-Salary/Filters/Drivers Dropdown/driversListDropdownSelectFirstDriver")): Object: 'Object Repository/Pre-Salary/Filters/Drivers Dropdown/driversListDropdownSelectFirstDriver' is clicked on

2019-03-05 14:18:42 - [MESSAGE][PASSED] - Object: 'Object Repository/Pre-Salary/Filters/Drivers Dropdown/driversListDropdownSelectFirstDriver' is clicked on

2019-03-05 14:18:42 - [TEST_STEP][PASSED] - delay(1): Delayed 1 second(s)

2019-03-05 14:18:43 - [MESSAGE][PASSED] - Delayed 1 second(s)

2019-03-05 14:18:43 - [TEST_STEP][PASSED] - click(findTestObject("Pre-Salary/Data Status/importButton")): Object: 'Object Repository/Pre-Salary/Data Status/importButton' is clicked on

2019-03-05 14:18:43 - [MESSAGE][PASSED] - Object: 'Object Repository/Pre-Salary/Data Status/importButton' is clicked on

2019-03-05 14:18:43 - [TEST_STEP][PASSED] - delay(1): Delayed 1 second(s)

2019-03-05 14:18:44 - [MESSAGE][PASSED] - Delayed 1 second(s)

2019-03-05 14:18:44 - [TEST_STEP][PASSED] - try: Object: 'Object Repository/Pre-Salary/Calculation Summary/firstDriverInCalculationSummeryTable' is double clicked on

2019-03-05 14:18:44 - [TEST_STEP][PASSED] - waitForElementPresent(findTestObject("Pre-Salary/Calculation Summary/firstDriverInCalculationSummeryTable"), 20): Object 'Object Repository/Pre-Salary/Calculation Summary/firstDriverInCalculationSummeryTable' is present

2019-03-05 14:18:58 - [MESSAGE][PASSED] - Object 'Object Repository/Pre-Salary/Calculation Summary/firstDriverInCalculationSummeryTable' is present

2019-03-05 14:18:58 - [TEST_STEP][PASSED] - doubleClick(findTestObject("Pre-Salary/Calculation Summary/firstDriverInCalculationSummeryTable")): Object: 'Object Repository/Pre-Salary/Calculation Summary/firstDriverInCalculationSummeryTable' is double clicked on

2019-03-05 14:18:58 - [MESSAGE][PASSED] - Object: 'Object Repository/Pre-Salary/Calculation Summary/firstDriverInCalculationSummeryTable' is double clicked on

2019-03-05 14:18:58 - [TEST_STEP][PASSED] - waitForElementPresent(findTestObject("Pre-Salary/Employee Details/driversReportTable"), 20): Object 'Object Repository/Pre-Salary/Employee Details/driversReportTable' is present

2019-03-05 14:19:00 - [MESSAGE][PASSED] - Object 'Object Repository/Pre-Salary/Employee Details/driversReportTable' is present

2019-03-05 14:19:00 - [TEST_STEP][PASSED] - waitForElementPresent(findTestObject("Pre-Salary/Employee Details/driversReportTable"), 20): Object 'Object Repository/Pre-Salary/Employee Details/driversReportTable' is present

2019-03-05 14:19:00 - [MESSAGE][PASSED] - Object 'Object Repository/Pre-Salary/Employee Details/driversReportTable' is present

2019-03-05 14:19:00 - [TEST_STEP][PASSED] - verifyElementPresent(findTestObject("Pre-Salary/Employee Details/driversReportTable"), 2): Object 'Object Repository/Pre-Salary/Employee Details/driversReportTable' is present

2019-03-05 14:19:01 - [MESSAGE][PASSED] - Object 'Object Repository/Pre-Salary/Employee Details/driversReportTable' is present

2019-03-05 14:19:01 - [TEST_STEP][PASSED] - verifyElementPresent(findTestObject("Pre-Salary/Employee Details/driversCodeId_InDriversReportTableHeader"), 2): Object 'Object Repository/Pre-Salary/Employee Details/driversCodeId_InDriversReportTableHeader' is present

2019-03-05 14:19:01 - [MESSAGE][PASSED] - Object 'Object Repository/Pre-Salary/Employee Details/driversCodeId_InDriversReportTableHeader' is present

2019-03-05 14:19:01 - [TEST_STEP][PASSED] - driverCodeFromReport = getText(findTestObject("Pre-Salary/Employee Details/driversCodeId_InDriversReportTableHeader")): Text of object 'Object Repository/Pre-Salary/Employee Details/driversCodeId_InDriversReportTableHeader' is: '3391, 023539414'

2019-03-05 14:19:01 - [MESSAGE][PASSED] - Text of object 'Object Repository/Pre-Salary/Employee Details/driversCodeId_InDriversReportTableHeader' is: '3391, 023539414'

2019-03-05 14:19:01 - [TEST_STEP][PASSED] - if (driverCodeFromReport != driver_Id && !(driverCodeFromReport.contains(driver_Id))): null

2019-03-05 14:19:01 - [TEST_STEP][PASSED] - waitForElementPresent(findTestObject("Pre-Salary/Employee Details/rightSideTable"), 10): Object 'Object Repository/Pre-Salary/Employee Details/rightSideTable' is present

2019-03-05 14:19:01 - [MESSAGE][PASSED] - Object 'Object Repository/Pre-Salary/Employee Details/rightSideTable' is present

2019-03-05 14:19:01 - [TEST_STEP][PASSED] - verifyElementPresent(findTestObject("Pre-Salary/Employee Details/rightSideTable"), 2): Object 'Object Repository/Pre-Salary/Employee Details/rightSideTable' is present

2019-03-05 14:19:01 - [MESSAGE][PASSED] - Object 'Object Repository/Pre-Salary/Employee Details/rightSideTable' is present

2019-03-05 14:19:01 - [TEST_STEP][PASSED] - waitForElementPresent(findTestObject("Pre-Salary/Employee Details/rightSideTableDriversId"), 10): Object 'Object Repository/Pre-Salary/Employee Details/rightSideTableDriversId' is present

2019-03-05 14:19:01 - [MESSAGE][PASSED] - Object 'Object Repository/Pre-Salary/Employee Details/rightSideTableDriversId' is present

2019-03-05 14:19:01 - [TEST_STEP][PASSED] - verifyElementPresent(findTestObject("Pre-Salary/Employee Details/rightSideTableDriversId"), 2): Object 'Object Repository/Pre-Salary/Employee Details/rightSideTableDriversId' is present

2019-03-05 14:19:01 - [MESSAGE][PASSED] - Object 'Object Repository/Pre-Salary/Employee Details/rightSideTableDriversId' is present

2019-03-05 14:19:01 - [TEST_STEP][PASSED] - driversCodeFromRightSideTable = getText(findTestObject("Pre-Salary/Employee Details/rightSideTableDriversId")): Text of object 'Object Repository/Pre-Salary/Employee Details/rightSideTableDriversId' is: '3391'

2019-03-05 14:19:01 - [MESSAGE][PASSED] - Text of object 'Object Repository/Pre-Salary/Employee Details/rightSideTableDriversId' is: '3391'

2019-03-05 14:19:01 - [TEST_STEP][PASSED] - if (!(driversCodeFromRightSideTable.contains(driver_Id))): null

2019-03-05 14:19:01 - [TEST_STEP][PASSED] - closeBrowser(): Browser is closed

2019-03-05 14:19:01 - [MESSAGE][PASSED] - Browser is closed]]></system-out>
         <system-err><![CDATA[]]></system-err>
      </testcase>
      <system-out><![CDATA[2019-03-05 14:18:13 - [TEST_SUITE][PASSED] - Pre Salary: Test Cases/Pre-Salary/One Driver Calc]]></system-out>
      <system-err><![CDATA[]]></system-err>
   </testsuite>
</testsuites>
