<?xml version="1.0" encoding="UTF-8"?>
<testsuites name="Test User" time="55" tests="2" failures="0" errors="0">
   <testsuite name="Test User" tests="2" failures="0" errors="0" time="55" timestamp="2018-12-25 13:52:44" hostname="leon.b - QA-PC.Y-it.Local" id="Test Suites/Pre-Salary/Test User">
      <properties>
         <property name="deviceName" value=""/>
         <property name="devicePlatform" value=""/>
         <property name="logFolder" value="C:\\Users\\leon.b\\Katalon Studio\\Y-IT_TransIT\\Reports\\Pre-Salary\\Test User\\20181225_135242"/>
         <property name="logFiles" value="C:\\Users\\leon.b\\Katalon Studio\\Y-IT_TransIT\\Reports\\Pre-Salary\\Test User\\20181225_135242\\execution0.log"/>
         <property name="attachments" value="C:\\Users\\leon.b\\Katalon Studio\\Y-IT_TransIT\\Reports\\Pre-Salary\\Test User\\20181225_135242\\1545738778233.png, C:\\Users\\leon.b\\Katalon Studio\\Y-IT_TransIT\\Reports\\Pre-Salary\\Test User\\20181225_135242\\1545738804200.png"/>
         <property name="hostName" value="leon.b - QA-PC.Y-it.Local"/>
         <property name="os" value="Windows 10 64bit"/>
         <property name="katalonVersion" value="5.10.0.1"/>
         <property name="browser" value="Chrome 71.0.3578.98"/>
         <property name="hostAddress" value="192.168.1.145"/>
         <property name="sessionId" value="98ed24a9d7e6f68e1e0948428f4dfec0"/>
         <property name="seleniumVersion" value="3.7.1"/>
         <property name="proxyInformation" value="ProxyInformation{proxyOption=NO_PROXY, proxyServerType=HTTP, password=, proxyServerAddress=, proxyServerPort=0}"/>
         <property name="platform" value="Windows 10"/>
      </properties>
      <testcase name="Test Cases/Pre-Salary/One Driver Calc" classname="Test Cases/Pre-Salary/One Driver Calc" status="PASSED">
         <system-out><![CDATA[2018-12-25 13:52:45 - [TEST_CASE][PASSED] - Test Cases/Pre-Salary/One Driver Calc: Test Cases/Pre-Salary/One Driver Calc

2018-12-25 13:52:45 - [TEST_STEP][PASSED] - login.c_login.logIn(site, userName, userPass): login.c_login.logIn is PASSED

2018-12-25 13:52:46 - [MESSAGE][INFO] - Starting 'Chrome' driver

2018-12-25 13:52:46 - [MESSAGE][INFO] - Action delay is set to 0 seconds

2018-12-25 13:52:56 - [MESSAGE][PASSED] - Browser is opened with url: 'thegged.y-it.co.il'

2018-12-25 13:52:57 - [MESSAGE][PASSED] - Current window maximized

2018-12-25 13:52:58 - [MESSAGE][PASSED] - Text 'yit.testings' is set on object 'Object Repository/Y-IT Log In/input_ _userName'

2018-12-25 13:52:58 - [MESSAGE][FAILED] - Unable to set encrypted text for object 'Object Repository/Y-IT Log In/input_ _password' (Root cause: javax.crypto.IllegalBlockSizeException: Input length must be multiple of 8 when decrypting with padded cipher)
[[ATTACHMENT|C:\\Users\\leon.b\\Katalon Studio\\Y-IT_TransIT\\Reports\\Pre-Salary\\Test User\\20181225_135242\\1545738778233.png]]

2018-12-25 13:52:58 - [MESSAGE][PASSED] - Text 'TH2018th' is set on object 'Object Repository/Y-IT Log In/input_ _password'

2018-12-25 13:52:58 - [MESSAGE][PASSED] - Object: 'Object Repository/Y-IT Log In/input_  _submit' is clicked on

2018-12-25 13:52:58 - [MESSAGE][PASSED] - login.c_login.logIn is PASSED

2018-12-25 13:52:58 - [TEST_STEP][PASSED] - delay(15): Delayed 15 second(s)

2018-12-25 13:53:13 - [MESSAGE][PASSED] - Delayed 15 second(s)

2018-12-25 13:53:13 - [TEST_STEP][PASSED] - closeBrowser(): Browser is closed

2018-12-25 13:53:14 - [MESSAGE][PASSED] - Browser is closed]]></system-out>
         <system-err><![CDATA[]]></system-err>
      </testcase>
      <testcase name="Test Cases/Pre-Salary/One Driver Calc" classname="Test Cases/Pre-Salary/One Driver Calc" status="PASSED">
         <system-out><![CDATA[2018-12-25 13:53:14 - [TEST_CASE][PASSED] - Test Cases/Pre-Salary/One Driver Calc: Test Cases/Pre-Salary/One Driver Calc

2018-12-25 13:53:14 - [TEST_STEP][PASSED] - login.c_login.logIn(site, userName, userPass): login.c_login.logIn is PASSED

2018-12-25 13:53:14 - [MESSAGE][INFO] - Starting 'Chrome' driver

2018-12-25 13:53:22 - [MESSAGE][PASSED] - Browser is opened with url: 'mayatour.y-it.co.il'

2018-12-25 13:53:24 - [MESSAGE][PASSED] - Current window maximized

2018-12-25 13:53:24 - [MESSAGE][PASSED] - Text 'yit.testings' is set on object 'Object Repository/Y-IT Log In/input_ _userName'

2018-12-25 13:53:24 - [MESSAGE][FAILED] - Unable to set encrypted text for object 'Object Repository/Y-IT Log In/input_ _password' (Root cause: javax.crypto.IllegalBlockSizeException: Input length must be multiple of 8 when decrypting with padded cipher)
[[ATTACHMENT|C:\\Users\\leon.b\\Katalon Studio\\Y-IT_TransIT\\Reports\\Pre-Salary\\Test User\\20181225_135242\\1545738804200.png]]

2018-12-25 13:53:24 - [MESSAGE][PASSED] - Text 'MT2018mt' is set on object 'Object Repository/Y-IT Log In/input_ _password'

2018-12-25 13:53:24 - [MESSAGE][PASSED] - Object: 'Object Repository/Y-IT Log In/input_  _submit' is clicked on

2018-12-25 13:53:24 - [MESSAGE][PASSED] - login.c_login.logIn is PASSED

2018-12-25 13:53:24 - [TEST_STEP][PASSED] - delay(15): Delayed 15 second(s)

2018-12-25 13:53:39 - [MESSAGE][PASSED] - Delayed 15 second(s)

2018-12-25 13:53:39 - [TEST_STEP][PASSED] - closeBrowser(): Browser is closed

2018-12-25 13:53:40 - [MESSAGE][PASSED] - Browser is closed]]></system-out>
         <system-err><![CDATA[]]></system-err>
      </testcase>
      <system-out><![CDATA[2018-12-25 13:52:44 - [TEST_SUITE][PASSED] - Test User: Test Cases/Pre-Salary/One Driver Calc]]></system-out>
      <system-err><![CDATA[]]></system-err>
   </testsuite>
</testsuites>
