<?xml version="1.0" encoding="UTF-8"?>
<testsuites name="Kiosk Sanity Login Test" time="112" tests="3" failures="0" errors="0">
   <testsuite name="Kiosk Sanity Login Test" tests="3" failures="0" errors="0" time="112" timestamp="2019-04-30 14:09:50" hostname="leon.b - Leon-PC.Y-it.Local" id="Test Suites/Stage/Kiosk Sanity Login Test">
      <properties>
         <property name="deviceName" value=""/>
         <property name="devicePlatform" value=""/>
         <property name="logFolder" value="C:\\Users\\leon.b\\git\\Y-IT_TransIT\\Reports\\Stage\\Kiosk Sanity Login Test\\20190430_135530"/>
         <property name="logFiles" value="C:\\Users\\leon.b\\git\\Y-IT_TransIT\\Reports\\Stage\\Kiosk Sanity Login Test\\20190430_135530\\execution0.log"/>
         <property name="attachments" value=""/>
         <property name="hostName" value="leon.b - Leon-PC.Y-it.Local"/>
         <property name="os" value="Windows 10 64bit"/>
         <property name="katalonVersion" value="6.0.5.10"/>
         <property name="browser" value="Chrome 73.0.3683.103"/>
         <property name="hostAddress" value="169.254.139.61"/>
         <property name="sessionId" value="62b566e599533c064a1522db36e3847f"/>
         <property name="seleniumVersion" value="3.7.1"/>
         <property name="proxyInformation" value="ProxyInformation{proxyOption=NO_PROXY, proxyServerType=HTTP, password=, proxyServerAddress=, proxyServerPort=0}"/>
         <property name="platform" value="Windows 10"/>
      </properties>
      <testcase name="Test Cases/kiosk/kiosk sanity" classname="Test Cases/kiosk/kiosk sanity" status="PASSED">
         <system-out><![CDATA[2019-04-30 14:09:50 - [TEST_CASE][PASSED] - Test Cases/kiosk/kiosk sanity: Test Cases/kiosk/kiosk sanity

2019-04-30 14:09:51 - [TEST_STEP][PASSED] - openBrowser(site): Browser is opened with url: 'eggedtaavura.kiosk.ebstage.y-it.co.il/login'

2019-04-30 14:09:51 - [MESSAGE][INFO] - Starting 'Chrome' driver

2019-04-30 14:09:51 - [MESSAGE][INFO] - Action delay is set to 0 seconds

2019-04-30 14:10:06 - [MESSAGE][PASSED] - Browser is opened with url: 'eggedtaavura.kiosk.ebstage.y-it.co.il/login'

2019-04-30 14:10:06 - [TEST_STEP][PASSED] - maximizeWindow(): Current window maximized

2019-04-30 14:10:07 - [MESSAGE][PASSED] - Current window maximized

2019-04-30 14:10:07 - [TEST_STEP][PASSED] - waitForElementVisible(findTestObject("Kiosk/Login/Code Plus Id/driverCodeInput"), 15): Object 'Object Repository/Kiosk/Login/Code Plus Id/driverCodeInput' is visible

2019-04-30 14:10:07 - [MESSAGE][PASSED] - Object 'Object Repository/Kiosk/Login/Code Plus Id/driverCodeInput' is visible

2019-04-30 14:10:07 - [TEST_STEP][PASSED] - waitForElementVisible(findTestObject("Kiosk/Login/Code Plus Id/driverIdInput"), 15): Object 'Object Repository/Kiosk/Login/Code Plus Id/driverIdInput' is visible

2019-04-30 14:10:08 - [MESSAGE][PASSED] - Object 'Object Repository/Kiosk/Login/Code Plus Id/driverIdInput' is visible

2019-04-30 14:10:08 - [TEST_STEP][PASSED] - waitForElementVisible(findTestObject("Kiosk/Login/Code Plus Id/enterButton"), 15): Object 'Object Repository/Kiosk/Login/Code Plus Id/enterButton' is visible

2019-04-30 14:10:08 - [MESSAGE][PASSED] - Object 'Object Repository/Kiosk/Login/Code Plus Id/enterButton' is visible

2019-04-30 14:10:08 - [TEST_STEP][PASSED] - delay(1): Delayed 1 second(s)

2019-04-30 14:10:09 - [MESSAGE][PASSED] - Delayed 1 second(s)

2019-04-30 14:10:09 - [TEST_STEP][PASSED] - setText(findTestObject("Kiosk/Login/Code Plus Id/driverCodeInput"), driverCode): Text '52' is set on object 'Object Repository/Kiosk/Login/Code Plus Id/driverCodeInput'

2019-04-30 14:10:09 - [MESSAGE][PASSED] - Text '52' is set on object 'Object Repository/Kiosk/Login/Code Plus Id/driverCodeInput'

2019-04-30 14:10:09 - [TEST_STEP][PASSED] - setText(findTestObject("Kiosk/Login/Code Plus Id/driverIdInput"), driverId): Text '053028841' is set on object 'Object Repository/Kiosk/Login/Code Plus Id/driverIdInput'

2019-04-30 14:10:09 - [MESSAGE][PASSED] - Text '053028841' is set on object 'Object Repository/Kiosk/Login/Code Plus Id/driverIdInput'

2019-04-30 14:10:09 - [TEST_STEP][PASSED] - delay(1): Delayed 1 second(s)

2019-04-30 14:10:10 - [MESSAGE][PASSED] - Delayed 1 second(s)

2019-04-30 14:10:10 - [TEST_STEP][PASSED] - click(findTestObject("Kiosk/Login/Code Plus Id/enterButton")): Object: 'Object Repository/Kiosk/Login/Code Plus Id/enterButton' is clicked on

2019-04-30 14:10:10 - [MESSAGE][PASSED] - Object: 'Object Repository/Kiosk/Login/Code Plus Id/enterButton' is clicked on

2019-04-30 14:10:10 - [TEST_STEP][PASSED] - waitForElementVisible(findTestObject("Kiosk/Lobby/header"), 15): Object 'Object Repository/Kiosk/Lobby/header' is visible

2019-04-30 14:10:11 - [MESSAGE][PASSED] - Object 'Object Repository/Kiosk/Lobby/header' is visible

2019-04-30 14:10:11 - [TEST_STEP][PASSED] - verifyElementVisibleInViewport(findTestObject("Kiosk/Lobby/header"), 5): Object 'Object Repository/Kiosk/Lobby/header' is present and visible in viewport

2019-04-30 14:10:11 - [MESSAGE][PASSED] - Object 'Object Repository/Kiosk/Lobby/header' is present and visible in viewport

2019-04-30 14:10:11 - [TEST_STEP][PASSED] - waitForElementVisible(findTestObject("Kiosk/Lobby/workTicketButton"), 15): Object 'Object Repository/Kiosk/Lobby/workTicketButton' is visible

2019-04-30 14:10:11 - [MESSAGE][PASSED] - Object 'Object Repository/Kiosk/Lobby/workTicketButton' is visible

2019-04-30 14:10:11 - [TEST_STEP][PASSED] - verifyElementClickable(findTestObject("Kiosk/Lobby/workTicketButton"), STOP_ON_FAILURE): Object 'Object Repository/Kiosk/Lobby/workTicketButton' is clickable

2019-04-30 14:10:11 - [MESSAGE][PASSED] - Object 'Object Repository/Kiosk/Lobby/workTicketButton' is clickable

2019-04-30 14:10:11 - [TEST_STEP][PASSED] - delay(1): Delayed 1 second(s)

2019-04-30 14:10:12 - [MESSAGE][PASSED] - Delayed 1 second(s)

2019-04-30 14:10:12 - [TEST_STEP][PASSED] - click(findTestObject("Kiosk/Lobby/workTicketButton")): Object: 'Object Repository/Kiosk/Lobby/workTicketButton' is clicked on

2019-04-30 14:10:12 - [MESSAGE][PASSED] - Object: 'Object Repository/Kiosk/Lobby/workTicketButton' is clicked on

2019-04-30 14:10:12 - [TEST_STEP][PASSED] - waitForElementVisible(findTestObject("Kiosk/Work Ticket/statusDropdown"), 15): Object 'Object Repository/Kiosk/Work Ticket/statusDropdown' is visible

2019-04-30 14:10:12 - [MESSAGE][PASSED] - Object 'Object Repository/Kiosk/Work Ticket/statusDropdown' is visible

2019-04-30 14:10:12 - [TEST_STEP][PASSED] - verifyElementVisibleInViewport(findTestObject("Kiosk/Work Ticket/statusDropdown"), 5): Object 'Object Repository/Kiosk/Work Ticket/statusDropdown' is present and visible in viewport

2019-04-30 14:10:13 - [MESSAGE][PASSED] - Object 'Object Repository/Kiosk/Work Ticket/statusDropdown' is present and visible in viewport

2019-04-30 14:10:13 - [TEST_STEP][PASSED] - waitForElementVisible(findTestObject("Kiosk/Work Ticket/datesTableFirstRow"), 15): Object 'Object Repository/Kiosk/Work Ticket/datesTableFirstRow' is visible

2019-04-30 14:10:17 - [MESSAGE][PASSED] - Object 'Object Repository/Kiosk/Work Ticket/datesTableFirstRow' is visible

2019-04-30 14:10:17 - [TEST_STEP][PASSED] - verifyElementVisibleInViewport(findTestObject("Kiosk/Work Ticket/datesTableFirstRow"), 5): Object 'Object Repository/Kiosk/Work Ticket/datesTableFirstRow' is present and visible in viewport

2019-04-30 14:10:17 - [MESSAGE][PASSED] - Object 'Object Repository/Kiosk/Work Ticket/datesTableFirstRow' is present and visible in viewport

2019-04-30 14:10:17 - [TEST_STEP][PASSED] - waitForElementVisible(findTestObject("Kiosk/Work Ticket/mainTableFirstRow"), 15): Object 'Object Repository/Kiosk/Work Ticket/mainTableFirstRow' is visible

2019-04-30 14:10:17 - [MESSAGE][PASSED] - Object 'Object Repository/Kiosk/Work Ticket/mainTableFirstRow' is visible

2019-04-30 14:10:17 - [TEST_STEP][PASSED] - verifyElementVisibleInViewport(findTestObject("Kiosk/Work Ticket/mainTableFirstRow"), 5): Object 'Object Repository/Kiosk/Work Ticket/mainTableFirstRow' is present and visible in viewport

2019-04-30 14:10:17 - [MESSAGE][PASSED] - Object 'Object Repository/Kiosk/Work Ticket/mainTableFirstRow' is present and visible in viewport

2019-04-30 14:10:17 - [TEST_STEP][PASSED] - waitForElementVisible(findTestObject("Kiosk/Work Ticket/back button"), 15): Object 'Object Repository/Kiosk/Work Ticket/back button' is visible

2019-04-30 14:10:17 - [MESSAGE][PASSED] - Object 'Object Repository/Kiosk/Work Ticket/back button' is visible

2019-04-30 14:10:17 - [TEST_STEP][PASSED] - verifyElementVisibleInViewport(findTestObject("Kiosk/Work Ticket/back button"), 5): Object 'Object Repository/Kiosk/Work Ticket/back button' is present and visible in viewport

2019-04-30 14:10:17 - [MESSAGE][PASSED] - Object 'Object Repository/Kiosk/Work Ticket/back button' is present and visible in viewport

2019-04-30 14:10:17 - [TEST_STEP][PASSED] - delay(1): Delayed 1 second(s)

2019-04-30 14:10:18 - [MESSAGE][PASSED] - Delayed 1 second(s)

2019-04-30 14:10:18 - [TEST_STEP][PASSED] - click(findTestObject("Kiosk/Work Ticket/back button")): Object: 'Object Repository/Kiosk/Work Ticket/back button' is clicked on

2019-04-30 14:10:18 - [MESSAGE][PASSED] - Object: 'Object Repository/Kiosk/Work Ticket/back button' is clicked on

2019-04-30 14:10:18 - [TEST_STEP][PASSED] - waitForElementVisible(findTestObject("Kiosk/Lobby/header"), 15): Object 'Object Repository/Kiosk/Lobby/header' is visible

2019-04-30 14:10:18 - [MESSAGE][PASSED] - Object 'Object Repository/Kiosk/Lobby/header' is visible

2019-04-30 14:10:18 - [TEST_STEP][PASSED] - verifyElementVisibleInViewport(findTestObject("Kiosk/Lobby/header"), 5): Object 'Object Repository/Kiosk/Lobby/header' is present and visible in viewport

2019-04-30 14:10:19 - [MESSAGE][PASSED] - Object 'Object Repository/Kiosk/Lobby/header' is present and visible in viewport

2019-04-30 14:10:19 - [TEST_STEP][PASSED] - waitForElementVisible(findTestObject("Kiosk/Lobby/workTicketButton"), 15): Object 'Object Repository/Kiosk/Lobby/workTicketButton' is visible

2019-04-30 14:10:19 - [MESSAGE][PASSED] - Object 'Object Repository/Kiosk/Lobby/workTicketButton' is visible

2019-04-30 14:10:19 - [TEST_STEP][PASSED] - verifyElementClickable(findTestObject("Kiosk/Lobby/workTicketButton"), STOP_ON_FAILURE): Object 'Object Repository/Kiosk/Lobby/workTicketButton' is clickable

2019-04-30 14:10:19 - [MESSAGE][PASSED] - Object 'Object Repository/Kiosk/Lobby/workTicketButton' is clickable

2019-04-30 14:10:19 - [TEST_STEP][PASSED] - waitForElementVisible(findTestObject("Kiosk/Lobby/logoutButton"), 15): Object 'Object Repository/Kiosk/Lobby/logoutButton' is visible

2019-04-30 14:10:19 - [MESSAGE][PASSED] - Object 'Object Repository/Kiosk/Lobby/logoutButton' is visible

2019-04-30 14:10:19 - [TEST_STEP][PASSED] - verifyElementClickable(findTestObject("Kiosk/Lobby/logoutButton"), STOP_ON_FAILURE): Object 'Object Repository/Kiosk/Lobby/logoutButton' is clickable

2019-04-30 14:10:19 - [MESSAGE][PASSED] - Object 'Object Repository/Kiosk/Lobby/logoutButton' is clickable

2019-04-30 14:10:19 - [TEST_STEP][PASSED] - click(findTestObject("Kiosk/Lobby/logoutButton")): Object: 'Object Repository/Kiosk/Lobby/logoutButton' is clicked on

2019-04-30 14:10:19 - [MESSAGE][PASSED] - Object: 'Object Repository/Kiosk/Lobby/logoutButton' is clicked on

2019-04-30 14:10:19 - [TEST_STEP][PASSED] - waitForElementVisible(findTestObject("Kiosk/Login/Code Plus Id/enterButton"), 15): Object 'Object Repository/Kiosk/Login/Code Plus Id/enterButton' is visible

2019-04-30 14:10:19 - [MESSAGE][PASSED] - Object 'Object Repository/Kiosk/Login/Code Plus Id/enterButton' is visible

2019-04-30 14:10:19 - [TEST_STEP][PASSED] - closeBrowser(): Browser is closed

2019-04-30 14:10:19 - [MESSAGE][PASSED] - Browser is closed]]></system-out>
         <system-err><![CDATA[]]></system-err>
      </testcase>
      <testcase name="Test Cases/kiosk/kiosk sanity" classname="Test Cases/kiosk/kiosk sanity" status="PASSED">
         <system-out><![CDATA[2019-04-30 14:10:20 - [TEST_CASE][PASSED] - Test Cases/kiosk/kiosk sanity: Test Cases/kiosk/kiosk sanity

2019-04-30 14:10:20 - [TEST_STEP][PASSED] - openBrowser(site): Browser is opened with url: 'afikim.kiosk.ebstage.y-it.co.il/login'

2019-04-30 14:10:20 - [MESSAGE][INFO] - Starting 'Chrome' driver

2019-04-30 14:10:28 - [MESSAGE][PASSED] - Browser is opened with url: 'afikim.kiosk.ebstage.y-it.co.il/login'

2019-04-30 14:10:28 - [TEST_STEP][PASSED] - maximizeWindow(): Current window maximized

2019-04-30 14:10:29 - [MESSAGE][PASSED] - Current window maximized

2019-04-30 14:10:29 - [TEST_STEP][PASSED] - waitForElementVisible(findTestObject("Kiosk/Login/Code Plus Id/driverCodeInput"), 15): Object 'Object Repository/Kiosk/Login/Code Plus Id/driverCodeInput' is visible

2019-04-30 14:10:29 - [MESSAGE][PASSED] - Object 'Object Repository/Kiosk/Login/Code Plus Id/driverCodeInput' is visible

2019-04-30 14:10:29 - [TEST_STEP][PASSED] - waitForElementVisible(findTestObject("Kiosk/Login/Code Plus Id/driverIdInput"), 15): Object 'Object Repository/Kiosk/Login/Code Plus Id/driverIdInput' is visible

2019-04-30 14:10:29 - [MESSAGE][PASSED] - Object 'Object Repository/Kiosk/Login/Code Plus Id/driverIdInput' is visible

2019-04-30 14:10:29 - [TEST_STEP][PASSED] - waitForElementVisible(findTestObject("Kiosk/Login/Code Plus Id/enterButton"), 15): Object 'Object Repository/Kiosk/Login/Code Plus Id/enterButton' is visible

2019-04-30 14:10:29 - [MESSAGE][PASSED] - Object 'Object Repository/Kiosk/Login/Code Plus Id/enterButton' is visible

2019-04-30 14:10:29 - [TEST_STEP][PASSED] - delay(1): Delayed 1 second(s)

2019-04-30 14:10:30 - [MESSAGE][PASSED] - Delayed 1 second(s)

2019-04-30 14:10:30 - [TEST_STEP][PASSED] - setText(findTestObject("Kiosk/Login/Code Plus Id/driverCodeInput"), driverCode): Text '9628' is set on object 'Object Repository/Kiosk/Login/Code Plus Id/driverCodeInput'

2019-04-30 14:10:30 - [MESSAGE][PASSED] - Text '9628' is set on object 'Object Repository/Kiosk/Login/Code Plus Id/driverCodeInput'

2019-04-30 14:10:30 - [TEST_STEP][PASSED] - setText(findTestObject("Kiosk/Login/Code Plus Id/driverIdInput"), driverId): Text '028377000' is set on object 'Object Repository/Kiosk/Login/Code Plus Id/driverIdInput'

2019-04-30 14:10:30 - [MESSAGE][PASSED] - Text '028377000' is set on object 'Object Repository/Kiosk/Login/Code Plus Id/driverIdInput'

2019-04-30 14:10:30 - [TEST_STEP][PASSED] - delay(1): Delayed 1 second(s)

2019-04-30 14:10:31 - [MESSAGE][PASSED] - Delayed 1 second(s)

2019-04-30 14:10:31 - [TEST_STEP][PASSED] - click(findTestObject("Kiosk/Login/Code Plus Id/enterButton")): Object: 'Object Repository/Kiosk/Login/Code Plus Id/enterButton' is clicked on

2019-04-30 14:10:31 - [MESSAGE][PASSED] - Object: 'Object Repository/Kiosk/Login/Code Plus Id/enterButton' is clicked on

2019-04-30 14:10:31 - [TEST_STEP][PASSED] - waitForElementVisible(findTestObject("Kiosk/Lobby/header"), 15): Object 'Object Repository/Kiosk/Lobby/header' is visible

2019-04-30 14:10:32 - [MESSAGE][PASSED] - Object 'Object Repository/Kiosk/Lobby/header' is visible

2019-04-30 14:10:32 - [TEST_STEP][PASSED] - verifyElementVisibleInViewport(findTestObject("Kiosk/Lobby/header"), 5): Object 'Object Repository/Kiosk/Lobby/header' is present and visible in viewport

2019-04-30 14:10:32 - [MESSAGE][PASSED] - Object 'Object Repository/Kiosk/Lobby/header' is present and visible in viewport

2019-04-30 14:10:32 - [TEST_STEP][PASSED] - waitForElementVisible(findTestObject("Kiosk/Lobby/workTicketButton"), 15): Object 'Object Repository/Kiosk/Lobby/workTicketButton' is visible

2019-04-30 14:10:32 - [MESSAGE][PASSED] - Object 'Object Repository/Kiosk/Lobby/workTicketButton' is visible

2019-04-30 14:10:32 - [TEST_STEP][PASSED] - verifyElementClickable(findTestObject("Kiosk/Lobby/workTicketButton"), STOP_ON_FAILURE): Object 'Object Repository/Kiosk/Lobby/workTicketButton' is clickable

2019-04-30 14:10:32 - [MESSAGE][PASSED] - Object 'Object Repository/Kiosk/Lobby/workTicketButton' is clickable

2019-04-30 14:10:32 - [TEST_STEP][PASSED] - delay(1): Delayed 1 second(s)

2019-04-30 14:10:33 - [MESSAGE][PASSED] - Delayed 1 second(s)

2019-04-30 14:10:33 - [TEST_STEP][PASSED] - click(findTestObject("Kiosk/Lobby/workTicketButton")): Object: 'Object Repository/Kiosk/Lobby/workTicketButton' is clicked on

2019-04-30 14:10:34 - [MESSAGE][PASSED] - Object: 'Object Repository/Kiosk/Lobby/workTicketButton' is clicked on

2019-04-30 14:10:34 - [TEST_STEP][PASSED] - waitForElementVisible(findTestObject("Kiosk/Work Ticket/statusDropdown"), 15): Object 'Object Repository/Kiosk/Work Ticket/statusDropdown' is visible

2019-04-30 14:10:34 - [MESSAGE][PASSED] - Object 'Object Repository/Kiosk/Work Ticket/statusDropdown' is visible

2019-04-30 14:10:34 - [TEST_STEP][PASSED] - verifyElementVisibleInViewport(findTestObject("Kiosk/Work Ticket/statusDropdown"), 5): Object 'Object Repository/Kiosk/Work Ticket/statusDropdown' is present and visible in viewport

2019-04-30 14:10:34 - [MESSAGE][PASSED] - Object 'Object Repository/Kiosk/Work Ticket/statusDropdown' is present and visible in viewport

2019-04-30 14:10:34 - [TEST_STEP][PASSED] - waitForElementVisible(findTestObject("Kiosk/Work Ticket/datesTableFirstRow"), 15): Object 'Object Repository/Kiosk/Work Ticket/datesTableFirstRow' is visible

2019-04-30 14:10:36 - [MESSAGE][PASSED] - Object 'Object Repository/Kiosk/Work Ticket/datesTableFirstRow' is visible

2019-04-30 14:10:36 - [TEST_STEP][PASSED] - verifyElementVisibleInViewport(findTestObject("Kiosk/Work Ticket/datesTableFirstRow"), 5): Object 'Object Repository/Kiosk/Work Ticket/datesTableFirstRow' is present and visible in viewport

2019-04-30 14:10:36 - [MESSAGE][PASSED] - Object 'Object Repository/Kiosk/Work Ticket/datesTableFirstRow' is present and visible in viewport

2019-04-30 14:10:36 - [TEST_STEP][PASSED] - waitForElementVisible(findTestObject("Kiosk/Work Ticket/mainTableFirstRow"), 15): Object 'Object Repository/Kiosk/Work Ticket/mainTableFirstRow' is visible

2019-04-30 14:10:36 - [MESSAGE][PASSED] - Object 'Object Repository/Kiosk/Work Ticket/mainTableFirstRow' is visible

2019-04-30 14:10:36 - [TEST_STEP][PASSED] - verifyElementVisibleInViewport(findTestObject("Kiosk/Work Ticket/mainTableFirstRow"), 5): Object 'Object Repository/Kiosk/Work Ticket/mainTableFirstRow' is present and visible in viewport

2019-04-30 14:10:36 - [MESSAGE][PASSED] - Object 'Object Repository/Kiosk/Work Ticket/mainTableFirstRow' is present and visible in viewport

2019-04-30 14:10:36 - [TEST_STEP][PASSED] - waitForElementVisible(findTestObject("Kiosk/Work Ticket/back button"), 15): Object 'Object Repository/Kiosk/Work Ticket/back button' is visible

2019-04-30 14:10:36 - [MESSAGE][PASSED] - Object 'Object Repository/Kiosk/Work Ticket/back button' is visible

2019-04-30 14:10:36 - [TEST_STEP][PASSED] - verifyElementVisibleInViewport(findTestObject("Kiosk/Work Ticket/back button"), 5): Object 'Object Repository/Kiosk/Work Ticket/back button' is present and visible in viewport

2019-04-30 14:10:36 - [MESSAGE][PASSED] - Object 'Object Repository/Kiosk/Work Ticket/back button' is present and visible in viewport

2019-04-30 14:10:36 - [TEST_STEP][PASSED] - delay(1): Delayed 1 second(s)

2019-04-30 14:10:37 - [MESSAGE][PASSED] - Delayed 1 second(s)

2019-04-30 14:10:37 - [TEST_STEP][PASSED] - click(findTestObject("Kiosk/Work Ticket/back button")): Object: 'Object Repository/Kiosk/Work Ticket/back button' is clicked on

2019-04-30 14:10:37 - [MESSAGE][PASSED] - Object: 'Object Repository/Kiosk/Work Ticket/back button' is clicked on

2019-04-30 14:10:37 - [TEST_STEP][PASSED] - waitForElementVisible(findTestObject("Kiosk/Lobby/header"), 15): Object 'Object Repository/Kiosk/Lobby/header' is visible

2019-04-30 14:10:37 - [MESSAGE][PASSED] - Object 'Object Repository/Kiosk/Lobby/header' is visible

2019-04-30 14:10:37 - [TEST_STEP][PASSED] - verifyElementVisibleInViewport(findTestObject("Kiosk/Lobby/header"), 5): Object 'Object Repository/Kiosk/Lobby/header' is present and visible in viewport

2019-04-30 14:10:38 - [MESSAGE][PASSED] - Object 'Object Repository/Kiosk/Lobby/header' is present and visible in viewport

2019-04-30 14:10:38 - [TEST_STEP][PASSED] - waitForElementVisible(findTestObject("Kiosk/Lobby/workTicketButton"), 15): Object 'Object Repository/Kiosk/Lobby/workTicketButton' is visible

2019-04-30 14:10:38 - [MESSAGE][PASSED] - Object 'Object Repository/Kiosk/Lobby/workTicketButton' is visible

2019-04-30 14:10:38 - [TEST_STEP][PASSED] - verifyElementClickable(findTestObject("Kiosk/Lobby/workTicketButton"), STOP_ON_FAILURE): Object 'Object Repository/Kiosk/Lobby/workTicketButton' is clickable

2019-04-30 14:10:38 - [MESSAGE][PASSED] - Object 'Object Repository/Kiosk/Lobby/workTicketButton' is clickable

2019-04-30 14:10:38 - [TEST_STEP][PASSED] - waitForElementVisible(findTestObject("Kiosk/Lobby/logoutButton"), 15): Object 'Object Repository/Kiosk/Lobby/logoutButton' is visible

2019-04-30 14:10:38 - [MESSAGE][PASSED] - Object 'Object Repository/Kiosk/Lobby/logoutButton' is visible

2019-04-30 14:10:38 - [TEST_STEP][PASSED] - verifyElementClickable(findTestObject("Kiosk/Lobby/logoutButton"), STOP_ON_FAILURE): Object 'Object Repository/Kiosk/Lobby/logoutButton' is clickable

2019-04-30 14:10:38 - [MESSAGE][PASSED] - Object 'Object Repository/Kiosk/Lobby/logoutButton' is clickable

2019-04-30 14:10:38 - [TEST_STEP][PASSED] - click(findTestObject("Kiosk/Lobby/logoutButton")): Object: 'Object Repository/Kiosk/Lobby/logoutButton' is clicked on

2019-04-30 14:10:38 - [MESSAGE][PASSED] - Object: 'Object Repository/Kiosk/Lobby/logoutButton' is clicked on

2019-04-30 14:10:38 - [TEST_STEP][PASSED] - waitForElementVisible(findTestObject("Kiosk/Login/Code Plus Id/enterButton"), 15): Object 'Object Repository/Kiosk/Login/Code Plus Id/enterButton' is visible

2019-04-30 14:10:38 - [MESSAGE][PASSED] - Object 'Object Repository/Kiosk/Login/Code Plus Id/enterButton' is visible

2019-04-30 14:10:38 - [TEST_STEP][PASSED] - closeBrowser(): Browser is closed

2019-04-30 14:10:38 - [MESSAGE][PASSED] - Browser is closed]]></system-out>
         <system-err><![CDATA[]]></system-err>
      </testcase>
      <testcase name="Test Cases/kiosk/kiosk rfid" classname="Test Cases/kiosk/kiosk rfid" status="PASSED">
         <system-out><![CDATA[2019-04-30 14:10:38 - [TEST_CASE][PASSED] - Test Cases/kiosk/kiosk rfid: Test Cases/kiosk/kiosk rfid

2019-04-30 14:10:39 - [TEST_STEP][PASSED] - delay(10): Delayed 10 second(s)

2019-04-30 14:10:49 - [MESSAGE][PASSED] - Delayed 10 second(s)

2019-04-30 14:10:49 - [TEST_STEP][PASSED] - openBrowser(rfidSite): Browser is opened with url: 'eggedtaavura.kiosk.ebstage.y-it.co.il/loginByRfid'

2019-04-30 14:10:49 - [MESSAGE][INFO] - Starting 'Chrome' driver

2019-04-30 14:11:02 - [MESSAGE][PASSED] - Browser is opened with url: 'eggedtaavura.kiosk.ebstage.y-it.co.il/loginByRfid'

2019-04-30 14:11:02 - [TEST_STEP][PASSED] - waitForElementVisible(findTestObject("Kiosk/Login/Rfid/cardImage"), 30): Object 'Object Repository/Kiosk/Login/Rfid/cardImage' is visible

2019-04-30 14:11:02 - [MESSAGE][PASSED] - Object 'Object Repository/Kiosk/Login/Rfid/cardImage' is visible

2019-04-30 14:11:02 - [TEST_STEP][PASSED] - focus(findTestObject("Kiosk/Login/Rfid/cardImage")): Object: 'Object Repository/Kiosk/Login/Rfid/cardImage' is focused

2019-04-30 14:11:02 - [MESSAGE][PASSED] - Object: 'Object Repository/Kiosk/Login/Rfid/cardImage' is focused

2019-04-30 14:11:02 - [TEST_STEP][PASSED] - f_logInwithRfid(): null

2019-04-30 14:11:02 - [TEST_STEP][PASSED] - robot = new java.awt.Robot(): null

2019-04-30 14:11:02 - [TEST_STEP][PASSED] - rfidCodeArray = toString().toCharArray(): null

2019-04-30 14:11:02 - [TEST_STEP][PASSED] - delay(5): Delayed 5 second(s)

2019-04-30 14:11:07 - [MESSAGE][PASSED] - Delayed 5 second(s)

2019-04-30 14:11:07 - [TEST_STEP][PASSED] - for ([i = 0, i < length, (i++)]): null

2019-04-30 14:11:07 - [TEST_STEP][PASSED] - delay(1): Delayed 1 second(s)

2019-04-30 14:11:08 - [MESSAGE][PASSED] - Delayed 1 second(s)

2019-04-30 14:11:08 - [TEST_STEP][PASSED] - n = Integer.parseInt(rfidCodeArray[i].toString()): null

2019-04-30 14:11:09 - [TEST_STEP][PASSED] - switch (n): null

2019-04-30 14:11:09 - [TEST_STEP][PASSED] - case 0:: null

2019-04-30 14:11:09 - [TEST_STEP][PASSED] - delay(1): Delayed 1 second(s)

2019-04-30 14:11:10 - [MESSAGE][PASSED] - Delayed 1 second(s)

2019-04-30 14:11:10 - [TEST_STEP][PASSED] - robot.keyPress(VK_0): null

2019-04-30 14:11:10 - [TEST_STEP][PASSED] - break: null

2019-04-30 14:11:10 - [TEST_STEP][PASSED] - delay(1): Delayed 1 second(s)

2019-04-30 14:11:11 - [MESSAGE][PASSED] - Delayed 1 second(s)

2019-04-30 14:11:11 - [TEST_STEP][PASSED] - n = Integer.parseInt(rfidCodeArray[i].toString()): null

2019-04-30 14:11:11 - [TEST_STEP][PASSED] - switch (n): null

2019-04-30 14:11:11 - [TEST_STEP][PASSED] - case 2:: null

2019-04-30 14:11:11 - [TEST_STEP][PASSED] - delay(1): Delayed 1 second(s)

2019-04-30 14:11:12 - [MESSAGE][PASSED] - Delayed 1 second(s)

2019-04-30 14:11:12 - [TEST_STEP][PASSED] - robot.keyPress(VK_2): null

2019-04-30 14:11:12 - [TEST_STEP][PASSED] - break: null

2019-04-30 14:11:12 - [TEST_STEP][PASSED] - delay(1): Delayed 1 second(s)

2019-04-30 14:11:13 - [MESSAGE][PASSED] - Delayed 1 second(s)

2019-04-30 14:11:13 - [TEST_STEP][PASSED] - n = Integer.parseInt(rfidCodeArray[i].toString()): null

2019-04-30 14:11:13 - [TEST_STEP][PASSED] - switch (n): null

2019-04-30 14:11:13 - [TEST_STEP][PASSED] - case 6:: null

2019-04-30 14:11:13 - [TEST_STEP][PASSED] - delay(1): Delayed 1 second(s)

2019-04-30 14:11:14 - [MESSAGE][PASSED] - Delayed 1 second(s)

2019-04-30 14:11:14 - [TEST_STEP][PASSED] - robot.keyPress(VK_6): null

2019-04-30 14:11:14 - [TEST_STEP][PASSED] - break: null

2019-04-30 14:11:14 - [TEST_STEP][PASSED] - delay(1): Delayed 1 second(s)

2019-04-30 14:11:15 - [MESSAGE][PASSED] - Delayed 1 second(s)

2019-04-30 14:11:15 - [TEST_STEP][PASSED] - n = Integer.parseInt(rfidCodeArray[i].toString()): null

2019-04-30 14:11:15 - [TEST_STEP][PASSED] - switch (n): null

2019-04-30 14:11:15 - [TEST_STEP][PASSED] - case 0:: null

2019-04-30 14:11:15 - [TEST_STEP][PASSED] - delay(1): Delayed 1 second(s)

2019-04-30 14:11:16 - [MESSAGE][PASSED] - Delayed 1 second(s)

2019-04-30 14:11:16 - [TEST_STEP][PASSED] - robot.keyPress(VK_0): null

2019-04-30 14:11:16 - [TEST_STEP][PASSED] - break: null

2019-04-30 14:11:16 - [TEST_STEP][PASSED] - delay(1): Delayed 1 second(s)

2019-04-30 14:11:17 - [MESSAGE][PASSED] - Delayed 1 second(s)

2019-04-30 14:11:17 - [TEST_STEP][PASSED] - n = Integer.parseInt(rfidCodeArray[i].toString()): null

2019-04-30 14:11:17 - [TEST_STEP][PASSED] - switch (n): null

2019-04-30 14:11:17 - [TEST_STEP][PASSED] - case 0:: null

2019-04-30 14:11:17 - [TEST_STEP][PASSED] - delay(1): Delayed 1 second(s)

2019-04-30 14:11:18 - [MESSAGE][PASSED] - Delayed 1 second(s)

2019-04-30 14:11:18 - [TEST_STEP][PASSED] - robot.keyPress(VK_0): null

2019-04-30 14:11:18 - [TEST_STEP][PASSED] - break: null

2019-04-30 14:11:18 - [TEST_STEP][PASSED] - delay(1): Delayed 1 second(s)

2019-04-30 14:11:19 - [MESSAGE][PASSED] - Delayed 1 second(s)

2019-04-30 14:11:19 - [TEST_STEP][PASSED] - n = Integer.parseInt(rfidCodeArray[i].toString()): null

2019-04-30 14:11:19 - [TEST_STEP][PASSED] - switch (n): null

2019-04-30 14:11:19 - [TEST_STEP][PASSED] - case 0:: null

2019-04-30 14:11:19 - [TEST_STEP][PASSED] - delay(1): Delayed 1 second(s)

2019-04-30 14:11:20 - [MESSAGE][PASSED] - Delayed 1 second(s)

2019-04-30 14:11:20 - [TEST_STEP][PASSED] - robot.keyPress(VK_0): null

2019-04-30 14:11:20 - [TEST_STEP][PASSED] - break: null

2019-04-30 14:11:20 - [TEST_STEP][PASSED] - delay(1): Delayed 1 second(s)

2019-04-30 14:11:21 - [MESSAGE][PASSED] - Delayed 1 second(s)

2019-04-30 14:11:21 - [TEST_STEP][PASSED] - n = Integer.parseInt(rfidCodeArray[i].toString()): null

2019-04-30 14:11:21 - [TEST_STEP][PASSED] - switch (n): null

2019-04-30 14:11:21 - [TEST_STEP][PASSED] - case 2:: null

2019-04-30 14:11:21 - [TEST_STEP][PASSED] - delay(1): Delayed 1 second(s)

2019-04-30 14:11:22 - [MESSAGE][PASSED] - Delayed 1 second(s)

2019-04-30 14:11:22 - [TEST_STEP][PASSED] - robot.keyPress(VK_2): null

2019-04-30 14:11:22 - [TEST_STEP][PASSED] - break: null

2019-04-30 14:11:22 - [TEST_STEP][PASSED] - delay(1): Delayed 1 second(s)

2019-04-30 14:11:23 - [MESSAGE][PASSED] - Delayed 1 second(s)

2019-04-30 14:11:23 - [TEST_STEP][PASSED] - n = Integer.parseInt(rfidCodeArray[i].toString()): null

2019-04-30 14:11:23 - [TEST_STEP][PASSED] - switch (n): null

2019-04-30 14:11:23 - [TEST_STEP][PASSED] - case 2:: null

2019-04-30 14:11:23 - [TEST_STEP][PASSED] - delay(1): Delayed 1 second(s)

2019-04-30 14:11:24 - [MESSAGE][PASSED] - Delayed 1 second(s)

2019-04-30 14:11:24 - [TEST_STEP][PASSED] - robot.keyPress(VK_2): null

2019-04-30 14:11:24 - [TEST_STEP][PASSED] - break: null

2019-04-30 14:11:24 - [TEST_STEP][PASSED] - delay(1): Delayed 1 second(s)

2019-04-30 14:11:25 - [MESSAGE][PASSED] - Delayed 1 second(s)

2019-04-30 14:11:25 - [TEST_STEP][PASSED] - n = Integer.parseInt(rfidCodeArray[i].toString()): null

2019-04-30 14:11:25 - [TEST_STEP][PASSED] - switch (n): null

2019-04-30 14:11:25 - [TEST_STEP][PASSED] - case 4:: null

2019-04-30 14:11:25 - [TEST_STEP][PASSED] - delay(1): Delayed 1 second(s)

2019-04-30 14:11:26 - [MESSAGE][PASSED] - Delayed 1 second(s)

2019-04-30 14:11:26 - [TEST_STEP][PASSED] - robot.keyPress(VK_4): null

2019-04-30 14:11:26 - [TEST_STEP][PASSED] - break: null

2019-04-30 14:11:26 - [TEST_STEP][PASSED] - delay(1): Delayed 1 second(s)

2019-04-30 14:11:27 - [MESSAGE][PASSED] - Delayed 1 second(s)

2019-04-30 14:11:27 - [TEST_STEP][PASSED] - n = Integer.parseInt(rfidCodeArray[i].toString()): null

2019-04-30 14:11:27 - [TEST_STEP][PASSED] - switch (n): null

2019-04-30 14:11:27 - [TEST_STEP][PASSED] - case 0:: null

2019-04-30 14:11:27 - [TEST_STEP][PASSED] - delay(1): Delayed 1 second(s)

2019-04-30 14:11:28 - [MESSAGE][PASSED] - Delayed 1 second(s)

2019-04-30 14:11:28 - [TEST_STEP][PASSED] - robot.keyPress(VK_0): null

2019-04-30 14:11:28 - [TEST_STEP][PASSED] - break: null

2019-04-30 14:11:28 - [TEST_STEP][PASSED] - delay(1): Delayed 1 second(s)

2019-04-30 14:11:29 - [MESSAGE][PASSED] - Delayed 1 second(s)

2019-04-30 14:11:29 - [TEST_STEP][PASSED] - n = Integer.parseInt(rfidCodeArray[i].toString()): null

2019-04-30 14:11:29 - [TEST_STEP][PASSED] - switch (n): null

2019-04-30 14:11:29 - [TEST_STEP][PASSED] - case 0:: null

2019-04-30 14:11:29 - [TEST_STEP][PASSED] - delay(1): Delayed 1 second(s)

2019-04-30 14:11:30 - [MESSAGE][PASSED] - Delayed 1 second(s)

2019-04-30 14:11:30 - [TEST_STEP][PASSED] - robot.keyPress(VK_0): null

2019-04-30 14:11:30 - [TEST_STEP][PASSED] - break: null

2019-04-30 14:11:30 - [TEST_STEP][PASSED] - delay(1): Delayed 1 second(s)

2019-04-30 14:11:31 - [MESSAGE][PASSED] - Delayed 1 second(s)

2019-04-30 14:11:31 - [TEST_STEP][PASSED] - n = Integer.parseInt(rfidCodeArray[i].toString()): null

2019-04-30 14:11:31 - [TEST_STEP][PASSED] - switch (n): null

2019-04-30 14:11:31 - [TEST_STEP][PASSED] - case 1:: null

2019-04-30 14:11:31 - [TEST_STEP][PASSED] - delay(1): Delayed 1 second(s)

2019-04-30 14:11:32 - [MESSAGE][PASSED] - Delayed 1 second(s)

2019-04-30 14:11:32 - [TEST_STEP][PASSED] - robot.keyPress(VK_1): null

2019-04-30 14:11:32 - [TEST_STEP][PASSED] - break: null

2019-04-30 14:11:32 - [TEST_STEP][PASSED] - delay(1): Delayed 1 second(s)

2019-04-30 14:11:33 - [MESSAGE][PASSED] - Delayed 1 second(s)

2019-04-30 14:11:33 - [TEST_STEP][PASSED] - n = Integer.parseInt(rfidCodeArray[i].toString()): null

2019-04-30 14:11:33 - [TEST_STEP][PASSED] - switch (n): null

2019-04-30 14:11:33 - [TEST_STEP][PASSED] - case 2:: null

2019-04-30 14:11:33 - [TEST_STEP][PASSED] - delay(1): Delayed 1 second(s)

2019-04-30 14:11:34 - [MESSAGE][PASSED] - Delayed 1 second(s)

2019-04-30 14:11:34 - [TEST_STEP][PASSED] - robot.keyPress(VK_2): null

2019-04-30 14:11:34 - [TEST_STEP][PASSED] - break: null

2019-04-30 14:11:34 - [TEST_STEP][PASSED] - delay(1): Delayed 1 second(s)

2019-04-30 14:11:35 - [MESSAGE][PASSED] - Delayed 1 second(s)

2019-04-30 14:11:35 - [TEST_STEP][PASSED] - robot.keyPress(VK_ENTER): null

2019-04-30 14:11:35 - [TEST_STEP][PASSED] - delay(1): Delayed 1 second(s)

2019-04-30 14:11:36 - [MESSAGE][PASSED] - Delayed 1 second(s)

2019-04-30 14:11:36 - [TEST_STEP][PASSED] - robot.keyPress(VK_ENTER): null

2019-04-30 14:11:36 - [TEST_STEP][PASSED] - delay(1): Delayed 1 second(s)

2019-04-30 14:11:37 - [MESSAGE][PASSED] - Delayed 1 second(s)

2019-04-30 14:11:37 - [TEST_STEP][PASSED] - robot.keyPress(VK_ENTER): null

2019-04-30 14:11:37 - [TEST_STEP][PASSED] - delay(1): Delayed 1 second(s)

2019-04-30 14:11:38 - [MESSAGE][PASSED] - Delayed 1 second(s)

2019-04-30 14:11:38 - [TEST_STEP][PASSED] - robot.keyPress(VK_ENTER): null

2019-04-30 14:11:38 - [TEST_STEP][PASSED] - delay(1): Delayed 1 second(s)

2019-04-30 14:11:39 - [MESSAGE][PASSED] - Delayed 1 second(s)

2019-04-30 14:11:39 - [TEST_STEP][PASSED] - robot.keyPress(VK_ENTER): null

2019-04-30 14:11:39 - [TEST_STEP][PASSED] - delay(1): Delayed 1 second(s)

2019-04-30 14:11:40 - [MESSAGE][PASSED] - Delayed 1 second(s)

2019-04-30 14:11:40 - [TEST_STEP][PASSED] - try: Object 'Object Repository/Kiosk/Lobby/header' is present and visible in viewport

2019-04-30 14:11:40 - [TEST_STEP][PASSED] - waitForElementVisible(findTestObject("Kiosk/Lobby/header"), 15): Object 'Object Repository/Kiosk/Lobby/header' is visible

2019-04-30 14:11:40 - [MESSAGE][PASSED] - Object 'Object Repository/Kiosk/Lobby/header' is visible

2019-04-30 14:11:40 - [TEST_STEP][PASSED] - verifyElementVisibleInViewport(findTestObject("Kiosk/Lobby/header"), 5): Object 'Object Repository/Kiosk/Lobby/header' is present and visible in viewport

2019-04-30 14:11:40 - [MESSAGE][PASSED] - Object 'Object Repository/Kiosk/Lobby/header' is present and visible in viewport

2019-04-30 14:11:40 - [TEST_STEP][PASSED] - maximizeWindow(): Current window maximized

2019-04-30 14:11:41 - [MESSAGE][PASSED] - Current window maximized

2019-04-30 14:11:41 - [TEST_STEP][PASSED] - waitForElementVisible(findTestObject("Kiosk/Lobby/workTicketButton"), 15): Object 'Object Repository/Kiosk/Lobby/workTicketButton' is visible

2019-04-30 14:11:41 - [MESSAGE][PASSED] - Object 'Object Repository/Kiosk/Lobby/workTicketButton' is visible

2019-04-30 14:11:41 - [TEST_STEP][PASSED] - verifyElementClickable(findTestObject("Kiosk/Lobby/workTicketButton"), STOP_ON_FAILURE): Object 'Object Repository/Kiosk/Lobby/workTicketButton' is clickable

2019-04-30 14:11:41 - [MESSAGE][PASSED] - Object 'Object Repository/Kiosk/Lobby/workTicketButton' is clickable

2019-04-30 14:11:41 - [TEST_STEP][PASSED] - waitForElementVisible(findTestObject("Kiosk/Lobby/logoutButton"), 15): Object 'Object Repository/Kiosk/Lobby/logoutButton' is visible

2019-04-30 14:11:41 - [MESSAGE][PASSED] - Object 'Object Repository/Kiosk/Lobby/logoutButton' is visible

2019-04-30 14:11:41 - [TEST_STEP][PASSED] - verifyElementClickable(findTestObject("Kiosk/Lobby/logoutButton"), STOP_ON_FAILURE): Object 'Object Repository/Kiosk/Lobby/logoutButton' is clickable

2019-04-30 14:11:41 - [MESSAGE][PASSED] - Object 'Object Repository/Kiosk/Lobby/logoutButton' is clickable

2019-04-30 14:11:41 - [TEST_STEP][PASSED] - click(findTestObject("Kiosk/Lobby/logoutButton")): Object: 'Object Repository/Kiosk/Lobby/logoutButton' is clicked on

2019-04-30 14:11:41 - [MESSAGE][PASSED] - Object: 'Object Repository/Kiosk/Lobby/logoutButton' is clicked on

2019-04-30 14:11:41 - [TEST_STEP][PASSED] - waitForElementVisible(findTestObject("Kiosk/Login/Rfid/cardImage"), 30): Object 'Object Repository/Kiosk/Login/Rfid/cardImage' is visible

2019-04-30 14:11:41 - [MESSAGE][PASSED] - Object 'Object Repository/Kiosk/Login/Rfid/cardImage' is visible

2019-04-30 14:11:41 - [TEST_STEP][PASSED] - closeBrowser(): Browser is closed

2019-04-30 14:11:42 - [MESSAGE][PASSED] - Browser is closed]]></system-out>
         <system-err><![CDATA[]]></system-err>
      </testcase>
      <system-out><![CDATA[2019-04-30 14:09:50 - [TEST_SUITE][PASSED] - Kiosk Sanity Login Test: Test Cases/kiosk/kiosk rfid]]></system-out>
      <system-err><![CDATA[]]></system-err>
   </testsuite>
</testsuites>
